
Gurobi 11.0.2 (mac64[arm]) logging started Mon Jul 28 00:16:40 2025

Set parameter LogFile to value "../solutions/200/a_log.log"
Gurobi Optimizer version 11.0.2 build v11.0.2rc0 (mac64[arm] - Darwin 24.5.0 24F74)

CPU model: Apple M2 Pro
Thread count: 10 physical cores, 10 logical processors, using up to 10 threads

Optimize a model with 1641605 rows, 960403 columns and 5161202 nonzeros
Model fingerprint: 0x1958203a
Variable types: 280003 continuous, 680400 integer (640200 binary)
Coefficient statistics:
  Matrix range     [1e-03, 1e+06]
  Objective range  [1e+00, 1e+00]
  Bounds range     [1e+00, 5e+01]
  RHS range        [1e+00, 6e+05]
Presolve removed 789407 rows and 113004 columns (presolve time = 5s) ...
Presolve removed 789606 rows and 113203 columns (presolve time = 10s) ...
Presolve removed 789606 rows and 113203 columns (presolve time = 16s) ...
Presolve removed 789247 rows and 112844 columns
Presolve time: 17.56s
Presolved: 852358 rows, 847559 columns, 4528375 nonzeros
Variable types: 243800 continuous, 603759 integer (563958 binary)
Deterministic concurrent LP optimizer: primal simplex, dual simplex, and barrier
Showing barrier log only...

Root barrier log...

Ordering time: 5.01s

Barrier statistics:
 Dense cols : 1147
 AA' NZ     : 1.151e+07
 Factor NZ  : 4.195e+07 (roughly 1.0 GB of memory)
 Factor Ops : 2.929e+10 (less than 1 second per iteration)
 Threads    : 7

                  Objective                Residual
Iter       Primal          Dual         Primal    Dual     Compl     Time
   0   1.64268633e+10 -7.44802744e+09  1.60e+07 1.14e-13  4.29e+05    31s
   1   1.37264260e+10 -7.05104700e+09  1.34e+07 6.51e+02  3.54e+05    31s
   2   1.00246496e+10 -5.93451765e+09  9.78e+06 2.10e+02  2.51e+05    31s
   3   3.93705670e+09 -4.61216038e+09  3.84e+06 4.79e+01  1.02e+05    32s
   4   4.81618014e+08 -2.87624774e+09  4.69e+05 8.15e-10  1.38e+04    32s
   5   5.64474081e+07 -1.41739537e+09  5.44e+04 8.70e-10  1.90e+03    33s
   6   3.47342356e+07 -5.64081805e+08  3.32e+04 6.47e-09  1.00e+03    33s
   7   2.95685337e+07 -5.47307158e+08  2.82e+04 6.23e-09  8.76e+02    34s
   8   2.01485050e+07 -3.89808481e+08  1.90e+04 4.58e-09  5.92e+02    34s
   9   1.20683391e+07 -2.02942930e+08  1.11e+04 4.03e-09  3.28e+02    35s
  10   4.07827591e+06 -1.88092910e+08  3.35e+03 3.83e-09  1.52e+02    35s
  11   2.10629851e+06 -1.15253528e+08  1.43e+03 2.37e-09  7.82e+01    35s
  12   1.81100058e+06 -1.00034495e+08  1.14e+03 2.08e-09  6.56e+01    36s
  13   1.16226166e+06 -5.30259264e+07  5.06e+02 2.91e-09  3.28e+01    36s
  14   6.62739432e+05 -2.17507585e+07  1.99e+01 1.34e-09  9.74e+00    37s
  15   2.99558377e+05 -2.13530563e+07  2.00e-01 1.31e-09  9.16e+00    37s
  16   1.70402079e+05 -2.12304414e+06  1.81e-13 1.06e-10  9.60e-01    38s
  17   6.71682043e+04 -4.31454809e+05  1.39e-13 1.89e-11  2.09e-01    38s
  18   4.96612592e+04 -1.40200974e+05  1.21e-13 6.48e-12  7.95e-02    38s
  19   3.89898263e+04 -5.26197813e+04  9.86e-14 3.74e-12  3.84e-02    39s
  20   3.64890744e+04 -4.08843492e+04  1.29e-13 3.70e-12  3.24e-02    39s
  21   3.13240344e+04 -3.22428537e+04  2.28e-13 5.63e-12  2.66e-02    40s
  22   2.87990466e+04 -2.25508778e+04  2.24e-13 5.95e-12  2.15e-02    40s
  23   2.20660216e+04 -1.48485262e+04  1.95e-13 5.23e-12  1.55e-02    41s
  24   2.04532848e+04 -7.17254309e+03  1.75e-13 5.36e-12  1.16e-02    41s
  25   1.56145173e+04 -4.53353706e+03  1.55e-13 8.07e-12  8.43e-03    42s
  26   1.46860034e+04  5.95305149e+02  1.47e-13 3.87e-12  5.90e-03    42s
  27   1.40553664e+04  1.94648819e+03  1.33e-13 5.23e-12  5.07e-03    43s
  28   1.29318043e+04  3.26393457e+03  1.45e-13 4.71e-12  4.05e-03    43s
  29   1.22507519e+04  4.10447358e+03  2.09e-13 4.89e-12  3.41e-03    44s
  30   1.20860362e+04  4.73628717e+03  2.03e-13 4.66e-12  3.08e-03    44s
  31   9.16236589e+03  5.38676034e+03  4.83e-13 4.50e-12  1.58e-03    45s
  32   8.94504636e+03  5.77539948e+03  4.39e-13 3.42e-12  1.33e-03    45s
  33   8.85072708e+03  5.85655348e+03  4.17e-13 7.39e-12  1.25e-03    45s
  34   8.73371754e+03  6.01376594e+03  4.01e-13 5.80e-12  1.14e-03    46s
  35   7.82011122e+03  6.11346348e+03  5.31e-13 3.87e-12  7.14e-04    46s
  36   7.80766188e+03  6.18087504e+03  5.08e-13 5.18e-12  6.81e-04    47s
  37   7.73135719e+03  6.23013879e+03  5.08e-13 4.61e-12  6.28e-04    47s
  38   7.41744769e+03  6.23983535e+03  1.49e-12 6.08e-12  4.93e-04    48s
  39   7.19334482e+03  6.26932506e+03  1.51e-12 6.14e-12  3.87e-04    48s
  40   7.14680337e+03  6.27850487e+03  1.61e-12 5.48e-12  3.64e-04    48s
  41   6.91384980e+03  6.28897796e+03  1.65e-12 5.68e-12  2.62e-04    49s
  42   6.89962155e+03  6.29860023e+03  1.78e-12 5.39e-12  2.52e-04    49s
  43   6.86425513e+03  6.30215152e+03  2.39e-11 5.00e-12  2.35e-04    50s
  44   6.45329923e+03  6.31563868e+03  2.29e-10 5.34e-12  5.76e-05    50s
  45   6.32347348e+03  6.32041723e+03  2.00e-10 3.87e-12  1.28e-06    51s
  46   6.32152113e+03  6.32143437e+03  3.57e-11 4.09e-12  3.63e-08    51s
  47   6.32147192e+03  6.32147163e+03  9.65e-10 6.03e-11  1.19e-10    52s
  48   6.32147192e+03  6.32147164e+03  9.61e-10 2.27e-09  1.18e-10    52s
  49   6.32147192e+03  6.32147164e+03  9.60e-10 1.36e-08  1.18e-10    53s
  50   6.32147192e+03  6.32147164e+03  9.60e-10 1.73e-07  1.18e-10    53s

Barrier solved model in 50 iterations and 52.96 seconds (110.84 work units)
Optimal objective 6.32147192e+03


Root crossover log...

  511831 DPushes remaining with DInf 0.0000000e+00                53s
       0 DPushes remaining with DInf 0.0000000e+00                54s

   52002 PPushes remaining with PInf 0.0000000e+00                54s
       0 PPushes remaining with PInf 0.0000000e+00                54s

  Push phase complete: Pinf 0.0000000e+00, Dinf 5.6980521e+00     54s


Root simplex log...

Iteration    Objective       Primal Inf.    Dual Inf.      Time
  126494    6.3214718e+03   0.000000e+00   5.698052e+00     54s
  126596    6.3214718e+03   0.000000e+00   0.000000e+00     54s
Concurrent spin time: 5.07s (can be avoided by choosing Method=3)

Solved with barrier
  140763    6.2987806e+03   0.000000e+00   5.575004e+06     60s
  149169    6.1990266e+03   0.000000e+00   7.210570e+07     65s
  155707    6.1342604e+03   0.000000e+00   8.556536e+06     70s
  161311    6.1067756e+03   0.000000e+00   6.066510e+06     75s
  165410    6.0806716e+03   0.000000e+00   1.017405e+09     80s
  170080    6.0588476e+03   0.000000e+00   7.033339e+06     85s
  174750    6.0245888e+03   0.000000e+00   4.069776e+07     90s
  180354    5.9843360e+03   0.000000e+00   1.313640e+07     95s
  185958    5.9611988e+03   0.000000e+00   6.566497e+07    100s
  191095    5.9277259e+03   0.000000e+00   5.883094e+07    105s
  194897    5.9157315e+03   0.000000e+00   2.348501e+06    110s
  198822    5.9027053e+03   0.000000e+00   4.910177e+06    115s
  202437    5.8848615e+03   0.000000e+00   1.387391e+08    120s
  206472    5.8634579e+03   0.000000e+00   3.762228e+07    125s
  209947    5.8558871e+03   0.000000e+00   3.582320e+06    130s
  213959    5.8483715e+03   0.000000e+00   5.949829e+06    135s
  216916    5.8392244e+03   0.000000e+00   1.567795e+07    140s
  219336    5.8288471e+03   0.000000e+00   1.882117e+06    146s
  222193    5.8168518e+03   0.000000e+00   2.934354e+06    150s
  225350    5.8096888e+03   0.000000e+00   1.675637e+06    156s
  228497    5.8020258e+03   0.000000e+00   3.375154e+06    161s
  231464    5.7936428e+03   0.000000e+00   9.097701e+06    165s
  235252    5.7834844e+03   0.000000e+00   3.215442e+06    170s
  238292    5.7725713e+03   0.000000e+00   1.545328e+06    175s
  240872    5.7654780e+03   0.000000e+00   9.918557e+05    180s
  243462    5.7607214e+03   0.000000e+00   9.805720e+05    186s
  245982    5.7563887e+03   0.000000e+00   2.118035e+07    190s
  249189    5.7456409e+03   0.000000e+00   5.511583e+07    195s
  253738    5.7294064e+03   0.000000e+00   1.136480e+06    200s
  256278    5.7269261e+03   0.000000e+00   8.255923e+05    206s
  258508    5.7234962e+03   0.000000e+00   3.978420e+05    210s
  261385    5.7164027e+03   0.000000e+00   2.600230e+05    215s
  264249    5.7024412e+03   0.000000e+00   1.420573e+06    220s
  267006    5.6994269e+03   0.000000e+00   4.449489e+05    225s
  269966    5.6978595e+03   0.000000e+00   3.562977e+05    230s
  273791    5.6906716e+03   0.000000e+00   6.577340e+04    235s
  276922    5.6879732e+03   0.000000e+00   2.143057e+05    240s
  279432    5.6872665e+03   0.000000e+00   9.999528e+04    246s
  282269    5.6852530e+03   0.000000e+00   2.566929e+05    250s
  285463    5.6826668e+03   0.000000e+00   6.486447e+04    256s
  288083    5.6825836e+03   0.000000e+00   1.651661e+04    260s
  291386    6.1855199e+03   6.323873e+03   0.000000e+00    266s
  293497    6.1855199e+03   8.318270e+03   0.000000e+00    270s
  294767    6.1855199e+03   7.821997e+03   0.000000e+00    275s
  295967    6.1855199e+03   9.440556e+01   0.000000e+00    280s
  297344    6.1855199e+03   3.510729e+02   0.000000e+00    285s
  298214    6.1855199e+03   1.567582e+03   0.000000e+00    290s
  300378    6.1855199e+03   1.098278e+03   0.000000e+00    296s
  302283    6.1855200e+03   1.814407e+03   0.000000e+00    300s
  303913    6.1855200e+03   1.945797e+02   0.000000e+00    306s
  305273    6.2023514e+03   3.850509e+02   0.000000e+00    311s
  306983    6.2166479e+03   1.308687e+03   0.000000e+00    316s
  308283    6.2687681e+03   4.698183e+02   0.000000e+00    321s
  309343    6.2721645e+03   2.509964e+02   0.000000e+00    326s
  310703    6.2754543e+03   1.591462e+02   0.000000e+00    330s
  312043    6.2976795e+03   1.534906e+02   0.000000e+00    336s
  312703    6.3045709e+03   1.832408e+04   0.000000e+00    340s
  313623    6.3045709e+03   5.429212e+02   0.000000e+00    345s
  315593    6.3109985e+03   4.224007e+02   0.000000e+00    351s
  316863    6.3109986e+03   1.354768e+01   0.000000e+00    356s
  318353    6.3214726e+03   1.831700e+04   0.000000e+00    361s
  318849    6.3214718e+03   0.000000e+00   0.000000e+00    362s
Extra simplex iterations after uncrush: 192253

Root relaxation: objective 6.321472e+03, 318849 iterations, 339.69 seconds (1047.50 work units)
Total elapsed time = 1234.31s (DegenMoves)
Total elapsed time = 1252.13s (DegenMoves)

    Nodes    |    Current Node    |     Objective Bounds      |     Work
 Expl Unexpl |  Obj  Depth IntInf | Incumbent    BestBd   Gap | It/Node Time

     0     0 6321.47179    0 10209          - 6321.47179      -     - 1263s
     0     0 35221.7399    0 13723          - 35221.7399      -     - 1807s
     0     0 42793.3026    0 17345          - 42793.3026      -     - 1895s
     0     0 48441.6905    0 19780          - 48441.6905      -     - 1957s
     0     0 53057.0046    0 24345          - 53057.0046      -     - 2028s
     0     0 58243.8412    0 31190          - 58243.8412      -     - 2086s
     0     0 63238.8213    0 28992          - 63238.8213      -     - 2132s
     0     0 67184.5639    0 31850          - 67184.5639      -     - 2168s
     0     0 68791.4624    0 33447          - 68791.4624      -     - 2197s
     0     0 72336.2459    0 23956          - 72336.2459      -     - 2223s
     0     0 84008.1149    0 25570          - 84008.1149      -     - 2253s
     0     0 86767.2000    0 21323          - 86767.2000      -     - 2267s
     0     0 86778.2254    0 21030          - 86778.2254      -     - 2279s
     0     0 86778.2254    0 21031          - 86778.2254      -     - 2280s
     0     0 110728.992    0 21552          - 110728.992      -     - 2375s
     0     0 127896.715    0 23406          - 127896.715      -     - 2424s
     0     0 127896.717    0 23429          - 127896.717      -     - 2429s
     0     0 142193.819    0 26729          - 142193.819      -     - 2552s
     0     0 147508.218    0 28524          - 147508.218      -     - 2601s
     0     0 147985.490    0 29821          - 147985.490      -     - 2619s
     0     0 147986.025    0 29786          - 147986.025      -     - 2626s
     0     0 155855.727    0 33283          - 155855.727      -     - 2781s
     0     0 162674.214    0 26884          - 162674.214      -     - 2856s
     0     0 162675.864    0 26913          - 162675.864      -     - 2869s
     0     0 168942.554    0 19367          - 168942.554      -     - 2960s
     0     0 170226.467    0 21602          - 170226.467      -     - 2982s
     0     0 170227.173    0 21809          - 170227.173      -     - 2985s
     0     0 173963.404    0 27298          - 173963.404      -     - 3075s
     0     0 175796.063    0 26156          - 175796.063      -     - 3087s
     0     0 175849.029    0 25882          - 175849.029      -     - 3092s
     0     0 182063.534    0 34534          - 182063.534      -     - 3178s
     0     0 183400.147    0 28027          - 183400.147      -     - 3203s
     0     0 183438.062    0 30927          - 183438.062      -     - 3214s
     0     0 189517.520    0 30142          - 189517.520      -     - 3306s
     0     0 189894.738    0 30815          - 189894.738      -     - 3330s
     0     0 191802.330    0 30597          - 191802.330      -     - 3433s
     0     0 192203.538    0 33290          - 192203.538      -     - 3484s
     0     0 192205.043    0 33396          - 192205.043      -     - 3494s
     0     0 194331.463    0 29061          - 194331.463      -     - 3578s
     0     0 194392.957    0 29289          - 194392.957      -     - 3593s
     0     0 196759.193    0 26769          - 196759.193      -     - 3661s
     0     0 198822.849    0 21837          - 198822.849      -     - 3719s
     0     0 199462.178    0 21265          - 199462.178      -     - 3736s
     0     0 199462.344    0 21346          - 199462.344      -     - 3744s
     0     0 201434.184    0 26798          - 201434.184      -     - 3826s
     0     0 202035.139    0 25481          - 202035.139      -     - 3859s
     0     0 202035.140    0 25548          - 202035.140      -     - 3865s
     0     0 203582.506    0 24890          - 203582.506      -     - 3944s
     0     0 203775.302    0 23869          - 203775.302      -     - 3980s
     0     0 203915.832    0 23849          - 203915.832      -     - 3994s
     0     0 203937.617    0 31847          - 203937.617      -     - 4012s
     0     0 205536.911    0 20904          - 205536.911      -     - 4082s
     0     0 205635.242    0 22875          - 205635.242      -     - 4108s
     0     0 205736.058    0 22660          - 205736.058      -     - 4125s
     0     0 205768.486    0 22911          - 205768.486      -     - 4140s
     0     0 206154.575    0 22043          - 206154.575      -     - 4189s
     0     0 206193.753    0 22043          - 206193.753      -     - 4216s
     0     2 206267.905    0 22043          - 206267.905      -     - 4570s
     1     4 216671.957    1 21144          - 206570.686      - 75322 4591s
     3     6 230078.186    2 25357          - 207065.796      - 27960 4610s
     7    12 233785.228    3 22505          - 229755.622      - 13200 4633s
    13    21 234904.555    4 22503          - 230080.826      -  8351 4688s
    23    25 235528.121    5 22429          - 230427.830      - 19492 7200s

Cutting planes:
  Learned: 20091
  Gomory: 9
  Lift-and-project: 1
  Cover: 9057
  Implied bound: 74562
  Clique: 1
  MIR: 3826
  StrongCG: 14
  Flow cover: 10919
  GUB cover: 411
  Zero half: 2
  Mod-K: 22
  Network: 79
  RLT: 7104
  Relax-and-lift: 6825

Explored 27 nodes (2015383 simplex iterations) in 7200.69 seconds (19494.06 work units)
Thread count was 10 (of 10 available processors)

Solution count 0

Time limit reached
Best objective -, best bound 2.304278302267e+05, gap -
Warning: linear constraint 681601 and linear constraint 681604 have the same name "lin1_pw_d_0_"
