
Gurobi 11.0.2 (mac64[arm]) logging started Sun Jul 27 16:15:52 2025

Set parameter LogFile to value "../solutions/200/b_log.log"
Gurobi Optimizer version 11.0.2 build v11.0.2rc0 (mac64[arm] - Darwin 24.5.0 24F74)

CPU model: Apple M2 Pro
Thread count: 10 physical cores, 10 logical processors, using up to 10 threads

Optimize a model with 1641605 rows, 960403 columns and 5161202 nonzeros
Model fingerprint: 0xa1636005
Variable types: 280003 continuous, 680400 integer (640200 binary)
Coefficient statistics:
  Matrix range     [1e-03, 1e+06]
  Objective range  [1e+00, 1e+00]
  Bounds range     [1e+00, 5e+01]
  RHS range        [1e+00, 6e+05]
Presolve removed 784607 rows and 109804 columns (presolve time = 5s) ...
Presolve removed 784806 rows and 110003 columns (presolve time = 11s) ...
Presolve removed 784806 rows and 110003 columns (presolve time = 15s) ...
Presolve removed 784484 rows and 109681 columns
Presolve time: 19.88s
Presolved: 857121 rows, 850722 columns, 5126520 nonzeros
Variable types: 245400 continuous, 605322 integer (565521 binary)
Deterministic concurrent LP optimizer: primal simplex, dual simplex, and barrier
Showing barrier log only...

Root barrier log...

Ordering time: 5.26s

Barrier statistics:
 Dense cols : 2172
 AA' NZ     : 1.215e+07
 Factor NZ  : 6.799e+07 (roughly 1.2 GB of memory)
 Factor Ops : 1.133e+11 (less than 1 second per iteration)
 Threads    : 7

                  Objective                Residual
Iter       Primal          Dual         Primal    Dual     Compl     Time
   0   1.65117365e+10 -7.47838977e+09  1.61e+07 1.14e-13  4.30e+05    34s
   1   1.37772250e+10 -7.11455589e+09  1.34e+07 6.74e+02  3.56e+05    35s
   2   9.83507903e+09 -5.89306608e+09  9.59e+06 1.63e+02  2.45e+05    35s
   3   5.62158798e+09 -5.22777614e+09  5.48e+06 1.07e+02  1.41e+05    36s
   4   3.07035574e+09 -4.22117984e+09  2.99e+06 4.19e+01  7.90e+04    37s
   5   1.23597014e+09 -2.79018032e+09  1.20e+06 5.96e-01  3.25e+04    37s
   6   6.69309444e+07 -1.73516985e+09  6.46e+04 3.95e-02  2.30e+03    38s
   7   3.88176504e+07 -3.35818190e+08  3.72e+04 1.38e+00  9.39e+02    39s
   8   2.99654742e+07 -2.70832935e+08  2.86e+04 1.12e+00  7.20e+02    40s
   9   1.32066033e+07 -1.61417233e+08  1.22e+04 2.94e-01  3.23e+02    40s
  10   2.23418594e+06 -3.59850291e+07  1.54e+03 3.64e-01  4.60e+01    41s
  11   1.55415653e+06 -3.00387686e+07  8.75e+02 2.83e-01  3.00e+01    42s
  12   1.46130476e+06 -1.46756371e+07  7.84e+02 1.01e-01  2.04e+01    42s
  13   1.25329273e+06 -1.16707009e+07  5.82e+02 7.34e-02  1.50e+01    43s
  14   8.19061588e+05 -1.07623207e+07  1.61e+02 6.51e-02  7.49e+00    43s
  15   2.58042212e+05 -8.65306385e+06  7.88e-01 4.93e-02  4.04e+00    44s
  16   1.99787885e+05 -6.82263107e+06  4.27e-01 3.87e-02  3.07e+00    44s
  17   1.96803160e+05 -4.54069117e+06  4.14e-01 2.60e-02  2.07e+00    45s
  18   6.48919886e+04 -1.64194991e+06  7.09e-02 8.17e-03  7.18e-01    46s
  19   4.86053253e+04 -3.62673755e+05  5.36e-02 1.73e-03  1.73e-01    46s
  20   3.59759791e+04 -1.38157406e+05  3.53e-02 5.64e-04  7.29e-02    47s
  21   3.07776831e+04 -7.39221438e+04  2.62e-02 2.90e-04  4.38e-02    48s
  22   2.02673701e+04 -3.95314370e+04  6.70e-03 2.29e-04  2.49e-02    49s
  23   1.59038232e+04 -1.47003668e+04  2.99e-03 1.34e-04  1.28e-02    50s
  24   1.34492585e+04 -4.46632345e+03  1.73e-03 8.34e-05  7.47e-03    50s
  25   1.33164358e+04 -2.26640850e+03  1.67e-03 7.54e-05  6.50e-03    51s
  26   1.29546196e+04  7.14055687e+02  1.57e-03 6.04e-05  5.10e-03    51s
  27   1.25438400e+04  1.16098691e+03  1.48e-03 5.35e-05  4.75e-03    51s
  28   1.21559962e+04  2.24044473e+03  1.38e-03 4.75e-05  4.13e-03    52s
  29   1.10110902e+04  3.36179077e+03  1.09e-03 3.62e-05  3.19e-03    52s
  30   1.07356954e+04  3.68180064e+03  1.02e-03 3.84e-05  2.94e-03    53s
  31   9.90593585e+03  4.30992392e+03  8.26e-04 3.02e-05  2.33e-03    54s
  32   9.69864869e+03  4.50546398e+03  7.84e-04 2.59e-05  2.17e-03    55s
  33   9.61815221e+03  4.94425527e+03  7.67e-04 2.06e-05  1.95e-03    55s
  34   9.27657664e+03  4.93209238e+03  7.07e-04 1.27e-05  1.81e-03    56s
  35   9.08431771e+03  4.79823298e+03  6.61e-04 5.85e-06  1.79e-03    57s
  36   8.40113783e+03  5.21918548e+03  5.10e-04 3.48e-06  1.33e-03    58s
  37   8.17790375e+03  5.33728616e+03  4.70e-04 3.32e-06  1.18e-03    58s
  38   8.00010296e+03  5.42451346e+03  4.35e-04 9.11e-07  1.07e-03    59s
  39   7.76793217e+03  5.50726925e+03  3.90e-04 6.12e-07  9.43e-04    60s
  40   7.65589973e+03  5.44030775e+03  3.71e-04 1.04e-07  9.24e-04    61s
  41   7.61577592e+03  5.54315116e+03  3.60e-04 7.03e-08  8.64e-04    62s
  42   7.37838992e+03  5.53466466e+03  3.10e-04 1.39e-08  7.69e-04    62s
  43   7.07034490e+03  5.57284516e+03  2.48e-04 1.12e-08  6.24e-04    63s
  44   6.67452550e+03  5.60306953e+03  1.75e-04 5.97e-09  4.47e-04    64s
  45   6.59253881e+03  5.58980738e+03  1.61e-04 6.40e-11  4.18e-04    65s
  46   6.38965865e+03  5.65524515e+03  1.22e-04 4.25e-11  3.06e-04    65s
  47   6.26281964e+03  5.66818544e+03  9.82e-05 3.75e-12  2.48e-04    66s
  48   6.21914868e+03  5.67614328e+03  8.76e-05 5.31e-12  2.26e-04    67s
  49   6.19162867e+03  5.67299612e+03  8.27e-05 2.84e-12  2.16e-04    68s
  50   6.04038944e+03  5.69529481e+03  5.58e-05 2.61e-12  1.44e-04    69s
  51   6.00126528e+03  5.70152233e+03  4.71e-05 3.87e-12  1.25e-04    69s
  52   5.89075643e+03  5.70735561e+03  2.81e-05 3.92e-12  7.65e-05    70s
  53   5.84572180e+03  5.71511745e+03  2.05e-05 3.98e-12  5.45e-05    71s
  54   5.74080709e+03  5.71948954e+03  1.43e-06 3.41e-12  8.89e-06    72s
  55   5.72098799e+03  5.72094617e+03  5.11e-11 3.64e-12  1.74e-08    72s
  56   5.72096454e+03  5.72096449e+03  9.20e-12 2.96e-12  1.74e-11    73s

Barrier solved model in 56 iterations and 73.09 seconds (206.23 work units)
Optimal objective 5.72096454e+03


Root crossover log...

  513062 DPushes remaining with DInf 0.0000000e+00                73s
       0 DPushes remaining with DInf 0.0000000e+00                74s

   50400 PPushes remaining with PInf 0.0000000e+00                74s
       0 PPushes remaining with PInf 0.0000000e+00                74s

  Push phase complete: Pinf 0.0000000e+00, Dinf 1.3704321e-09     74s


Root simplex log...

Iteration    Objective       Primal Inf.    Dual Inf.      Time
  124190    5.7209645e+03   0.000000e+00   0.000000e+00     74s
Concurrent spin time: 33.35s (can be avoided by choosing Method=3)

Solved with barrier
  139959    5.6282559e+03   0.000000e+00   2.168143e+06    110s
  145575    5.5563419e+03   0.000000e+00   1.792908e+07    115s
  149741    5.5147387e+03   0.000000e+00   5.065123e+06    121s
  153271    5.4728928e+03   0.000000e+00   1.229020e+07    125s
  157951    5.4359207e+03   0.000000e+00   9.141311e+06    130s
  161235    5.4146331e+03   0.000000e+00   4.529875e+06    135s
  165371    5.3849066e+03   0.000000e+00   1.701657e+07    140s
  170023    5.3551333e+03   0.000000e+00   3.100811e+07    145s
  174101    5.3295140e+03   0.000000e+00   5.341774e+07    150s
  178539    5.2988504e+03   0.000000e+00   1.334256e+07    155s
  182197    5.2793629e+03   0.000000e+00   2.238394e+08    160s
  186283    5.2640079e+03   0.000000e+00   3.811642e+06    165s
  189855    5.2500585e+03   0.000000e+00   9.931239e+07    170s
  193563    5.2372783e+03   0.000000e+00   5.669579e+06    175s
  196887    5.2278952e+03   0.000000e+00   2.191702e+07    180s
  200287    5.2160826e+03   0.000000e+00   1.792918e+07    185s
  203295    5.2016975e+03   0.000000e+00   1.398153e+07    190s
  206853    5.1888539e+03   0.000000e+00   1.683046e+07    195s
  210027    5.1724546e+03   0.000000e+00   6.556442e+06    200s
  213617    5.1631552e+03   0.000000e+00   2.929499e+06    205s
  217733    5.1544188e+03   0.000000e+00   4.465981e+06    210s
  221945    5.1403878e+03   0.000000e+00   3.074789e+06    215s
  225583    5.1302391e+03   0.000000e+00   1.925772e+06    220s
  228965    5.1256571e+03   0.000000e+00   7.406495e+05    225s
  233499    5.1196129e+03   0.000000e+00   1.183704e+07    230s
  238033    5.1018686e+03   0.000000e+00   3.486556e+05    235s
  242227    5.0970338e+03   0.000000e+00   6.456118e+05    240s
  246821    5.0803320e+03   0.000000e+00   1.242909e+06    245s
  251969    5.0758945e+03   0.000000e+00   1.841525e+05    251s
  255917    5.0678464e+03   0.000000e+00   4.613916e+05    255s
  258245    5.0668903e+03   0.000000e+00   2.253818e+05    260s
  260725    5.0651008e+03   0.000000e+00   2.200380e+05    265s
  263265    5.0626735e+03   0.000000e+00   1.008847e+04    270s
  265174    5.5688037e+03   1.503491e+03   0.000000e+00    276s
  267242    5.5688037e+03   1.035436e+03   0.000000e+00    280s
  268992    5.5688037e+03   2.579513e+03   0.000000e+00    285s
  270740    5.5688037e+03   8.808029e+03   0.000000e+00    291s
  271820    5.5688037e+03   2.334099e+03   0.000000e+00    295s
  273836    5.5688038e+03   3.208739e+03   0.000000e+00    301s
  275306    5.5749578e+03   1.653236e+01   0.000000e+00    305s
  276546    5.5942187e+03   2.267885e+02   0.000000e+00    310s
  278186    5.5942187e+03   1.086227e+03   0.000000e+00    316s
  279136    5.6389172e+03   2.478220e+03   0.000000e+00    320s
  280026    5.6389172e+03   1.231314e+04   0.000000e+00    326s
  280766    5.6389172e+03   1.305203e+03   0.000000e+00    330s
  281606    5.6389172e+03   3.293015e+03   0.000000e+00    335s
  282316    5.6389173e+03   3.272553e+03   0.000000e+00    341s
  283736    5.6681737e+03   5.212879e+02   0.000000e+00    346s
  284516    5.6681737e+03   1.135402e+05   0.000000e+00    350s
  285216    5.6681737e+03   1.567719e+03   0.000000e+00    355s
  285956    5.6681737e+03   5.979034e+03   0.000000e+00    360s
  286826    5.6699005e+03   1.097369e+03   0.000000e+00    366s
  287746    5.6699005e+03   2.074963e+02   0.000000e+00    370s
  288796    5.6699006e+03   2.504117e+03   0.000000e+00    376s
  289876    5.6699006e+03   8.936982e+04   0.000000e+00    380s
  290606    5.6699007e+03   8.221866e+03   0.000000e+00    385s
  291466    5.6934191e+03   2.629269e+03   0.000000e+00    390s
  292246    5.6934191e+03   1.318714e+03   0.000000e+00    395s
  292946    5.6934192e+03   2.168996e+03   0.000000e+00    400s
  293736    5.6934192e+03   8.488827e+02   0.000000e+00    405s
  294556    5.6934193e+03   4.235590e+03   0.000000e+00    411s
  295206    5.7054271e+03   1.111504e+03   0.000000e+00    415s
  295876    5.7054272e+03   2.464710e+03   0.000000e+00    420s
  296586    5.7054272e+03   3.136239e+02   0.000000e+00    425s
  297746    5.7054272e+03   1.872390e+05   0.000000e+00    431s
  299016    5.7054273e+03   2.928839e+02   0.000000e+00    435s
  300596    5.7184330e+03   1.572130e+03   0.000000e+00    440s
  301596    5.7209655e+03   9.862400e+02   0.000000e+00    445s
  302526    5.7209656e+03   7.190475e+02   0.000000e+00    450s
  303996    5.7209656e+03   5.218835e+00   0.000000e+00    455s
  304134    5.7209645e+03   0.000000e+00   0.000000e+00    456s
Extra simplex iterations after uncrush: 179944

Root relaxation: objective 5.720965e+03, 304134 iterations, 430.37 seconds (1278.49 work units)
Total elapsed time = 1383.33s (DegenMoves)
Total elapsed time = 1402.96s (DegenMoves)

    Nodes    |    Current Node    |     Objective Bounds      |     Work
 Expl Unexpl |  Obj  Depth IntInf | Incumbent    BestBd   Gap | It/Node Time

     0     0 5720.96451    0 10172          - 5720.96451      -     - 1421s
     0     0 27864.2558    0 12230          - 27864.2558      -     - 1850s
     0     0 32706.8798    0 16932          - 32706.8798      -     - 1916s
     0     0 36887.1917    0 18676          - 36887.1917      -     - 1989s
     0     0 42105.2908    0 23799          - 42105.2908      -     - 2047s
     0     0 47096.6167    0 26468          - 47096.6167      -     - 2093s
     0     0 50989.3931    0 27392          - 50989.3931      -     - 2152s
     0     0 55362.9627    0 28100          - 55362.9627      -     - 2208s
     0     0 62163.8535    0 28034          - 62163.8535      -     - 2264s
     0     0 109964.480    0 23481          - 109964.480      -     - 2294s
     0     0 109964.480    0 23484          - 109964.480      -     - 2296s
     0     0 118096.333    0 24951          - 118096.333      -     - 2395s
     0     0 126728.223    0 23830          - 126728.223      -     - 2427s
     0     0 126912.551    0 23816          - 126912.551      -     - 2457s
     0     0 126912.551    0 23817          - 126912.551      -     - 2458s
     0     0 146825.662    0 26105          - 146825.662      -     - 2608s
     0     0 148771.053    0 26899          - 148771.053      -     - 2643s
     0     0 148818.157    0 27948          - 148818.157      -     - 2653s
     0     0 148818.629    0 27946          - 148818.629      -     - 2657s
     0     0 165495.365    0 20271          - 165495.365      -     - 2813s
     0     0 171490.463    0 24046          - 171490.463      -     - 2898s
     0     0 172063.728    0 23626          - 172063.728      -     - 2938s
     0     0 172063.728    0 23652          - 172063.728      -     - 2947s
     0     0 182335.846    0 23662          - 182335.846      -     - 3077s
     0     0 188993.280    0 28949          - 188993.280      -     - 3164s
     0     0 188994.352    0 29163          - 188994.352      -     - 3174s
     0     0 197583.386    0 23519          - 197583.386      -     - 3389s
     0     0 199471.248    0 26028          - 199471.248      -     - 3481s
     0     0 199519.210    0 28721          - 199519.210      -     - 3511s
     0     0 204244.878    0 38045          - 204244.878      -     - 3648s
     0     0 205518.684    0 32686          - 205518.684      -     - 3708s
     0     0 205959.242    0 34061          - 205959.242      -     - 3745s
     0     0 206288.075    0 31574          - 206288.075      -     - 3757s
     0     0 206341.634    0 32772          - 206341.634      -     - 3765s
     0     0 209478.915    0 32267          - 209478.915      -     - 3889s
     0     0 210764.253    0 34421          - 210764.253      -     - 3951s
     0     0 211099.329    0 33185          - 211099.329      -     - 3973s
     0     0 211200.389    0 33327          - 211200.389      -     - 3980s
     0     0 211200.389    0 33324          - 211200.389      -     - 3982s
     0     0 214760.735    0 25634          - 214760.735      -     - 4100s
     0     0 216004.287    0 25050          - 216004.287      -     - 4121s
     0     0 216936.369    0 30193          - 216936.369      -     - 4166s
     0     0 216974.368    0 25026          - 216974.368      -     - 4179s
     0     0 219476.125    0 38242          - 219476.125      -     - 4293s
     0     0 220290.519    0 32430          - 220290.519      -     - 4401s
     0     0 220302.385    0 30227          - 220302.385      -     - 4432s
     0     0 220841.165    0 37066          - 220841.165      -     - 4580s
     0     0 221546.435    0 32240          - 221546.435      -     - 4608s
     0     0 221710.145    0 27343          - 221710.145      -     - 4616s
     0     0 221710.146    0 27476          - 221710.146      -     - 4619s
     0     0 223019.562    0 22788          - 223019.562      -     - 4715s
     0     0 223813.849    0 32908          - 223813.849      -     - 4809s
     0     0 224071.095    0 32028          - 224071.095      -     - 4862s
     0     0 224344.059    0 32034          - 224344.059      -     - 4878s
     0     0 224348.128    0 32099          - 224348.128      -     - 4881s
     0     0 226579.399    0 24809          - 226579.399      -     - 5017s
     0     0 227148.744    0 21920          - 227148.744      -     - 5061s
     0     0 227395.881    0 22557          - 227395.881      -     - 5081s
     0     0 227504.045    0 25069          - 227504.045      -     - 5165s
     0     0 227540.378    0 25023          - 227540.378      -     - 5181s
     0     0 228480.900    0 33723          - 228480.900      -     - 5284s
     0     0 228833.337    0 33791          - 228833.337      -     - 5310s
     0     0 228833.337    0 33957          - 228833.337      -     - 5318s
     0     0 229491.115    0 31848          - 229491.115      -     - 5450s
     0     0 229506.532    0 31848          - 229506.532      -     - 5484s
     0     2 229506.532    0 31848          - 229506.532      -     - 6033s
     1     4 229510.291    1 36886          - 229510.291      - 82260 6117s
     3     8 229527.373    2 36877          - 229527.373      - 28677 6165s
     7    16 232622.264    3 36738          - 229540.746      - 18095 6230s
    15    26 245926.997    4 37124          - 229678.438      -  9675 6388s
    25    32 246314.914    5 28276          - 229720.011      - 10307 7200s

Cutting planes:
  Learned: 18385
  Gomory: 22
  Cover: 10025
  Implied bound: 79068
  MIR: 18585
  StrongCG: 4
  Flow cover: 23377
  GUB cover: 236
  Zero half: 1
  Mod-K: 48
  Network: 38
  RLT: 6843
  Relax-and-lift: 7821

Explored 31 nodes (1989752 simplex iterations) in 7200.58 seconds (20648.81 work units)
Thread count was 10 (of 10 available processors)

Solution count 0

Time limit reached
Best objective -, best bound 2.297200113264e+05, gap -
Warning: linear constraint 681601 and linear constraint 681604 have the same name "lin1_pw_d_0_"
