
Gurobi 11.0.2 (mac64[arm]) logging started Sun Jul 27 20:16:16 2025

Set parameter LogFile to value "../solutions/200/c_log.log"
Gurobi Optimizer version 11.0.2 build v11.0.2rc0 (mac64[arm] - Darwin 24.5.0 24F74)

CPU model: Apple M2 Pro
Thread count: 10 physical cores, 10 logical processors, using up to 10 threads

Optimize a model with 1641605 rows, 960403 columns and 5161202 nonzeros
Model fingerprint: 0x6bdeb5ed
Variable types: 280003 continuous, 680400 integer (640200 binary)
Coefficient statistics:
  Matrix range     [1e-03, 1e+06]
  Objective range  [1e+00, 1e+00]
  Bounds range     [1e+00, 5e+01]
  RHS range        [1e+00, 6e+05]
Presolve removed 805607 rows and 123804 columns (presolve time = 5s) ...
Presolve removed 805806 rows and 124003 columns (presolve time = 10s) ...
Presolve removed 805605 rows and 123802 columns
Presolve time: 14.26s
Presolved: 836000 rows, 836601 columns, 7316002 nonzeros
Variable types: 238400 continuous, 598201 integer (558400 binary)
Deterministic concurrent LP optimizer: primal simplex, dual simplex, and barrier
Showing barrier log only...

Root barrier log...

Ordering time: 7.48s

Barrier statistics:
 Dense cols : 6721
 AA' NZ     : 1.388e+07
 Factor NZ  : 3.009e+08 (roughly 3.0 GB of memory)
 Factor Ops : 1.867e+12 (roughly 2 seconds per iteration)
 Threads    : 7

                  Objective                Residual
Iter       Primal          Dual         Primal    Dual     Compl     Time
   0   1.64189415e+10 -7.40411121e+09  1.60e+07 1.14e-13  4.28e+05    36s
   1   1.12623238e+10 -6.79513957e+09  1.10e+07 5.30e+02  2.91e+05    39s
   2   6.64854046e+09 -5.58782751e+09  6.48e+06 1.46e+02  1.65e+05    41s
   3   3.78123235e+09 -4.55494302e+09  3.69e+06 5.58e+01  9.34e+04    44s
   4   2.41231603e+09 -3.82023361e+09  2.35e+06 2.87e+01  5.90e+04    46s
   5   7.03509838e+08 -3.02862097e+09  6.85e+05 8.86e+00  1.87e+04    49s
   6   5.05274842e+07 -1.52143676e+09  4.86e+04 7.86e-03  1.83e+03    52s
   7   9.68824966e+06 -2.42339215e+08  8.80e+03 5.05e-02  3.23e+02    56s
   8   1.81429952e+06 -3.72283809e+07  1.13e+03 1.35e-02  4.36e+01    59s
   9   7.04649577e+05 -1.06389367e+07  5.10e+01 1.06e-02  6.12e+00    63s
  10   6.46444070e+05 -8.50596615e+06  9.45e-05 9.01e-03  3.89e+00    65s
  11   1.27449273e+05 -3.03607888e+06  7.03e-06 2.80e-03  1.35e+00    69s
  12   6.88294143e+04 -2.44893626e+05  9.27e-06 2.16e-04  1.33e-01    73s
  13   4.95018035e+04 -1.26201727e+05  5.86e-06 1.16e-04  7.47e-02    76s
  14   3.33263671e+04 -5.19402655e+04  1.81e-06 5.10e-05  3.63e-02    82s
  15   1.74457368e+04 -1.42281319e+04  4.50e-07 1.70e-05  1.35e-02    87s
  16   1.18653928e+04  2.57676741e+03  3.85e-08 1.72e-06  3.95e-03    91s
  17   1.12358867e+04  3.43192130e+03  3.43e-08 1.27e-06  3.32e-03    94s
  18   1.00832106e+04  4.25498956e+03  2.55e-08 8.49e-07  2.48e-03    98s
  19   9.15587520e+03  4.93803288e+03  2.03e-08 4.29e-07  1.79e-03   101s
  20   8.51706004e+03  5.25412477e+03  2.82e-08 2.21e-07  1.39e-03   104s
  21   8.08307802e+03  5.44663458e+03  3.52e-08 1.23e-07  1.12e-03   107s
  22   8.06135504e+03  5.42160780e+03  3.55e-08 1.04e-07  1.12e-03   111s
  23   7.66196024e+03  5.53967391e+03  2.91e-08 4.01e-08  9.03e-04   115s
  24   7.18132991e+03  5.61698329e+03  2.17e-08 1.33e-08  6.66e-04   119s
  25   6.42654413e+03  5.66663475e+03  9.85e-09 5.32e-09  3.23e-04   123s
  26   6.30219634e+03  5.71481127e+03  8.04e-09 1.03e-09  2.50e-04   129s
  27   6.21747817e+03  5.72108713e+03  6.54e-09 2.32e-10  2.11e-04   135s
  28   6.05247214e+03  5.73914789e+03  4.17e-09 8.58e-11  1.33e-04   140s
  29   5.75690591e+03  5.74590102e+03  5.38e-11 1.00e-11  4.68e-06   147s

Barrier performed 29 iterations in 150.31 seconds (1019.08 work units)
Barrier solve interrupted - model solved by another algorithm

Concurrent spin time: 0.67s

Solved with dual simplex

Root simplex log...

Iteration    Objective       Primal Inf.    Dual Inf.      Time
   79028    5.5118258e+03   0.000000e+00   2.252650e+07    156s
   81317    5.3621275e+03   0.000000e+00   5.041689e+07    160s
   84082    5.2446258e+03   0.000000e+00   2.617042e+06    165s
   85952    5.2105232e+03   0.000000e+00   3.171826e+06    170s
   87812    5.1852101e+03   0.000000e+00   1.349007e+07    176s
   89232    5.1700596e+03   0.000000e+00   3.085223e+07    180s
   90932    5.1538397e+03   0.000000e+00   2.929176e+07    186s
   92372    5.1450797e+03   0.000000e+00   2.428170e+07    190s
   93842    5.1381605e+03   0.000000e+00   6.412572e+05    195s
   95622    5.1323507e+03   0.000000e+00   1.109263e+06    201s
   97282    5.1264888e+03   0.000000e+00   1.570772e+07    206s
   98822    5.1216833e+03   0.000000e+00   2.966634e+07    210s
  100502    5.1178990e+03   0.000000e+00   8.314430e+06    216s
  102522    5.1137220e+03   0.000000e+00   3.878725e+06    221s
  103832    5.1114333e+03   0.000000e+00   2.639731e+06    225s
  105332    5.1098522e+03   0.000000e+00   5.320476e+04    230s
  106572    5.1098273e+03   0.000000e+00   2.604866e+04    235s
  107752    5.1098061e+03   0.000000e+00   5.138057e+04    241s
  109272    5.1097949e+03   0.000000e+00   2.592955e+04    246s
  110292    5.1097862e+03   0.000000e+00   8.253496e+03    250s
  111532    5.1097760e+03   0.000000e+00   1.816041e+04    255s
  113002    5.1097686e+03   0.000000e+00   9.581517e+03    261s
  113952    5.1097610e+03   0.000000e+00   3.781335e+04    265s
  115242    5.1097543e+03   0.000000e+00   1.929425e+04    270s
  116522    5.1097471e+03   0.000000e+00   2.580756e+04    276s
  117602    5.1097421e+03   0.000000e+00   1.816639e+04    280s
  118872    5.1097349e+03   0.000000e+00   6.803243e+04    285s
  120022    5.1097281e+03   0.000000e+00   8.651994e+03    291s
  120962    5.1097229e+03   0.000000e+00   9.902286e+04    295s
  121952    5.1097020e+03   0.000000e+00   1.014994e+05    300s
  122932    5.1096830e+03   0.000000e+00   3.736266e+04    305s
  123982    5.1096622e+03   0.000000e+00   3.695695e+02    310s
  124982    5.1096432e+03   0.000000e+00   4.171325e+04    315s
  125892    5.1096305e+03   0.000000e+00   7.366533e+04    320s
  126872    5.1096129e+03   0.000000e+00   4.718239e+04    325s
  128101    5.6634463e+03   2.329385e+04   0.000000e+00    330s
  129041    5.6634464e+03   4.727585e+04   0.000000e+00    336s
  129771    5.6634467e+03   3.402042e+03   0.000000e+00    341s
  130411    5.6634469e+03   4.591783e+03   0.000000e+00    345s
  131421    5.6634483e+03   3.395882e+03   0.000000e+00    351s
  132434    5.6634494e+03   4.818892e+03   0.000000e+00    355s
  133767    5.6634509e+03   4.513264e+01   0.000000e+00    361s
  134637    5.6634512e+03   1.738044e+02   0.000000e+00    365s
  135517    5.6634515e+03   4.145438e+01   0.000000e+00    371s
  137507    5.6634537e+03   3.762539e+02   0.000000e+00    376s
  138247    5.6634567e+03   9.388552e+02   0.000000e+00    380s
  138937    5.6634576e+03   4.824951e+02   0.000000e+00    385s
  139877    5.6634677e+03   1.981560e+03   0.000000e+00    390s
  140887    5.6634744e+03   2.291294e+03   0.000000e+00    396s
  141607    5.6634757e+03   3.531954e+02   0.000000e+00    401s
  142397    5.6634805e+03   2.670442e+01   0.000000e+00    405s
  143647    5.6634814e+03   3.072741e+01   0.000000e+00    411s
  144427    5.6634818e+03   7.161870e+01   0.000000e+00    415s
  145397    5.6634826e+03   3.866735e+01   0.000000e+00    421s
  146117    5.6634835e+03   2.294656e+01   0.000000e+00    425s
  148190    5.6832096e+03   4.131443e+01   0.000000e+00    431s
  149790    5.7277768e+03   7.586600e+02   0.000000e+00    435s
  151240    5.7495527e+03   2.336104e+00   0.000000e+00    440s
  152510    5.7495534e+03   1.993758e+00   0.000000e+00    445s
  153153    5.7494728e+03   0.000000e+00   0.000000e+00    447s
Extra simplex iterations after uncrush: 77730

Root relaxation: objective 5.749473e+03, 153153 iterations, 426.56 seconds (1239.03 work units)
Total elapsed time = 1218.92s (DegenMoves)

    Nodes    |    Current Node    |     Objective Bounds      |     Work
 Expl Unexpl |  Obj  Depth IntInf | Incumbent    BestBd   Gap | It/Node Time

     0     0 5749.47275    0 10051          - 5749.47275      -     - 1226s
     0     0 37894.4932    0 13456          - 37894.4932      -     - 1504s
     0     0 46179.5133    0 16871          - 46179.5133      -     - 1566s
     0     0 52172.5195    0 19531          - 52172.5195      -     - 1615s
     0     0 56741.3684    0 23753          - 56741.3684      -     - 1664s
     0     0 61299.2122    0 28557          - 61299.2122      -     - 1712s
     0     0 65579.9454    0 29287          - 65579.9454      -     - 1754s
     0     0 69850.2086    0 39372          - 69850.2086      -     - 1814s
     0     0 79002.1448    0 35352          - 79002.1448      -     - 1864s
     0     0 105004.167    0 27052          - 105004.167      -     - 1899s
     0     0 105004.167    0 27051          - 105004.167      -     - 1900s
     0     0 131878.715    0 23844          - 131878.715      -     - 2082s
     0     0 135627.192    0 24233          - 135627.192      -     - 2134s
     0     0 135627.192    0 24263          - 135627.192      -     - 2138s
     0     0 148266.730    0 26160          - 148266.730      -     - 2288s
     0     0 152690.033    0 28589          - 152690.033      -     - 2336s
     0     0 152692.001    0 28587          - 152692.001      -     - 2341s
     0     0 168138.861    0 27236          - 168138.861      -     - 2482s
     0     0 177505.867    0 27066          - 177505.867      -     - 2533s
     0     0 177603.193    0 24365          - 177603.193      -     - 2551s
     0     0 177603.193    0 24375          - 177603.193      -     - 2553s
     0     0 194165.734    0 32461          - 194165.734      -     - 2683s
     0     0 195000.345    0 27168          - 195000.345      -     - 2708s
     0     0 195842.660    0 27364          - 195842.660      -     - 2716s
     0     0 196007.941    0 27396          - 196007.941      -     - 2722s
     0     0 196007.941    0 27404          - 196007.941      -     - 2723s
     0     0 203871.070    0 24773          - 203871.070      -     - 2830s
     0     0 204087.303    0 29029          - 204087.303      -     - 2867s
     0     0 211027.825    0 28516          - 211027.825      -     - 3007s
     0     0 216526.769    0 23583          - 216526.769      -     - 3063s
     0     0 217793.964    0 29320          - 217793.964      -     - 3097s
     0     0 218078.630    0 29430          - 218078.630      -     - 3105s
     0     0 218134.691    0 31221          - 218134.691      -     - 3111s
     0     0 227286.458    0 31372          - 227286.458      -     - 3226s
     0     0 228194.164    0 26567          - 228194.164      -     - 3252s
     0     0 228580.327    0 27449          - 228580.327      -     - 3278s
     0     0 228883.379    0 28030          - 228883.379      -     - 3288s
     0     0 228930.386    0 28058          - 228930.386      -     - 3291s
     0     0 231076.276    0 26923          - 231076.276      -     - 3402s
     0     0 231644.949    0 25819          - 231644.949      -     - 3436s
     0     0 231683.943    0 26773          - 231683.943      -     - 3464s
     0     0 233198.808    0 25935          - 233198.808      -     - 3571s
     0     0 233657.470    0 23475          - 233657.470      -     - 3611s
     0     0 233658.823    0 23578          - 233658.823      -     - 3616s
     0     0 235610.313    0 25668          - 235610.313      -     - 3728s
     0     0 235655.770    0 25940          - 235655.770      -     - 3736s
     0     0 236580.609    0 23284          - 236580.609      -     - 3800s
     0     0 236721.296    0 23574          - 236721.296      -     - 3844s
     0     0 236730.540    0 21879          - 236730.540      -     - 3852s
     0     0 238010.657    0 25936          - 238010.657      -     - 3931s
     0     0 238154.966    0 29886          - 238154.966      -     - 3967s
     0     0 238233.660    0 29211          - 238233.660      -     - 4004s
     0     0 239804.605    0 27896          - 239804.605      -     - 4112s
     0     0 239943.392    0 22837          - 239943.392      -     - 4127s
     0     0 239943.392    0 22956          - 239943.392      -     - 4133s
     0     0 240063.496    0 20001          - 240063.496      -     - 4187s
     0     0 240144.282    0 25395          - 240144.282      -     - 4236s
     0     0 240579.525    0 20179          - 240579.525      -     - 4281s
     0     0 240611.484    0 20179          - 240611.484      -     - 4307s
     0     2 240611.484    0 20179          - 240611.484      -     - 4544s
     1     4 243504.278    1 24665          - 241108.600      - 82880 4600s
     3     8 244009.239    2 24241          - 243543.923      - 36076 4782s
     7    14 244618.317    3 34283          - 244227.952      - 32015 5005s
    15    22 244893.725    4 31178          - 244661.258      - 22026 5223s
    25    29 246343.782    5 34384          - 244941.531      - 20007 7200s

Cutting planes:
  Learned: 19954
  Gomory: 1
  Cover: 9142
  Implied bound: 73082
  MIR: 10620
  StrongCG: 8
  Flow cover: 17977
  GUB cover: 93
  Mod-K: 61
  Network: 35
  RLT: 5887
  Relax-and-lift: 6311

Explored 32 nodes (1905644 simplex iterations) in 7200.62 seconds (23447.93 work units)
Thread count was 10 (of 10 available processors)

Solution count 0

Time limit reached
Best objective -, best bound 2.449415312432e+05, gap -
Warning: linear constraint 681601 and linear constraint 681604 have the same name "lin1_pw_d_0_"
