
Gurobi 11.0.2 (mac64[arm]) logging started Sun Jul 27 22:16:28 2025

Set parameter LogFile to value "../solutions/200/d_log.log"
Gurobi Optimizer version 11.0.2 build v11.0.2rc0 (mac64[arm] - Darwin 24.5.0 24F74)

CPU model: Apple M2 Pro
Thread count: 10 physical cores, 10 logical processors, using up to 10 threads

Optimize a model with 1641605 rows, 960403 columns and 5161202 nonzeros
Model fingerprint: 0xffa0bfd2
Variable types: 280003 continuous, 680400 integer (640200 binary)
Coefficient statistics:
  Matrix range     [1e-03, 1e+06]
  Objective range  [1e+00, 1e+00]
  Bounds range     [1e+00, 5e+01]
  RHS range        [1e+00, 6e+05]
Presolve removed 789407 rows and 113004 columns (presolve time = 5s) ...
Presolve removed 789606 rows and 113203 columns (presolve time = 10s) ...
Presolve removed 789606 rows and 113203 columns (presolve time = 15s) ...
Presolve removed 789308 rows and 112905 columns
Presolve time: 16.97s
Presolved: 852297 rows, 847498 columns, 5577557 nonzeros
Variable types: 243800 continuous, 603698 integer (563897 binary)
Deterministic concurrent LP optimizer: primal simplex, dual simplex, and barrier
Showing barrier log only...

Root barrier log...

Ordering time: 5.32s

Barrier statistics:
 Dense cols : 3074
 AA' NZ     : 1.250e+07
 Factor NZ  : 9.815e+07 (roughly 1.4 GB of memory)
 Factor Ops : 2.559e+11 (less than 1 second per iteration)
 Threads    : 7

                  Objective                Residual
Iter       Primal          Dual         Primal    Dual     Compl     Time
   0   1.65934155e+10 -7.52476687e+09  1.62e+07 1.14e-13  4.32e+05    32s
   1   1.24114687e+10 -7.06708868e+09  1.21e+07 6.26e+02  3.22e+05    32s
   2   7.99613342e+09 -5.72247024e+09  7.80e+06 8.05e+01  2.01e+05    33s
   3   4.82705810e+09 -5.02236035e+09  4.71e+06 4.41e+01  1.21e+05    34s
   4   1.50009430e+09 -3.42095593e+09  1.46e+06 2.01e-01  3.87e+04    35s
   5   1.06107229e+08 -1.94077345e+09  1.03e+05 7.62e-02  3.29e+03    35s
   6   2.17964372e+07 -5.88132490e+08  2.06e+04 3.45e-01  7.12e+02    36s
   7   8.83801991e+06 -1.76941432e+08  7.97e+03 5.06e-02  2.45e+02    37s
   8   3.25651610e+06 -7.74278497e+07  2.53e+03 3.33e-02  8.43e+01    38s
   9   1.73598356e+06 -3.41773805e+07  1.05e+03 1.35e-02  3.50e+01    39s
  10   8.65531943e+05 -8.79268365e+06  2.05e+02 6.47e-03  7.72e+00    41s
  11   6.59809731e+05 -8.43163949e+06  1.40e+01 6.13e-03  4.08e+00    41s
  12   5.93729009e+05 -7.34825446e+06  5.01e-01 5.28e-03  3.55e+00    42s
  13   1.66876249e+05 -1.22674802e+06  1.24e-01 4.14e-03  5.97e-01    44s
  14   6.81799794e+04 -2.53037138e+05  3.64e-02 1.51e-03  1.35e-01    45s
  15   3.10528004e+04 -9.98033406e+04  4.94e-03 7.04e-04  5.48e-02    47s
  16   2.15698953e+04 -3.44976202e+04  1.42e-03 3.15e-04  2.35e-02    48s
  17   1.72565992e+04 -4.27980335e+03  6.17e-04 9.94e-05  9.02e-03    49s
  18   1.40479087e+04 -1.31329309e+03  4.30e-04 7.02e-05  6.43e-03    50s
  19   1.28781323e+04 -2.12212176e+02  3.54e-04 4.44e-05  5.48e-03    51s
  20   1.16661845e+04  1.93095409e+03  2.92e-04 2.04e-05  4.08e-03    52s
  21   1.03764073e+04  2.94129823e+03  2.37e-04 1.34e-05  3.11e-03    53s
  22   9.29067107e+03  3.18895590e+03  1.95e-04 8.90e-06  2.56e-03    54s
  23   8.50840270e+03  3.48501299e+03  1.65e-04 4.64e-06  2.10e-03    55s
  24   8.37486450e+03  3.53213315e+03  1.60e-04 4.34e-06  2.03e-03    56s
  25   8.27390975e+03  3.65604188e+03  1.56e-04 3.61e-06  1.93e-03    56s
  26   7.62916435e+03  3.78136508e+03  1.30e-04 2.24e-06  1.61e-03    57s
  27   7.61925197e+03  3.90621972e+03  1.29e-04 1.16e-06  1.55e-03    58s
  28   6.72291568e+03  4.05076169e+03  9.26e-05 5.77e-07  1.12e-03    59s
  29   6.54577169e+03  4.10527727e+03  8.49e-05 5.15e-07  1.02e-03    60s
  30   5.79552945e+03  4.14066008e+03  5.51e-05 4.20e-07  6.93e-04    61s
  31   5.66667334e+03  4.18964940e+03  5.03e-05 1.21e-07  6.19e-04    62s
  32   5.46012095e+03  4.24194725e+03  4.06e-05 8.36e-08  5.10e-04    63s
  33   5.19750558e+03  4.23124791e+03  3.11e-05 5.41e-08  4.05e-04    64s
  34   4.86275591e+03  4.26792395e+03  1.72e-05 3.48e-08  2.49e-04    65s
  35   4.82438126e+03  4.28646330e+03  1.59e-05 1.45e-08  2.25e-04    66s
  36   4.72080453e+03  4.29211374e+03  1.23e-05 1.30e-08  1.80e-04    67s
  37   4.54196804e+03  4.29572294e+03  6.70e-06 9.98e-09  1.03e-04    68s
  38   4.38117426e+03  4.32409699e+03  1.38e-06 1.55e-09  2.39e-05    69s
  39   4.32922243e+03  4.32880621e+03  2.62e-11 4.32e-12  1.74e-07    70s
  40   4.32892813e+03  4.32892570e+03  5.41e-11 5.12e-12  1.02e-09    71s
  41   4.32892609e+03  4.32892585e+03  6.28e-09 1.05e-07  9.84e-11    72s
  42   4.32892606e+03  4.32892602e+03  5.10e-10 3.11e-08  1.33e-11    73s

Barrier solved model in 42 iterations and 73.46 seconds (280.63 work units)
Optimal objective 4.32892606e+03


Root crossover log...

  509062 DPushes remaining with DInf 0.0000000e+00                74s
       0 DPushes remaining with DInf 0.0000000e+00                74s

   50800 PPushes remaining with PInf 0.0000000e+00                74s
       0 PPushes remaining with PInf 0.0000000e+00                75s

  Push phase complete: Pinf 0.0000000e+00, Dinf 1.7395742e-10     75s


Root simplex log...

Iteration    Objective       Primal Inf.    Dual Inf.      Time
  124077    4.3289261e+03   0.000000e+00   0.000000e+00     75s
Concurrent spin time: 66.33s (can be avoided by choosing Method=3)

Solved with barrier
  142294    4.2037116e+03   0.000000e+00   8.125661e+06    145s
  146149    4.1073528e+03   0.000000e+00   1.229391e+07    150s
  149530    4.0531835e+03   0.000000e+00   4.812881e+06    155s
  152310    4.0219010e+03   0.000000e+00   1.588569e+08    160s
  156138    3.9897875e+03   0.000000e+00   4.186873e+07    165s
  159509    3.9599998e+03   0.000000e+00   1.078873e+08    170s
  162359    3.9353132e+03   0.000000e+00   1.627726e+07    175s
  165700    3.9112177e+03   0.000000e+00   9.449285e+06    180s
  168971    3.8818254e+03   0.000000e+00   5.436937e+06    185s
  172165    3.8480675e+03   0.000000e+00   7.240051e+08    190s
  176368    3.8112296e+03   0.000000e+00   2.850043e+07    195s
  179963    3.7737911e+03   0.000000e+00   3.985039e+07    200s
  184092    3.7424236e+03   0.000000e+00   1.264852e+07    205s
  187781    3.7166944e+03   0.000000e+00   1.425011e+07    210s
  191175    3.6907234e+03   0.000000e+00   2.623559e+07    216s
  193642    3.6741501e+03   0.000000e+00   9.913192e+06    221s
  195902    3.6626486e+03   0.000000e+00   8.067217e+07    225s
  198632    3.6477879e+03   0.000000e+00   2.121532e+06    230s
  201573    3.6300413e+03   0.000000e+00   2.341190e+07    235s
  204671    3.6089475e+03   0.000000e+00   5.720066e+07    240s
  207358    3.5926099e+03   0.000000e+00   5.636840e+08    245s
  209685    3.5802767e+03   0.000000e+00   7.379638e+08    250s
  212285    3.5666544e+03   0.000000e+00   1.298333e+07    255s
  214882    3.5502940e+03   0.000000e+00   4.456236e+07    260s
  217569    3.5330174e+03   0.000000e+00   9.252110e+06    265s
  220159    3.5189797e+03   0.000000e+00   4.681464e+06    270s
  222859    3.5046611e+03   0.000000e+00   1.103895e+07    275s
  225399    3.4932194e+03   0.000000e+00   5.801206e+06    280s
  227639    3.4832718e+03   0.000000e+00   8.021932e+06    286s
  229859    3.4757684e+03   0.000000e+00   1.766015e+07    291s
  232159    3.4663021e+03   0.000000e+00   2.367500e+06    296s
  234479    3.4580661e+03   0.000000e+00   1.564242e+06    301s
  236689    3.4494162e+03   0.000000e+00   1.698887e+06    306s
  239129    3.4404659e+03   0.000000e+00   5.236350e+07    311s
  241479    3.4326451e+03   0.000000e+00   8.891608e+06    316s
  243659    3.4274396e+03   0.000000e+00   5.111707e+07    321s
  245499    3.4233340e+03   0.000000e+00   3.735889e+06    325s
  247799    3.4176335e+03   0.000000e+00   6.402379e+07    330s
  250109    3.4102218e+03   0.000000e+00   6.453954e+06    335s
  252199    3.4052155e+03   0.000000e+00   1.576333e+06    341s
  254089    3.4002709e+03   0.000000e+00   2.810815e+06    345s
  256049    3.3953003e+03   0.000000e+00   1.974413e+06    350s
  258423    3.3863318e+03   0.000000e+00   3.114538e+06    355s
  261350    3.3683361e+03   0.000000e+00   5.771732e+05    360s
  264561    3.3623901e+03   0.000000e+00   6.397600e+05    366s
  267141    3.3594560e+03   0.000000e+00   4.602370e+05    371s
  269548    3.3515623e+03   0.000000e+00   7.348249e+05    375s
  272849    3.3324947e+03   0.000000e+00   3.181945e+05    381s
  274809    3.3309241e+03   0.000000e+00   8.698425e+05    386s
  277426    3.3270162e+03   0.000000e+00   5.564835e+04    390s
  280046    3.3239665e+03   0.000000e+00   1.389430e+06    396s
  282246    3.3230185e+03   0.000000e+00   4.863085e+04    401s
  283356    3.3229365e+03   0.000000e+00   1.929678e+03    405s
  284840    3.8138670e+03   4.788001e+03   0.000000e+00    410s
  286630    3.8709253e+03   3.579591e+03   0.000000e+00    416s
  287550    3.8709253e+03   1.152051e+04   0.000000e+00    421s
  288500    3.8709253e+03   8.557312e+03   0.000000e+00    426s
  289170    3.8709254e+03   5.258894e+03   0.000000e+00    430s
  289990    3.8709254e+03   3.863398e+03   0.000000e+00    436s
  290790    3.8709254e+03   8.790486e+03   0.000000e+00    441s
  291987    3.8709255e+03   1.463140e+03   0.000000e+00    445s
  293791    3.8709255e+03   3.406188e+02   0.000000e+00    450s
  295468    3.8709255e+03   6.371362e+03   0.000000e+00    455s
  296698    4.0447665e+03   1.133186e+04   0.000000e+00    461s
  297318    4.0447665e+03   1.140148e+04   0.000000e+00    466s
  298028    4.0447687e+03   7.136153e+03   0.000000e+00    471s
  298628    4.0447687e+03   7.004074e+03   0.000000e+00    475s
  299378    4.0447687e+03   1.258684e+04   0.000000e+00    480s
  300208    4.0447687e+03   7.670071e+03   0.000000e+00    485s
  301218    4.0612396e+03   6.816444e+03   0.000000e+00    491s
  301808    4.0612396e+03   8.493503e+03   0.000000e+00    495s
  302478    4.0612396e+03   8.490691e+03   0.000000e+00    501s
  303478    4.0612396e+03   7.416740e+03   0.000000e+00    506s
  304098    4.1596016e+03   1.314114e+04   0.000000e+00    510s
  304728    4.1596016e+03   1.259976e+04   0.000000e+00    516s
  305908    4.1596037e+03   8.591258e+03   0.000000e+00    521s
  306408    4.1596038e+03   2.865908e+04   0.000000e+00    526s
  307008    4.1596038e+03   4.676793e+03   0.000000e+00    531s
  307498    4.1596038e+03   4.726596e+03   0.000000e+00    535s
  308128    4.1596038e+03   6.975904e+03   0.000000e+00    541s
  308628    4.1596039e+03   3.406348e+03   0.000000e+00    545s
  309158    4.1596039e+03   2.953746e+03   0.000000e+00    550s
  310048    4.2080279e+03   4.822686e+03   0.000000e+00    556s
  310548    4.2080280e+03   3.742295e+03   0.000000e+00    560s
  311288    4.2080280e+03   3.324809e+03   0.000000e+00    566s
  311938    4.2080281e+03   1.713235e+03   0.000000e+00    571s
  312468    4.2080281e+03   1.641979e+02   0.000000e+00    575s
  312988    4.2080282e+03   3.035718e+03   0.000000e+00    580s
  313648    4.2080283e+03   2.853678e+03   0.000000e+00    586s
  314548    4.2930352e+03   2.502264e+04   0.000000e+00    591s
  315148    4.2930352e+03   1.520083e+03   0.000000e+00    596s
  315608    4.2930352e+03   1.301718e+02   0.000000e+00    600s
  316238    4.2930353e+03   2.311562e+03   0.000000e+00    605s
  317438    4.2930376e+03   1.287246e+04   0.000000e+00    611s
  317948    4.3195065e+03   1.331882e+02   0.000000e+00    615s
  318548    4.3195066e+03   1.114730e+02   0.000000e+00    621s
  319138    4.3195066e+03   2.503297e+02   0.000000e+00    625s
  319998    4.3195069e+03   1.250694e+03   0.000000e+00    630s
  320588    4.3195070e+03   2.644436e+02   0.000000e+00    635s
  321248    4.3195071e+03   5.172924e+03   0.000000e+00    641s
  322088    4.3195072e+03   5.022737e+01   0.000000e+00    646s
  323028    4.3289287e+03   6.756288e+02   0.000000e+00    650s
  323728    4.3289288e+03   3.943373e+01   0.000000e+00    655s
  324498    4.3289289e+03   1.535877e+03   0.000000e+00    661s
  325608    4.3289289e+03   5.270691e+00   0.000000e+00    665s
  326289    4.3289261e+03   0.000000e+00   0.000000e+00    667s
Extra simplex iterations after uncrush: 202212

Root relaxation: objective 4.328926e+03, 326289 iterations, 645.02 seconds (1899.60 work units)
Total elapsed time = 1251.15s (DegenMoves)
Total elapsed time = 1256.81s (DegenMoves)

    Nodes    |    Current Node    |     Objective Bounds      |     Work
 Expl Unexpl |  Obj  Depth IntInf | Incumbent    BestBd   Gap | It/Node Time

     0     0 4328.92605    0 10144          - 4328.92605      -     - 1264s
     0     0 21226.6801    0 13786          - 21226.6801      -     - 1448s
     0     0 30378.2383    0 18642          - 30378.2383      -     - 1531s
     0     0 36793.3387    0 21479          - 36793.3387      -     - 1602s
     0     0 40772.5049    0 22477          - 40772.5049      -     - 1654s
     0     0 44523.6068    0 28311          - 44523.6068      -     - 1710s
     0     0 49354.8880    0 32745          - 49354.8880      -     - 1768s
     0     0 53693.8034    0 34005          - 53693.8034      -     - 1806s
     0     0 60247.9724    0 23540          - 60247.9724      -     - 1841s
     0     0 85771.3074    0 27684          - 85771.3074      -     - 1995s
     0     0 85771.3074    0 27685          - 85771.3074      -     - 1997s
     0     0 113585.683    0 22138          - 113585.683      -     - 2099s
     0     0 120263.639    0 24040          - 120263.639      -     - 2162s
     0     0 120263.660    0 24152          - 120263.660      -     - 2165s
     0     0 144678.456    0 27911          - 144678.456      -     - 2282s
     0     0 154658.188    0 27960          - 154658.188      -     - 2380s
     0     0 154819.890    0 27971          - 154819.890      -     - 2396s
     0     0 154819.890    0 27978          - 154819.890      -     - 2398s
     0     0 168163.195    0 27281          - 168163.195      -     - 2547s
     0     0 170395.133    0 32869          - 170395.133      -     - 2622s
     0     0 170395.133    0 32913          - 170395.133      -     - 2627s
     0     0 175330.958    0 34873          - 175330.958      -     - 2765s
     0     0 176801.520    0 34988          - 176801.520      -     - 2780s
     0     0 177067.882    0 34980          - 177067.882      -     - 2790s
     0     0 177067.882    0 35026          - 177067.882      -     - 2791s
     0     0 182907.445    0 27474          - 182907.445      -     - 2935s
     0     0 183743.853    0 32193          - 183743.853      -     - 3024s
     0     0 183767.372    0 32283          - 183767.372      -     - 3033s
     0     0 189454.132    0 28799          - 189454.132      -     - 3163s
     0     0 190213.148    0 31135          - 190213.148      -     - 3200s
     0     0 190238.158    0 30763          - 190238.158      -     - 3204s
     0     0 193106.090    0 28892          - 193106.090      -     - 3328s
     0     0 193681.235    0 29070          - 193681.235      -     - 3343s
     0     0 193681.235    0 29135          - 193681.235      -     - 3345s
     0     0 196787.214    0 30391          - 196787.214      -     - 3454s
     0     0 197101.225    0 29083          - 197101.225      -     - 3465s
     0     0 197101.225    0 25149          - 197101.225      -     - 3489s
     0     0 197101.225    0 28909          - 197101.225      -     - 3511s
     0     0 197459.239    0 28220          - 197459.239      -     - 3596s
     0     0 197655.137    0 31975          - 197655.137      -     - 3633s
     0     0 197870.817    0 29803          - 197870.817      -     - 3661s
     0     0 197962.580    0 29082          - 197962.580      -     - 3667s
     0     0 197962.581    0 29174          - 197962.581      -     - 3669s
     0     0 199316.427    0 28759          - 199316.427      -     - 3745s
     0     0 199380.720    0 27179          - 199380.720      -     - 3756s
     0     0 200390.937    0 25157          - 200390.937      -     - 3850s
     0     0 200392.486    0 25231          - 200392.486      -     - 3859s
     0     0 201086.176    0 25260          - 201086.176      -     - 3925s
     0     0 201244.850    0 29262          - 201244.850      -     - 3947s
     0     0 201289.646    0 32246          - 201289.646      -     - 3968s
     0     0 201655.455    0 27193          - 201655.455      -     - 4017s
     0     0 201666.508    0 27193          - 201666.508      -     - 4045s
     0     2 201666.508    0 27193          - 201666.508      -     - 4439s
     1     4 202963.681    1 28046          - 202936.467      - 73797 4461s
     3     8 203174.139    2 28022          - 202963.681      - 26634 4513s
     7    16 203213.649    3 26800          - 202990.391      - 14798 4533s
    15    26 203379.708    4 26077          - 203258.952      -  8400 4556s
    25    36 203464.237    5 27679          - 203389.009      - 30573 6981s
    35    46 203569.399    6 26859          - 203389.009      - 110801 7079s
    45    56 203626.753    7 26850          - 203389.009      - 87804 7106s
    55    71 203757.245    8 26851          - 203389.009      - 72225 7200s

Cutting planes:
  Learned: 21016
  Gomory: 4
  Cover: 8833
  Implied bound: 68210
  Clique: 1
  MIR: 2692
  StrongCG: 11
  Flow cover: 8494
  GUB cover: 63
  Zero half: 3
  Mod-K: 53
  Network: 41
  RLT: 6001
  Relax-and-lift: 7976

Explored 70 nodes (5376113 simplex iterations) in 7200.99 seconds (23562.11 work units)
Thread count was 10 (of 10 available processors)

Solution count 0

Time limit reached
Best objective -, best bound 2.033890094072e+05, gap -
Warning: linear constraint 681601 and linear constraint 681604 have the same name "lin1_pw_d_0_"
