
Gurobi 11.0.2 (mac64[arm]) logging started Sun Jul 27 09:01:14 2025

Set parameter LogFile to value "../solutions/200/e_log.log"

Gurobi 11.0.2 (mac64[arm]) logging started Sun Jul 27 14:15:40 2025

Set parameter LogFile to value "../solutions/200/e_log.log"
Gurobi Optimizer version 11.0.2 build v11.0.2rc0 (mac64[arm] - Darwin 24.5.0 24F74)

CPU model: Apple M2 Pro
Thread count: 10 physical cores, 10 logical processors, using up to 10 threads

Optimize a model with 1641605 rows, 960403 columns and 5161202 nonzeros
Model fingerprint: 0x3bf15f72
Variable types: 280003 continuous, 680400 integer (640200 binary)
Coefficient statistics:
  Matrix range     [1e-03, 1e+06]
  Objective range  [1e+00, 1e+00]
  Bounds range     [1e+00, 5e+01]
  RHS range        [1e+00, 6e+05]
Presolve removed 798407 rows and 119004 columns (presolve time = 5s) ...
Presolve removed 798606 rows and 119203 columns (presolve time = 18s) ...
Presolve removed 798606 rows and 119203 columns (presolve time = 20s) ...
Presolve removed 798606 rows and 119203 columns (presolve time = 25s) ...
Presolve removed 798278 rows and 118875 columns
Presolve time: 25.90s
Presolved: 843327 rows, 841528 columns, 5072025 nonzeros
Variable types: 240800 continuous, 600728 integer (560927 binary)
Deterministic concurrent LP optimizer: primal simplex, dual simplex, and barrier
Showing barrier log only...

Root barrier log...

Ordering time: 4.85s

Barrier statistics:
 Dense cols : 2273
 AA' NZ     : 1.195e+07
 Factor NZ  : 6.774e+07 (roughly 1.2 GB of memory)
 Factor Ops : 1.171e+11 (less than 1 second per iteration)
 Threads    : 7

                  Objective                Residual
Iter       Primal          Dual         Primal    Dual     Compl     Time
   0   1.62423416e+10 -7.32631556e+09  1.58e+07 1.14e-13  4.24e+05    39s
   1   1.14582915e+10 -6.57399872e+09  1.12e+07 4.16e+02  2.87e+05    40s
   2   8.24622704e+09 -5.66743292e+09  8.04e+06 1.50e+02  1.99e+05    40s
   3   5.28430122e+09 -4.63409213e+09  5.15e+06 5.60e+01  1.28e+05    41s
   4   4.13386238e+09 -4.09026971e+09  4.03e+06 3.33e+01  9.95e+04    41s
   5   1.17188100e+09 -2.84451484e+09  1.14e+06 1.24e-10  2.97e+04    42s
   6   1.18621620e+08 -1.70667662e+09  1.15e+05 2.62e-02  3.42e+03    43s
   7   3.84001968e+07 -4.42717139e+08  3.68e+04 7.73e-02  1.01e+03    43s
   8   1.93839323e+07 -2.01700931e+08  1.83e+04 3.33e-02  4.87e+02    44s
   9   2.37814203e+06 -3.56203842e+07  1.68e+03 4.59e-02  5.11e+01    45s
  10   1.14606476e+06 -1.65777760e+07  4.78e+02 1.50e-02  1.75e+01    46s
  11   8.38340145e+05 -8.57416997e+06  1.79e+02 5.32e-03  7.13e+00    46s
  12   2.96965795e+05 -6.75118041e+06  2.68e-02 3.93e-03  2.99e+00    47s
  13   2.07143997e+05 -4.83431567e+06  1.54e-02 2.86e-03  2.13e+00    47s
  14   8.40096860e+04 -1.35377871e+06  4.62e-03 2.98e-03  6.08e-01    48s
  15   7.74201251e+04 -1.14601261e+06  4.24e-03 2.45e-03  5.17e-01    48s
  16   7.10638542e+04 -9.21495172e+05  3.87e-03 2.00e-03  4.19e-01    49s
  17   6.16821224e+04 -1.75239733e+05  3.34e-03 4.08e-04  1.00e-01    49s
  18   4.79442189e+04 -1.34176533e+05  2.62e-03 3.08e-04  7.69e-02    50s
  19   3.99114009e+04 -9.06247830e+04  2.11e-03 2.42e-04  5.51e-02    50s
  20   3.27368026e+04 -5.34137574e+04  1.51e-03 1.25e-04  3.64e-02    51s
  21   2.55637293e+04 -2.92930757e+04  9.99e-04 6.64e-05  2.32e-02    52s
  22   1.86586380e+04 -1.39791361e+04  5.02e-04 3.59e-05  1.38e-02    52s
  23   1.37920327e+04 -7.15571531e+03  2.44e-04 2.39e-05  8.85e-03    53s
  24   1.19127556e+04 -1.48673546e+03  1.72e-04 1.53e-05  5.66e-03    54s
  25   1.11218710e+04  9.10836622e+02  1.50e-04 8.88e-06  4.31e-03    54s
  26   1.07259151e+04  1.79253925e+03  1.41e-04 6.32e-06  3.77e-03    55s
  27   1.05288559e+04  2.47898521e+03  1.36e-04 5.13e-06  3.40e-03    56s
  28   9.82707346e+03  2.62826233e+03  1.19e-04 3.89e-06  3.04e-03    56s
  29   9.40992583e+03  3.02200781e+03  1.12e-04 3.52e-06  2.70e-03    57s
  30   8.63557736e+03  3.21891951e+03  9.58e-05 2.35e-06  2.29e-03    58s
  31   8.39940514e+03  3.41296296e+03  9.00e-05 1.95e-06  2.11e-03    58s
  32   7.97363700e+03  3.63376004e+03  8.01e-05 1.34e-06  1.83e-03    59s
  33   7.68332450e+03  3.78341923e+03  7.37e-05 8.75e-07  1.65e-03    60s
  34   7.55127658e+03  3.82364214e+03  7.09e-05 5.36e-07  1.57e-03    61s
  35   6.95569330e+03  3.94073708e+03  5.69e-05 3.34e-07  1.27e-03    61s
  36   6.93966222e+03  3.89058518e+03  5.65e-05 1.33e-07  1.29e-03    62s
  37   6.85823095e+03  3.99003475e+03  5.46e-05 9.94e-08  1.21e-03    63s
  38   6.54442334e+03  3.86074380e+03  4.76e-05 6.07e-08  1.13e-03    64s
  39   6.46022624e+03  3.96161631e+03  4.58e-05 1.20e-08  1.06e-03    64s
  40   5.87811552e+03  4.09658686e+03  3.16e-05 4.46e-09  7.53e-04    65s
  41   5.79109878e+03  4.13481182e+03  2.98e-05 3.05e-09  7.00e-04    66s
  42   5.66590238e+03  4.18296832e+03  2.70e-05 2.00e-09  6.26e-04    67s
  43   5.27045350e+03  4.23659084e+03  1.80e-05 1.62e-09  4.37e-04    68s
  44   5.22525690e+03  4.23543680e+03  1.72e-05 4.40e-11  4.18e-04    68s
  45   4.97085859e+03  4.28977737e+03  1.22e-05 3.03e-11  2.88e-04    69s
  46   4.52250065e+03  4.30536325e+03  3.45e-06 2.50e-10  9.17e-05    70s
  47   4.50461377e+03  4.32230814e+03  3.14e-06 9.32e-11  7.70e-05    71s
  48   4.45887835e+03  4.32658841e+03  2.33e-06 9.67e-12  5.59e-05    72s
  49   4.45809110e+03  4.32845097e+03  2.31e-06 3.18e-12  5.48e-05    72s
  50   4.35423754e+03  4.32873124e+03  3.07e-07 3.24e-12  1.08e-05    73s
  51   4.33804086e+03  4.33573009e+03  1.68e-08 3.07e-12  9.76e-07    74s
  52   4.33618841e+03  4.33614998e+03  1.15e-10 2.56e-12  1.62e-08    74s
  53   4.33617413e+03  4.33617405e+03  8.48e-10 3.35e-12  3.26e-11    75s
  54   4.33617412e+03  4.33617405e+03  7.78e-10 3.61e-09  3.00e-11    76s
  55   4.33617411e+03  4.33617405e+03  6.44e-10 3.44e-09  2.60e-11    77s
  56   4.33617407e+03  4.33617407e+03  3.74e-08 1.73e-10  5.02e-13    78s

Barrier solved model in 56 iterations and 77.68 seconds (213.46 work units)
Optimal objective 4.33617407e+03


Root crossover log...

  504263 DPushes remaining with DInf 0.0000000e+00                78s
       0 DPushes remaining with DInf 0.0000000e+00                78s

   50200 PPushes remaining with PInf 0.0000000e+00                78s
       0 PPushes remaining with PInf 0.0000000e+00                79s

  Push phase complete: Pinf 0.0000000e+00, Dinf 6.0467535e-10     79s


Root simplex log...

Iteration    Objective       Primal Inf.    Dual Inf.      Time
  123955    4.3361741e+03   0.000000e+00   0.000000e+00     79s
Concurrent spin time: 38.81s (can be avoided by choosing Method=3)

Solved with barrier
  129300    4.1983156e+03   0.000000e+00   5.394966e+06    120s
  133635    4.0835891e+03   0.000000e+00   1.112124e+07    125s
  137490    4.0388023e+03   0.000000e+00   2.281104e+06    130s
  140210    4.0205256e+03   0.000000e+00   2.155549e+06    135s
  143495    4.0063304e+03   0.000000e+00   3.592356e+06    141s
  146415    3.9981836e+03   0.000000e+00   3.656442e+06    146s
  148545    3.9915907e+03   0.000000e+00   1.764292e+07    150s
  150795    3.9836947e+03   0.000000e+00   1.871648e+06    155s
  153295    3.9769800e+03   0.000000e+00   8.673179e+05    161s
  155475    3.9683270e+03   0.000000e+00   1.172575e+09    165s
  158740    3.9548437e+03   0.000000e+00   3.877555e+06    170s
  161840    3.9464539e+03   0.000000e+00   1.700574e+06    176s
  164605    3.9415109e+03   0.000000e+00   8.420056e+05    180s
  167675    3.9366725e+03   0.000000e+00   2.124799e+05    185s
  170260    3.9325309e+03   0.000000e+00   8.642741e+06    190s
  172575    3.9291553e+03   0.000000e+00   1.647419e+07    195s
  175085    3.9253793e+03   0.000000e+00   1.034324e+06    201s
  177670    3.9196342e+03   0.000000e+00   7.323872e+06    205s
Warning: 1 variables dropped from basis
  181482   -2.3948420e+37   4.308008e+35   2.394842e+07    210s
  199765   -3.7241607e+33   6.168688e+34   3.724161e+03    215s
  235122    1.3022489e+03   4.298088e+03   0.000000e+00    220s
  244095    1.3022504e+03   2.976329e+03   0.000000e+00    225s
  249842    1.3022507e+03   3.046779e+03   0.000000e+00    230s
  256723    1.3022513e+03   3.968051e+03   0.000000e+00    235s
  261293    2.2698849e+03   6.299708e+03   0.000000e+00    240s
  267441    2.2698852e+03   4.508333e+03   0.000000e+00    246s
  271958    2.2698854e+03   4.547197e+03   0.000000e+00    250s
  276718    2.2698858e+03   5.378011e+03   0.000000e+00    255s
  280268    2.2741125e+03   5.493770e+03   0.000000e+00    260s
  283528    3.3923363e+03   6.742090e+04   0.000000e+00    265s
  285768    3.7249550e+03   2.631596e+04   0.000000e+00    270s
  288763    3.8921523e+03   7.632946e+03   0.000000e+00    275s
  291853    3.9817400e+03   1.838513e+04   0.000000e+00    280s
  294593    3.9817402e+03   1.652184e+04   0.000000e+00    286s
  296378    3.9817404e+03   5.881118e+03   0.000000e+00    290s
  297628    3.9817404e+03   3.425910e+03   0.000000e+00    295s
  298958    3.9817405e+03   1.768980e+03   0.000000e+00    301s
  299808    4.0581462e+03   1.694978e+03   0.000000e+00    306s
  300878    4.0974172e+03   1.517635e+03   0.000000e+00    310s
  302663    4.0995550e+03   1.366274e+03   0.000000e+00    315s
  304483    4.0995550e+03   1.609461e+03   0.000000e+00    320s
  305893    4.0995551e+03   1.217898e+03   0.000000e+00    326s
  306613    4.1533176e+03   1.156575e+03   0.000000e+00    330s
  307633    4.2150049e+03   1.181846e+02   0.000000e+00    335s
  308653    4.2353057e+03   7.906948e+03   0.000000e+00    341s
  310013    4.2840479e+03   3.895476e+03   0.000000e+00    346s
  310913    4.3272603e+03   2.702615e+03   0.000000e+00    350s
  311693    4.3272603e+03   5.593733e+03   0.000000e+00    355s
  313033    4.3272603e+03   9.603784e+02   0.000000e+00    360s
  314093    4.3299651e+03   1.526812e+03   0.000000e+00    366s
  315173    4.3299651e+03   8.826863e+03   0.000000e+00    371s
  315793    4.3299651e+03   5.786894e+03   0.000000e+00    375s
  316913    4.3299651e+03   8.213041e+03   0.000000e+00    381s
  317623    4.3299651e+03   8.102374e+03   0.000000e+00    386s
  318403    4.3299651e+03   6.836388e+02   0.000000e+00    391s
  319133    4.3299651e+03   3.315108e+03   0.000000e+00    396s
  319813    4.3299651e+03   2.308463e+03   0.000000e+00    401s
  320663    4.3299651e+03   1.380434e+03   0.000000e+00    405s
  321473    4.3299652e+03   4.805619e+03   0.000000e+00    410s
  322293    4.3299652e+03   1.154515e+03   0.000000e+00    415s
  323233    4.3299652e+03   1.262031e+03   0.000000e+00    421s
  324013    4.3299652e+03   1.594293e+01   0.000000e+00    426s
  324713    4.3299652e+03   3.010887e+02   0.000000e+00    431s
  325383    4.3367125e+03   1.045575e+04   0.000000e+00    436s
  326253    4.3367125e+03   1.551960e+03   0.000000e+00    440s
  326953    4.3367125e+03   1.550086e+03   0.000000e+00    445s
  327593    4.3367125e+03   1.391888e+03   0.000000e+00    450s
  328493    4.3367125e+03   2.256904e+02   0.000000e+00    456s
  328963    4.3367125e+03   3.519886e+02   0.000000e+00    460s
  329563    4.3367125e+03   3.967204e+02   0.000000e+00    466s
  330153    4.3367125e+03   2.334392e+01   0.000000e+00    471s
  330893    4.3367126e+03   1.616820e+02   0.000000e+00    476s
  331553    4.3367126e+03   1.533547e+02   0.000000e+00    481s
  332143    4.3367126e+03   2.298830e+02   0.000000e+00    486s
  332573    4.3367126e+03   8.461143e+01   0.000000e+00    490s
  333113    4.3367126e+03   3.593333e+04   0.000000e+00    496s
  333509    4.3361741e+03   0.000000e+00   0.000000e+00    500s
Extra simplex iterations after uncrush: 154664

Root relaxation: objective 4.336174e+03, 333509 iterations, 468.86 seconds (1350.21 work units)
Total elapsed time = 1351.92s (DegenMoves)
Total elapsed time = 1357.61s (DegenMoves)

    Nodes    |    Current Node    |     Objective Bounds      |     Work
 Expl Unexpl |  Obj  Depth IntInf | Incumbent    BestBd   Gap | It/Node Time

     0     0 4336.17407    0 10178          - 4336.17407      -     - 1366s
     0     0 20716.1292    0 12646          - 20716.1292      -     - 1833s
     0     0 24629.0294    0 14561          - 24629.0294      -     - 1933s
     0     0 28975.9286    0 20240          - 28975.9286      -     - 1995s
     0     0 32604.4663    0 24095          - 32604.4663      -     - 2059s
     0     0 36246.0619    0 21995          - 36246.0619      -     - 2106s
     0     0 40679.3174    0 23947          - 40679.3174      -     - 2151s
     0     0 46204.6089    0 26798          - 46204.6089      -     - 2194s
     0     0 53861.0497    0 25726          - 53861.0497      -     - 2224s
     0     0 73639.7142    0 18062          - 73639.7142      -     - 2238s
     0     0 73639.7142    0 18046          - 73639.7142      -     - 2239s
     0     0 93730.4685    0 20034          - 93730.4685      -     - 2338s
     0     0 104258.565    0 20572          - 104258.565      -     - 2372s
     0     0 104258.565    0 20602          - 104258.565      -     - 2374s
     0     0 124875.497    0 23101          - 124875.497      -     - 2511s
     0     0 127836.650    0 28113          - 127836.650      -     - 2563s
     0     0 127836.650    0 28182          - 127836.650      -     - 2568s
     0     0 144289.595    0 25281          - 144289.595      -     - 2763s
     0     0 145665.418    0 24109          - 145665.418      -     - 2811s
     0     0 145776.624    0 23051          - 145776.624      -     - 2825s
     0     0 145776.624    0 23136          - 145776.624      -     - 2834s
     0     0 154139.617    0 21447          - 154139.617      -     - 3038s
     0     0 156518.435    0 19836          - 156518.435      -     - 3069s
     0     0 157007.098    0 19919          - 157007.098      -     - 3077s
     0     0 157007.098    0 19916          - 157007.098      -     - 3079s
     0     0 165811.869    0 22274          - 165811.869      -     - 3205s
     0     0 165943.715    0 21753          - 165943.715      -     - 3227s
     0     0 165944.185    0 21980          - 165944.185      -     - 3234s
     0     0 169155.187    0 22363          - 169155.187      -     - 3333s
     0     0 171295.369    0 27507          - 171295.369      -     - 3431s
     0     0 171315.398    0 27979          - 171315.398      -     - 3451s
     0     0 175319.039    0 23550          - 175319.039      -     - 3565s
     0     0 176930.017    0 24148          - 176930.017      -     - 3637s
     0     0 176934.512    0 24296          - 176934.512      -     - 3647s
     0     0 180166.547    0 19722          - 180166.547      -     - 3726s
     0     0 181975.096    0 19538          - 181975.096      -     - 3796s
     0     0 182942.855    0 20568          - 182942.855      -     - 3809s
     0     0 182992.537    0 20305          - 182992.537      -     - 3819s
     0     0 186829.912    0 18955          - 186829.912      -     - 3893s
     0     0 187933.322    0 17664          - 187933.322      -     - 3963s
     0     0 187948.533    0 16044          - 187948.533      -     - 3993s
     0     0 189108.716    0 29312          - 189108.716      -     - 4148s
     0     0 189166.268    0 30182          - 189166.268      -     - 4166s
     0     0 189578.286    0 20513          - 189578.286      -     - 4245s
     0     0 189629.186    0 18508          - 189629.186      -     - 4288s
     0     0 190028.912    0 15358          - 190028.912      -     - 4341s
     0     0 190225.736    0 18872          - 190225.736      -     - 4365s
     0     0 190225.736    0 18425          - 190225.736      -     - 4376s
     0     0 190754.108    0 17313          - 190754.108      -     - 4447s
     0     0 190844.141    0 17313          - 190844.141      -     - 4471s
     0     2 190844.141    0 17313          - 190844.141      -     - 4850s
     1     4 190903.466    1 19501          - 190903.466      - 85367 4950s
     3     8 191169.242    2 19447          - 190903.466      - 30824 4986s
     7    16 191302.329    3 24679          - 191178.540      - 16411 5050s
    15    26 191305.094    4 19474          - 191305.094      - 11056 5073s
    25    36 191751.611    5 19680          - 191305.094      - 28992 6823s
    35    46 191305.094    5 19473          - 191305.094      - 88287 6902s
    45    56 191387.276    6 19495          - 191387.276      - 70360 6981s
    55    69 191616.765    7 19898          - 191410.599      - 58810 7200s

Cutting planes:
  Learned: 20963
  Gomory: 14
  Cover: 8491
  Implied bound: 62961
  MIR: 8398
  StrongCG: 71
  Flow cover: 30817
  GUB cover: 256
  Zero half: 7
  Mod-K: 4
  Network: 60
  RLT: 4487
  Relax-and-lift: 21008

Explored 68 nodes (4686028 simplex iterations) in 7200.84 seconds (23952.41 work units)
Thread count was 10 (of 10 available processors)

Solution count 0

Time limit reached
Best objective -, best bound 1.914105992238e+05, gap -
Warning: linear constraint 681601 and linear constraint 681604 have the same name "lin1_pw_d_0_"
