
Gurobi 11.0.2 (mac64[arm]) logging started Sat Jul 26 19:14:00 2025

Set parameter LogFile to value "../solutions/200/f_log.log"
Gurobi Optimizer version 11.0.2 build v11.0.2rc0 (mac64[arm] - Darwin 24.5.0 24F74)

CPU model: Apple M2 Pro
Thread count: 10 physical cores, 10 logical processors, using up to 10 threads

Optimize a model with 1641605 rows, 960403 columns and 5161202 nonzeros
Model fingerprint: 0x206f92e6
Variable types: 280003 continuous, 680400 integer (640200 binary)
Coefficient statistics:
  Matrix range     [1e-03, 1e+06]
  Objective range  [1e+00, 1e+00]
  Bounds range     [1e+00, 5e+01]
  RHS range        [1e+00, 6e+05]
Presolve removed 788807 rows and 112604 columns (presolve time = 5s) ...
Presolve removed 789006 rows and 112803 columns (presolve time = 10s) ...
Presolve removed 789006 rows and 112803 columns (presolve time = 15s) ...
Presolve removed 789006 rows and 112803 columns (presolve time = 20s) ...
Presolve removed 788692 rows and 112489 columns
Presolve time: 21.23s
Presolved: 852913 rows, 847914 columns, 5148554 nonzeros
Variable types: 244000 continuous, 603914 integer (564113 binary)
Deterministic concurrent LP optimizer: primal simplex, dual simplex, and barrier
Showing barrier log only...

Root barrier log...

Ordering time: 5.24s

Barrier statistics:
 Dense cols : 2251
 AA' NZ     : 1.209e+07
 Factor NZ  : 7.090e+07 (roughly 1.2 GB of memory)
 Factor Ops : 1.251e+11 (less than 1 second per iteration)
 Threads    : 7

                  Objective                Residual
Iter       Primal          Dual         Primal    Dual     Compl     Time
   0   1.67965509e+10 -7.65246824e+09  1.64e+07 1.14e-13  4.36e+05    36s
   1   1.33592818e+10 -7.15023008e+09  1.30e+07 6.36e+02  3.46e+05    36s
   2   9.61381026e+09 -5.59893342e+09  9.37e+06 7.03e+01  2.39e+05    37s
   3   7.39965313e+09 -5.30842346e+09  7.21e+06 5.63e+01  1.84e+05    37s
   4   3.99544367e+09 -3.85581223e+09  3.90e+06 4.48e-01  1.01e+05    38s
   5   1.17008694e+08 -2.41917702e+09  1.13e+05 2.21e-01  3.84e+03    38s
   6   2.65416113e+07 -8.11606300e+08  2.52e+04 1.84e-01  9.00e+02    39s
   7   5.06208865e+06 -2.89636904e+08  4.30e+03 8.84e-02  2.18e+02    40s
   8   2.24145073e+06 -3.12054381e+07  1.55e+03 1.66e-02  4.61e+01    41s
   9   7.89278081e+05 -1.08559200e+07  1.36e+02 3.18e-02  7.57e+00    42s
  10   6.56414755e+05 -7.88934192e+06  1.62e+01 2.16e-02  3.84e+00    42s
  11   6.25459190e+05 -7.61497090e+06  4.88e-01 2.10e-02  3.67e+00    43s
  12   2.30312193e+05 -7.10230122e+05  1.31e-01 4.73e-03  4.04e-01    44s
  13   1.70869525e+05 -2.83060584e+05  1.01e-01 1.97e-03  1.93e-01    45s
  14   1.15503608e+05 -1.20221714e+05  6.64e-02 9.81e-04  9.96e-02    46s
  15   8.84428677e+04 -8.37293998e+04  4.87e-02 6.70e-04  7.26e-02    46s
  16   8.21557972e+04 -4.84149376e+04  4.40e-02 4.71e-04  5.50e-02    47s
  17   6.08047266e+04 -3.56682495e+04  2.87e-02 3.95e-04  4.06e-02    47s
  18   4.23172879e+04 -2.25620198e+04  1.58e-02 2.88e-04  2.72e-02    48s
  19   3.19989350e+04 -7.44449529e+03  9.41e-03 1.64e-04  1.65e-02    48s
  20   2.47013489e+04 -3.71765223e+02  5.99e-03 6.55e-05  1.05e-02    49s
  21   2.40778546e+04  3.39688834e+02  5.79e-03 5.99e-05  9.95e-03    50s
  22   2.18750647e+04  1.97110154e+03  4.96e-03 4.21e-05  8.35e-03    50s
  23   2.11299010e+04  2.93937255e+03  4.69e-03 4.06e-05  7.63e-03    51s
  24   1.89557722e+04  4.06636987e+03  3.94e-03 4.24e-05  6.24e-03    52s
  25   1.81137102e+04  5.01296565e+03  3.65e-03 1.86e-05  5.49e-03    54s
  26   1.72172448e+04  5.03886703e+03  3.31e-03 2.20e-05  5.11e-03    54s
  27   1.59464790e+04  5.42034610e+03  2.91e-03 1.39e-05  4.41e-03    55s
  28   1.52267249e+04  5.58685143e+03  2.67e-03 1.27e-05  4.04e-03    56s
  29   1.49127342e+04  5.67302841e+03  2.58e-03 8.42e-06  3.87e-03    57s
  30   1.45916379e+04  5.77247774e+03  2.49e-03 6.47e-06  3.70e-03    58s
  31   1.40654448e+04  5.89477720e+03  2.32e-03 5.17e-06  3.43e-03    59s
  32   1.33096966e+04  6.25209797e+03  2.01e-03 4.52e-06  2.96e-03    60s
  33   1.28875176e+04  6.34840636e+03  1.87e-03 3.99e-06  2.74e-03    60s
  34   1.27680136e+04  6.13713905e+03  1.83e-03 2.12e-06  2.78e-03    62s
  35   1.26005238e+04  6.40948108e+03  1.77e-03 1.77e-06  2.60e-03    63s
  36   9.59965980e+03  6.75076499e+03  6.46e-04 1.15e-06  1.19e-03    64s
  37   9.36670453e+03  6.66761999e+03  5.88e-04 4.84e-08  1.13e-03    65s
  38   9.04302314e+03  6.81895858e+03  5.01e-04 2.40e-08  9.32e-04    66s
  39   8.95821852e+03  6.89269535e+03  4.77e-04 1.92e-08  8.66e-04    67s
  40   8.50086872e+03  6.91363524e+03  3.63e-04 8.24e-09  6.65e-04    67s
  41   8.35595247e+03  6.93062148e+03  3.25e-04 6.70e-09  5.97e-04    68s
  42   8.04858638e+03  6.92596240e+03  2.51e-04 1.93e-09  4.70e-04    69s
  43   8.00821341e+03  6.94807154e+03  2.42e-04 1.50e-11  4.44e-04    69s
  44   7.52556389e+03  6.97681940e+03  1.26e-04 3.42e-12  2.30e-04    71s
  45   7.16025241e+03  6.99089889e+03  2.69e-05 4.38e-12  7.09e-05    72s
  46   6.99833453e+03  6.99744185e+03  2.68e-08 8.53e-12  3.74e-07    73s
  47   6.99781972e+03  6.99781864e+03  1.31e-09 4.89e-12  4.51e-10    74s
  48   6.99781913e+03  6.99781913e+03  5.81e-11 5.34e-12  4.51e-13    75s

Barrier solved model in 48 iterations and 74.97 seconds (197.76 work units)
Optimal objective 6.99781913e+03


Root crossover log...

  510867 DPushes remaining with DInf 0.0000000e+00                75s
       0 DPushes remaining with DInf 0.0000000e+00                76s

   50400 PPushes remaining with PInf 0.0000000e+00                76s
       0 PPushes remaining with PInf 0.0000000e+00                77s

  Push phase complete: Pinf 0.0000000e+00, Dinf 1.3954735e-10     77s


Root simplex log...

Iteration    Objective       Primal Inf.    Dual Inf.      Time
  123603    6.9978191e+03   0.000000e+00   0.000000e+00     77s
Concurrent spin time: 42.09s (can be avoided by choosing Method=3)

Solved with barrier
  133877    6.9536811e+03   0.000000e+00   1.789592e+07    120s
  138406    6.6808972e+03   0.000000e+00   4.207787e+07    125s
  143506    6.4392451e+03   0.000000e+00   1.821641e+07    130s
  147151    6.2869474e+03   0.000000e+00   1.958188e+07    135s
  151747    6.1806788e+03   0.000000e+00   3.056915e+07    140s
  155215    6.1149015e+03   0.000000e+00   1.373366e+07    146s
  158246    6.0662366e+03   0.000000e+00   1.325496e+07    150s
  162231    5.9875894e+03   0.000000e+00   1.042291e+08    156s
  165205    5.9388364e+03   0.000000e+00   3.728812e+07    161s
  168830    5.8914269e+03   0.000000e+00   1.804444e+07    166s
  171747    5.8518128e+03   0.000000e+00   7.021126e+07    171s
  174771    5.8262780e+03   0.000000e+00   5.396193e+07    175s
  177816    5.7976559e+03   0.000000e+00   4.618735e+07    180s
  180693    5.7586137e+03   0.000000e+00   1.409692e+07    185s
  183777    5.7225455e+03   0.000000e+00   4.991589e+07    191s
  186872    5.6953962e+03   0.000000e+00   4.039898e+08    195s
  190564    5.6646389e+03   0.000000e+00   7.651412e+06    200s
  194223    5.6395776e+03   0.000000e+00   5.275573e+08    205s
  197465    5.6150712e+03   0.000000e+00   7.181062e+06    210s
  200610    5.5920509e+03   0.000000e+00   2.758901e+07    215s
  204235    5.5718185e+03   0.000000e+00   6.877064e+07    221s
  207052    5.5534398e+03   0.000000e+00   2.764562e+07    226s
  210277    5.5252754e+03   0.000000e+00   2.286890e+07    231s
  212814    5.5065071e+03   0.000000e+00   5.295407e+06    235s
  216242    5.4838350e+03   0.000000e+00   9.248540e+06    241s
  218749    5.4690088e+03   0.000000e+00   3.849444e+06    245s
  221753    5.4521035e+03   0.000000e+00   1.558745e+08    250s
  225144    5.4311560e+03   0.000000e+00   1.135936e+07    256s
  227651    5.4174302e+03   0.000000e+00   5.066103e+06    260s
  230752    5.3972480e+03   0.000000e+00   5.805019e+06    265s
  233666    5.3843281e+03   0.000000e+00   2.985117e+06    270s
  236881    5.3701825e+03   0.000000e+00   3.008442e+06    275s
  239922    5.3588135e+03   0.000000e+00   2.570625e+06    280s
  243363    5.3493324e+03   0.000000e+00   5.373946e+05    286s
  247909    5.3211264e+03   0.000000e+00   9.898938e+05    290s
  250569    5.3146364e+03   0.000000e+00   4.779594e+05    296s
  252609    5.3103047e+03   0.000000e+00   4.660387e+06    300s
  254959    5.3045127e+03   0.000000e+00   3.154376e+06    306s
  257987    5.2871533e+03   0.000000e+00   7.391528e+05    310s
  260297    5.2768745e+03   0.000000e+00   2.164094e+05    316s
  262187    5.2747351e+03   0.000000e+00   3.736498e+05    320s
  264357    5.2710527e+03   0.000000e+00   3.927670e+05    326s
  266257    5.2668524e+03   0.000000e+00   4.103036e+05    330s
  268917    5.2588529e+03   0.000000e+00   1.196200e+06    336s
  271231    5.2531630e+03   0.000000e+00   3.801487e+05    340s
  274789    5.2483665e+03   0.000000e+00   9.731391e+05    345s
  277924    5.2463516e+03   0.000000e+00   2.133043e+05    350s
  280771    5.2448797e+03   0.000000e+00   1.739457e+05    356s
  284343    5.2438839e+03   0.000000e+00   9.847418e+04    360s
  288459    5.2406915e+03   0.000000e+00   8.563353e+04    365s
  291149    5.2401445e+03   0.000000e+00   8.692576e+04    370s
  293469    5.2397709e+03   0.000000e+00   8.152511e+04    375s
  296714    6.0554113e+03   4.727663e+02   0.000000e+00    381s
  298794    6.4337324e+03   7.336327e+02   0.000000e+00    385s
  301094    6.8721012e+03   3.198837e+03   0.000000e+00    391s
  302124    6.8721012e+03   3.029278e+03   0.000000e+00    395s
  303404    6.8721012e+03   3.493454e+02   0.000000e+00    400s
  305051    6.8721012e+03   2.266530e+02   0.000000e+00    405s
  305791    6.8721012e+03   1.042395e+03   0.000000e+00    410s
  306561    6.8721012e+03   1.041216e+03   0.000000e+00    416s
  307211    6.8721012e+03   1.033322e+03   0.000000e+00    420s
  308111    6.8721012e+03   2.669458e+03   0.000000e+00    426s
  309001    6.8721012e+03   2.928326e+03   0.000000e+00    431s
  309901    6.8721012e+03   5.461659e+03   0.000000e+00    435s
  310821    6.8721013e+03   2.610915e+03   0.000000e+00    440s
  311811    6.8721013e+03   3.268034e+03   0.000000e+00    446s
  312411    6.8721013e+03   2.567729e+03   0.000000e+00    450s
  313291    6.8721013e+03   2.116486e+03   0.000000e+00    456s
  314061    6.8721013e+03   6.012273e+03   0.000000e+00    460s
  314901    6.8721013e+03   7.483507e+03   0.000000e+00    466s
  315761    6.8721014e+03   3.039125e+03   0.000000e+00    470s
  316501    6.8721014e+03   2.794937e+03   0.000000e+00    475s
  317171    6.8721014e+03   2.553675e+03   0.000000e+00    480s
  318271    6.8721015e+03   1.425753e+03   0.000000e+00    485s
  319251    6.8721015e+03   3.382637e+01   0.000000e+00    490s
  320091    6.8721015e+03   2.507074e+02   0.000000e+00    496s
  320981    6.8721015e+03   2.212025e+01   0.000000e+00    500s
  322481    6.8917593e+03   1.404700e+03   0.000000e+00    505s
  323931    6.9648408e+03   9.027363e+02   0.000000e+00    510s
  325081    6.9815645e+03   8.692604e+02   0.000000e+00    516s
  325731    6.9815645e+03   3.463169e+04   0.000000e+00    520s
  326581    6.9815645e+03   4.854472e+02   0.000000e+00    526s
  327241    6.9815645e+03   4.689975e+02   0.000000e+00    531s
  328611    6.9850262e+03   7.464746e+02   0.000000e+00    535s
  329581    6.9978200e+03   1.751599e+03   0.000000e+00    540s
  330331    6.9978204e+03   4.312840e+03   0.000000e+00    545s
  331501    6.9978205e+03   8.621190e+04   0.000000e+00    550s
  332761    6.9978205e+03   4.994746e+00   0.000000e+00    555s
  333771    6.9978205e+03   3.660069e+00   0.000000e+00    560s
  334172    6.9978191e+03   0.000000e+00   0.000000e+00    562s
Extra simplex iterations after uncrush: 210569

Root relaxation: objective 6.997819e+03, 334172 iterations, 534.82 seconds (1479.92 work units)
Total elapsed time = 1337.08s (DegenMoves)
Total elapsed time = 1370.75s (DegenMoves)

    Nodes    |    Current Node    |     Objective Bounds      |     Work
 Expl Unexpl |  Obj  Depth IntInf | Incumbent    BestBd   Gap | It/Node Time

     0     0 6997.81913    0 10164          - 6997.81913      -     - 1416s
     0     0 37036.2129    0 14537          - 37036.2129      -     - 1694s
     0     0 45224.8791    0 20245          - 45224.8791      -     - 1774s
     0     0 52305.8106    0 23371          - 52305.8106      -     - 1839s
     0     0 58054.2482    0 28012          - 58054.2482      -     - 1890s
     0     0 61614.2751    0 28764          - 61614.2751      -     - 1935s
     0     0 65589.5452    0 31954          - 65589.5452      -     - 1978s
     0     0 69989.0770    0 34250          - 69989.0770      -     - 2017s
     0     0 78045.2974    0 21796          - 78045.2974      -     - 2046s
     0     0 122714.448    0 26131          - 122714.448      -     - 2063s
     0     0 122714.448    0 26128          - 122714.448      -     - 2064s
     0     0 134269.375    0 22166          - 134269.375      -     - 2152s
     0     0 142374.450    0 27024          - 142374.450      -     - 2169s
     0     0 142374.450    0 27126          - 142374.450      -     - 2178s
     0     0 149443.232    0 35147          - 149443.232      -     - 2296s
     0     0 158438.745    0 30234          - 158438.745      -     - 2327s
     0     0 158510.746    0 31765          - 158510.746      -     - 2334s
     0     0 158510.746    0 32004          - 158510.746      -     - 2336s
     0     0 165426.939    0 30757          - 165426.939      -     - 2451s
     0     0 168238.475    0 30219          - 168238.475      -     - 2481s
     0     0 168362.071    0 30640          - 168362.071      -     - 2489s
     0     0 169009.433    0 30652          - 169009.433      -     - 2493s
     0     0 169009.433    0 30657          - 169009.433      -     - 2495s
     0     0 176873.776    0 30477          - 176873.776      -     - 2574s
     0     0 177285.011    0 28956          - 177285.011      -     - 2586s
     0     0 178974.193    0 32188          - 178974.193      -     - 2594s
     0     0 179063.383    0 32278          - 179063.383      -     - 2596s
     0     0 179063.383    0 32284          - 179063.383      -     - 2597s
     0     0 183917.734    0 25511          - 183917.734      -     - 2669s
     0     0 186039.894    0 25726          - 186039.894      -     - 2687s
     0     0 186176.070    0 25920          - 186176.070      -     - 2690s
     0     0 186176.070    0 25927          - 186176.070      -     - 2691s
     0     0 188285.240    0 21731          - 188285.240      -     - 2762s
     0     0 188777.052    0 23797          - 188777.052      -     - 2776s
     0     0 191085.722    0 26015          - 191085.722      -     - 2852s
     0     0 191652.579    0 22344          - 191652.579      -     - 2872s
     0     0 191703.564    0 22788          - 191703.564      -     - 2882s
     0     0 192315.021    0 24426          - 192315.021      -     - 2940s
     0     0 192535.213    0 28401          - 192535.213      -     - 2982s
     0     0 192536.710    0 28434          - 192536.710      -     - 2992s
     0     0 192769.731    0 27731          - 192769.731      -     - 3056s
     0     0 193221.008    0 32183          - 193221.008      -     - 3080s
     0     0 193846.555    0 33376          - 193846.555      -     - 3095s
     0     0 194001.236    0 32974          - 194001.236      -     - 3107s
     0     0 194001.236    0 33001          - 194001.236      -     - 3111s
     0     0 195027.270    0 27614          - 195027.270      -     - 3189s
     0     0 195428.493    0 26158          - 195428.493      -     - 3204s
     0     0 195428.493    0 26287          - 195428.493      -     - 3209s
     0     0 195547.497    0 30309          - 195547.497      -     - 3308s
     0     0 195571.377    0 30309          - 195571.377      -     - 3344s
     0     2 195571.377    0 30309          - 195571.377      -     - 3953s
     1     4 195856.821    1 29802          - 195613.835      - 78751 3972s
     3     8 196157.805    2 29774          - 196157.805      - 28558 4025s
     7    16 196515.192    3 29389          - 196501.058      - 15942 4037s
    15    26 196515.192    4 29385          - 196515.192      -  7932 4060s
    25    36 196515.192    5 29383          - 196515.192      -  5394 4087s
    35    46 196995.087    6 26618          - 196515.192      -  4632 4131s
    45    56 197617.419    6 23644          - 196515.192      -  3934 4198s
    55    68 197071.017    7 25013          - 196515.192      -  3890 4218s
    67    83 197487.400    8 29215          - 196515.192      -  3421 4232s
    82    93 197943.211    9 30698          - 196515.192      -  2928 4256s
    92   104 198073.933   10 29148          - 196515.192      -  2785 4290s
   103   118 198511.513   11 29230          - 196515.192      -  2765 4332s
   117   131 198670.649   12 29984          - 196515.192      -  2641 4349s
   130   144 198783.783   13 29625          - 196515.192      -  2514 4392s
   143   158 198932.765   14 30051          - 196515.192      -  2450 4409s
   157   173 198998.983   15 29569          - 196515.192      -  2314 4447s
   172   188 199031.602   16 29993          - 196515.192      -  2245 4491s
   187   201 199291.520   18 30078          - 196515.192      -  2231 4519s
   202   212 199565.460   20 29946          - 196515.192      -  2200 4553s
   215   224 200766.071   21 31554          - 196515.192      -  2283 4613s
   229   244 200035.411   22 28410          - 196515.192      -  2333 4643s
   249   267 200484.458   25 24854          - 196515.192      -  2262 4672s
   272   294 200753.798   27 24392          - 196515.192      -  2154 4718s
   299   320 200991.594   29 23864          - 196515.192      -  2073 4761s
   325   339 201560.725   32 23151          - 196515.192      -  2016 4804s
   344   361 201592.392   33 23153          - 196515.192      -  2009 4852s
   366   392 201934.893   36 23943          - 196515.192      -  2020 4944s
   397   415 202088.845   39 23178          - 196515.192      -  2011 5008s
   422   456 202125.440   40 23392          - 196515.192      -  2004 5055s
   463   494 202301.139   44 23424          - 196515.192      -  1900 5122s
   501   537 202574.641   49 22576          - 196515.192      -  1840 5170s
   544   573 203179.574   55 23998          - 196515.192      -  1762 5228s
   582   610 203777.118   63 23996          - 196515.192      -  1728 5286s
   619   646 203965.760   69 24778          - 196515.192      -  1704 5328s
   655   703 204155.434   75 24813          - 196515.192      -  1666 5389s
   712   774 204531.855   84 25614          - 196515.192      -  1597 5467s
   783   841 204833.265   99 25097          - 196515.192      -  1509 5536s
   850   902 205398.992  114 24485          - 196515.192      -  1449 5600s
   911   963 205934.612  128 26768          - 196515.192      -  1407 5676s
   972  1036 206219.262  139 24828          - 196515.192      -  1375 5760s
  1045  1100 206581.279  154 24026          - 196515.192      -  1337 5825s
  1109  1178 206923.423  169 26035          - 196515.192      -  1312 5931s
  1188  1267 207340.385  179 25663          - 196515.192      -  1290 6036s
  1277  1354 208043.904  194 23192          - 196515.192      -  1263 6178s
  1364  1450 208488.255  213 25077          - 196515.192      -  1247 6296s
  1460  1537 209002.603  232 24344          - 196515.192      -  1229 6427s
  1547  1626 210248.627  233 22721          - 196515.192      -  1230 6549s
  1637  1721 209716.268  244 23042          - 196515.192      -  1222 6638s
  1732  1782 209973.547  249 25952          - 196515.192      -  1202 6819s
  1796  1891 210466.185  257 31264          - 196515.192      -  1235 6935s
  1907  1997 210904.786  270 35197          - 196515.192      -  1208 7070s
  2014  2119 211427.945  289 32670          - 196515.192      -  1190 7200s

Cutting planes:
  Learned: 22878
  Gomory: 8
  Lift-and-project: 1
  Cover: 7149
  Implied bound: 54878
  MIR: 11175
  StrongCG: 4
  Flow cover: 14789
  GUB cover: 340
  Mod-K: 35
  Network: 29
  RLT: 4692
  Relax-and-lift: 4909

Explored 2136 nodes (3692813 simplex iterations) in 7200.99 seconds (19219.26 work units)
Thread count was 10 (of 10 available processors)

Solution count 0

Time limit reached
Best objective -, best bound 1.965151921315e+05, gap -
Warning: linear constraint 681601 and linear constraint 681604 have the same name "lin1_pw_d_0_"

Gurobi 11.0.2 (mac64[arm]) logging started Sun Aug 31 12:05:49 2025

Set parameter LogFile to value "../solutions/200/f_log.log"
Gurobi Optimizer version 11.0.2 build v11.0.2rc0 (mac64[arm] - Darwin 24.5.0 24F74)

CPU model: Apple M2 Pro
Thread count: 10 physical cores, 10 logical processors, using up to 10 threads

Optimize a model with 1641605 rows, 960403 columns and 5161202 nonzeros
Model fingerprint: 0x206f92e6
Variable types: 280003 continuous, 680400 integer (640200 binary)
Coefficient statistics:
  Matrix range     [1e-03, 1e+06]
  Objective range  [1e+00, 1e+00]
  Bounds range     [1e+00, 5e+01]
  RHS range        [1e+00, 6e+05]
Presolve removed 788807 rows and 112604 columns (presolve time = 5s) ...
Presolve removed 789006 rows and 112803 columns (presolve time = 10s) ...
Presolve removed 789006 rows and 112803 columns (presolve time = 15s) ...
Presolve removed 788692 rows and 112489 columns
Presolve time: 18.43s
Presolved: 852913 rows, 847914 columns, 5148554 nonzeros
Variable types: 244000 continuous, 603914 integer (564113 binary)
Deterministic concurrent LP optimizer: primal simplex, dual simplex, and barrier
Showing barrier log only...

Root barrier log...

Ordering time: 5.06s

Barrier statistics:
 Dense cols : 2251
 AA' NZ     : 1.209e+07
 Factor NZ  : 7.090e+07 (roughly 1.2 GB of memory)
 Factor Ops : 1.251e+11 (less than 1 second per iteration)
 Threads    : 7

                  Objective                Residual
Iter       Primal          Dual         Primal    Dual     Compl     Time
   0   1.67965509e+10 -7.65246824e+09  1.64e+07 1.14e-13  4.36e+05    33s
   1   1.33592818e+10 -7.15023008e+09  1.30e+07 6.36e+02  3.46e+05    33s
   2   9.61381026e+09 -5.59893342e+09  9.37e+06 7.03e+01  2.39e+05    34s
   3   7.39965313e+09 -5.30842346e+09  7.21e+06 5.63e+01  1.84e+05    34s
   4   3.99544367e+09 -3.85581223e+09  3.90e+06 4.48e-01  1.01e+05    35s
   5   1.17008694e+08 -2.41917702e+09  1.13e+05 2.21e-01  3.84e+03    35s
   6   2.65416113e+07 -8.11606300e+08  2.52e+04 1.84e-01  9.00e+02    36s
   7   5.06208865e+06 -2.89636904e+08  4.30e+03 8.84e-02  2.18e+02    37s
   8   2.24145073e+06 -3.12054381e+07  1.55e+03 1.66e-02  4.61e+01    37s
   9   7.89278081e+05 -1.08559200e+07  1.36e+02 3.18e-02  7.57e+00    38s
  10   6.56414755e+05 -7.88934192e+06  1.62e+01 2.16e-02  3.84e+00    39s
  11   6.25459190e+05 -7.61497090e+06  4.88e-01 2.10e-02  3.67e+00    40s
  12   2.30312193e+05 -7.10230122e+05  1.31e-01 4.73e-03  4.04e-01    40s
  13   1.70869525e+05 -2.83060584e+05  1.01e-01 1.97e-03  1.93e-01    41s
  14   1.15503608e+05 -1.20221714e+05  6.64e-02 9.81e-04  9.96e-02    42s
  15   8.84428677e+04 -8.37293998e+04  4.87e-02 6.70e-04  7.26e-02    42s
  16   8.21557972e+04 -4.84149376e+04  4.40e-02 4.71e-04  5.50e-02    43s
  17   6.08047266e+04 -3.56682495e+04  2.87e-02 3.95e-04  4.06e-02    43s
  18   4.23172879e+04 -2.25620198e+04  1.58e-02 2.88e-04  2.72e-02    44s
  19   3.19989350e+04 -7.44449529e+03  9.41e-03 1.64e-04  1.65e-02    44s
  20   2.47013489e+04 -3.71765223e+02  5.99e-03 6.55e-05  1.05e-02    45s
  21   2.40778546e+04  3.39688834e+02  5.79e-03 5.99e-05  9.95e-03    45s
  22   2.18750647e+04  1.97110154e+03  4.96e-03 4.21e-05  8.35e-03    46s
  23   2.11299010e+04  2.93937255e+03  4.69e-03 4.06e-05  7.63e-03    46s
  24   1.89557722e+04  4.06636987e+03  3.94e-03 4.24e-05  6.24e-03    47s
  25   1.81137102e+04  5.01296565e+03  3.65e-03 1.86e-05  5.49e-03    48s
  26   1.72172448e+04  5.03886703e+03  3.31e-03 2.20e-05  5.11e-03    48s
  27   1.59464790e+04  5.42034610e+03  2.91e-03 1.39e-05  4.41e-03    49s
  28   1.52267249e+04  5.58685143e+03  2.67e-03 1.27e-05  4.04e-03    50s
  29   1.49127342e+04  5.67302841e+03  2.58e-03 8.42e-06  3.87e-03    51s
  30   1.45916379e+04  5.77247774e+03  2.49e-03 6.47e-06  3.70e-03    51s
  31   1.40654448e+04  5.89477720e+03  2.32e-03 5.17e-06  3.43e-03    52s
  32   1.33096966e+04  6.25209797e+03  2.01e-03 4.52e-06  2.96e-03    53s
  33   1.28875176e+04  6.34840636e+03  1.87e-03 3.99e-06  2.74e-03    53s
  34   1.27680136e+04  6.13713905e+03  1.83e-03 2.12e-06  2.78e-03    54s
  35   1.26005238e+04  6.40948108e+03  1.77e-03 1.77e-06  2.60e-03    55s
  36   9.59965980e+03  6.75076499e+03  6.46e-04 1.15e-06  1.19e-03    56s
  37   9.36670453e+03  6.66761999e+03  5.88e-04 4.84e-08  1.13e-03    56s
  38   9.04302314e+03  6.81895858e+03  5.01e-04 2.40e-08  9.32e-04    57s
  39   8.95821852e+03  6.89269535e+03  4.77e-04 1.92e-08  8.66e-04    58s
  40   8.50086872e+03  6.91363524e+03  3.63e-04 8.24e-09  6.65e-04    58s
  41   8.35595247e+03  6.93062148e+03  3.25e-04 6.70e-09  5.97e-04    59s
  42   8.04858638e+03  6.92596240e+03  2.51e-04 1.93e-09  4.70e-04    60s
  43   8.00821341e+03  6.94807154e+03  2.42e-04 1.50e-11  4.44e-04    60s
  44   7.52556389e+03  6.97681940e+03  1.26e-04 3.42e-12  2.30e-04    61s
  45   7.16025241e+03  6.99089889e+03  2.69e-05 4.38e-12  7.09e-05    62s
  46   6.99833453e+03  6.99744185e+03  2.68e-08 8.53e-12  3.74e-07    63s
  47   6.99781972e+03  6.99781864e+03  1.31e-09 4.89e-12  4.51e-10    64s
  48   6.99781913e+03  6.99781913e+03  5.81e-11 5.34e-12  4.51e-13    65s

Barrier solved model in 48 iterations and 64.58 seconds (197.76 work units)
Optimal objective 6.99781913e+03


Root crossover log...

  510867 DPushes remaining with DInf 0.0000000e+00                65s
    8789 DPushes remaining with DInf 0.0000000e+00                65s
       0 DPushes remaining with DInf 0.0000000e+00                65s

   50400 PPushes remaining with PInf 0.0000000e+00                66s
       0 PPushes remaining with PInf 0.0000000e+00                66s

  Push phase complete: Pinf 0.0000000e+00, Dinf 1.3954735e-10     67s


Root simplex log...

Iteration    Objective       Primal Inf.    Dual Inf.      Time
  123603    6.9978191e+03   0.000000e+00   0.000000e+00     67s
Concurrent spin time: 35.81s (can be avoided by choosing Method=3)

Solved with barrier
  136212    6.8026703e+03   0.000000e+00   1.610170e+07    105s
  140704    6.5355326e+03   0.000000e+00   2.019713e+07    110s
  145374    6.3600469e+03   0.000000e+00   3.975149e+08    115s
  149449    6.2258141e+03   0.000000e+00   9.836681e+06    120s
  153578    6.1400890e+03   0.000000e+00   2.974882e+07    125s
  156979    6.0830054e+03   0.000000e+00   1.971843e+09    130s
  160554    6.0179399e+03   0.000000e+00   2.427038e+08    135s
  163948    5.9602090e+03   0.000000e+00   1.089408e+08    140s
  167456    5.9103970e+03   0.000000e+00   8.621297e+08    145s
  170830    5.8620017e+03   0.000000e+00   5.939805e+07    151s
  173944    5.8321775e+03   0.000000e+00   3.224003e+08    155s
  177466    5.8011434e+03   0.000000e+00   1.920938e+07    160s
  180693    5.7586137e+03   0.000000e+00   1.409692e+07    166s
  183310    5.7268470e+03   0.000000e+00   2.435776e+07    170s
  186405    5.6991834e+03   0.000000e+00   7.256507e+06    175s
  190564    5.6646389e+03   0.000000e+00   7.651412e+06    180s
  194223    5.6395776e+03   0.000000e+00   5.275573e+08    185s
  197835    5.6114477e+03   0.000000e+00   3.588972e+07    190s
  201537    5.5871526e+03   0.000000e+00   4.316846e+06    196s
  204702    5.5687607e+03   0.000000e+00   4.120997e+07    200s
  207482    5.5517320e+03   0.000000e+00   3.099548e+07    205s
  211164    5.5187247e+03   0.000000e+00   3.439005e+07    211s
  214215    5.4959144e+03   0.000000e+00   3.817960e+06    215s
  217102    5.4804539e+03   0.000000e+00   2.604931e+06    221s
  219576    5.4638646e+03   0.000000e+00   1.657121e+06    225s
  222563    5.4464339e+03   0.000000e+00   6.970188e+06    230s
  225584    5.4289627e+03   0.000000e+00   2.342496e+07    235s
  228578    5.4095410e+03   0.000000e+00   3.795915e+06    240s
  231492    5.3943219e+03   0.000000e+00   2.682427e+06    245s
  234573    5.3806439e+03   0.000000e+00   2.132659e+07    250s
  238198    5.3634958e+03   0.000000e+00   1.154632e+06    255s
  241149    5.3550807e+03   0.000000e+00   2.321996e+06    260s
  245698    5.3357119e+03   0.000000e+00   2.082323e+07    265s
  249149    5.3177539e+03   0.000000e+00   5.556348e+05    270s
  251539    5.3127838e+03   0.000000e+00   5.834233e+05    275s
  253869    5.3076971e+03   0.000000e+00   8.512362e+06    280s
  257167    5.2931837e+03   0.000000e+00   2.321720e+06    285s
  259997    5.2776540e+03   0.000000e+00   3.668892e+05    291s
  262187    5.2747351e+03   0.000000e+00   3.736498e+05    296s
  264357    5.2710527e+03   0.000000e+00   3.927670e+05    300s
  266587    5.2662202e+03   0.000000e+00   2.378641e+06    305s
  269247    5.2576115e+03   0.000000e+00   7.807046e+05    311s
  272101    5.2513126e+03   0.000000e+00   5.598147e+06    316s
  275723    5.2477005e+03   0.000000e+00   1.334592e+06    320s
  279074    5.2456546e+03   0.000000e+00   1.740343e+05    326s
  282008    5.2444907e+03   0.000000e+00   2.091801e+05    330s
  287145    5.2410027e+03   0.000000e+00   1.085834e+05    335s
  290389    5.2402908e+03   0.000000e+00   8.630467e+04    340s
  293189    5.2398191e+03   0.000000e+00   8.519140e+04    345s
  296264    6.0554113e+03   6.231488e+02   0.000000e+00    350s
  299034    6.4337324e+03   7.239403e+02   0.000000e+00    355s
  301284    6.8721012e+03   3.233424e+03   0.000000e+00    360s
  302934    6.8721012e+03   3.228653e+03   0.000000e+00    366s
  304691    6.8721012e+03   1.290800e+03   0.000000e+00    370s
  305791    6.8721012e+03   1.042395e+03   0.000000e+00    376s
  306561    6.8721012e+03   1.041216e+03   0.000000e+00    380s
  307471    6.8721012e+03   1.037378e+03   0.000000e+00    386s
  308601    6.8721012e+03   2.333390e+03   0.000000e+00    390s
  309381    6.8721012e+03   2.298826e+03   0.000000e+00    395s
  310651    6.8721013e+03   3.817210e+03   0.000000e+00    400s
  311661    6.8721013e+03   1.859350e+03   0.000000e+00    405s
  312541    6.8721013e+03   2.341793e+03   0.000000e+00    411s
  313511    6.8721013e+03   1.905995e+03   0.000000e+00    416s
  314261    6.8721013e+03   1.892259e+03   0.000000e+00    421s
  315291    6.8721014e+03   6.240387e+03   0.000000e+00    425s
  316211    6.8721014e+03   3.195069e+03   0.000000e+00    430s
  317031    6.8721014e+03   4.718451e+04   0.000000e+00    435s
  318271    6.8721015e+03   1.425753e+03   0.000000e+00    440s
  319401    6.8721015e+03   7.653470e+01   0.000000e+00    446s
  320241    6.8721015e+03   6.609819e+02   0.000000e+00    450s
  321381    6.8721016e+03   2.696738e+01   0.000000e+00    456s
  323241    6.8917593e+03   1.285515e+03   0.000000e+00    460s
  324551    6.9648408e+03   7.798969e+02   0.000000e+00    466s
  325551    6.9815645e+03   5.689696e+02   0.000000e+00    470s
  326371    6.9815645e+03   7.741847e+02   0.000000e+00    475s
  327241    6.9815645e+03   4.689975e+02   0.000000e+00    481s
  328941    6.9850262e+03   4.979751e+02   0.000000e+00    486s
  329711    6.9978200e+03   8.547656e+02   0.000000e+00    490s
  330761    6.9978205e+03   1.305671e+01   0.000000e+00    495s
  332251    6.9978205e+03   1.448982e+01   0.000000e+00    501s
  333281    6.9978205e+03   6.483923e+00   0.000000e+00    505s
  334172    6.9978191e+03   0.000000e+00   0.000000e+00    509s
Extra simplex iterations after uncrush: 210569

Root relaxation: objective 6.997819e+03, 334172 iterations, 484.54 seconds (1479.92 work units)
Total elapsed time = 1186.55s (DegenMoves)
Total elapsed time = 1218.55s (DegenMoves)

    Nodes    |    Current Node    |     Objective Bounds      |     Work
 Expl Unexpl |  Obj  Depth IntInf | Incumbent    BestBd   Gap | It/Node Time

     0     0 6997.81913    0 10164          - 6997.81913      -     - 1262s
     0     0 37036.2129    0 14537          - 37036.2129      -     - 1530s
     0     0 45224.8791    0 20245          - 45224.8791      -     - 1607s
     0     0 52305.8106    0 23371          - 52305.8106      -     - 1670s
     0     0 58054.2482    0 28012          - 58054.2482      -     - 1720s
     0     0 61614.2751    0 28764          - 61614.2751      -     - 1765s
     0     0 65589.5452    0 31954          - 65589.5452      -     - 1807s
     0     0 69989.0770    0 34250          - 69989.0770      -     - 1846s
     0     0 78045.2974    0 21796          - 78045.2974      -     - 1878s
     0     0 122714.448    0 26131          - 122714.448      -     - 1894s
     0     0 122714.448    0 26128          - 122714.448      -     - 1895s
     0     0 134269.375    0 22166          - 134269.375      -     - 1986s
     0     0 142374.450    0 27024          - 142374.450      -     - 2004s
     0     0 142374.450    0 27126          - 142374.450      -     - 2013s
     0     0 149443.232    0 35147          - 149443.232      -     - 2131s
     0     0 158438.745    0 30234          - 158438.745      -     - 2163s
     0     0 158510.746    0 31765          - 158510.746      -     - 2170s
     0     0 158510.746    0 32004          - 158510.746      -     - 2172s
     0     0 165426.939    0 30757          - 165426.939      -     - 2278s
     0     0 168238.475    0 30219          - 168238.475      -     - 2308s
     0     0 168362.071    0 30640          - 168362.071      -     - 2316s
     0     0 169009.433    0 30652          - 169009.433      -     - 2320s
     0     0 169009.433    0 30657          - 169009.433      -     - 2322s
     0     0 176873.776    0 30477          - 176873.776      -     - 2396s
     0     0 177285.011    0 28956          - 177285.011      -     - 2408s
     0     0 178974.193    0 32188          - 178974.193      -     - 2416s
     0     0 179063.383    0 32278          - 179063.383      -     - 2418s
     0     0 179063.383    0 32284          - 179063.383      -     - 2419s
     0     0 183917.734    0 25511          - 183917.734      -     - 2487s
     0     0 186039.894    0 25726          - 186039.894      -     - 2504s
     0     0 186176.070    0 25920          - 186176.070      -     - 2508s
     0     0 186176.070    0 25927          - 186176.070      -     - 2509s
     0     0 188285.240    0 21731          - 188285.240      -     - 2578s
     0     0 188777.052    0 23797          - 188777.052      -     - 2593s
     0     0 191085.722    0 26015          - 191085.722      -     - 2665s
     0     0 191652.579    0 22344          - 191652.579      -     - 2685s
     0     0 191703.564    0 22788          - 191703.564      -     - 2694s
     0     0 192315.021    0 24426          - 192315.021      -     - 2752s
     0     0 192535.213    0 28401          - 192535.213      -     - 2794s
     0     0 192536.710    0 28434          - 192536.710      -     - 2803s
     0     0 192769.731    0 27731          - 192769.731      -     - 2871s
     0     0 193221.008    0 32183          - 193221.008      -     - 2895s
     0     0 193846.555    0 33376          - 193846.555      -     - 2910s
     0     0 194001.236    0 32974          - 194001.236      -     - 2920s
     0     0 194001.236    0 33001          - 194001.236      -     - 2924s
     0     0 195027.270    0 27614          - 195027.270      -     - 3003s
     0     0 195428.493    0 26158          - 195428.493      -     - 3018s
     0     0 195428.493    0 26287          - 195428.493      -     - 3023s
     0     0 195547.497    0 30309          - 195547.497      -     - 3119s
     0     0 195571.377    0 30309          - 195571.377      -     - 3155s
     0     2 195571.377    0 30309          - 195571.377      -     - 3768s
     1     4 195856.821    1 29802          - 195613.835      - 78751 3788s
     3     8 196157.805    2 29774          - 196157.805      - 28558 3841s
     7    16 196515.192    3 29389          - 196501.058      - 15942 3853s
    15    26 196515.192    4 29385          - 196515.192      -  7932 3877s
    25    36 196515.192    5 29383          - 196515.192      -  5394 3905s
    35    46 196995.087    6 26618          - 196515.192      -  4632 3949s
    45    56 197617.419    6 23644          - 196515.192      -  3934 4017s
    55    68 197071.017    7 25013          - 196515.192      -  3890 4036s
    67    83 197487.400    8 29215          - 196515.192      -  3421 4049s
    82    93 197943.211    9 30698          - 196515.192      -  2928 4073s
    92   104 198073.933   10 29148          - 196515.192      -  2785 4106s
   103   118 198511.513   11 29230          - 196515.192      -  2765 4148s
   117   131 198670.649   12 29984          - 196515.192      -  2641 4165s
   130   144 198783.783   13 29625          - 196515.192      -  2514 4208s
   143   158 198932.765   14 30051          - 196515.192      -  2450 4224s
   157   173 198998.983   15 29569          - 196515.192      -  2314 4262s
   172   188 199031.602   16 29993          - 196515.192      -  2245 4307s
   187   201 199291.520   18 30078          - 196515.192      -  2231 4334s
   202   212 199565.460   20 29946          - 196515.192      -  2200 4366s
   215   224 200766.071   21 31554          - 196515.192      -  2283 4425s
   229   244 200035.411   22 28410          - 196515.192      -  2333 4453s
   249   267 200484.458   25 24854          - 196515.192      -  2262 4480s
   272   294 200753.798   27 24392          - 196515.192      -  2154 4523s
   299   320 200991.594   29 23864          - 196515.192      -  2073 4565s
   325   339 201560.725   32 23151          - 196515.192      -  2016 4609s
   344   361 201592.392   33 23153          - 196515.192      -  2009 4656s
   366   392 201934.893   36 23943          - 196515.192      -  2020 4744s
   397   415 202088.845   39 23178          - 196515.192      -  2011 4805s
   422   456 202125.440   40 23392          - 196515.192      -  2004 4849s
   463   494 202301.139   44 23424          - 196515.192      -  1900 4914s
   501   537 202574.641   49 22576          - 196515.192      -  1840 4960s
   544   573 203179.574   55 23998          - 196515.192      -  1762 5015s
   582   610 203777.118   63 23996          - 196515.192      -  1728 5066s
   619   646 203965.760   69 24778          - 196515.192      -  1704 5103s
   655   703 204155.434   75 24813          - 196515.192      -  1666 5161s
   712   774 204531.855   84 25614          - 196515.192      -  1597 5236s
   783   841 204833.265   99 25097          - 196515.192      -  1509 5306s
   850   902 205398.992  114 24485          - 196515.192      -  1449 5368s
   911   963 205934.612  128 26768          - 196515.192      -  1407 5442s
   972  1036 206219.262  139 24828          - 196515.192      -  1375 5524s
  1045  1100 206581.279  154 24026          - 196515.192      -  1337 5591s
  1109  1178 206923.423  169 26035          - 196515.192      -  1312 5697s
  1188  1267 207340.385  179 25663          - 196515.192      -  1290 5800s
  1277  1354 208043.904  194 23192          - 196515.192      -  1263 5938s
  1364  1450 208488.255  213 25077          - 196515.192      -  1247 6058s
  1460  1537 209002.603  232 24344          - 196515.192      -  1229 6192s
  1547  1626 210248.627  233 22721          - 196515.192      -  1230 6313s
  1637  1721 209716.268  244 23042          - 196515.192      -  1222 6396s
  1732  1782 209973.547  249 25952          - 196515.192      -  1202 6573s
  1796  1891 210466.185  257 31264          - 196515.192      -  1235 6688s
  1907  1997 210904.786  270 35197          - 196515.192      -  1208 6821s
  2014  2118 211427.945  289 32670          - 196515.192      -  1190 7667s
  2137  2228 211890.920  308 33388          - 196515.192      -  1228 7864s
  2247  2348 212771.243  327 30757          - 196515.192      -  1215 9048s
  2369  2471 214142.618  346 32442          - 196515.192      -  1302 9183s
  2493  2595 214607.402  365 31640          - 196515.192      -  1284 9293s
  2617  2730 215155.817  384 32424          - 196515.192      -  1259 9396s
  2752  2870 215915.543  403 33990          - 196515.192      -  1231 9539s
  2892  3017 216609.782  422 35419          - 196515.192      -  1211 9685s
  3040  3185 217087.815  441 31174          - 196515.192      -  1188 9837s
  3208  3360 217815.734  460 32805          - 196515.192      -  1159 9951s
  3383  3546 218284.500  479 35574          - 196515.192      -  1124 10062s
  3569  3736 218780.090  498 29191          - 196515.192      -  1085 10181s
  3759  3897 219049.632  517 30043          - 196515.192      -  1050 10293s
  3924  4054 219439.135  536 27026          - 196515.192      -  1025 10448s
  4081  4210 219790.296  554 30656          - 196515.192      -  1007 10618s
  4237  4367 220128.985  573 28812          - 196515.192      -   989 10711s
  4394  4544 220416.702  592 31087          - 196515.192      -   969 10812s
  4571  4711 222222.615  610 30476          - 196515.192      -   948 10935s
  4738  4888 223138.068  629 33600          - 196515.192      -   931 11041s
  4915  5063 223197.242  648 27382          - 196515.192      -   912 11168s
  5090  5241 223554.939  667 30481          - 196515.192      -   890 11280s
  5268  5415 223712.242  686 24968          - 196515.192      -   873 11424s
  5442  5600 223906.137  705 32238          - 196515.192      -   858 11518s
  5627  5754 224103.672  724 26333          - 196515.192      -   841 11629s
  5781  5922 224347.087  743 33558          - 196515.192      -   832 11734s
  5949  6094 224547.664  762 29852          - 196515.192      -   819 11839s
  6121  6261 224816.483  781 29299          - 196515.192      -   806 11945s
  6288  6430 225097.125  800 27478          - 196515.192      -   796 12133s
  6457  6602 225235.029  819 26870          - 196515.192      -   788 12239s
  6629  6789 225454.352  838 28458          - 196515.192      -   780 12328s
  6816  6958 225658.151  857 25358          - 196515.192      -   767 12591s
  6985  7076 225954.153  876 27159          - 196515.192      -   766 12873s
  7105  7228 225956.040  877 27159          - 196515.192      -   769 15416s
  7259  7394 226113.895  896 30678          - 196515.192      -   895 15517s
  7425  7568 226278.102  915 27904          - 196515.192      -   884 15623s
  7599  7734 226470.758  934 26382          - 196515.192      -   872 15764s
  7637  7734 465172.052  657 29553          - 196515.192      -   868 15765s
  7765  7894 226638.507  953 28642          - 196515.192      -   865 15910s
  7927  8057 226860.051  972 25384          - 196515.192      -   860 16015s
  8091  8058 444864.254  558 30309          - 196515.192      -   853 16380s
  8092  8059 509990.522  626 30309          - 196515.192      -   853 16392s
  8093  8059 502624.379  414 24601          - 196515.192      -   853 17173s
  8094  8060 202063.925   35 23773          - 196515.192      -   853 17782s
  8095  8061 219516.102  534 28337          - 196515.192      -   852 18107s
  8096  8061 335544.454  219 24910          - 196515.192      -   852 18372s
  8097  8062 257289.229  986 24246          - 196515.192      -   852 18591s
  8098  8063 244534.904  149 20657          - 196515.192      -   852 18804s
  8099  8063 444719.007  550 26304          - 196515.192      -   852 18960s
