
Gurobi 11.0.2 (mac64[arm]) logging started Sun Jul 27 01:14:42 2025

Set parameter LogFile to value "../solutions/200/g_log.log"
Gurobi Optimizer version 11.0.2 build v11.0.2rc0 (mac64[arm] - Darwin 24.5.0 24F74)

CPU model: Apple M2 Pro
Thread count: 10 physical cores, 10 logical processors, using up to 10 threads

Optimize a model with 1641605 rows, 960403 columns and 5161202 nonzeros
Model fingerprint: 0x7ead7c24
Variable types: 280003 continuous, 680400 integer (640200 binary)
Coefficient statistics:
  Matrix range     [1e-03, 1e+06]
  Objective range  [1e+00, 1e+00]
  Bounds range     [1e+00, 5e+01]
  RHS range        [1e+00, 6e+05]
Presolve removed 799007 rows and 119404 columns (presolve time = 5s) ...
Presolve removed 799206 rows and 119603 columns (presolve time = 10s) ...
Presolve removed 799206 rows and 119603 columns (presolve time = 15s) ...
Presolve removed 798844 rows and 119241 columns
Presolve time: 16.67s
Presolved: 842761 rows, 841162 columns, 4598110 nonzeros
Variable types: 240600 continuous, 600562 integer (560761 binary)
Deterministic concurrent LP optimizer: primal simplex, dual simplex, and barrier
Showing barrier log only...

Root barrier log...

Ordering time: 5.11s

Barrier statistics:
 Dense cols : 1357
 AA' NZ     : 1.163e+07
 Factor NZ  : 4.708e+07 (roughly 1.0 GB of memory)
 Factor Ops : 4.441e+10 (less than 1 second per iteration)
 Threads    : 7

                  Objective                Residual
Iter       Primal          Dual         Primal    Dual     Compl     Time
   0   1.65382640e+10 -7.49569067e+09  1.61e+07 1.14e-13  4.31e+05    30s
   1   1.16828871e+10 -6.77866217e+09  1.14e+07 4.60e+02  2.95e+05    30s
   2   8.58636773e+09 -5.53170550e+09  8.37e+06 7.38e+01  2.06e+05    31s
   3   5.73168188e+09 -5.08882063e+09  5.59e+06 5.25e+01  1.38e+05    31s
   4   5.85170411e+08 -3.22151005e+09  5.70e+05 2.75e-01  1.57e+04    32s
   5   6.08172565e+07 -1.32937644e+09  5.87e+04 3.00e-01  1.91e+03    32s
   6   3.43343366e+07 -1.56631458e+08  3.28e+04 8.71e-02  7.75e+02    33s
   7   1.95389111e+07 -1.45658292e+08  1.84e+04 7.77e-02  4.57e+02    33s
   8   1.27034572e+07 -1.01864990e+08  1.17e+04 4.36e-02  2.91e+02    34s
   9   8.18129525e+06 -5.75382753e+07  7.33e+03 2.60e-02  1.75e+02    34s
  10   4.40593000e+06 -4.30694862e+07  3.65e+03 1.93e-02  9.19e+01    34s
  11   3.19575083e+06 -4.08508140e+07  2.47e+03 1.79e-02  6.70e+01    35s
  12   2.13894486e+06 -2.78511552e+07  1.44e+03 9.99e-03  4.00e+01    35s
  13   9.91997486e+05 -1.58213480e+07  3.26e+02 4.33e-03  1.31e+01    36s
  14   9.02775460e+05 -9.31607838e+06  2.40e+02 2.71e-03  8.09e+00    36s
  15   7.02835367e+05 -6.28040733e+06  4.86e+01 1.72e-03  4.19e+00    37s
  16   3.94507147e+05 -5.66685062e+06  2.11e+00 1.60e-03  3.31e+00    37s
  17   1.22260653e+05 -3.01899347e+06  6.31e-01 2.37e-03  1.47e+00    38s
  18   9.61125153e+04 -1.60681065e+06  4.90e-01 1.32e-03  7.86e-01    38s
  19   7.64974348e+04 -1.12461058e+06  3.62e-01 8.09e-04  5.43e-01    39s
  20   6.37329980e+04 -8.39723106e+05  2.71e-01 7.29e-04  4.02e-01    39s
  21   5.19312666e+04 -5.97082816e+05  1.90e-01 6.44e-04  2.85e-01    40s
  22   4.36545391e+04 -4.35392155e+05  1.45e-01 5.25e-04  2.08e-01    40s
  23   2.96085072e+04 -2.67409227e+05  6.56e-02 3.96e-04  1.27e-01    40s
  24   2.07568769e+04 -1.74231124e+05  1.91e-02 3.03e-04  8.27e-02    41s
  25   1.95475425e+04 -7.18048766e+04  1.42e-02 1.75e-04  3.87e-02    41s
  26   1.71290213e+04 -2.53843239e+04  6.41e-03 9.07e-05  1.80e-02    42s
  27   1.63856390e+04 -1.64592235e+04  4.88e-03 7.12e-05  1.39e-02    42s
  28   1.39291286e+04 -6.59174449e+03  2.26e-03 4.79e-05  8.68e-03    43s
  29   1.37224903e+04 -1.32758940e+03  2.04e-03 9.94e-05  6.37e-03    43s
  30   1.27996217e+04  1.21024513e+03  1.73e-03 9.78e-05  4.90e-03    44s
  31   1.21093644e+04  2.59717367e+03  1.53e-03 7.11e-05  4.02e-03    44s
  32   1.17820499e+04  3.21180143e+03  1.44e-03 5.90e-05  3.63e-03    45s
  33   1.10879560e+04  4.02794054e+03  1.26e-03 3.66e-05  2.99e-03    45s
  34   1.08747867e+04  4.41258761e+03  1.20e-03 2.91e-05  2.73e-03    46s
  35   1.07542639e+04  4.61275737e+03  1.17e-03 2.60e-05  2.60e-03    46s
  36   9.69608384e+03  5.14835242e+03  8.38e-04 1.64e-05  1.92e-03    47s
  37   9.44459834e+03  5.38831530e+03  7.65e-04 1.35e-05  1.72e-03    47s
  38   9.40035794e+03  5.42024163e+03  7.51e-04 1.29e-05  1.68e-03    48s
  39   9.10619929e+03  5.57279803e+03  6.84e-04 6.44e-06  1.49e-03    48s
  40   8.94626675e+03  5.75477566e+03  6.27e-04 4.85e-06  1.35e-03    49s
  41   8.69320687e+03  5.77928710e+03  5.72e-04 2.77e-06  1.23e-03    49s
  42   8.29636815e+03  5.91675591e+03  4.77e-04 1.64e-06  1.01e-03    50s
  43   8.23674821e+03  5.95310789e+03  4.62e-04 1.08e-06  9.66e-04    51s
  44   8.15585487e+03  5.99006956e+03  4.41e-04 8.96e-07  9.16e-04    51s
  45   7.95106320e+03  5.92790061e+03  3.94e-04 1.67e-07  8.56e-04    52s
  46   7.56253286e+03  6.09225466e+03  2.84e-04 9.81e-08  6.22e-04    52s
  47   7.23283926e+03  6.11648786e+03  2.10e-04 2.43e-08  4.72e-04    53s
  48   7.16524965e+03  6.14868869e+03  1.97e-04 2.91e-09  4.30e-04    53s
  49   7.09742691e+03  6.18160182e+03  1.80e-04 1.58e-09  3.87e-04    54s
  50   7.08318250e+03  6.19678806e+03  1.77e-04 1.17e-09  3.75e-04    54s
  51   6.76551682e+03  6.22186612e+03  1.04e-04 8.37e-10  2.30e-04    55s
  52   6.66497569e+03  6.21264070e+03  8.35e-05 5.09e-11  1.91e-04    55s
  53   6.65160996e+03  6.22608195e+03  7.89e-05 3.84e-11  1.80e-04    56s
  54   6.46459707e+03  6.24662423e+03  3.84e-05 2.12e-11  9.22e-05    56s
  55   6.42320098e+03  6.25094902e+03  3.08e-05 3.52e-12  7.29e-05    57s
  56   6.40152889e+03  6.25775263e+03  2.59e-05 4.21e-12  6.08e-05    57s
  57   6.29867912e+03  6.25648094e+03  6.43e-06 3.52e-12  1.78e-05    58s
  58   6.26372018e+03  6.26173000e+03  6.41e-09 3.32e-12  8.41e-07    58s
  59   6.26243864e+03  6.26243664e+03  1.89e-12 3.30e-12  8.42e-10    59s
  60   6.26243736e+03  6.26243735e+03  1.42e-12 3.07e-12  8.42e-13    59s

Barrier solved model in 60 iterations and 59.10 seconds (135.97 work units)
Optimal objective 6.26243736e+03


Root crossover log...

  503861 DPushes remaining with DInf 0.0000000e+00                59s
       0 DPushes remaining with DInf 0.0000000e+00                60s

   50600 PPushes remaining with PInf 0.0000000e+00                60s
   13896 PPushes remaining with PInf 0.0000000e+00                60s
       0 PPushes remaining with PInf 0.0000000e+00                60s

  Push phase complete: Pinf 0.0000000e+00, Dinf 3.3440477e-10     60s


Root simplex log...

Iteration    Objective       Primal Inf.    Dual Inf.      Time
  124497    6.2624374e+03   0.000000e+00   0.000000e+00     60s
Concurrent spin time: 7.85s (can be avoided by choosing Method=3)

Solved with barrier
  142471    6.1721582e+03   0.000000e+00   1.256690e+07     70s
  146951    6.0933576e+03   0.000000e+00   7.743259e+06     76s
  151311    6.0400947e+03   0.000000e+00   2.982499e+06     80s
  156846    5.9802164e+03   0.000000e+00   2.880777e+09     85s
  160656    5.9409032e+03   0.000000e+00   1.005214e+07     90s
  167166    5.8897942e+03   0.000000e+00   1.924114e+06     95s
  172746    5.8588249e+03   0.000000e+00   5.134044e+06    100s
  177836    5.8202291e+03   0.000000e+00   1.269117e+07    106s
  181921    5.7955983e+03   0.000000e+00   1.263333e+07    110s
  186036    5.7756884e+03   0.000000e+00   8.952205e+06    115s
  190156    5.7611048e+03   0.000000e+00   3.680175e+07    120s
  193756    5.7506142e+03   0.000000e+00   3.503777e+06    125s
  198223    5.7319359e+03   0.000000e+00   6.750785e+06    130s
  202408    5.7172935e+03   0.000000e+00   5.019239e+06    135s
  206078    5.7065445e+03   0.000000e+00   2.000940e+07    140s
  210203    5.6940721e+03   0.000000e+00   1.838209e+08    145s
  214308    5.6804861e+03   0.000000e+00   5.000785e+06    151s
  217663    5.6716089e+03   0.000000e+00   7.411117e+06    155s
  221683    5.6589878e+03   0.000000e+00   1.353922e+08    160s
  226328    5.6425645e+03   0.000000e+00   4.123944e+06    165s
  230148    5.6354461e+03   0.000000e+00   1.399827e+06    171s
  233033    5.6299949e+03   0.000000e+00   2.887207e+06    175s
  237048    5.6212177e+03   0.000000e+00   1.503581e+06    180s
  241148    5.6130807e+03   0.000000e+00   2.066179e+06    185s
  244768    5.6049568e+03   0.000000e+00   3.544605e+06    190s
  248318    5.6002281e+03   0.000000e+00   1.318177e+06    195s
  251893    5.5963977e+03   0.000000e+00   9.834209e+05    200s
  255318    5.5930711e+03   0.000000e+00   1.190945e+06    205s
  257948    5.5879269e+03   0.000000e+00   1.418029e+06    210s
  261348    5.5729020e+03   0.000000e+00   3.513034e+05    215s
  264818    5.5672432e+03   0.000000e+00   1.107728e+07    220s
  268878    5.5640115e+03   0.000000e+00   2.218759e+05    226s
  272883    5.5561151e+03   0.000000e+00   1.660695e+05    230s
  277008    5.5537590e+03   0.000000e+00   1.428775e+05    235s
  279938    5.5532200e+03   0.000000e+00   1.194405e+04    240s
  283368    5.5510322e+03   0.000000e+00   6.633783e+04    245s
  286263    5.5504231e+03   0.000000e+00   3.769233e+04    250s
  289058    5.5500882e+03   0.000000e+00   3.410642e+02    255s
  291945    6.0785136e+03   1.785719e+01   0.000000e+00    260s
  295013    6.1005279e+03   5.759420e+01   0.000000e+00    266s
  299797    6.1005279e+03   3.954037e+01   0.000000e+00    270s
  303862    6.1005279e+03   3.695070e+04   0.000000e+00    275s
  307347    6.1005279e+03   2.130549e+01   0.000000e+00    280s
  310497    6.2039711e+03   6.032464e+01   0.000000e+00    285s
  312047    6.2234595e+03   1.316162e+03   0.000000e+00    290s
  313577    6.2465119e+03   1.592663e+03   0.000000e+00    296s
  314847    6.2465119e+03   5.541145e+01   0.000000e+00    301s
  316802    6.2561827e+03   8.969157e+02   0.000000e+00    305s
  318442    6.2561827e+03   1.094822e+03   0.000000e+00    310s
  319566    6.2624374e+03   0.000000e+00   0.000000e+00    312s
Extra simplex iterations after uncrush: 195069

Root relaxation: objective 6.262437e+03, 319566 iterations, 290.52 seconds (884.82 work units)
Total elapsed time = 532.03s (DegenMoves)
Total elapsed time = 634.80s (DegenMoves)

    Nodes    |    Current Node    |     Objective Bounds      |     Work
 Expl Unexpl |  Obj  Depth IntInf | Incumbent    BestBd   Gap | It/Node Time

     0     0 6262.43735    0 10208          - 6262.43735      -     -  640s
     0     0 38906.5871    0 12248          - 38906.5871      -     - 1265s
     0     0 42938.3491    0 13822          - 42938.3491      -     - 1319s
     0     0 46145.4866    0 17096          - 46145.4866      -     - 1378s
     0     0 51991.0856    0 21250          - 51991.0856      -     - 1444s
     0     0 57299.0860    0 25949          - 57299.0860      -     - 1492s
     0     0 60761.4181    0 26245          - 60761.4181      -     - 1537s
     0     0 64073.3722    0 28428          - 64073.3722      -     - 1575s
     0     0 75882.1253    0 28511          - 75882.1253      -     - 1620s
     0     0 105647.409    0 30338          - 105647.409      -     - 1643s
     0     0 105647.409    0 30322          - 105647.409      -     - 1646s
     0     0 129754.430    0 17948          - 129754.430      -     - 1746s
     0     0 136923.302    0 19601          - 136923.302      -     - 1778s
     0     0 136924.783    0 19596          - 136924.783      -     - 1784s
     0     0 155147.902    0 25257          - 155147.902      -     - 1906s
     0     0 157828.232    0 25784          - 157828.232      -     - 1949s
     0     0 157828.232    0 25767          - 157828.232      -     - 1952s
     0     0 168648.462    0 27186          - 168648.462      -     - 2062s
     0     0 171232.476    0 29002          - 171232.476      -     - 2096s
     0     0 171905.026    0 29764          - 171905.026      -     - 2111s
     0     0 171905.028    0 29791          - 171905.028      -     - 2117s
     0     0 178188.769    0 21202          - 178188.769      -     - 2191s
     0     0 180659.152    0 16819          - 180659.152      -     - 2217s
     0     0 180659.156    0 16838          - 180659.156      -     - 2225s
     0     0 183315.572    0 23833          - 183315.572      -     - 2292s
     0     0 184180.830    0 19732          - 184180.830      -     - 2318s
     0     0 185142.741    0 21009          - 185142.741      -     - 2331s
     0     0 185665.025    0 22636          - 185665.025      -     - 2345s
     0     0 185665.026    0 22673          - 185665.026      -     - 2352s
     0     0 188855.953    0 23764          - 188855.953      -     - 2416s
     0     0 189622.391    0 24992          - 189622.391      -     - 2431s
     0     0 189651.988    0 25027          - 189651.988      -     - 2441s
     0     0 193498.494    0 20705          - 193498.494      -     - 2512s
     0     0 193982.177    0 22709          - 193982.177      -     - 2544s
     0     0 194037.872    0 22785          - 194037.872      -     - 2550s
     0     0 197533.615    0 20871          - 197533.615      -     - 2653s
     0     0 198637.570    0 24954          - 198637.570      -     - 2682s
     0     0 199184.232    0 20567          - 199184.232      -     - 2698s
     0     0 199336.076    0 21220          - 199336.076      -     - 2707s
     0     0 199336.076    0 21223          - 199336.076      -     - 2709s
     0     0 203015.581    0 27000          - 203015.581      -     - 2793s
     0     0 203998.103    0 22486          - 203998.103      -     - 2805s
     0     0 204127.867    0 22508          - 204127.867      -     - 2811s
     0     0 204127.867    0 22518          - 204127.867      -     - 2815s
     0     0 207372.358    0 27504          - 207372.358      -     - 2891s
     0     0 207496.581    0 26364          - 207496.581      -     - 2927s
     0     0 207648.575    0 29321          - 207648.575      -     - 2959s
     0     0 207727.089    0 30212          - 207727.089      -     - 2978s
     0     0 210327.214    0 23129          - 210327.214      -     - 3051s
     0     0 211139.579    0 31541          - 211139.579      -     - 3095s
     0     0 211443.669    0 26661          - 211443.669      -     - 3116s
     0     0 211443.679    0 26746          - 211443.679      -     - 3121s
     0     0 211873.052    0 30858          - 211873.052      -     - 3165s
     0     0 211922.055    0 31725          - 211922.055      -     - 3183s
     0     0 212096.352    0 22912          - 212096.352      -     - 3220s
     0     0 212223.064    0 19380          - 212223.064      -     - 3233s
     0     0 212281.141    0 22919          - 212281.141      -     - 3243s
     0     0 212400.080    0 26946          - 212400.080      -     - 3310s
     0     0 212442.114    0 26946          - 212442.114      -     - 3342s
     0     2 212442.114    0 26946          - 212442.114      -     - 3509s
     1     4 212442.114    1 22937          - 212442.114      - 66981 3514s
     3     8 212442.114    2 22935          - 212442.114      - 22407 3545s
     7    16 212446.312    3 22945          - 212442.114      - 10507 3583s
    15    26 212446.312    4 22935          - 212446.312      -  6341 3605s
    25    34 212503.867    5 22934          - 212461.379      -  4490 3622s
    35    40 212505.353    6 22399          - 212461.379      -  3526 3644s
    45    50 212570.745    7 23440          - 212461.379      -  3148 3668s
    55    61 212638.937    8 23853          - 212461.379      -  2862 3734s
    66    71 212647.476    9 23434          - 212461.379      -  2578 3779s
    76    84 212742.447   10 22958          - 212461.379      -  2565 3807s
    89    97 212771.370   11 22946          - 212461.379      -  2384 3828s
   102   110 212819.992   12 23377          - 212461.379      -  2251 3853s
   115   121 212836.181   13 23375          - 212461.379      -  2170 3925s
   126   134 212927.452   14 23844          - 212461.379      -  2181 4040s
   139   147 212934.456   15 22775          - 212461.379      -  2138 4136s
   152   164 213034.483   17 23326          - 212461.379      -  2095 4236s
   169   181 213050.305   18 22008          - 212461.379      -  1992 4327s
   186   197 213100.472   20 22770          - 212461.379      -  1911 4424s
   202   215 213154.396   21 22512          - 212461.379      -  1844 4819s
   220   233 213218.422   23 23372          - 212461.379      -  1785 4919s
   238   256 213231.512   24 23310          - 212461.379      -  1726 5043s
   261   257 213460.360   28 22578          - 212461.379      -  1656 27957s

Cutting planes:
  Learned: 18674
  Gomory: 13
  Lift-and-project: 2
  Cover: 10433
  Implied bound: 71932
  Clique: 3
  MIR: 4363
  StrongCG: 10
  Flow cover: 28838
  GUB cover: 259
  Network: 42
  RLT: 6716
  Relax-and-lift: 33122

Explored 262 nodes (1645683 simplex iterations) in 27959.59 seconds (12262.25 work units)
Thread count was 10 (of 10 available processors)

Solution count 0

Time limit reached
Best objective -, best bound 2.124613791258e+05, gap -
Warning: linear constraint 681601 and linear constraint 681604 have the same name "lin1_pw_d_0_"

Gurobi 11.0.2 (mac64[arm]) logging started Sun Jul 27 12:15:27 2025

Set parameter LogFile to value "../solutions/200/g_log.log"
Gurobi Optimizer version 11.0.2 build v11.0.2rc0 (mac64[arm] - Darwin 24.5.0 24F74)

CPU model: Apple M2 Pro
Thread count: 10 physical cores, 10 logical processors, using up to 10 threads

Optimize a model with 1641605 rows, 960403 columns and 5161202 nonzeros
Model fingerprint: 0x7ead7c24
Variable types: 280003 continuous, 680400 integer (640200 binary)
Coefficient statistics:
  Matrix range     [1e-03, 1e+06]
  Objective range  [1e+00, 1e+00]
  Bounds range     [1e+00, 5e+01]
  RHS range        [1e+00, 6e+05]
Presolve removed 799007 rows and 119404 columns (presolve time = 5s) ...
Presolve removed 799206 rows and 119603 columns (presolve time = 10s) ...
Presolve removed 799206 rows and 119603 columns (presolve time = 15s) ...
Presolve removed 798844 rows and 119241 columns
Presolve time: 17.34s
Presolved: 842761 rows, 841162 columns, 4598110 nonzeros
Variable types: 240600 continuous, 600562 integer (560761 binary)
Deterministic concurrent LP optimizer: primal simplex, dual simplex, and barrier
Showing barrier log only...

Root barrier log...

Ordering time: 5.21s

Barrier statistics:
 Dense cols : 1357
 AA' NZ     : 1.163e+07
 Factor NZ  : 4.708e+07 (roughly 1.0 GB of memory)
 Factor Ops : 4.441e+10 (less than 1 second per iteration)
 Threads    : 7

                  Objective                Residual
Iter       Primal          Dual         Primal    Dual     Compl     Time
   0   1.65382640e+10 -7.49569067e+09  1.61e+07 1.14e-13  4.31e+05    31s
   1   1.16828871e+10 -6.77866217e+09  1.14e+07 4.60e+02  2.95e+05    31s
   2   8.58636773e+09 -5.53170550e+09  8.37e+06 7.38e+01  2.06e+05    32s
   3   5.73168188e+09 -5.08882063e+09  5.59e+06 5.25e+01  1.38e+05    32s
   4   5.85170411e+08 -3.22151005e+09  5.70e+05 2.75e-01  1.57e+04    33s
   5   6.08172565e+07 -1.32937644e+09  5.87e+04 3.00e-01  1.91e+03    33s
   6   3.43343366e+07 -1.56631458e+08  3.28e+04 8.71e-02  7.75e+02    34s
   7   1.95389111e+07 -1.45658292e+08  1.84e+04 7.77e-02  4.57e+02    35s
   8   1.27034572e+07 -1.01864990e+08  1.17e+04 4.36e-02  2.91e+02    35s
   9   8.18129525e+06 -5.75382753e+07  7.33e+03 2.60e-02  1.75e+02    35s
  10   4.40593000e+06 -4.30694862e+07  3.65e+03 1.93e-02  9.19e+01    36s
  11   3.19575083e+06 -4.08508140e+07  2.47e+03 1.79e-02  6.70e+01    36s
  12   2.13894486e+06 -2.78511552e+07  1.44e+03 9.99e-03  4.00e+01    36s
  13   9.91997486e+05 -1.58213480e+07  3.26e+02 4.33e-03  1.31e+01    37s
  14   9.02775460e+05 -9.31607838e+06  2.40e+02 2.71e-03  8.09e+00    37s
  15   7.02835367e+05 -6.28040733e+06  4.86e+01 1.72e-03  4.19e+00    38s
  16   3.94507147e+05 -5.66685062e+06  2.11e+00 1.60e-03  3.31e+00    38s
  17   1.22260653e+05 -3.01899347e+06  6.31e-01 2.37e-03  1.47e+00    39s
  18   9.61125153e+04 -1.60681065e+06  4.90e-01 1.32e-03  7.86e-01    39s
  19   7.64974348e+04 -1.12461058e+06  3.62e-01 8.09e-04  5.43e-01    40s
  20   6.37329980e+04 -8.39723106e+05  2.71e-01 7.29e-04  4.02e-01    40s
  21   5.19312666e+04 -5.97082816e+05  1.90e-01 6.44e-04  2.85e-01    40s
  22   4.36545391e+04 -4.35392155e+05  1.45e-01 5.25e-04  2.08e-01    41s
  23   2.96085072e+04 -2.67409227e+05  6.56e-02 3.96e-04  1.27e-01    41s
  24   2.07568769e+04 -1.74231124e+05  1.91e-02 3.03e-04  8.27e-02    42s
  25   1.95475425e+04 -7.18048766e+04  1.42e-02 1.75e-04  3.87e-02    42s
  26   1.71290213e+04 -2.53843239e+04  6.41e-03 9.07e-05  1.80e-02    43s
  27   1.63856390e+04 -1.64592235e+04  4.88e-03 7.12e-05  1.39e-02    43s
  28   1.39291286e+04 -6.59174449e+03  2.26e-03 4.79e-05  8.68e-03    43s
  29   1.37224903e+04 -1.32758940e+03  2.04e-03 9.94e-05  6.37e-03    44s
  30   1.27996217e+04  1.21024513e+03  1.73e-03 9.78e-05  4.90e-03    44s
  31   1.21093644e+04  2.59717367e+03  1.53e-03 7.11e-05  4.02e-03    45s
  32   1.17820499e+04  3.21180143e+03  1.44e-03 5.90e-05  3.63e-03    45s
  33   1.10879560e+04  4.02794054e+03  1.26e-03 3.66e-05  2.99e-03    46s
  34   1.08747867e+04  4.41258761e+03  1.20e-03 2.91e-05  2.73e-03    46s
  35   1.07542639e+04  4.61275737e+03  1.17e-03 2.60e-05  2.60e-03    47s
  36   9.69608384e+03  5.14835242e+03  8.38e-04 1.64e-05  1.92e-03    47s
  37   9.44459834e+03  5.38831530e+03  7.65e-04 1.35e-05  1.72e-03    48s
  38   9.40035794e+03  5.42024163e+03  7.51e-04 1.29e-05  1.68e-03    49s
  39   9.10619929e+03  5.57279803e+03  6.84e-04 6.44e-06  1.49e-03    49s
  40   8.94626675e+03  5.75477566e+03  6.27e-04 4.85e-06  1.35e-03    50s
  41   8.69320687e+03  5.77928710e+03  5.72e-04 2.77e-06  1.23e-03    50s
  42   8.29636815e+03  5.91675591e+03  4.77e-04 1.64e-06  1.01e-03    51s
  43   8.23674821e+03  5.95310789e+03  4.62e-04 1.08e-06  9.66e-04    51s
  44   8.15585487e+03  5.99006956e+03  4.41e-04 8.96e-07  9.16e-04    52s
  45   7.95106320e+03  5.92790061e+03  3.94e-04 1.67e-07  8.56e-04    52s
  46   7.56253286e+03  6.09225466e+03  2.84e-04 9.81e-08  6.22e-04    53s
  47   7.23283926e+03  6.11648786e+03  2.10e-04 2.43e-08  4.72e-04    54s
  48   7.16524965e+03  6.14868869e+03  1.97e-04 2.91e-09  4.30e-04    55s
  49   7.09742691e+03  6.18160182e+03  1.80e-04 1.58e-09  3.87e-04    56s
  50   7.08318250e+03  6.19678806e+03  1.77e-04 1.17e-09  3.75e-04    56s
  51   6.76551682e+03  6.22186612e+03  1.04e-04 8.37e-10  2.30e-04    57s
  52   6.66497569e+03  6.21264070e+03  8.35e-05 5.09e-11  1.91e-04    58s
  53   6.65160996e+03  6.22608195e+03  7.89e-05 3.84e-11  1.80e-04    59s
  54   6.46459707e+03  6.24662423e+03  3.84e-05 2.12e-11  9.22e-05    59s
  55   6.42320098e+03  6.25094902e+03  3.08e-05 3.52e-12  7.29e-05    60s
  56   6.40152889e+03  6.25775263e+03  2.59e-05 4.21e-12  6.08e-05    61s
  57   6.29867912e+03  6.25648094e+03  6.43e-06 3.52e-12  1.78e-05    61s
  58   6.26372018e+03  6.26173000e+03  6.41e-09 3.32e-12  8.41e-07    62s
  59   6.26243864e+03  6.26243664e+03  1.89e-12 3.30e-12  8.42e-10    63s
  60   6.26243736e+03  6.26243735e+03  1.42e-12 3.07e-12  8.42e-13    63s

Barrier solved model in 60 iterations and 63.44 seconds (135.97 work units)
Optimal objective 6.26243736e+03


Root crossover log...

  503861 DPushes remaining with DInf 0.0000000e+00                64s
       0 DPushes remaining with DInf 0.0000000e+00                64s

   50600 PPushes remaining with PInf 0.0000000e+00                64s
       0 PPushes remaining with PInf 0.0000000e+00                65s

  Push phase complete: Pinf 0.0000000e+00, Dinf 3.3440477e-10     65s


Root simplex log...

Iteration    Objective       Primal Inf.    Dual Inf.      Time
  124497    6.2624374e+03   0.000000e+00   0.000000e+00     65s
Concurrent spin time: 5.39s (can be avoided by choosing Method=3)

Solved with barrier
  145196    6.1221655e+03   0.000000e+00   1.775695e+09     75s
  148986    6.0664923e+03   0.000000e+00   4.262775e+06     80s
  155031    5.9985617e+03   0.000000e+00   2.982045e+06     85s
  158811    5.9569365e+03   0.000000e+00   3.419447e+06     90s
  164376    5.9071827e+03   0.000000e+00   5.771745e+06     95s
  170886    5.8706891e+03   0.000000e+00   4.765221e+07    101s
  175046    5.8403939e+03   0.000000e+00   2.450218e+07    105s
  180061    5.8067517e+03   0.000000e+00   1.518876e+08    111s
  184246    5.7838680e+03   0.000000e+00   2.609598e+06    115s
  187881    5.7689510e+03   0.000000e+00   9.322157e+06    120s
  191986    5.7561255e+03   0.000000e+00   1.010548e+07    126s
  195591    5.7423707e+03   0.000000e+00   9.808845e+06    130s
  200083    5.7247848e+03   0.000000e+00   3.475432e+06    135s
  204233    5.7119281e+03   0.000000e+00   4.123398e+06    140s
  207938    5.7007835e+03   0.000000e+00   1.818467e+08    145s
  212038    5.6895219e+03   0.000000e+00   4.971305e+06    150s
  215898    5.6761755e+03   0.000000e+00   9.398192e+06    155s
  219373    5.6669106e+03   0.000000e+00   3.745614e+06    160s
  224003    5.6522498e+03   0.000000e+00   1.846960e+07    165s
  228503    5.6386569e+03   0.000000e+00   3.640954e+06    170s
  231883    5.6317981e+03   0.000000e+00   1.880339e+06    176s
  234753    5.6253255e+03   0.000000e+00   7.096931e+07    180s
  239288    5.6164492e+03   0.000000e+00   2.208259e+07    186s
  242973    5.6086733e+03   0.000000e+00   1.324984e+06    190s
  246623    5.6023218e+03   0.000000e+00   2.200652e+06    195s
  249593    5.5987558e+03   0.000000e+00   1.326930e+06    200s
  253198    5.5952071e+03   0.000000e+00   3.848353e+05    205s
  256448    5.5917729e+03   0.000000e+00   9.320506e+05    210s
  259318    5.5826717e+03   0.000000e+00   4.082316e+05    215s
  262528    5.5714513e+03   0.000000e+00   5.439809e+05    221s
  265653    5.5660414e+03   0.000000e+00   5.950691e+05    225s
  269288    5.5638407e+03   0.000000e+00   2.135853e+05    230s
  273348    5.5558394e+03   0.000000e+00   1.493974e+05    235s
  277368    5.5536734e+03   0.000000e+00   6.333759e+04    240s
  280278    5.5531972e+03   0.000000e+00   5.326042e+03    245s
  283778    5.5508968e+03   0.000000e+00   1.379968e+05    250s
  286713    5.5503665e+03   0.000000e+00   1.593736e+05    255s
  289058    5.5500882e+03   0.000000e+00   3.410642e+02    260s
  291945    6.0785136e+03   1.785719e+01   0.000000e+00    265s
  295013    6.1005279e+03   5.759420e+01   0.000000e+00    270s
  299797    6.1005279e+03   3.954037e+01   0.000000e+00    275s
  303862    6.1005279e+03   3.695070e+04   0.000000e+00    280s
  307057    6.1005279e+03   2.584650e+01   0.000000e+00    285s
  309917    6.2039711e+03   2.193353e+03   0.000000e+00    290s
  311547    6.2234595e+03   2.923149e+03   0.000000e+00    296s
  313047    6.2465119e+03   9.896724e+02   0.000000e+00    300s
  314147    6.2465119e+03   4.339519e+01   0.000000e+00    305s
  315837    6.2465119e+03   4.410275e+01   0.000000e+00    310s
  317872    6.2561827e+03   1.093621e+03   0.000000e+00    316s
  319566    6.2624374e+03   0.000000e+00   0.000000e+00    319s
Extra simplex iterations after uncrush: 195069

Root relaxation: objective 6.262437e+03, 319566 iterations, 296.54 seconds (884.82 work units)
Total elapsed time = 534.60s (DegenMoves)
Total elapsed time = 636.14s (DegenMoves)

    Nodes    |    Current Node    |     Objective Bounds      |     Work
 Expl Unexpl |  Obj  Depth IntInf | Incumbent    BestBd   Gap | It/Node Time

     0     0 6262.43735    0 10208          - 6262.43735      -     -  642s
     0     0 38906.5871    0 12248          - 38906.5871      -     - 1265s
     0     0 42938.3491    0 13822          - 42938.3491      -     - 1321s
     0     0 46145.4866    0 17096          - 46145.4866      -     - 1384s
     0     0 51991.0856    0 21250          - 51991.0856      -     - 1451s
     0     0 57299.0860    0 25949          - 57299.0860      -     - 1502s
     0     0 60761.4181    0 26245          - 60761.4181      -     - 1547s
     0     0 64073.3722    0 28428          - 64073.3722      -     - 1587s
     0     0 75882.1253    0 28511          - 75882.1253      -     - 1632s
     0     0 105647.409    0 30338          - 105647.409      -     - 1655s
     0     0 105647.409    0 30322          - 105647.409      -     - 1658s
     0     0 129754.430    0 17948          - 129754.430      -     - 1760s
     0     0 136923.302    0 19601          - 136923.302      -     - 1794s
     0     0 136924.783    0 19596          - 136924.783      -     - 1800s
     0     0 155147.902    0 25257          - 155147.902      -     - 1923s
     0     0 157828.232    0 25784          - 157828.232      -     - 1969s
     0     0 157828.232    0 25767          - 157828.232      -     - 1971s
     0     0 168648.462    0 27186          - 168648.462      -     - 2082s
     0     0 171232.476    0 29002          - 171232.476      -     - 2117s
     0     0 171905.026    0 29764          - 171905.026      -     - 2132s
     0     0 171905.028    0 29791          - 171905.028      -     - 2138s
     0     0 178188.769    0 21202          - 178188.769      -     - 2214s
     0     0 180659.152    0 16819          - 180659.152      -     - 2241s
     0     0 180659.156    0 16838          - 180659.156      -     - 2249s
     0     0 183315.572    0 23833          - 183315.572      -     - 2319s
     0     0 184180.830    0 19732          - 184180.830      -     - 2346s
     0     0 185142.741    0 21009          - 185142.741      -     - 2359s
     0     0 185665.025    0 22636          - 185665.025      -     - 2374s
     0     0 185665.026    0 22673          - 185665.026      -     - 2380s
     0     0 188855.953    0 23764          - 188855.953      -     - 2444s
     0     0 189622.391    0 24992          - 189622.391      -     - 2459s
     0     0 189651.988    0 25027          - 189651.988      -     - 2469s
     0     0 193498.494    0 20705          - 193498.494      -     - 2537s
     0     0 193982.177    0 22709          - 193982.177      -     - 2571s
     0     0 194037.872    0 22785          - 194037.872      -     - 2577s
     0     0 197533.615    0 20871          - 197533.615      -     - 2680s
     0     0 198637.570    0 24954          - 198637.570      -     - 2710s
     0     0 199184.232    0 20567          - 199184.232      -     - 2726s
     0     0 199336.076    0 21220          - 199336.076      -     - 2736s
     0     0 199336.076    0 21223          - 199336.076      -     - 2738s
     0     0 203015.581    0 27000          - 203015.581      -     - 2820s
     0     0 203998.103    0 22486          - 203998.103      -     - 2833s
     0     0 204127.867    0 22508          - 204127.867      -     - 2838s
     0     0 204127.867    0 22518          - 204127.867      -     - 2842s
     0     0 207372.358    0 27504          - 207372.358      -     - 2920s
     0     0 207496.581    0 26364          - 207496.581      -     - 2956s
     0     0 207648.575    0 29321          - 207648.575      -     - 2989s
     0     0 207727.089    0 30212          - 207727.089      -     - 3007s
     0     0 210327.214    0 23129          - 210327.214      -     - 3083s
     0     0 211139.579    0 31541          - 211139.579      -     - 3127s
     0     0 211443.669    0 26661          - 211443.669      -     - 3148s
     0     0 211443.679    0 26746          - 211443.679      -     - 3152s
     0     0 211873.052    0 30858          - 211873.052      -     - 3197s
     0     0 211922.055    0 31725          - 211922.055      -     - 3215s
     0     0 212096.352    0 22912          - 212096.352      -     - 3249s
     0     0 212223.064    0 19380          - 212223.064      -     - 3263s
     0     0 212281.141    0 22919          - 212281.141      -     - 3272s
     0     0 212400.080    0 26946          - 212400.080      -     - 3340s
     0     0 212442.114    0 26946          - 212442.114      -     - 3371s
     0     2 212442.114    0 26946          - 212442.114      -     - 3544s
     1     4 212442.114    1 22937          - 212442.114      - 66981 3548s
     3     8 212442.114    2 22935          - 212442.114      - 22407 3581s
     7    16 212446.312    3 22945          - 212442.114      - 10507 3622s
    15    26 212446.312    4 22935          - 212446.312      -  6341 3646s
    25    34 212503.867    5 22934          - 212461.379      -  4490 3662s
    35    40 212505.353    6 22399          - 212461.379      -  3526 3685s
    45    50 212570.745    7 23440          - 212461.379      -  3148 3711s
    55    61 212638.937    8 23853          - 212461.379      -  2862 3781s
    66    71 212647.476    9 23434          - 212461.379      -  2578 3827s
    76    84 212742.447   10 22958          - 212461.379      -  2565 3855s
    89    97 212771.370   11 22946          - 212461.379      -  2384 3876s
   102   110 212819.992   12 23377          - 212461.379      -  2251 3899s
   103   110 218498.848   13 25004          - 212461.379      -  2229 3900s
   115   121 212836.181   13 23375          - 212461.379      -  2170 3942s
   126   134 212927.452   14 23844          - 212461.379      -  2181 3976s
   139   147 212934.456   15 22775          - 212461.379      -  2138 4001s
   152   164 213034.483   17 23326          - 212461.379      -  2095 4026s
   169   181 213050.305   18 22008          - 212461.379      -  1992 4047s
   186   197 213100.472   20 22770          - 212461.379      -  1911 4073s
   202   215 213154.396   21 22512          - 212461.379      -  1844 4301s
   220   233 213218.422   23 23372          - 212461.379      -  1785 4323s
   238   256 213231.512   24 23310          - 212461.379      -  1726 4358s
   261   280 213352.786   26 22009          - 212461.379      -  1660 4388s
   285   304 213465.498   29 21526          - 212461.379      -  1599 4425s
   309   329 213548.455   32 22872          - 212461.379      -  1566 4455s
   334   352 213588.177   36 23557          - 212461.379      -  1509 4488s
   357   377 213606.345   39 23379          - 212461.379      -  1482 4517s
   382   406 213627.779   41 23009          - 212461.379      -  1441 4551s
   411   441 213771.046   44 22370          - 212461.379      -  1399 4589s
   446   468 213841.311   47 21539          - 212461.379      -  1347 4627s
   473   496 213881.460   49 22438          - 212461.379      -  1327 4679s
   501   524 214000.127   53 21953          - 212461.379      -  1323 4726s
   529   547 214042.576   55 21723          - 212461.379      -  1322 4767s
   552   585 214096.578   57 19324          - 212461.379      -  1323 4816s
   590   615 214177.488   60 25356          - 212461.379      -  1294 4898s
   620   647 214188.949   61 25560          - 212461.379      -  1306 4943s
   652   673 214368.268   67 26323          - 212461.379      -  1300 5008s
   678   701 214837.360   70 20034          - 212461.379      -  1327 5063s
   706   733 215044.225   73 19941          - 212461.379      -  1342 5116s
   738   761 215224.504   76 22490          - 212461.379      -  1341 5185s
   766   797 215864.612   79 26680          - 212461.379      -  1363 5245s
   802   839 215890.643   80 27173          - 212461.379      -  1358 5313s
   844   881 216411.756   85 26460          - 212461.379      -  1354 5382s
   886   920 216513.527   90 26973          - 212461.379      -  1357 5448s
   925   964 216651.763   92 27176          - 212461.379      -  1360 5516s
   969  1002 216885.581   98 21264          - 212461.379      -  1354 5586s
  1007  1056 217174.376  101 25080          - 212461.379      -  1364 5663s
  1061  1107 217624.515  110 20320          - 212461.379      -  1358 5736s
  1112  1155 217796.371  112 20354          - 212461.379      -  1348 5820s
  1160  1206 218051.836  115 30091          - 212461.379      -  1349 5913s
  1211  1247 218167.203  119 21180          - 212461.379      -  1351 6051s
  1254  1294 218598.179  123 24882          - 212461.379      -  1393 6140s
  1301  1348 218707.541  125 20194          - 212461.379      -  1402 6239s
  1355  1405 218812.988  129 21494          - 212461.379      -  1407 6334s
  1412  1488 218893.350  132 21616          - 212461.379      -  1412 6437s
  1495  1581 219060.284  137 27547          - 212461.379      -  1390 6551s
  1588  1676 219239.954  143 21735          - 212461.379      -  1367 6662s
  1685  1782 219269.591  147 21468          - 212461.379      -  1341 6772s
  1791  1881 219333.296  155 22689          - 212461.379      -  1309 6896s
  1890  1945 219406.088  161 28049          - 212461.379      -  1297 7015s
  1954  2048 219635.883  165 21336          - 212461.379      -  1309 7152s
  2057  2084 219959.363  170 28025          - 212461.379      -  1297 7200s

Cutting planes:
  Learned: 18674
  Gomory: 13
  Lift-and-project: 2
  Cover: 10433
  Implied bound: 71932
  Clique: 3
  MIR: 4363
  StrongCG: 10
  Flow cover: 28838
  GUB cover: 259
  Network: 42
  RLT: 6716
  Relax-and-lift: 33122

Explored 2093 nodes (3909895 simplex iterations) in 7200.87 seconds (19301.06 work units)
Thread count was 10 (of 10 available processors)

Solution count 0

Time limit reached
Best objective -, best bound 2.124613791258e+05, gap -
Warning: linear constraint 681601 and linear constraint 681604 have the same name "lin1_pw_d_0_"
