
Gurobi 11.0.2 (mac64[arm]) logging started Sat Jul 26 21:14:15 2025

Set parameter LogFile to value "../solutions/200/h_log.log"
Gurobi Optimizer version 11.0.2 build v11.0.2rc0 (mac64[arm] - Darwin 24.5.0 24F74)

CPU model: Apple M2 Pro
Thread count: 10 physical cores, 10 logical processors, using up to 10 threads

Optimize a model with 1641605 rows, 960403 columns and 5161202 nonzeros
Model fingerprint: 0x30256e70
Variable types: 280003 continuous, 680400 integer (640200 binary)
Coefficient statistics:
  Matrix range     [1e-03, 1e+06]
  Objective range  [1e+00, 1e+00]
  Bounds range     [1e+00, 5e+01]
  RHS range        [1e+00, 6e+05]
Presolve removed 800207 rows and 120204 columns (presolve time = 5s) ...
Presolve removed 800406 rows and 120403 columns (presolve time = 10s) ...
Presolve removed 800406 rows and 120403 columns (presolve time = 15s) ...
Presolve removed 800056 rows and 120053 columns
Presolve time: 16.71s
Presolved: 841549 rows, 840350 columns, 4733160 nonzeros
Variable types: 240200 continuous, 600150 integer (560349 binary)
Deterministic concurrent LP optimizer: primal simplex, dual simplex, and barrier
Showing barrier log only...

Root barrier log...

Ordering time: 5.16s

Barrier statistics:
 Dense cols : 1652
 AA' NZ     : 1.161e+07
 Factor NZ  : 4.930e+07 (roughly 1.0 GB of memory)
 Factor Ops : 5.157e+10 (less than 1 second per iteration)
 Threads    : 7

                  Objective                Residual
Iter       Primal          Dual         Primal    Dual     Compl     Time
   0   1.64584603e+10 -7.42514631e+09  1.61e+07 1.14e-13  4.28e+05    30s
   1   1.31603386e+10 -6.91776242e+09  1.28e+07 5.83e+02  3.36e+05    30s
   2   9.51720013e+09 -5.91356358e+09  9.28e+06 1.69e+02  2.31e+05    31s
   3   6.45512225e+09 -5.46696390e+09  6.29e+06 1.19e+02  1.58e+05    31s
   4   3.62363526e+09 -4.34939928e+09  3.53e+06 4.47e+01  8.89e+04    32s
   5   1.17138509e+09 -2.81191160e+09  1.14e+06 8.65e-02  3.02e+04    32s
   6   1.13362004e+08 -1.74188382e+09  1.10e+05 7.05e-02  3.37e+03    33s
   7   3.82466258e+07 -4.73017866e+08  3.67e+04 1.22e-01  1.03e+03    33s
   8   3.08413748e+07 -3.10870104e+08  2.94e+04 6.15e-02  7.83e+02    34s
   9   2.38809037e+07 -2.16897556e+08  2.26e+04 4.22e-02  5.85e+02    34s
  10   1.99439001e+07 -2.10696969e+08  1.88e+04 3.79e-02  4.98e+02    34s
  11   7.00083257e+06 -1.51964484e+08  6.19e+03 4.52e-02  1.97e+02    35s
  12   2.17966954e+06 -5.88280191e+07  1.49e+03 8.53e-02  5.52e+01    35s
  13   1.31487341e+06 -4.37508617e+07  6.44e+02 6.42e-02  3.16e+01    36s
  14   1.16592716e+06 -1.76527502e+07  4.99e+02 2.32e-02  1.68e+01    36s
  15   8.88619564e+05 -1.20978691e+07  2.30e+02 1.38e-02  9.30e+00    37s
  16   5.09067173e+05 -8.60607517e+06  4.83e+00 9.78e-03  5.89e+00    37s
  17   2.49284907e+05 -3.57869323e+06  1.80e+00 2.71e-03  2.11e+00    38s
  18   6.52628548e+04 -7.92823749e+05  3.95e-01 1.49e-03  3.98e-01    38s
  19   5.98402657e+04 -3.74265875e+05  3.57e-01 8.22e-04  2.00e-01    38s
  20   5.14404322e+04 -2.38820502e+05  2.98e-01 5.38e-04  1.32e-01    39s
  21   4.74813897e+04 -1.75919136e+05  2.16e-01 4.47e-04  9.97e-02    39s
  22   3.57458176e+04 -1.18316315e+05  1.25e-01 3.39e-04  6.73e-02    40s
  23   2.27876994e+04 -7.49516277e+04  2.57e-02 2.46e-04  4.17e-02    40s
  24   1.70793962e+04 -4.06640522e+04  4.36e-03 1.79e-04  2.45e-02    41s
  25   1.55630167e+04 -4.86557561e+03  2.57e-03 9.21e-05  8.65e-03    41s
  26   1.53174490e+04 -3.53370806e+03  2.47e-03 8.24e-05  7.99e-03    41s
  27   1.49829658e+04 -2.97171527e+03  2.41e-03 7.90e-05  7.61e-03    42s
  28   1.45703831e+04 -1.77778424e+03  2.29e-03 6.84e-05  6.93e-03    42s
  29   1.39410000e+04  4.35804460e+02  2.10e-03 5.26e-05  5.72e-03    43s
  30   1.30306891e+04  1.14683967e+03  1.85e-03 4.16e-05  5.03e-03    44s
  31   1.11081468e+04  2.02030531e+03  1.39e-03 3.13e-05  3.85e-03    44s
  32   1.08620442e+04  2.26446125e+03  1.34e-03 2.57e-05  3.64e-03    45s
  33   1.02829714e+04  2.71586160e+03  1.22e-03 2.09e-05  3.21e-03    45s
  34   9.93494334e+03  2.90136875e+03  1.15e-03 1.49e-05  2.98e-03    46s
  35   9.51325548e+03  3.36456120e+03  1.06e-03 7.76e-06  2.60e-03    46s
  36   8.85734832e+03  3.58480303e+03  9.06e-04 6.40e-06  2.23e-03    47s
  37   8.77077674e+03  3.74244568e+03  8.79e-04 5.56e-06  2.13e-03    48s
  38   7.90151312e+03  3.94646747e+03  6.93e-04 3.44e-06  1.68e-03    48s
  39   7.83386434e+03  4.07246178e+03  6.79e-04 2.09e-06  1.59e-03    49s
  40   7.43675580e+03  4.22071723e+03  5.94e-04 5.48e-07  1.36e-03    49s
  41   7.01404644e+03  4.23106000e+03  5.04e-04 3.77e-07  1.18e-03    50s
  42   6.98423460e+03  4.35410414e+03  4.95e-04 1.83e-07  1.11e-03    51s
  43   6.70157784e+03  4.38984833e+03  4.44e-04 6.75e-08  9.79e-04    51s
  44   6.32244720e+03  4.38989378e+03  3.67e-04 6.84e-09  8.19e-04    52s
  45   6.28238116e+03  4.36899363e+03  3.59e-04 4.32e-12  8.10e-04    52s
  46   5.49910011e+03  4.42349438e+03  1.86e-04 3.50e-12  4.56e-04    53s
  47   5.40320972e+03  4.44854177e+03  1.65e-04 5.00e-12  4.04e-04    53s
  48   5.18630405e+03  4.48770422e+03  1.22e-04 3.30e-12  2.96e-04    54s
  49   5.16354299e+03  4.50129349e+03  1.18e-04 3.07e-12  2.80e-04    54s
  50   5.10349933e+03  4.51053921e+03  1.06e-04 4.43e-12  2.51e-04    55s
  51   4.88611552e+03  4.52692580e+03  6.43e-05 4.04e-12  1.52e-04    55s
  52   4.87990434e+03  4.53670551e+03  6.31e-05 3.64e-12  1.45e-04    56s
  53   4.73210515e+03  4.53712154e+03  3.54e-05 4.77e-12  8.26e-05    56s
  54   4.55479631e+03  4.54434779e+03  7.32e-08 3.64e-12  4.42e-06    57s
  55   4.54869970e+03  4.54868827e+03  5.24e-11 3.52e-12  4.84e-09    57s
  56   4.54869282e+03  4.54869281e+03  4.65e-12 4.21e-12  4.84e-12    58s

Barrier solved model in 56 iterations and 57.83 seconds (137.10 work units)
Optimal objective 4.54869282e+03


Root crossover log...

  505260 DPushes remaining with DInf 0.0000000e+00                58s
       0 DPushes remaining with DInf 0.0000000e+00                59s

   49200 PPushes remaining with PInf 0.0000000e+00                59s
       0 PPushes remaining with PInf 0.0000000e+00                59s

  Push phase complete: Pinf 0.0000000e+00, Dinf 1.1584213e-10     59s


Root simplex log...

Iteration    Objective       Primal Inf.    Dual Inf.      Time
  122341    4.5486928e+03   0.000000e+00   0.000000e+00     60s
Concurrent spin time: 11.92s (can be avoided by choosing Method=3)

Solved with barrier
  139387    4.4752200e+03   0.000000e+00   3.587436e+08     75s
  144941    4.4184590e+03   0.000000e+00   2.405615e+07     80s
  149547    4.3765726e+03   0.000000e+00   1.550511e+07     85s
  152957    4.3461779e+03   0.000000e+00   1.546636e+08     90s
  158047    4.2792671e+03   0.000000e+00   8.633946e+06     95s
  161923    4.2506276e+03   0.000000e+00   1.541633e+07    100s
  166675    4.1900356e+03   0.000000e+00   1.557432e+07    105s
  170695    4.1580545e+03   0.000000e+00   9.089879e+06    111s
  173973    4.1310948e+03   0.000000e+00   1.168035e+07    115s
  178521    4.1062210e+03   0.000000e+00   3.324873e+06    121s
  182665    4.0762267e+03   0.000000e+00   1.704816e+06    125s
  186783    4.0509002e+03   0.000000e+00   4.270842e+07    130s
  191325    4.0131186e+03   0.000000e+00   4.424357e+06    135s
  195659    3.9943761e+03   0.000000e+00   9.813384e+06    141s
  198905    3.9789957e+03   0.000000e+00   8.420276e+06    145s
  202153    3.9666897e+03   0.000000e+00   7.784513e+07    150s
  205161    3.9521170e+03   0.000000e+00   7.506018e+07    155s
  208159    3.9293950e+03   0.000000e+00   8.532993e+06    160s
  211317    3.9091939e+03   0.000000e+00   5.013856e+06    165s
  215075    3.8924843e+03   0.000000e+00   1.396313e+07    171s
  217405    3.8849373e+03   0.000000e+00   4.220921e+06    175s
  220319    3.8720520e+03   0.000000e+00   2.911524e+06    180s
  223349    3.8362180e+03   0.000000e+00   9.035591e+05    185s
  225879    3.8261068e+03   0.000000e+00   9.116045e+05    190s
  229387    3.8112246e+03   0.000000e+00   1.711932e+06    195s
  232347    3.7999706e+03   0.000000e+00   1.956906e+06    200s
  236163    3.7607800e+03   0.000000e+00   6.578446e+05    205s
  239641    3.7493556e+03   0.000000e+00   5.922824e+05    211s
  242355    3.7391338e+03   0.000000e+00   4.351076e+06    215s
  245283    3.7175504e+03   0.000000e+00   4.587396e+05    220s
  248651    3.7101140e+03   0.000000e+00   3.092082e+05    225s
  251565    3.6941612e+03   0.000000e+00   2.799214e+05    230s
  254759    3.6926015e+03   0.000000e+00   1.777040e+05    236s
  257029    3.6919921e+03   0.000000e+00   1.141652e+05    240s
  259937    3.6843141e+03   0.000000e+00   6.400108e+04    245s
  261592    4.1728643e+03   7.745226e+01   0.000000e+00    250s
  263202    4.1728643e+03   3.382115e+03   0.000000e+00    256s
  265142    4.1728643e+03   1.332094e+03   0.000000e+00    261s
  266582    4.1728643e+03   3.026387e+03   0.000000e+00    265s
  268052    4.1728643e+03   8.218349e+02   0.000000e+00    270s
  270032    4.2755630e+03   1.398854e+03   0.000000e+00    275s
  271632    4.2755631e+03   1.970923e+03   0.000000e+00    281s
  272992    4.3678447e+03   5.218852e+03   0.000000e+00    285s
  274972    4.3923612e+03   3.503949e+03   0.000000e+00    290s
  276876    4.3964465e+03   1.654069e+02   0.000000e+00    295s
  277996    4.4086188e+03   6.810787e+03   0.000000e+00    300s
  279516    4.4110544e+03   3.214678e+03   0.000000e+00    305s
  280616    4.4313564e+03   3.395356e+03   0.000000e+00    310s
  281516    4.4324808e+03   4.835805e+03   0.000000e+00    315s
  282306    4.4324808e+03   4.650778e+03   0.000000e+00    321s
  283450    4.5057747e+03   7.510150e+03   0.000000e+00    326s
  284640    4.5057765e+03   1.027968e+04   0.000000e+00    330s
  285650    4.5057765e+03   1.708332e+04   0.000000e+00    335s
  286510    4.5057765e+03   8.526392e+01   0.000000e+00    341s
  287260    4.5057766e+03   1.998315e+04   0.000000e+00    346s
  288030    4.5057766e+03   6.338664e+01   0.000000e+00    350s
  289820    4.5285249e+03   1.660980e+03   0.000000e+00    356s
  290630    4.5285249e+03   1.256945e+03   0.000000e+00    360s
  291600    4.5421679e+03   7.412974e+01   0.000000e+00    366s
  292490    4.5421679e+03   4.939862e+01   0.000000e+00    371s
  293660    4.5421686e+03   2.587029e+02   0.000000e+00    375s
  295990    4.5486951e+03   1.596636e+01   0.000000e+00    381s
  296331    4.5486928e+03   0.000000e+00   0.000000e+00    382s
Extra simplex iterations after uncrush: 173990

Root relaxation: objective 4.548693e+03, 296331 iterations, 359.87 seconds (1145.69 work units)
Total elapsed time = 1121.82s (DegenMoves)
Total elapsed time = 1143.41s (DegenMoves)

    Nodes    |    Current Node    |     Objective Bounds      |     Work
 Expl Unexpl |  Obj  Depth IntInf | Incumbent    BestBd   Gap | It/Node Time

     0     0 4548.69281    0 10200          - 4548.69281      -     - 1182s
     0     0 25023.1205    0 11506          - 25023.1205      -     - 1398s
     0     0 32467.4587    0 16604          - 32467.4587      -     - 1485s
     0     0 38446.4068    0 19173          - 38446.4068      -     - 1555s
     0     0 42082.9884    0 21856          - 42082.9884      -     - 1600s
     0     0 46487.6728    0 29331          - 46487.6728      -     - 1644s
     0     0 50893.0206    0 28107          - 50893.0206      -     - 1689s
     0     0 54472.4278    0 29985          - 54472.4278      -     - 1726s
     0     0 59052.3251    0 27521          - 59052.3251      -     - 1761s
     0     0 89185.4381    0 22343          - 89185.4381      -     - 1793s
     0     0 89185.4381    0 22341          - 89185.4381      -     - 1795s
     0     0 115879.422    0 20954          - 115879.422      -     - 1874s
     0     0 121452.451    0 23129          - 121452.451      -     - 1924s
     0     0 121452.451    0 23115          - 121452.451      -     - 1929s
     0     0 134038.198    0 25803          - 134038.198      -     - 2085s
     0     0 136438.501    0 22278          - 136438.501      -     - 2118s
     0     0 136498.645    0 23579          - 136498.645      -     - 2151s
     0     0 136498.645    0 23593          - 136498.645      -     - 2156s
     0     0 149327.436    0 25455          - 149327.436      -     - 2265s
     0     0 149470.846    0 25035          - 149470.846      -     - 2312s
     0     0 149511.052    0 24633          - 149511.052      -     - 2319s
     0     0 155502.588    0 21667          - 155502.588      -     - 2409s
     0     0 155564.309    0 21453          - 155564.309      -     - 2422s
     0     0 155564.309    0 21524          - 155564.309      -     - 2425s
     0     0 160792.585    0 25119          - 160792.585      -     - 2511s
     0     0 161940.346    0 26109          - 161940.346      -     - 2532s
     0     0 161965.280    0 26131          - 161965.280      -     - 2536s
     0     0 166938.118    0 20660          - 166938.118      -     - 2627s
     0     0 167098.868    0 28779          - 167098.868      -     - 2661s
     0     0 167098.868    0 28780          - 167098.868      -     - 2671s
     0     0 167314.622    0 28553          - 167314.622      -     - 2747s
     0     0 167317.019    0 28613          - 167317.019      -     - 2756s
     0     0 167827.179    0 25490          - 167827.179      -     - 2819s
     0     0 167827.669    0 25490          - 167827.669      -     - 2856s
     0     2 168014.795    0 25490          - 168014.795      -     - 3254s
     1     4 168144.355    1 25417          - 168014.795      - 73625 3277s
     3     8 180442.315    2 21948          - 168146.741      - 27568 3290s
     7    16 184876.322    3 25199          - 168265.672      - 12954 3353s
    15    25 184933.902    4 22314          - 168416.001      -  8036 3381s
    25    35 184937.495    5 22379          - 168537.350      - 24172 5541s
    35    45 184983.276    6 22035          - 168537.350      - 85780 5591s
    45    55 185066.679    7 22021          - 168537.350      - 67157 5613s
    55    68 185272.761    8 26494          - 168537.350      - 55618 5661s
    68    85 185278.876    9 26135          - 168537.350      - 45396 5689s
    85   100 185354.324   11 22170          - 168537.350      - 36626 5767s
   102   115 185410.148   12 24519          - 168537.350      - 30878 5805s
   117   135 185534.389   13 22093          - 168537.350      - 27196 5842s
   137   154 185550.088   14 22083          - 168537.350      - 23417 5886s
   156   173 185669.432   16 24988          - 168537.350      - 20811 5922s
   175   194 185848.636   19 22841          - 168537.350      - 18743 5965s
   196   218 185856.898   20 22839          - 168537.350      - 16903 6012s
   220   243 186126.977   23 22493          - 168537.350      - 15257 6056s
   245   272 186277.888   24 22722          - 168537.350      - 13845 6095s
   274   295 186291.873   25 21907          - 168537.350      - 12484 6127s
   297   330 186569.892   27 21853          - 168537.350      - 11615 6221s
   332   369 186683.462   31 22226          - 168537.350      - 10488 6278s
   371   401 186940.198   37 22684          - 168537.350      -  9499 6364s
   403   441 187145.856   39 25235          - 168537.350      -  8911 6417s
   443   479 187173.900   41 21857          - 168537.350      -  8194 6493s
   481   521 187280.609   45 22270          - 168537.350      -  7666 6569s
   523   567 187450.660   50 23933          - 168537.350      -  7158 6625s
   569   603 192878.197   54 21456          - 168537.350      -  6692 6686s
   605   644 187909.197   55 27672          - 168537.350      -  6363 6743s
   646   684 188199.493   63 25620          - 168537.350      -  6058 6822s
   686   734 188199.784   64 25617          - 168537.350      -  5781 6880s
   736   785 188652.008   71 23130          - 168537.350      -  5458 6952s
   787   835 188804.680   76 21869          - 168537.350      -  5178 7018s
   837   885 188930.637   78 23053          - 168537.350      -  4938 7097s
   887   936 189033.301   80 21296          - 168537.350      -  4732 7169s
   938   950 189239.064   84 23452          - 168537.350      -  4542 7200s

Cutting planes:
  Learned: 22593
  Gomory: 22
  Lift-and-project: 1
  Cover: 4070
  Implied bound: 47674
  Clique: 4
  MIR: 3571
  StrongCG: 17
  Flow cover: 10260
  GUB cover: 340
  Zero half: 72
  Mod-K: 7
  Network: 9
  RLT: 4246
  Relax-and-lift: 9134

Explored 952 nodes (5434748 simplex iterations) in 7200.99 seconds (24311.56 work units)
Thread count was 10 (of 10 available processors)

Solution count 0

Time limit reached
Best objective -, best bound 1.685373495650e+05, gap -
Warning: linear constraint 681601 and linear constraint 681604 have the same name "lin1_pw_d_0_"
