
Gurobi 11.0.2 (mac64[arm]) logging started Sat Jul 26 23:14:29 2025

Set parameter LogFile to value "../solutions/200/i_log.log"
Gurobi Optimizer version 11.0.2 build v11.0.2rc0 (mac64[arm] - Darwin 24.5.0 24F74)

CPU model: Apple M2 Pro
Thread count: 10 physical cores, 10 logical processors, using up to 10 threads

Optimize a model with 1641605 rows, 960403 columns and 5161202 nonzeros
Model fingerprint: 0x27b87785
Variable types: 280003 continuous, 680400 integer (640200 binary)
Coefficient statistics:
  Matrix range     [1e-03, 1e+06]
  Objective range  [1e+00, 1e+00]
  Bounds range     [1e+00, 5e+01]
  RHS range        [1e+00, 6e+05]
Presolve removed 788207 rows and 112204 columns (presolve time = 5s) ...
Presolve removed 788406 rows and 112403 columns (presolve time = 10s) ...
Presolve removed 788406 rows and 112403 columns (presolve time = 15s) ...
Presolve removed 788083 rows and 112080 columns
Presolve time: 16.70s
Presolved: 853522 rows, 848323 columns, 5177860 nonzeros
Variable types: 244200 continuous, 604123 integer (564322 binary)
Deterministic concurrent LP optimizer: primal simplex, dual simplex, and barrier
Showing barrier log only...

Root barrier log...

Ordering time: 5.03s

Barrier statistics:
 Dense cols : 2308
 AA' NZ     : 1.227e+07
 Factor NZ  : 7.128e+07 (roughly 1.2 GB of memory)
 Factor Ops : 1.280e+11 (less than 1 second per iteration)
 Threads    : 7

                  Objective                Residual
Iter       Primal          Dual         Primal    Dual     Compl     Time
   0   1.63987220e+10 -7.38285475e+09  1.60e+07 1.14e-13  4.27e+05    31s
   1   1.36506720e+10 -7.02881824e+09  1.33e+07 6.73e+02  3.52e+05    32s
   2   9.75673672e+09 -6.10201940e+09  9.51e+06 2.70e+02  2.47e+05    32s
   3   4.50779590e+09 -4.61702805e+09  4.40e+06 5.45e+01  1.20e+05    33s
   4   1.62575321e+09 -3.15725375e+09  1.59e+06 4.22e-10  4.57e+04    33s
   5   7.35172889e+07 -2.10193845e+09  7.11e+04 7.43e-01  2.77e+03    34s
   6   3.39336510e+07 -4.54174327e+08  3.25e+04 1.47e-01  9.47e+02    35s
   7   2.60748882e+07 -4.40931524e+08  2.48e+04 1.40e-01  7.62e+02    35s
   8   5.19242215e+06 -1.65670992e+08  4.44e+03 1.43e-02  1.69e+02    36s
   9   1.81027923e+06 -8.14914081e+07  1.14e+03 6.65e-03  5.95e+01    37s
  10   8.93458029e+05 -2.01372478e+07  2.46e+02 7.10e-03  1.42e+01    38s
  11   6.46309620e+05 -1.50707776e+07  6.62e+00 5.98e-03  6.72e+00    39s
  12   1.27488044e+05 -2.80892060e+06  1.32e-02 2.89e-03  1.23e+00    40s
  13   7.05240411e+04 -5.53662468e+05  4.80e-03 8.24e-04  2.61e-01    41s
  14   3.92565585e+04 -2.39659230e+05  2.61e-03 3.99e-04  1.17e-01    41s
  15   3.05296775e+04 -1.64777551e+05  1.76e-03 3.10e-04  8.17e-02    42s
  16   2.96091321e+04 -1.04462403e+05  1.30e-03 2.32e-04  5.61e-02    42s
  17   2.71516088e+04 -8.71873985e+04  1.04e-03 2.05e-04  4.78e-02    43s
  18   2.24306708e+04 -7.50172827e+04  5.97e-04 1.85e-04  4.08e-02    43s
  19   1.98176874e+04 -5.76537541e+04  4.07e-04 1.47e-04  3.24e-02    44s
  20   1.62123181e+04 -4.23791633e+04  1.95e-04 1.08e-04  2.45e-02    44s
  21   1.37063249e+04 -2.76432217e+04  1.02e-04 7.50e-05  1.73e-02    45s
  22   1.33914046e+04 -2.11844729e+04  9.16e-05 6.21e-05  1.45e-02    46s
  23   1.11560685e+04 -1.10406761e+04  5.28e-05 3.82e-05  9.28e-03    46s
  24   1.05016074e+04 -6.57406320e+03  4.30e-05 2.89e-05  7.14e-03    47s
  25   1.00014059e+04 -2.67023797e+03  3.81e-05 1.96e-05  5.30e-03    48s
  26   9.56760193e+03 -8.15328320e+02  3.42e-05 1.52e-05  4.34e-03    48s
  27   8.66051552e+03  1.11045093e+03  2.69e-05 9.67e-06  3.16e-03    49s
  28   8.54948381e+03  1.43610255e+03  2.61e-05 8.81e-06  2.97e-03    50s
  29   8.43249014e+03  1.90925377e+03  2.52e-05 7.56e-06  2.73e-03    51s
  30   7.46795972e+03  2.88332386e+03  1.65e-05 5.50e-06  1.92e-03    52s
  31   7.33017533e+03  3.54386494e+03  1.55e-05 3.43e-06  1.58e-03    52s
  32   7.10401063e+03  4.39181251e+03  1.41e-05 8.22e-07  1.13e-03    53s
  33   7.01923668e+03  4.50580693e+03  1.35e-05 5.92e-07  1.05e-03    54s
  34   6.86187940e+03  4.62200451e+03  1.26e-05 3.17e-07  9.37e-04    54s
  35   6.72050193e+03  4.75811241e+03  1.16e-05 1.09e-07  8.21e-04    55s
  36   6.65468966e+03  4.80024113e+03  1.07e-05 8.74e-08  7.75e-04    56s
  37   6.61214116e+03  4.78938939e+03  1.04e-05 2.03e-08  7.62e-04    57s
  38   5.89189120e+03  4.91673712e+03  4.63e-06 1.05e-08  4.08e-04    58s
  39   5.83922761e+03  4.98218087e+03  4.34e-06 2.86e-09  3.58e-04    59s
  40   5.75356297e+03  4.99973286e+03  3.84e-06 2.25e-09  3.15e-04    59s
  41   5.71892931e+03  5.00852683e+03  3.65e-06 3.73e-10  2.97e-04    60s
  42   5.45432335e+03  5.03034742e+03  2.13e-06 1.76e-10  1.77e-04    61s
  43   5.17582262e+03  5.03402706e+03  5.45e-07 3.84e-12  5.93e-05    62s
  44   5.14221871e+03  5.05669317e+03  3.97e-07 1.25e-11  3.58e-05    63s
  45   5.06611019e+03  5.06308123e+03  3.51e-09 9.41e-12  1.27e-06    64s
  46   5.06382632e+03  5.06380981e+03  3.62e-11 2.96e-12  6.90e-09    65s
  47   5.06381445e+03  5.06381444e+03  3.14e-10 3.64e-12  6.90e-12    66s

Barrier solved model in 47 iterations and 65.52 seconds (197.53 work units)
Optimal objective 5.06381445e+03


Root crossover log...

  510064 DPushes remaining with DInf 0.0000000e+00                66s
       0 DPushes remaining with DInf 0.0000000e+00                66s

   50600 PPushes remaining with PInf 0.0000000e+00                66s
       0 PPushes remaining with PInf 0.0000000e+00                67s

  Push phase complete: Pinf 0.0000000e+00, Dinf 4.0067560e-10     67s


Root simplex log...

Iteration    Objective       Primal Inf.    Dual Inf.      Time
  123360    5.0638144e+03   0.000000e+00   0.000000e+00     67s
Concurrent spin time: 34.28s (can be avoided by choosing Method=3)

Solved with barrier
  139600    4.9697503e+03   0.000000e+00   1.147551e+07    105s
  145197    4.8900968e+03   0.000000e+00   3.550773e+07    110s
  149152    4.8559144e+03   0.000000e+00   2.908866e+06    115s
  151872    4.8361811e+03   0.000000e+00   8.229350e+06    121s
  155871    4.8142223e+03   0.000000e+00   3.655824e+07    125s
  159436    4.7964247e+03   0.000000e+00   8.238827e+08    130s
  161716    4.7789210e+03   0.000000e+00   4.690767e+07    135s
  165027    4.7453485e+03   0.000000e+00   1.851000e+07    140s
  168492    4.7204613e+03   0.000000e+00   7.071867e+06    145s
  171443    4.6913394e+03   0.000000e+00   2.126269e+07    150s
  174137    4.6676608e+03   0.000000e+00   1.440461e+07    155s
  176784    4.6490299e+03   0.000000e+00   3.885673e+07    160s
  180456    4.6200981e+03   0.000000e+00   6.532245e+07    166s
  184155    4.5664508e+03   0.000000e+00   8.515875e+06    170s
  188667    4.5393962e+03   0.000000e+00   8.235833e+06    175s
  193166    4.5102246e+03   0.000000e+00   1.205743e+07    180s
  196667    4.4900659e+03   0.000000e+00   1.017521e+07    185s
  200489    4.4680992e+03   0.000000e+00   8.834692e+07    190s
  204333    4.4457159e+03   0.000000e+00   1.156678e+07    196s
  207821    4.4290585e+03   0.000000e+00   5.132222e+06    200s
  210675    4.4153519e+03   0.000000e+00   1.326766e+06    205s
  214129    4.3952633e+03   0.000000e+00   2.101180e+06    210s
  216546    4.3816329e+03   0.000000e+00   3.388876e+06    215s
  218936    4.3659141e+03   0.000000e+00   2.817344e+06    220s
  222390    4.3145701e+03   0.000000e+00   4.917505e+06    225s
  225811    4.3012275e+03   0.000000e+00   1.291344e+06    230s
  228201    4.2898514e+03   0.000000e+00   3.282192e+06    236s
  231736    4.2486716e+03   0.000000e+00   3.519200e+06    240s
  234666    4.2375527e+03   0.000000e+00   1.860760e+06    245s
  236786    4.2323677e+03   0.000000e+00   2.644385e+06    250s
  240654    4.2017619e+03   0.000000e+00   5.504839e+05    255s
  243751    4.1866069e+03   0.000000e+00   4.990651e+05    260s
  246735    4.1785220e+03   0.000000e+00   5.809719e+05    265s
  250526    4.1651666e+03   0.000000e+00   1.624322e+05    271s
  253036    4.1633958e+03   0.000000e+00   2.300358e+05    275s
  256868    4.1561623e+03   0.000000e+00   6.356330e+04    281s
  258918    4.1558507e+03   0.000000e+00   3.779212e+04    285s
  260788    4.1555194e+03   0.000000e+00   1.314134e+05    291s
  263016    4.7160389e+03   2.441844e+02   0.000000e+00    295s
  265170    4.7160390e+03   3.501731e+03   0.000000e+00    301s
  267861    4.7160393e+03   8.248539e+02   0.000000e+00    305s
  269578    4.7160402e+03   5.938010e+02   0.000000e+00    310s
  270868    4.7517062e+03   1.523143e+03   0.000000e+00    315s
  272128    4.7877373e+03   1.902947e+03   0.000000e+00    320s
  272968    4.7877385e+03   4.124170e+03   0.000000e+00    325s
  273668    4.7877397e+03   2.185425e+03   0.000000e+00    330s
  274478    4.7877401e+03   1.699235e+03   0.000000e+00    335s
  275188    4.7877411e+03   2.325467e+04   0.000000e+00    340s
  276038    4.8374694e+03   8.071149e+04   0.000000e+00    346s
  276738    4.8374708e+03   5.345779e+04   0.000000e+00    350s
  278128    5.0087945e+03   1.537413e+04   0.000000e+00    355s
  278808    5.0088011e+03   5.031870e+05   0.000000e+00    360s
  279518    5.0088040e+03   1.141439e+06   0.000000e+00    365s
  280238    5.0088054e+03   1.311300e+04   0.000000e+00    371s
  280898    5.0088070e+03   3.991807e+04   0.000000e+00    376s
  281538    5.0088115e+03   4.993358e+03   0.000000e+00    380s
  282178    5.0088124e+03   4.361588e+03   0.000000e+00    385s
  283088    5.0088239e+03   4.526039e+03   0.000000e+00    391s
  283908    5.0088333e+03   3.008378e+04   0.000000e+00    395s
  284658    5.0088513e+03   7.050433e+02   0.000000e+00    400s
  286038    5.0088562e+03   2.778580e+02   0.000000e+00    405s
  287198    5.0253490e+03   8.561732e+05   0.000000e+00    410s
  287928    5.0261892e+03   4.402372e+03   0.000000e+00    416s
  289048    5.0262178e+03   1.363067e+02   0.000000e+00    421s
  289728    5.0262318e+03   1.924237e+04   0.000000e+00    426s
  290538    5.0262492e+03   7.224447e+02   0.000000e+00    431s
  291218    5.0262526e+03   2.056168e+02   0.000000e+00    435s
  292068    5.0262553e+03   5.692171e+02   0.000000e+00    441s
  292878    5.0262672e+03   7.716796e+01   0.000000e+00    445s
  294468    5.0414927e+03   2.093623e+01   0.000000e+00    450s
  295778    5.0414972e+03   2.715378e+01   0.000000e+00    456s
  296688    5.0414995e+03   1.553948e+02   0.000000e+00    461s
  297378    5.0415004e+03   3.230601e+02   0.000000e+00    465s
  298518    5.0415022e+03   8.365968e+01   0.000000e+00    471s
  299278    5.0415025e+03   1.270316e+01   0.000000e+00    476s
  300108    5.0415031e+03   2.983621e+02   0.000000e+00    480s
  301198    5.0415052e+03   1.052219e+01   0.000000e+00    486s
  302038    5.0415060e+03   1.531096e+02   0.000000e+00    490s
  302998    5.0415064e+03   1.442846e+02   0.000000e+00    496s
  303808    5.0415068e+03   2.241999e+02   0.000000e+00    501s
  304588    5.0415074e+03   1.507580e+01   0.000000e+00    505s
  305768    5.0415084e+03   2.532414e+01   0.000000e+00    511s
  307438    5.0572240e+03   2.975520e+02   0.000000e+00    516s
  308758    5.0572264e+03   2.295594e+01   0.000000e+00    520s
  310038    5.0641080e+03   1.082292e+01   0.000000e+00    525s
  311033    5.0638144e+03   0.000000e+00   0.000000e+00    529s
Extra simplex iterations after uncrush: 187673

Root relaxation: objective 5.063814e+03, 311033 iterations, 506.37 seconds (1545.48 work units)
Total elapsed time = 1232.07s (DegenMoves)
Total elapsed time = 1311.38s (DegenMoves)

    Nodes    |    Current Node    |     Objective Bounds      |     Work
 Expl Unexpl |  Obj  Depth IntInf | Incumbent    BestBd   Gap | It/Node Time

     0     0 5063.81444    0 10164          - 5063.81444      -     - 1321s
     0     0 31185.8372    0 13748          - 31185.8372      -     - 1748s
     0     0 36254.8226    0 16747          - 36254.8226      -     - 1834s
     0     0 39645.7997    0 17784          - 39645.7997      -     - 1936s
     0     0 42305.4872    0 20983          - 42305.4872      -     - 2033s
     0     0 44720.0326    0 24205          - 44720.0326      -     - 2098s
     0     0 47277.0906    0 27701          - 47277.0906      -     - 2166s
     0     0 51599.6626    0 27839          - 51599.6626      -     - 2237s
     0     0 58682.0176    0 32258          - 58682.0176      -     - 2297s
     0     0 88687.5461    0 26065          - 88687.5461      -     - 2358s
     0     0 88687.5461    0 26065          - 88687.5461      -     - 2359s
     0     0 106138.006    0 26280          - 106138.006      -     - 2457s
     0     0 112778.422    0 24699          - 112778.422      -     - 2486s
     0     0 112778.422    0 24703          - 112778.422      -     - 2488s
     0     0 133166.701    0 27504          - 133166.701      -     - 2643s
     0     0 138229.383    0 27261          - 138229.383      -     - 2671s
     0     0 138229.384    0 27441          - 138229.384      -     - 2678s
     0     0 150122.928    0 28170          - 150122.928      -     - 2788s
     0     0 154659.470    0 27522          - 154659.470      -     - 2831s
     0     0 154772.838    0 27472          - 154772.838      -     - 2847s
     0     0 154772.838    0 27486          - 154772.838      -     - 2849s
     0     0 164261.189    0 28375          - 164261.189      -     - 2942s
     0     0 168783.492    0 27761          - 168783.492      -     - 2973s
     0     0 168804.093    0 28000          - 168804.093      -     - 2980s
     0     0 174520.984    0 27839          - 174520.984      -     - 3043s
     0     0 178007.136    0 26441          - 178007.136      -     - 3102s
     0     0 178776.285    0 27870          - 178776.285      -     - 3128s
     0     0 178971.173    0 28284          - 178971.173      -     - 3134s
     0     0 179034.480    0 27792          - 179034.480      -     - 3138s
     0     0 179034.497    0 28607          - 179034.497      -     - 3141s
     0     0 186737.999    0 30360          - 186737.999      -     - 3235s
     0     0 188860.499    0 29249          - 188860.499      -     - 3258s
     0     0 189306.843    0 32465          - 189306.843      -     - 3270s
     0     0 189453.702    0 27192          - 189453.702      -     - 3273s
     0     0 189453.702    0 27205          - 189453.702      -     - 3274s
     0     0 191742.735    0 25243          - 191742.735      -     - 3325s
     0     0 192162.689    0 21817          - 192162.689      -     - 3341s
     0     0 192246.738    0 22783          - 192246.738      -     - 3352s
     0     0 192246.738    0 22852          - 192246.738      -     - 3355s
     0     0 193507.606    0 21757          - 193507.606      -     - 3425s
     0     0 193842.714    0 24279          - 193842.714      -     - 3439s
     0     0 194109.627    0 24630          - 194109.627      -     - 3447s
     0     0 194109.627    0 24638          - 194109.627      -     - 3450s
     0     0 194571.866    0 27901          - 194571.866      -     - 3507s
     0     0 195287.341    0 27955          - 195287.341      -     - 3548s
     0     0 195287.343    0 28057          - 195287.343      -     - 3556s
     0     0 197157.999    0 31698          - 197157.999      -     - 3659s
     0     0 197668.385    0 28854          - 197668.385      -     - 3690s
     0     0 197737.956    0 29126          - 197737.956      -     - 3709s
     0     0 198405.112    0 24015          - 198405.112      -     - 3781s
     0     0 198785.075    0 23128          - 198785.075      -     - 3807s
     0     0 198989.033    0 24593          - 198989.033      -     - 3846s
     0     0 199192.570    0 26838          - 199192.570      -     - 3886s
     0     0 199192.570    0 26917          - 199192.570      -     - 3891s
     0     0 199461.003    0 24415          - 199461.003      -     - 3935s
     0     0 199728.903    0 27698          - 199728.903      -     - 3997s
     0     0 199728.939    0 27704          - 199728.939      -     - 4010s
     0     0 199811.513    0 25185          - 199811.513      -     - 4062s
     0     0 199811.666    0 25185          - 199811.666      -     - 4090s
     0     2 199819.790    0 25185          - 199819.790      -     - 4802s
     1     4 200714.114    1 27792          - 200566.399      - 133794 5019s
     3     6 200972.030    2 27040          - 200714.114      - 50491 5046s
     7    12 202711.371    3 26901          - 200755.243      - 26518 5167s
    13    22 203047.053    4 25850          - 201026.802      - 18917 5288s
    23    31 203302.548    5 25236          - 201041.619      - 14733 7200s

Cutting planes:
  Learned: 19906
  Gomory: 5
  Cover: 8695
  Implied bound: 63060
  Clique: 3
  MIR: 29253
  StrongCG: 37
  Flow cover: 27087
  GUB cover: 42
  Mod-K: 31
  Network: 24
  RLT: 4329
  Relax-and-lift: 10991

Explored 32 nodes (2964624 simplex iterations) in 7200.67 seconds (21647.27 work units)
Thread count was 10 (of 10 available processors)

Solution count 0

Time limit reached
Best objective -, best bound 2.011170751170e+05, gap -
Warning: linear constraint 681601 and linear constraint 681604 have the same name "lin1_pw_d_0_"
