
Gurobi 11.0.2 (mac64[arm]) logging started Sun Jul 27 18:16:04 2025

Set parameter LogFile to value "../solutions/200/j_log.log"
Gurobi Optimizer version 11.0.2 build v11.0.2rc0 (mac64[arm] - Darwin 24.5.0 24F74)

CPU model: Apple M2 Pro
Thread count: 10 physical cores, 10 logical processors, using up to 10 threads

Optimize a model with 1641605 rows, 960403 columns and 5161202 nonzeros
Model fingerprint: 0x2fe42695
Variable types: 280003 continuous, 680400 integer (640200 binary)
Coefficient statistics:
  Matrix range     [1e-03, 1e+06]
  Objective range  [1e+00, 1e+00]
  Bounds range     [1e+00, 5e+01]
  RHS range        [1e+00, 6e+05]
Presolve removed 799607 rows and 119804 columns (presolve time = 5s) ...
Presolve removed 799806 rows and 120003 columns (presolve time = 10s) ...
Presolve removed 799806 rows and 120003 columns (presolve time = 15s) ...
Presolve removed 799486 rows and 119683 columns
Presolve time: 16.92s
Presolved: 842119 rows, 840720 columns, 5142045 nonzeros
Variable types: 240400 continuous, 600320 integer (560519 binary)
Deterministic concurrent LP optimizer: primal simplex, dual simplex, and barrier
Showing barrier log only...

Root barrier log...

Ordering time: 4.87s

Barrier statistics:
 Dense cols : 2399
 AA' NZ     : 1.206e+07
 Factor NZ  : 7.381e+07 (roughly 1.2 GB of memory)
 Factor Ops : 1.400e+11 (less than 1 second per iteration)
 Threads    : 7

                  Objective                Residual
Iter       Primal          Dual         Primal    Dual     Compl     Time
   0   1.60438284e+10 -7.22732618e+09  1.57e+07 1.14e-13  4.20e+05    30s
   1   1.34012594e+10 -6.81754383e+09  1.31e+07 6.25e+02  3.46e+05    31s
   2   1.10873024e+10 -6.19574298e+09  1.08e+07 3.24e+02  2.77e+05    31s
   3   6.45427191e+09 -5.35054855e+09  6.29e+06 1.28e+02  1.61e+05    32s
   4   4.10806808e+09 -3.90187684e+09  4.01e+06 2.75e+01  9.98e+04    32s
   5   1.65892960e+09 -2.59647741e+09  1.62e+06 8.25e-02  4.13e+04    33s
   6   5.28756929e+07 -1.80224700e+09  5.09e+04 2.99e-01  1.97e+03    34s
   7   2.19652945e+07 -3.92031355e+08  2.08e+04 2.58e-01  6.12e+02    34s
   8   8.61285379e+06 -1.94508649e+08  7.76e+03 1.03e-01  2.43e+02    35s
   9   3.32114822e+06 -1.44871681e+08  2.60e+03 7.26e-02  1.15e+02    36s
  10   1.76937749e+06 -6.01402759e+07  1.09e+03 3.02e-02  4.68e+01    37s
  11   9.79333284e+05 -1.69008064e+07  3.20e+02 8.10e-03  1.35e+01    38s
  12   6.35469067e+05 -1.53285826e+07  7.40e-02 7.29e-03  6.79e+00    38s
  13   1.89174370e+05 -5.43591255e+06  7.62e-03 3.88e-03  2.38e+00    39s
  14   9.49259375e+04 -2.82134012e+06  2.68e-03 2.01e-03  1.23e+00    40s
  15   7.82940776e+04 -1.47087837e+06  2.20e-03 1.05e-03  6.55e-01    40s
  16   6.36630674e+04 -6.37686013e+05  1.76e-03 4.72e-04  2.97e-01    41s
  17   4.67801291e+04 -4.03381766e+05  1.24e-03 3.12e-04  1.90e-01    41s
  18   3.82485081e+04 -2.33283204e+05  9.57e-04 2.08e-04  1.15e-01    42s
  19   3.23379481e+04 -1.84796949e+05  5.80e-04 1.70e-04  9.18e-02    43s
  20   2.50419932e+04 -1.12147449e+05  1.19e-04 1.22e-04  5.80e-02    44s
  21   1.92291878e+04 -5.26258393e+04  4.18e-05 6.39e-05  3.04e-02    45s
  22   1.65709616e+04 -2.23991636e+04  2.42e-05 3.10e-05  1.65e-02    46s
  23   1.22842175e+04 -3.34977831e+03  8.74e-06 1.28e-05  6.61e-03    47s
  24   1.21072440e+04 -3.27767654e+03  8.43e-06 1.01e-05  6.51e-03    48s
  25   1.19610666e+04  3.83266605e+02  7.95e-06 5.57e-06  4.90e-03    49s
  26   1.07423746e+04  2.53575872e+03  6.14e-06 3.00e-06  3.47e-03    49s
  27   1.06936568e+04  2.76809567e+03  6.09e-06 2.73e-06  3.35e-03    50s
  28   1.06174869e+04  2.97582498e+03  6.00e-06 2.50e-06  3.23e-03    51s
  29   1.05191561e+04  3.34334600e+03  5.83e-06 2.21e-06  3.03e-03    52s
  30   9.82809761e+03  3.85456284e+03  4.95e-06 1.68e-06  2.53e-03    52s
  31   9.75655940e+03  4.23258930e+03  4.88e-06 1.18e-06  2.34e-03    53s
  32   9.59007801e+03  4.21216438e+03  4.70e-06 9.03e-07  2.27e-03    54s
  33   9.56233970e+03  4.68161639e+03  4.63e-06 8.27e-07  2.06e-03    55s
  34   8.20018214e+03  5.08847775e+03  2.79e-06 3.90e-07  1.32e-03    56s
  35   8.18429777e+03  5.20749316e+03  2.78e-06 1.33e-07  1.26e-03    56s
  36   7.97287321e+03  5.18525674e+03  2.55e-06 4.37e-08  1.18e-03    57s
  37   7.88715200e+03  5.31165226e+03  2.39e-06 3.50e-08  1.09e-03    58s
  38   7.18750591e+03  5.48951078e+03  1.51e-06 1.11e-08  7.18e-04    59s
  39   6.98082739e+03  5.54041354e+03  1.28e-06 8.92e-09  6.09e-04    60s
  40   6.98069247e+03  5.55095857e+03  1.27e-06 8.39e-09  6.05e-04    61s
  41   6.89637080e+03  5.59439622e+03  1.19e-06 6.86e-09  5.51e-04    62s
  42   6.79593718e+03  5.64062172e+03  1.08e-06 2.24e-09  4.89e-04    62s
  43   6.74104510e+03  5.67274899e+03  1.03e-06 1.36e-09  4.52e-04    63s
  44   6.59290049e+03  5.67562005e+03  8.74e-07 2.92e-09  3.88e-04    64s
  45   6.39048525e+03  5.69507351e+03  6.45e-07 1.86e-09  2.94e-04    65s
  46   6.34609886e+03  5.68849794e+03  6.02e-07 4.32e-12  2.78e-04    66s
  47   6.06985749e+03  5.70783560e+03  3.25e-07 3.66e-12  1.53e-04    67s
  48   5.96331404e+03  5.71284569e+03  2.25e-07 2.84e-12  1.06e-04    68s
  49   5.83917081e+03  5.72458264e+03  8.59e-08 2.73e-12  4.85e-05    69s
  50   5.75008741e+03  5.72803384e+03  1.33e-08 4.22e-12  9.33e-06    70s
  51   5.73289566e+03  5.73245128e+03  3.53e-10 3.87e-12  1.88e-07    71s
  52   5.73254585e+03  5.73254539e+03  6.03e-12 2.90e-12  1.94e-10    72s
  53   5.73254585e+03  5.73254539e+03  6.04e-12 3.85e-06  1.94e-10    73s
  54   5.73254585e+03  5.73254539e+03  6.05e-12 3.90e-06  1.94e-10    74s
  55   5.73254585e+03  5.73254539e+03  6.22e-12 3.63e-06  1.94e-10    75s

Barrier solved model in 55 iterations and 74.53 seconds (233.50 work units)
Optimal objective 5.73254585e+03


Root crossover log...

  502861 DPushes remaining with DInf 0.0000000e+00                75s
    3148 DPushes remaining with DInf 0.0000000e+00                75s
       0 DPushes remaining with DInf 0.0000000e+00                75s

   50605 PPushes remaining with PInf 2.7376760e-05                75s
       0 PPushes remaining with PInf 0.0000000e+00                76s

  Push phase complete: Pinf 0.0000000e+00, Dinf 1.3566657e-10     76s


Root simplex log...

Iteration    Objective       Primal Inf.    Dual Inf.      Time
  124150    5.7325455e+03   0.000000e+00   0.000000e+00     76s
Concurrent spin time: 35.28s (can be avoided by choosing Method=3)

Solved with barrier
  143637    5.5675142e+03   0.000000e+00   1.212387e+07    115s
  147397    5.4874639e+03   0.000000e+00   4.580004e+07    120s
  150651    5.4508122e+03   0.000000e+00   1.106385e+07    126s
  153621    5.4198306e+03   0.000000e+00   5.057925e+07    130s
  157457    5.3941932e+03   0.000000e+00   7.001800e+06    135s
  161531    5.3665711e+03   0.000000e+00   4.515960e+07    140s
  164829    5.3338951e+03   0.000000e+00   5.432873e+06    145s
  168555    5.3039373e+03   0.000000e+00   1.527248e+08    150s
  171883    5.2807092e+03   0.000000e+00   1.646566e+07    155s
  175191    5.2611223e+03   0.000000e+00   4.398338e+06    160s
  178613    5.2445635e+03   0.000000e+00   6.015174e+06    165s
  181991    5.2264255e+03   0.000000e+00   8.841507e+06    170s
  185079    5.2111039e+03   0.000000e+00   3.764464e+06    175s
  188561    5.1867837e+03   0.000000e+00   4.095466e+07    181s
  191459    5.1684328e+03   0.000000e+00   1.343647e+07    185s
  194529    5.1503648e+03   0.000000e+00   5.203882e+06    191s
  197881    5.1339781e+03   0.000000e+00   6.492191e+06    196s
  200689    5.1197855e+03   0.000000e+00   5.811323e+06    200s
  203739    5.1052662e+03   0.000000e+00   1.370705e+07    206s
  206473    5.0900614e+03   0.000000e+00   8.468984e+07    210s
  209033    5.0726951e+03   0.000000e+00   2.330538e+08    215s
  211673    5.0524810e+03   0.000000e+00   7.007852e+06    221s
  214367    5.0332274e+03   0.000000e+00   7.115818e+07    225s
  217051    5.0209952e+03   0.000000e+00   6.758446e+06    230s
  219755    5.0091781e+03   0.000000e+00   3.827446e+06    235s
  222829    4.9949838e+03   0.000000e+00   1.485751e+06    241s
  225433    4.9857664e+03   0.000000e+00   1.359837e+06    246s
  228143    4.9764107e+03   0.000000e+00   5.693845e+06    250s
  230957    4.9667235e+03   0.000000e+00   8.376275e+06    255s
  233801    4.9504838e+03   0.000000e+00   2.206370e+08    260s
  236435    4.9400715e+03   0.000000e+00   3.085126e+06    265s
  238915    4.9328322e+03   0.000000e+00   5.383011e+07    270s
Warning: 1 variables dropped from basis
  241599   -5.5228224e+37   3.231178e+35   5.522822e+07    275s
  258037    2.4859613e+22   1.147670e+35   0.000000e+00    280s
  296970    2.0133709e+03   2.056799e+03   0.000000e+00    285s
  303452    2.0168706e+03   2.624932e+03   0.000000e+00    290s
  307212    2.0168720e+03   7.261560e+03   0.000000e+00    295s
  310802    2.0168723e+03   4.615072e+03   0.000000e+00    301s
  313602    2.0168724e+03   4.868738e+03   0.000000e+00    306s
  316022    2.0168725e+03   5.081353e+03   0.000000e+00    310s
  318842    2.0168727e+03   4.869697e+03   0.000000e+00    316s
  320882    2.0168727e+03   4.674839e+03   0.000000e+00    320s
  323306    3.4887950e+03   5.858875e+02   0.000000e+00    326s
  324846    3.5439208e+03   6.193539e+02   0.000000e+00    330s
  327336    4.1319331e+03   6.319574e+03   0.000000e+00    335s
  329416    4.6503441e+03   6.806695e+02   0.000000e+00    340s
  331006    4.6503442e+03   7.085056e+02   0.000000e+00    346s
  332686    4.6503443e+03   5.471439e+02   0.000000e+00    350s
  334296    4.6503444e+03   6.150870e+02   0.000000e+00    355s
  335636    4.6503445e+03   6.706304e+02   0.000000e+00    360s
  337156    4.6503445e+03   6.310932e+02   0.000000e+00    366s
  338676    4.6503447e+03   6.130569e+02   0.000000e+00    371s
  340086    4.6503448e+03   6.231614e+02   0.000000e+00    376s
  341286    4.6503448e+03   6.013090e+02   0.000000e+00    381s
  342446    4.6503449e+03   5.442259e+02   0.000000e+00    386s
  343576    4.6503450e+03   6.752778e+02   0.000000e+00    390s
  344836    4.6503450e+03   6.636040e+02   0.000000e+00    395s
  346086    4.6503451e+03   5.668489e+02   0.000000e+00    400s
  347276    4.6503451e+03   5.528027e+02   0.000000e+00    406s
  348276    4.6503452e+03   6.520061e+02   0.000000e+00    410s
  349466    4.6506268e+03   5.887497e+02   0.000000e+00    416s
  350416    4.6506269e+03   5.655947e+02   0.000000e+00    420s
  351476    4.6506269e+03   5.821289e+02   0.000000e+00    425s
  352526    4.6506270e+03   5.631409e+02   0.000000e+00    431s
  353416    4.6506271e+03   6.360915e+02   0.000000e+00    435s
  354396    4.6506271e+03   5.720783e+02   0.000000e+00    441s
  355386    4.6506272e+03   6.001342e+02   0.000000e+00    446s
  356406    4.7066597e+03   7.223836e+03   0.000000e+00    450s
  359186    4.8446127e+03   3.575237e+03   0.000000e+00    455s
  361266    5.4257505e+03   7.166566e+03   0.000000e+00    460s
  362076    5.4257515e+03   5.971171e+03   0.000000e+00    465s
  364827    5.6436587e+03   3.818122e+03   0.000000e+00    470s
  367011    5.6885133e+03   1.161589e+03   0.000000e+00    475s
  369091    5.7297980e+03   1.898252e+02   0.000000e+00    481s
  370425    5.7328171e+03   1.038005e+02   0.000000e+00    485s
  370987    5.7325455e+03   0.000000e+00   0.000000e+00    488s
Extra simplex iterations after uncrush: 129388

Root relaxation: objective 5.732546e+03, 370987 iterations, 466.33 seconds (1416.47 work units)
Total elapsed time = 1276.38s (DegenMoves)
Total elapsed time = 1289.09s (DegenMoves)

    Nodes    |    Current Node    |     Objective Bounds      |     Work
 Expl Unexpl |  Obj  Depth IntInf | Incumbent    BestBd   Gap | It/Node Time

     0     0 5732.54550    0 10170          - 5732.54550      -     - 1306s
     0     0 29261.9421    0 13416          - 29261.9421      -     - 1710s
     0     0 36365.5293    0 17630          - 36365.5293      -     - 1810s
     0     0 41823.4082    0 22650          - 41823.4082      -     - 1870s
     0     0 47053.1088    0 23763          - 47053.1088      -     - 1930s
     0     0 51470.0331    0 30550          - 51470.0331      -     - 1987s
     0     0 56036.1875    0 31603          - 56036.1875      -     - 2035s
     0     0 60964.9010    0 31650          - 60964.9010      -     - 2078s
     0     0 68946.2479    0 32506          - 68946.2479      -     - 2117s
     0     0 94295.7109    0 21255          - 94295.7109      -     - 2176s
     0     0 94318.2617    0 20748          - 94318.2617      -     - 2189s
     0     0 94318.2617    0 20745          - 94318.2617      -     - 2191s
     0     0 131321.843    0 24942          - 131321.843      -     - 2382s
     0     0 134631.393    0 23350          - 134631.393      -     - 2399s
     0     0 134631.393    0 23353          - 134631.393      -     - 2400s
     0     0 145572.995    0 24598          - 145572.995      -     - 2531s
     0     0 149076.016    0 22075          - 149076.016      -     - 2589s
     0     0 149474.550    0 23538          - 149474.550      -     - 2611s
     0     0 149474.551    0 23648          - 149474.551      -     - 2613s
     0     0 155655.569    0 21781          - 155655.569      -     - 2730s
     0     0 156715.386    0 22095          - 156715.386      -     - 2762s
     0     0 156715.386    0 22119          - 156715.386      -     - 2765s
     0     0 161827.513    0 23240          - 161827.513      -     - 2866s
     0     0 161838.380    0 23134          - 161838.380      -     - 2876s
     0     0 165806.160    0 22427          - 165806.160      -     - 2979s
     0     0 166690.550    0 17612          - 166690.550      -     - 3030s
     0     0 166729.525    0 18023          - 166729.525      -     - 3037s
     0     0 168638.558    0 19228          - 168638.558      -     - 3110s
     0     0 168829.507    0 19357          - 168829.507      -     - 3120s
     0     0 171097.353    0 20154          - 171097.353      -     - 3200s
     0     0 171618.129    0 16944          - 171618.129      -     - 3230s
     0     0 171834.686    0 16975          - 171834.686      -     - 3236s
     0     0 171834.686    0 17010          - 171834.686      -     - 3238s
     0     0 173577.766    0 18462          - 173577.766      -     - 3312s
     0     0 173680.457    0 19698          - 173680.457      -     - 3330s
     0     0 174461.253    0 21506          - 174461.253      -     - 3401s
     0     0 174670.951    0 19099          - 174670.951      -     - 3414s
     0     0 174670.953    0 19140          - 174670.953      -     - 3420s
     0     0 177849.385    0 21571          - 177849.385      -     - 3517s
     0     0 178510.349    0 22193          - 178510.349      -     - 3545s
     0     0 178510.396    0 22480          - 178510.396      -     - 3551s
     0     0 179257.679    0 21612          - 179257.679      -     - 3630s
     0     0 179801.276    0 22368          - 179801.276      -     - 3657s
     0     0 179913.434    0 22573          - 179913.434      -     - 3662s
     0     0 179939.748    0 24745          - 179939.748      -     - 3671s
     0     0 180322.815    0 22468          - 180322.815      -     - 3728s
     0     0 180564.985    0 22698          - 180564.985      -     - 3748s
     0     0 180701.000    0 22650          - 180701.000      -     - 3752s
     0     0 180701.000    0 22787          - 180701.000      -     - 3753s
     0     0 180890.113    0 22956          - 180890.113      -     - 3814s
     0     0 180928.141    0 22956          - 180928.141      -     - 3841s
     0     2 180928.141    0 22956          - 180928.141      -     - 4259s
     1     4 181042.224    1 22485          - 181042.224      - 64803 4272s
     3     8 181766.447    2 16728          - 181390.998      - 23923 4280s
     7    16 182249.882    3 23568          - 181820.114      - 11468 4292s
    15    26 182784.413    4 16326          - 182005.651      -  5729 4306s
    25    36 182877.355    5 16237          - 182380.801      -  3942 4347s
    35    46 184201.422    5 16328          - 182380.801      -  3629 4368s
    45    56 183439.084    6 25649          - 182599.123      -  3112 4389s
    55    67 184659.977    6 17006          - 182602.486      -  3011 4410s
    66    78 185601.069    7 17013          - 182968.672      -  2906 4481s
    77    89 185715.512    8 18611          - 182968.672      -  2994 4500s
    88    99 185872.411    9 17407          - 182968.672      -  2848 4524s
    90    99 185677.057    9 18027          - 182968.672      -  2838 4525s
    98   111 186053.440   10 17409          - 182968.672      -  2886 4562s
   110   119 186157.564   11 17814          - 182968.672      -  2928 4593s
   120   130 186578.836   12 16976          - 182968.672      -  3011 4629s
   133   146 186816.792   13 21181          - 182968.672      -  2994 4668s
   153   158 186844.194   14 18785          - 182968.672      -  2842 4695s
   166   171 186999.769   16 23128          - 182968.672      -  2797 4755s
   181   188 190925.016   16 18085          - 182968.672      -  2846 4799s
   200   200 191462.628   17 20300          - 182968.672      -  2732 4833s
   215   215 269526.996   18 20473          - 182968.672      -  2707 4870s
   233   228 210522.586   19 22881          - 182968.672      -  2632 4923s
   250   242 210712.526   20 23050          - 182968.672      -  2632 4968s
   265   257 213469.391   23 23895          - 182968.672      -  2675 5029s
   282   275 214423.145   24 24733          - 182968.672      -  2680 5854s
   302   298 214981.563   26 27589          - 182968.672      -  3051 5932s
   327   328 216086.495   30 28963          - 182968.672      -  3017 5997s
   359   366 227046.799   33 15587          - 182968.672      -  2934 6064s
   398   404 227734.601   36 15720          - 182968.672      -  2781 6123s
   436   455 228053.866   39 16935          - 182968.672      -  2664 6247s
   487   501 228707.491   43 22792          - 182968.672      -  2555 6302s
   533   540 228721.123   44 21603          - 182968.672      -  2420 6405s
   573   585 247664.177   47 14020          - 182968.672      -  2376 6471s
   619   642 253403.904   49 13127          - 182968.672      -  2301 6560s
   676   711 255332.572   52 12975          - 182968.672      -  2180 6624s
   747   773 300756.961   53 13402          - 182968.672      -  2068 7160s
   811   854 301748.330   54 14002          - 182968.672      -  1949 7200s

Cutting planes:
  Learned: 19640
  Gomory: 4
  Cover: 9161
  Implied bound: 56580
  Clique: 3
  MIR: 5545
  StrongCG: 36
  Flow cover: 20656
  GUB cover: 514
  Zero half: 3
  Mod-K: 13
  Network: 35
  RLT: 4994
  Relax-and-lift: 7922

Explored 892 nodes (2950761 simplex iterations) in 7200.97 seconds (20591.47 work units)
Thread count was 10 (of 10 available processors)

Solution count 0

Time limit reached
Best objective -, best bound 1.829686715712e+05, gap -
Warning: linear constraint 681601 and linear constraint 681604 have the same name "lin1_pw_d_0_"
