
Gurobi 11.0.2 (mac64[arm]) logging started Fri Jul 25 01:17:52 2025

Set parameter LogFile to value "../solutions/100/a_log.log"
Gurobi Optimizer version 11.0.2 build v11.0.2rc0 (mac64[arm] - Darwin 24.5.0 24F74)

CPU model: Apple M2 Pro
Thread count: 10 physical cores, 10 logical processors, using up to 10 threads

Optimize a model with 410805 rows, 240203 columns and 1290602 nonzeros
Model fingerprint: 0x55c987bd
Variable types: 70003 continuous, 170200 integer (160100 binary)
Coefficient statistics:
  Matrix range     [1e-03, 1e+06]
  Objective range  [1e+00, 1e+00]
  Bounds range     [1e+00, 5e+01]
  RHS range        [1e+00, 6e+05]
Presolve removed 198803 rows and 29200 columns
Presolve time: 3.15s
Presolved: 212002 rows, 211003 columns, 1074043 nonzeros
Variable types: 60500 continuous, 150503 integer (140602 binary)
Deterministic concurrent LP optimizer: primal simplex, dual simplex, and barrier
Showing barrier log only...

Root barrier log...

Ordering time: 1.73s
Ordering time: 2.03s

Barrier statistics:
 Dense cols : 100
 AA' NZ     : 2.733e+06
 Factor NZ  : 5.652e+06 (roughly 200 MB of memory)
 Factor Ops : 5.285e+08 (less than 1 second per iteration)
 Threads    : 7

                  Objective                Residual
Iter       Primal          Dual         Primal    Dual     Compl     Time
   0   4.01731978e+09 -1.81504566e+09  3.92e+06 1.14e-13  4.23e+05     7s
   1   2.86559041e+09 -1.50680868e+09  2.79e+06 1.43e+02  3.01e+05     7s
   2   1.85888315e+08 -1.07588126e+09  1.81e+05 2.35e-10  2.14e+04     7s
   3   2.75821755e+07 -7.67177147e+08  2.63e+04 1.64e-10  4.02e+03     7s
   4   5.49831178e+06 -1.93233266e+08  4.75e+03 3.07e-10  7.67e+02     7s
   5   1.33082910e+06 -2.26364010e+07  6.89e+02 1.92e-10  9.74e+01     7s
   6   1.04880137e+06 -1.88439223e+07  4.16e+02 1.53e-10  6.70e+01     7s
   7   6.96237074e+05 -9.57634616e+06  7.37e+01 7.11e-11  2.27e+01     7s
   8   4.71498264e+05 -5.39308060e+06  3.22e-01 3.56e-11  1.01e+01     8s
   9   1.21132814e+05 -8.52333138e+05  6.20e-13 5.57e-12  1.64e+00     8s
  10   9.55944388e+04 -4.02541471e+04  5.45e-13 5.00e-12  2.28e-01     8s
  11   6.57327423e+04 -3.19505138e+04  1.23e-12 3.69e-12  1.64e-01     8s
  12   4.78185082e+04 -1.62136097e+04  2.43e-12 2.39e-12  1.08e-01     8s
  13   3.62454410e+04 -1.00439108e+04  1.40e-12 1.76e-12  7.78e-02     8s
  14   2.29491399e+04 -4.86054434e+03  8.26e-13 1.82e-12  4.68e-02     8s
  15   2.14446914e+04 -2.34409311e+03  1.18e-12 2.55e-12  4.00e-02     8s
  16   1.64763577e+04 -7.59607866e+02  9.86e-13 2.37e-12  2.90e-02     8s
  17   1.62873716e+04  7.94502467e+02  9.65e-13 3.08e-12  2.61e-02     8s
  18   1.44675819e+04  1.07372871e+03  9.45e-13 3.55e-12  2.25e-02     8s
  19   1.23929060e+04  2.26227977e+03  6.16e-13 2.47e-12  1.70e-02     8s
  20   1.15881137e+04  3.23586391e+03  9.88e-13 1.82e-12  1.40e-02     8s
  21   9.86003477e+03  3.92965960e+03  7.25e-13 1.88e-12  9.97e-03     9s
  22   9.31548818e+03  4.04571972e+03  2.13e-12 2.52e-12  8.86e-03     9s
  23   8.75938306e+03  4.18276940e+03  2.13e-12 3.02e-12  7.70e-03     9s
  24   7.41975294e+03  4.47101726e+03  5.67e-12 3.51e-12  4.96e-03     9s
  25   6.88666271e+03  4.53657105e+03  5.31e-12 2.27e-12  3.95e-03     9s
  26   6.06616319e+03  4.65646219e+03  6.02e-12 3.41e-12  2.37e-03     9s
  27   5.81127080e+03  4.68458446e+03  4.96e-12 2.56e-12  1.89e-03     9s
  28   5.76857108e+03  4.72946732e+03  4.64e-12 2.05e-12  1.75e-03     9s
  29   5.33979700e+03  4.74296093e+03  6.73e-12 1.76e-12  1.00e-03     9s
  30   5.10203777e+03  4.75471025e+03  8.90e-12 2.14e-12  5.84e-04     9s
  31   5.05939096e+03  4.76188226e+03  7.62e-12 1.82e-12  5.00e-04     9s
  32   4.99172567e+03  4.76536468e+03  1.64e-11 2.96e-12  3.81e-04     9s
  33   4.77294840e+03  4.76926248e+03  1.03e-11 3.07e-12  6.20e-06     9s
  34   4.77019577e+03  4.77019204e+03  3.95e-12 1.82e-12  6.27e-09     9s
  35   4.77019297e+03  4.77019298e+03  1.13e-10 3.38e-12  1.15e-14     9s

Barrier solved model in 35 iterations and 9.49 seconds (17.11 work units)
Optimal objective 4.77019297e+03


Root crossover log...

  126626 DPushes remaining with DInf 0.0000000e+00                10s
       0 DPushes remaining with DInf 0.0000000e+00                10s

   13000 PPushes remaining with PInf 0.0000000e+00                10s
       0 PPushes remaining with PInf 0.0000000e+00                10s

  Push phase complete: Pinf 0.0000000e+00, Dinf 3.8990270e-11     10s


Root simplex log...

Iteration    Objective       Primal Inf.    Dual Inf.      Time
   31468    4.7701930e+03   0.000000e+00   0.000000e+00     10s
Concurrent spin time: 0.18s

Solved with barrier
   35339    4.7367650e+03   0.000000e+00   5.548176e+05     10s
   52829    4.5084253e+03   0.000000e+00   1.078945e+06     15s
   61909    4.4705369e+03   0.000000e+00   7.540589e+04     20s
   67259    4.4702052e+03   0.000000e+00   5.281156e+04     25s
   72639    4.4700613e+03   0.000000e+00   9.395737e+03     30s
   78213    4.7668328e+03   8.430256e+02   0.000000e+00     35s
   81590    4.7701930e+03   0.000000e+00   0.000000e+00     38s
Extra simplex iterations after uncrush: 50122

Root relaxation: objective 4.770193e+03, 81590 iterations, 33.61 seconds (109.69 work units)
Total elapsed time = 76.48s (DegenMoves)

    Nodes    |    Current Node    |     Objective Bounds      |     Work
 Expl Unexpl |  Obj  Depth IntInf | Incumbent    BestBd   Gap | It/Node Time

     0     0 4770.19298    0 2731          - 4770.19298      -     -   80s
     0     0 32150.3801    0 3455          - 32150.3801      -     -  106s
     0     0 37472.1635    0 3581          - 37472.1635      -     -  111s
     0     0 40294.9820    0 4186          - 40294.9820      -     -  114s
     0     0 42920.4286    0 4966          - 42920.4286      -     -  118s
     0     0 45962.4545    0 4951          - 45962.4545      -     -  120s
     0     0 48831.9467    0 6187          - 48831.9467      -     -  128s
     0     0 51640.6913    0 5401          - 51640.6913      -     -  132s
     0     0 56383.8709    0 5731          - 56383.8709      -     -  136s
     0     0 89262.5324    0 6108          - 89262.5324      -     -  141s
     0     0 89262.5324    0 6110          - 89262.5324      -     -  141s
     0     0 105783.592    0 4363          - 105783.592      -     -  149s
     0     0 112114.638    0 4467          - 112114.638      -     -  153s
     0     0 112114.638    0 4538          - 112114.638      -     -  154s
     0     0 127858.697    0 4743          - 127858.697      -     -  164s
     0     0 129714.858    0 4698          - 129714.858      -     -  166s
     0     0 129714.858    0 4713          - 129714.858      -     -  167s
     0     0 141986.417    0 5819          - 141986.417      -     -  176s
     0     0 142513.471    0 7670          - 142513.471      -     -  180s
     0     0 142513.471    0 7750          - 142513.471      -     -  182s
     0     0 144407.819    0 6386          - 144407.819      -     -  190s
     0     0 144971.661    0 7063          - 144971.661      -     -  194s
     0     0 144971.662    0 7086          - 144971.662      -     -  195s
     0     0 146927.448    0 7317          - 146927.448      -     -  204s
     0     0 149595.922    0 5735          - 149595.922      -     -  207s
     0     0 149649.729    0 5728          - 149649.729      -     -  208s
     0     0 152870.788    0 5276          - 152870.788      -     -  215s
     0     0 154998.188    0 6193          - 154998.188      -     -  220s
     0     0 155287.469    0 5848          - 155287.469      -     -  222s
     0     0 155287.489    0 5853          - 155287.489      -     -  223s
     0     0 157375.093    0 3649          - 157375.093      -     -  229s
     0     0 157442.551    0 3953          - 157442.551      -     -  230s
     0     0 157853.089    0 3958          - 157853.089      -     -  231s
     0     0 157853.089    0 3954          - 157853.089      -     -  232s
     0     0 161460.113    0 5971          - 161460.113      -     -  239s
     0     0 161611.841    0 5167          - 161611.841      -     -  242s
     0     0 161642.319    0 5454          - 161642.319      -     -  244s
     0     0 163070.881    0 7214          - 163070.881      -     -  253s
     0     0 163706.486    0 8620          - 163706.486      -     -  257s
     0     0 163771.396    0 8418          - 163771.396      -     -  258s
     0     0 165932.111    0 5784          - 165932.111      -     -  266s
     0     0 166730.691    0 5852          - 166730.691      -     -  268s
     0     0 166987.519    0 7784          - 166987.519      -     -  270s
     0     0 167435.826    0 7807          - 167435.826      -     -  271s
     0     0 167486.339    0 8252          - 167486.339      -     -  272s
     0     0 168841.407    0 5266          - 168841.407      -     -  280s
     0     0 169008.176    0 5769          - 169008.176      -     -  282s
     0     0 169214.625    0 5321          - 169214.625      -     -  283s
     0     0 169557.239    0 5316          - 169557.239      -     -  286s
     0     0 169618.322    0 5322          - 169618.322      -     -  287s
     0     0 171649.414    0 5365          - 171649.414      -     -  293s
     0     0 171927.847    0 4855          - 171927.847      -     -  297s
     0     0 171977.931    0 7045          - 171977.931      -     -  302s
     0     0 172342.260    0 5152          - 172342.260      -     -  307s
     0     0 172350.320    0 5152          - 172350.320      -     -  311s
     0     2 172394.132    0 5152          - 172394.132      -     -  365s
     1     4 172831.627    1 7654          - 172831.627      - 32238  370s
     7    14 176571.213    3 6915          - 173509.526      -  6667  376s
    14    23 177002.709    4 6543          - 174116.543      -  4360  382s
    24    33 177110.636    5 8710          - 174900.755      -  3737  387s
    34    43 179061.800    6 9250          - 174900.755      -  3475  394s
    44    53 179131.945    7 8887          - 175062.592      -  3316  399s
    54    62 179260.870    8 7919          - 175068.550      -  3220  404s
    64    74 179289.452    9 7919          - 175068.550      -  3066  412s
    76    88 179550.888   11 8204          - 175068.550      -  3171  416s
    90   101 179574.442   12 6495          - 175068.550      -  2890  422s
   103   116 179579.735   13 6498          - 175068.550      -  2774  428s
   118   132 179759.352   14 6495          - 175068.550      -  2635  432s
   134   148 179879.528   16 8509          - 175068.550      -  2485  438s
   150   167 179939.035   19 8658          - 175068.550      -  2378  445s
   169   185 180037.724   21 8779          - 175068.550      -  2276  451s
   187   209 180119.069   22 10457          - 175068.550      -  2192  457s
   211   226 180213.495   25 10213          - 175068.550      -  2092  464s
   228   247 180510.971   26 10446          - 175068.550      -  2083  471s
   249   268 185338.370   26 6063          - 175068.550      -  2038  478s
   270   288 180558.857   27 10605          - 175068.550      -  1998  486s
   290   307 180667.870   28 10601          - 175068.550      -  1986  492s
   309   329 191945.688   29 7326          - 175068.550      -  1977  500s
   331   346 180849.632   30 8450          - 175068.550      -  1953  508s
   348   363 180894.222   31 7133          - 175068.550      -  1992  516s
   365   386 181233.098   33 8288          - 175068.550      -  2041  525s
   388   410 181255.669   34 8355          - 175068.550      -  2034  532s
   412   440 181787.441   36 8306          - 175068.550      -  2018  542s
   442   478 181879.947   37 8906          - 175068.550      -  2004  550s
   480   510 182260.963   40 8210          - 175068.550      -  1927  559s
   512   536 182530.413   45 7646          - 175068.550      -  1902  569s
   538   571 182698.931   46 7743          - 175068.550      -  1900  578s
   573   607 184056.716   47 4532          - 175068.550      -  1870  591s
   609   654 183500.933   53 5466          - 175068.550      -  1857  601s
   656   691 183690.931   56 5690          - 175068.550      -  1800  628s
   693   747 183933.796   59 5649          - 175068.550      -  1785  639s
   749   786 184345.461   64 4744          - 175068.550      -  1735  653s
   788   838 185138.395   69 8139          - 175068.550      -  1742  666s
   840   890 185467.629   72 6585          - 175068.550      -  1724  684s
   892   946 186536.131   78 8932          - 175068.550      -  1722  699s
   948  1017 187433.840   82 8159          - 175068.550      -  1702  717s
  1020  1085 188632.724   92 8609          - 175068.550      -  1679  731s
  1088  1165 188814.607   95 8276          - 175068.550      -  1640  747s
  1168  1267 189171.093  100 8210          - 175068.550      -  1603  767s
  1270  1376 190543.019  109 7987          - 175068.550      -  1546  781s
  1379  1504 192021.885  119 7349          - 175068.550      -  1485  796s
  1508  1646 192263.046  126 7828          - 175068.550      -  1413  812s
  1652  1736 193399.715  137 7358          - 175068.550      -  1342  830s
  1754  1853 333448.901  139 4772          - 175068.550      -  1321  847s
  1874  1987 342225.259  152 4496          - 175068.550      -  1293  864s
  2008  2155 350575.705  164 3912          - 175068.550      -  1256  882s
  2178  2321 361773.893  182 4145          - 175068.550      -  1203  900s
  2348  2495 366070.986  195 4676          - 175068.550      -  1161  919s
  2522  2698 369317.586  205 4175          - 175068.550      -  1124  940s
  2725  2925 373408.137  212 4016          - 175068.550      -  1076  961s
  2958  3067 380934.683  229 4029          - 175068.550      -  1028  978s
  3102  3282 382351.712  238 3925          - 175068.550      -  1006  999s
  3317  3493 388270.321  270 3651          - 175068.550      -   979 1020s
  3530  3698 394022.309  301 3494          - 175068.550      -   956 1041s
  3735  3955 400981.115  322 3637          - 175068.550      -   940 1144s
  3994  4140  postponed  330               - 175068.550      -   957 1336s
  4189  4416 infeasible  331               - 175746.022      -  1003 1435s
  4484  4670 182092.146    7 4803          - 175746.022      -   984 2390s
  4742  4944 193855.575   12 4584          - 175746.022      -  1146 2574s
H 4801  4663                    518396.46766 175746.022  66.1%  1163 2574s
H 5033  4645                    426996.27251 175746.022  58.8%  1157 2615s
H 5049  4589                    394163.28510 175746.022  55.4%  1157 2615s
H 5058  3926                    366274.86652 175746.022  52.0%  1158 2615s
H 5092  3458                    348877.98647 175746.022  49.6%  1157 2615s
  5096  3628 220649.954   28 3088 348877.986 175746.022  49.6%  1159 2660s
H 5121  3628                    348877.43839 175746.022  49.6%  1156 2660s
H 5122  3628                    348701.07125 175746.022  49.6%  1156 2660s
H 5187  3628                    348701.00200 175746.022  49.6%  1159 2660s
H 5285  3810                    348700.95194 175746.022  49.6%  1163 2705s
H 5285  3781                    344216.06670 175746.022  48.9%  1163 2705s
H 5387  3781                    344215.86967 175746.022  48.9%  1165 2705s
H 5401  2281                    251473.43228 175746.022  30.1%  1167 2705s
H 5471  1921                    225706.86458 175746.022  22.1%  1170 2711s
  5472  1895 188387.899   11 5152 225706.865 175746.022  22.1%  1170 2909s
H 5473  1801                    225706.83082 175746.022  22.1%  1170 2970s
  5474  1801 210181.872  117 5419 225706.831 175746.022  22.1%  1170 2983s
H 5474  1711                    225706.83004 175746.022  22.1%  1170 3036s
H 5474  1625                    225706.82449 175746.022  22.1%  1170 3050s
  5476  1627 209650.567   72 7571 225706.824 175746.022  22.1%  1169 3089s
H 5476  1546                    225706.82319 175746.022  22.1%  1169 3105s
  5477  1546 191912.662  105 8057 225706.823 175746.022  22.1%  1169 3115s
  5478  1547 206568.376   80 4684 225706.823 175746.022  22.1%  1169 3127s
  5479  1548 192287.685   16 7364 225706.823 175746.022  22.1%  1168 3144s
H 5479  1470                    225706.82134 175746.022  22.1%  1168 3151s
  5480  1470 206953.470  167 7339 225706.821 175746.022  22.1%  1168 3156s
H 5480  1396                    225706.81847 175746.022  22.1%  1168 3173s
  5481  1397 206446.452  200 6581 225706.818 175746.022  22.1%  1168 3178s
  5482  1398 224031.264   44 7218 225706.818 175746.022  22.1%  1168 3190s
H 5482  1328                    225706.81162 175746.022  22.1%  1168 3195s
  5484  1329 210993.728   47 7091 225706.812 175746.022  22.1%  1167 3204s
  5485  1330 199844.241  106 7487 225706.812 175746.022  22.1%  1167 3212s
H 5485  1264                    225706.80188 175746.022  22.1%  1167 3227s
  5486  1264 196080.117  120 7582 225706.802 175746.022  22.1%  1167 3271s
H 5486  1200                    225706.80030 175746.022  22.1%  1167 3322s
H 5486  1140                    225706.79873 175746.022  22.1%  1167 3322s
H 5486  1083                    225706.79688 175746.022  22.1%  1167 3322s
  5487  1084 199214.239   38 3970 225706.797 175746.022  22.1%  1167 3342s
H 5487  1029                    225706.79530 175746.022  22.1%  1167 3349s
  5488  1030 217100.117  165 3618 225706.795 175746.022  22.1%  1167 3383s
  5489  1030 193624.898   18 5658 225706.795 175746.022  22.1%  1166 3439s
  5490  1031 195267.560  122 4597 225706.795 175746.022  22.1%  1166 3457s
  5491  1032 220338.312  133 3524 225706.795 175746.022  22.1%  1166 3462s
  5492  1032 195762.445   41 6703 225706.795 175867.141  22.1%  1166 3472s
  5493  1033 208171.879   17 6736 225706.795 175890.917  22.1%  1166 3478s
  5494  1034 199658.371  140 6772 225706.795 175890.920  22.1%  1165 3513s
  5495  1034 191918.811   67 5610 225706.795 176161.255  22.0%  1165 3581s
  5496  1035 218071.972  100 4738 225706.795 177260.047  21.5%  1165 3609s
  5497  1036 195550.103   15 6136 225706.795 177670.122  21.3%  1165 3623s
  5498  1036 223026.186   90 4447 225706.795 177825.488  21.2%  1164 3631s
  5499  1037 181634.963   22 4478 225706.795 177894.794  21.2%  1164 3636s
  5500  1038 191023.375  135 4491 225706.795 177911.537  21.2%  1164 3663s
  5501  1038 212947.681  162 6535 225706.795 179107.185  20.6%  1164 3742s
  5502  1039 210487.782   76 9544 225706.795 180481.192  20.0%  1164 3777s
  5503  1040 195163.731  152 6565 225706.795 180757.143  19.9%  1163 3787s
  5504  1040 189387.810  103 6606 225706.795 180842.861  19.9%  1163 3795s
  5505  1041 182798.574    6 9529 225706.795 180930.436  19.8%  1163 3803s
  5506  1042 222843.163  164 6901 225706.795 180991.205  19.8%  1163 3813s
  5507  1042 181220.927    5 9329 225706.795 181064.956  19.8%  1163 3821s
  5508  1043 187423.782   20 9370 225706.795 181069.895  19.8%  1162 3848s
  5509  1044 195322.623  177 10177 225706.795 182395.588  19.2%  1162 3901s
  5510  1044 198705.528  127 9585 225706.795 183237.718  18.8%  1162 3930s
  5511  1045 196855.002   80 6149 225706.795 183423.691  18.7%  1162 3938s
  5512  1046 188208.831   11 7786 225706.795 183623.234  18.6%  1162 3945s
  5513  1046 213294.096  108 7947 225706.795 183834.840  18.6%  1161 3951s
  5514  1047 187237.256    8 7967 225706.795 183837.222  18.6%  1161 3996s
  5515  1048 213191.474   91 7423 225706.795 184800.683  18.1%  1161 4080s
  5516  1048 190957.121   24 7743 225706.795 184855.968  18.1%  1161 4128s
  5517  1049 186281.845   64 8026 225706.795 185505.035  17.8%  1160 4203s
  5518  1050 188011.087   10 8011 225706.795 185633.861  17.8%  1160 4232s
  5519  1050 190379.914  106 8080 225706.795 185650.252  17.7%  1160 4265s
  5520  1051 192900.082   36 9304 225706.795 186044.820  17.6%  1160 4373s
  5521  1052 199531.552   19 10344 225706.795 186168.527  17.5%  1160 4412s
  5522  1052 214746.895  115 8110 225706.795 186237.102  17.5%  1159 4423s
  5523  1053 187474.553   82 9531 225706.795 186248.746  17.5%  1159 4464s
  5524  1054 200354.813  162 9061 225706.795 186623.253  17.3%  1159 4521s
  5525  1054 206321.470  261 9183 225706.795 186758.178  17.3%  1159 4531s
  5526  1055 190243.948   55 7933 225706.795 186924.762  17.2%  1159 4543s
  5527  1056 207190.560  182 7965 225706.795 186952.007  17.2%  1158 4549s
  5528  1056 198476.913   63 9945 225706.795 186964.249  17.2%  1158 4595s
  5529  1057 215862.385   69 5828 225706.795 187092.741  17.1%  1158 4656s
  5530  1058 224237.848   85 9920 225706.795 187107.834  17.1%  1158 4708s
  5531  1058 199588.430   89 9363 225706.795 187339.513  17.0%  1158 4773s
  5532  1059 203640.063  115 8197 225706.795 187407.252  17.0%  1157 4786s
  5533  1060 188477.031   17 8858 225706.795 187510.275  16.9%  1157 4798s
  5534  1060 187524.329   32 8969 225706.795 187524.329  16.9%  1157 4839s
  5535  1061 217949.536   87 8429 225706.795 187817.202  16.8%  1157 4896s
H 5535  1007                    224862.61042 187817.202  16.5%  1157 4905s
  5536  1008 190383.541  126 8601 224862.610 187817.202  16.5%  1156 4944s
  5537  1008 194859.004   51 9710 224862.610 187938.410  16.4%  1156 4999s
  5538  1009 207340.059   12 9664 224862.610 187938.410  16.4%  1156 5041s
  5539  1010 200671.903   77 9738 224862.610 188157.661  16.3%  1156 5096s
  5540  1010 200809.494  156 8864 224862.610 188172.245  16.3%  1156 5106s
  5541  1011 199008.166   82 12017 224862.610 188258.565  16.3%  1155 5121s
  5542  1012 222275.319   68 11961 224862.610 188279.788  16.3%  1155 5127s
  5543  1012 188283.180   49 12057 224862.610 188283.180  16.3%  1155 5170s
  5544  1013 212663.241  107 6389 224862.610 189731.923  15.6%  1155 5231s
  5545  1014 190510.536   56 12784 224862.610 190055.903  15.5%  1155 5254s
  5546  1014 200278.522   51 9500 224862.610 190698.412  15.2%  1154 5271s
  5547  1015 220404.450   19 12969 224862.610 190846.203  15.1%  1154 5280s
  5549  1016 209982.682  148 12110 224862.610 190931.919  15.1%  1154 5287s
  5550  1017 199843.283   61 12133 224862.610 190931.919  15.1%  1154 5323s
  5551  1018 198824.265  119 11477 224862.610 191467.524  14.9%  1153 5394s
  5552  1018 199738.628  141 8570 224862.610 192241.671  14.5%  1153 5409s
  5553  1019 192344.821   67 12673 224862.610 192344.821  14.5%  1153 5461s
  5554  1020 207405.939  292 12037 224862.610 192650.254  14.3%  1153 5468s
  5555  1020 218497.165   96 11330 224862.610 192735.619  14.3%  1153 5472s
  5556  1021 206590.026  108 11343 224862.610 192737.751  14.3%  1152 5513s
  5557  1022 218408.360  159 9632 224862.610 193590.408  13.9%  1152 5575s
  5558  1022 193700.712   21 12239 224862.610 193700.712  13.9%  1152 5581s
  5559  1023 207618.917   55 11805 224862.610 193755.572  13.8%  1152 5585s
  5561  1024 219473.632  183 12270 224862.610 193775.710  13.8%  1151 5632s
  5562  1025 194311.486   76 8134 224862.610 194311.486  13.6%  1151 5680s
  5563  1026 196552.693   42 9645 224862.610 194459.472  13.5%  1151 5689s
  5564  1026 217274.030   23 9757 224862.610 194459.473  13.5%  1151 5725s
  5565  1027 212927.133   85 8048 224862.610 194767.688  13.4%  1150 5785s
  5566  1028 223350.065  129 12995 224862.610 194767.688  13.4%  1150 5840s
  5567  1028 194811.846   25 13250 224862.610 194811.846  13.4%  1150 5913s
  5568  1029 194977.702   90 13887 224862.610 194977.702  13.3%  1150 5925s
  5569  1030 222618.858   18 13216 224862.610 195067.137  13.3%  1150 5930s
  5570  1030 195083.341   19 12943 224862.610 195083.341  13.2%  1149 5978s
  5571  1031 206355.991   70 13725 224862.610 195611.049  13.0%  1149 6049s
  5572  1032 195740.556   11 14715 224862.610 195740.556  13.0%  1149 6060s
  5574  1033 210181.872  117 14229 224862.610 195863.192  12.9%  1149 6067s
  5575  1034 221826.373  148 14601 224862.610 195863.429  12.9%  1148 6116s
  5576  1034 209650.567   72 11166 224862.610 196051.704  12.8%  1148 6175s
  5577  1035 196051.704  105 11202 224862.610 196051.704  12.8%  1148 6218s
  5578  1036 206568.376   80 9783 224862.610 196121.658  12.8%  1148 6274s
  5579  1036 196149.636   16 13062 224862.610 196149.636  12.8%  1148 6282s
  5580  1037 206953.470  167 10984 224862.610 196150.074  12.8%  1147 6328s
  5581  1038 206446.452  200 10975 224862.610 196150.252  12.8%  1147 6382s
  5582  1038 224031.264   44 13398 224862.610 196162.177  12.8%  1147 6438s
  5583  1039 211713.259   59 13476 224862.610 196219.514  12.7%  1147 6506s
  5584  1040 210993.728   47 12975 224862.610 196219.862  12.7%  1147 6561s
  5585  1040 199844.241  106 11881 224862.610 196454.408  12.6%  1146 6635s
  5586  1041 196604.710  120 14794 224862.610 196604.710  12.6%  1146 6653s
  5587  1042 199214.239   38 13409 224862.610 196631.050  12.6%  1146 6660s
  5588  1042 217100.117  165 13843 224862.610 196641.465  12.6%  1146 6716s
  5589  1043 196924.102   18 12042 224862.610 196924.102  12.4%  1145 6783s
  5590  1044 197051.743  122 13949 224862.610 197051.743  12.4%  1145 6797s
  5591  1044 220338.312  133 12960 224862.610 197066.442  12.4%  1145 6852s
  5592  1045 197163.117   41 12148 224862.610 197163.117  12.3%  1145 6919s
  5593  1046 208171.879   17 12503 224862.610 197163.117  12.3%  1145 6973s
  5594  1046 199658.371  140 11718 224862.610 197190.298  12.3%  1144 7037s
  5595  1047 197193.880   67 12970 224862.610 197193.880  12.3%  1144 7088s
  5596  1048 218071.972  100 11848 224862.610 197246.858  12.3%  1144 7151s

Cutting planes:
  Learned: 322
  Gomory: 33
  Cover: 2437
  Implied bound: 26415
  Projected implied bound: 521
  Clique: 9
  MIR: 21520
  Mixing: 2
  StrongCG: 31
  Flow cover: 24874
  GUB cover: 917
  Inf proof: 1
  Zero half: 2
  Mod-K: 21
  Network: 13
  RLT: 710
  Relax-and-lift: 4837
  BQP: 1

Explored 5598 nodes (8406425 simplex iterations) in 7200.16 seconds (21123.46 work units)
Thread count was 10 (of 10 available processors)

Solution count 10: 224863 225707 225707 ... 225707

Time limit reached
Best objective 2.248626104235e+05, best bound 1.972468577844e+05, gap 12.2812%
Warning: linear constraint 170801 and linear constraint 170804 have the same name "lin1_pw_d_0_"
