
Gurobi 11.0.2 (mac64[arm]) logging started Thu Jul 24 15:21:42 2025

Set parameter LogFile to value "../solutions/100/b_log.log"
Gurobi Optimizer version 11.0.2 build v11.0.2rc0 (mac64[arm] - Darwin 24.5.0 24F74)

CPU model: Apple M2 Pro
Thread count: 10 physical cores, 10 logical processors, using up to 10 threads

Optimize a model with 410805 rows, 240203 columns and 1290602 nonzeros
Model fingerprint: 0x25dbef4d
Variable types: 70003 continuous, 170200 integer (160100 binary)
Coefficient statistics:
  Matrix range     [1e-03, 1e+06]
  Objective range  [1e+00, 1e+00]
  Bounds range     [1e+00, 5e+01]
  RHS range        [1e+00, 6e+05]
Presolve removed 200904 rows and 30601 columns
Presolve time: 3.56s
Presolved: 209901 rows, 209602 columns, 1064345 nonzeros
Variable types: 59800 continuous, 149802 integer (139901 binary)
Deterministic concurrent LP optimizer: primal simplex, dual simplex, and barrier
Showing barrier log only...

Root barrier log...

Ordering time: 1.78s
Ordering time: 2.00s

Barrier statistics:
 Dense cols : 104
 AA' NZ     : 2.428e+06
 Factor NZ  : 6.113e+06 (roughly 200 MB of memory)
 Factor Ops : 1.149e+09 (less than 1 second per iteration)
 Threads    : 7

                  Objective                Residual
Iter       Primal          Dual         Primal    Dual     Compl     Time
   0   4.12545292e+09 -1.86572025e+09  4.02e+06 1.14e-13  4.30e+05     7s
   1   2.79978059e+09 -1.67794251e+09  2.73e+06 3.88e+02  2.88e+05     8s
   2   9.53287658e+08 -1.17951990e+09  9.27e+05 1.11e-09  1.03e+05     8s
   3   2.25420391e+07 -7.00916121e+08  2.13e+04 9.26e-08  3.47e+03     8s
   4   8.23656359e+06 -2.08617288e+08  7.41e+03 4.33e-09  1.04e+03     8s
   5   1.49281492e+06 -3.85192449e+07  8.42e+02 6.88e-10  1.39e+02     8s
   6   1.36147743e+06 -2.51574526e+07  7.14e+02 3.68e-10  1.01e+02     8s
   7   1.12509311e+06 -1.96035029e+07  4.84e+02 2.55e-10  7.20e+01     8s
   8   6.95685737e+05 -1.04904293e+07  6.62e+01 2.14e-10  2.36e+01     8s
   9   2.56989985e+05 -5.38102819e+06  1.47e+00 1.90e-10  1.09e+01     8s
  10   1.44779655e+05 -3.83191914e+06  2.34e-13 1.36e-10  6.74e+00     8s
  11   7.09348424e+04 -1.85189830e+06  1.83e-13 6.36e-11  3.26e+00     8s
  12   6.29485955e+04 -1.52516074e+06  1.87e-13 5.39e-11  2.69e+00     8s
  13   4.80646284e+04 -1.06360341e+06  1.24e-13 3.76e-11  1.89e+00     8s
  14   3.87049308e+04 -4.28713610e+05  1.42e-13 1.85e-11  7.93e-01     8s
  15   3.30959016e+04 -2.59320401e+05  1.10e-13 1.15e-11  4.96e-01     8s
  16   2.92816579e+04 -1.69837011e+05  1.15e-13 7.71e-12  3.38e-01     9s
  17   2.78988788e+04 -1.19503859e+05  1.17e-13 5.44e-12  2.50e-01     9s
  18   2.51381852e+04 -9.68874567e+04  1.23e-13 4.56e-12  2.07e-01     9s
  19   2.23759587e+04 -7.38730476e+04  1.17e-13 5.57e-12  1.63e-01     9s
  20   1.95942682e+04 -4.91862506e+04  1.35e-13 6.37e-12  1.17e-01     9s
  21   1.52971968e+04 -1.76891843e+04  1.69e-13 7.05e-12  5.59e-02     9s
  22   1.35889229e+04 -1.17573404e+04  1.23e-13 4.77e-12  4.30e-02     9s
  23   1.27085934e+04 -2.73919949e+03  9.68e-14 6.03e-12  2.62e-02     9s
  24   1.16512781e+04  6.22321768e+02  1.23e-13 4.44e-12  1.87e-02     9s
  25   1.10740915e+04  3.61107430e+03  1.08e-13 3.86e-12  1.27e-02     9s
  26   9.43149208e+03  4.39283735e+03  8.70e-13 7.16e-12  8.54e-03     9s
  27   9.30634868e+03  4.74918604e+03  7.74e-13 3.69e-12  7.73e-03     9s
  28   8.91985597e+03  5.03737910e+03  3.73e-12 4.21e-12  6.58e-03     9s
  29   8.41242708e+03  5.11345492e+03  3.24e-12 3.92e-12  5.59e-03     9s
  30   7.95459202e+03  5.17577283e+03  2.44e-12 3.41e-12  4.71e-03     9s
  31   7.42470392e+03  5.23621461e+03  2.13e-12 6.03e-12  3.71e-03    10s
  32   7.39310187e+03  5.31306447e+03  2.99e-12 4.89e-12  3.53e-03    10s
  33   6.38323467e+03  5.45474587e+03  7.36e-11 4.51e-12  1.57e-03    10s
  34   6.21665640e+03  5.48525988e+03  6.21e-11 4.13e-12  1.24e-03    10s
  35   6.06366136e+03  5.49161358e+03  4.83e-11 6.03e-12  9.70e-04    10s
  36   5.90796121e+03  5.52344926e+03  9.38e-11 4.21e-12  6.52e-04    10s
  37   5.58668432e+03  5.53445520e+03  1.93e-11 5.68e-12  8.86e-05    10s
  38   5.53667686e+03  5.53609661e+03  1.22e-10 4.32e-12  9.84e-07    10s
  39   5.53622107e+03  5.53622085e+03  2.51e-11 7.73e-12  3.76e-10    10s
  40   5.53622093e+03  5.53622093e+03  1.58e-11 3.13e-12  1.26e-14    10s

Barrier solved model in 40 iterations and 10.11 seconds (17.64 work units)
Optimal objective 5.53622093e+03


Root crossover log...

  125129 DPushes remaining with DInf 0.0000000e+00                10s
       0 DPushes remaining with DInf 0.0000000e+00                10s

   13000 PPushes remaining with PInf 0.0000000e+00                10s
       0 PPushes remaining with PInf 0.0000000e+00                10s

  Push phase complete: Pinf 0.0000000e+00, Dinf 5.1535665e-11     10s


Root simplex log...

Iteration    Objective       Primal Inf.    Dual Inf.      Time
   31171    5.5362209e+03   0.000000e+00   0.000000e+00     10s
Concurrent spin time: 0.05s

Solved with barrier
   45384    5.1212518e+03   0.000000e+00   4.919943e+06     15s
   55161    4.9303835e+03   0.000000e+00   7.346090e+06     20s
   62157    4.8660409e+03   0.000000e+00   5.584363e+05     25s
   67517    4.8593686e+03   0.000000e+00   7.979608e+04     30s
   72127    4.8585087e+03   0.000000e+00   6.448137e+04     35s
   77277    4.8579692e+03   0.000000e+00   2.513933e+04     40s
   82457    4.8576237e+03   0.000000e+00   4.704192e+04     45s
   87747    4.8572982e+03   0.000000e+00   2.799662e+04     50s
   93057    4.8570635e+03   0.000000e+00   1.549691e+04     55s
   98167    4.8568071e+03   0.000000e+00   1.206311e+04     60s
  103177    4.8566222e+03   0.000000e+00   8.740974e+03     65s
  108307    4.8564574e+03   0.000000e+00   2.553565e+04     70s
  113437    4.8562834e+03   0.000000e+00   2.053487e+04     75s
  118327    4.8561516e+03   0.000000e+00   4.029875e+03     80s
  123666    5.3056143e+03   1.357304e+02   0.000000e+00     85s
  129878    5.5362211e+03   3.613197e+02   0.000000e+00     90s
  130978    5.5362209e+03   0.000000e+00   0.000000e+00     91s
Extra simplex iterations after uncrush: 99807

Root relaxation: objective 5.536221e+03, 130978 iterations, 86.14 seconds (280.03 work units)
Total elapsed time = 116.76s (DegenMoves)

    Nodes    |    Current Node    |     Objective Bounds      |     Work
 Expl Unexpl |  Obj  Depth IntInf | Incumbent    BestBd   Gap | It/Node Time

     0     0 5536.22093    0 2730          - 5536.22093      -     -  121s
     0     0 44231.7315    0 3992          - 44231.7315      -     -  146s
     0     0 54284.7822    0 5217          - 54284.7822      -     -  152s
     0     0 60956.7712    0 6837          - 60956.7712      -     -  156s
     0     0 65000.3235    0 5755          - 65000.3235      -     -  160s
     0     0 66726.9228    0 7087          - 66726.9228      -     -  164s
     0     0 68803.2731    0 7513          - 68803.2731      -     -  166s
     0     0 69673.3758    0 6869          - 69673.3758      -     -  169s
     0     0 72059.4182    0 6260          - 72059.4182      -     -  172s
     0     0 72582.1673    0 5954          - 72582.1673      -     -  174s
     0     0 73436.4762    0 5462          - 73436.4762      -     -  176s
     0     0 74106.9884    0 6159          - 74106.9884      -     -  177s
     0     0 74949.9475    0 6162          - 74949.9475      -     -  178s
     0     0 75988.6670    0 4917          - 75988.6670      -     -  179s
     0     0 75988.6670    0 4916          - 75988.6670      -     -  179s
     0     0 103863.426    0 4975          - 103863.426      -     -  191s
     0     0 108678.411    0 5706          - 108678.411      -     -  196s
     0     0 108678.411    0 5775          - 108678.411      -     -  198s
     0     0 119194.069    0 6031          - 119194.069      -     -  211s
     0     0 119253.653    0 6095          - 119253.653      -     -  214s
     0     0 119253.654    0 6186          - 119253.654      -     -  215s
     0     0 122581.169    0 7072          - 122581.169      -     -  226s
     0     0 124904.221    0 6856          - 124904.221      -     -  230s
     0     0 124905.341    0 6884          - 124905.341      -     -  230s
     0     0 127810.798    0 6600          - 127810.798      -     -  240s
     0     0 131771.290    0 7909          - 131771.290      -     -  244s
     0     0 131847.491    0 6734          - 131847.491      -     -  245s
     0     0 131953.490    0 6746          - 131953.490      -     -  245s
     0     0 131953.490    0 6753          - 131953.490      -     -  246s
     0     0 136986.695    0 8846          - 136986.695      -     -  256s
     0     0 138307.394    0 10408          - 138307.394      -     -  263s
     0     0 138500.764    0 9653          - 138500.764      -     -  264s
     0     0 138500.764    0 9667          - 138500.764      -     -  265s
     0     0 148539.148    0 7847          - 148539.148      -     -  277s
     0     0 149657.232    0 7753          - 149657.232      -     -  279s
     0     0 149671.160    0 8041          - 149671.160      -     -  280s
     0     0 154352.717    0 9337          - 154352.717      -     -  291s
     0     0 154768.890    0 9314          - 154768.890      -     -  294s
     0     0 155720.814    0 6793          - 155720.814      -     -  303s
     0     0 156019.081    0 7403          - 156019.081      -     -  305s
     0     0 156107.426    0 7199          - 156107.426      -     -  307s
     0     0 156107.426    0 7238          - 156107.426      -     -  307s
     0     0 159014.588    0 7865          - 159014.588      -     -  315s
     0     0 160686.931    0 6762          - 160686.931      -     -  318s
     0     0 161093.630    0 6791          - 161093.630      -     -  319s
     0     0 161093.630    0 6817          - 161093.630      -     -  320s
     0     0 164364.079    0 6487          - 164364.079      -     -  329s
     0     0 164753.118    0 6880          - 164753.118      -     -  337s
     0     0 164821.960    0 7370          - 164821.960      -     -  340s
     0     0 168385.810    0 8775          - 168385.810      -     -  352s
     0     0 169473.691    0 8060          - 169473.691      -     -  358s
     0     0 169476.252    0 8149          - 169476.252      -     -  360s
     0     0 171029.639    0 11534          - 171029.639      -     -  373s
     0     0 171247.968    0 7743          - 171247.968      -     -  374s
     0     0 171247.968    0 7781          - 171247.968      -     -  375s
     0     0 171594.938    0 8256          - 171594.938      -     -  382s
     0     0 172321.929    0 11899          - 172321.929      -     -  385s
     0     0 172561.959    0 10453          - 172561.959      -     -  389s
     0     0 172633.976    0 10327          - 172633.976      -     -  392s
     0     0 173026.805    0 7856          - 173026.805      -     -  400s
     0     0 173356.449    0 8130          - 173356.449      -     -  402s
     0     0 173499.023    0 8144          - 173499.023      -     -  403s
     0     0 173523.287    0 8157          - 173523.287      -     -  404s
     0     0 174011.769    0 12921          - 174011.769      -     -  414s
     0     0 174228.440    0 12076          - 174228.440      -     -  416s
     0     0 174261.570    0 12374          - 174261.570      -     -  418s
     0     0 174456.237    0 9688          - 174456.237      -     -  426s
     0     0 174620.670    0 11584          - 174620.670      -     -  431s
     0     0 174620.686    0 11623          - 174620.686      -     -  432s
     0     0 174665.919    0 9281          - 174665.919      -     -  437s
     0     0 174797.823    0 9281          - 174797.823      -     -  440s
     0     2 174797.823    0 9281          - 174797.823      -     -  476s
     3     8 181144.376    2 9249          - 175405.429      -  5662  480s
     7    12 181213.788    3 9276          - 176399.232      -  2945  486s
    15    22 181836.652    4 9093          - 181132.565      -  2253  504s
    25    32 181869.328    5 9093          - 181201.488      -  2431  507s
    35    42 182351.414    6 8826          - 181376.005      -  2039  511s
    55    63 183034.268    8 8820          - 181462.786      -  1549  516s
    68    76 183078.025    9 8816          - 181462.786      -  1437  521s
   101   106 183265.419   13 8823          - 181462.786      -  1195  532s
   115   121 183501.215   14 12623          - 181462.786      -  1401  548s
   130   141 183521.462   15 12541          - 181462.786      -  1641  555s
   170   181 183637.546   19 8804          - 181462.786      -  1439  563s
   190   201 184214.730   21 9360          - 181462.786      -  1414  567s
   210   219 184230.911   22 8271          - 181462.786      -  1349  570s
   228   241 184333.249   23 8257          - 181462.786      -  1310  575s
   280   298 186844.297   28 8270          - 181462.786      -  1174  584s
   307   326 185711.114   29 8274          - 181462.786      -  1135  589s
   335   348 185933.223   30 8087          - 181462.786      -  1087  597s
   357   381 186023.110   32 8088          - 181462.786      -  1074  604s
   390   398 187038.930   33 4609          - 181462.786      -  1030  611s
   407   444 187158.018   34 4609          - 181462.786      -  1040  615s
   453   488 187797.215   41 4796          - 181462.786      -   967  625s
   497   526 187840.070   44 4794          - 181462.786      -   927  634s
   537   556 188143.186   47 4479          - 181462.786      -   898  645s
   569   582 188224.132   49 4673          - 181462.786      -   911  660s
   595   629 188459.109   51 4642          - 181462.786      -   910  667s
   642   663 188759.089   57 4512          - 181462.786      -   890  673s
   678   709 188890.620   63 4656          - 181462.786      -   885  679s
   724   760 189102.769   70 7557          - 181462.786      -   871  686s
   775   836 189178.066   75 5027          - 181462.786      -   848  694s
   851   903 189743.879   82 4903          - 181462.786      -   806  702s
   920   962 202753.548   90 5021          - 181462.786      -   778  712s
   979  1010 203488.700   94 8447          - 181462.786      -   768  720s
  1027  1073 203892.815   97 6491          - 181462.786      -   778  726s
  1090  1161 203928.106   98 7701          - 181462.786      -   760  734s
  1178  1247 205045.858  118 5324          - 181462.786      -   734  741s
  1264  1334 205333.320  127 5423          - 181462.786      -   714  750s
  1351  1399 205621.081  136 3891          - 181462.786      -   695  759s
  1418  1460 205929.746  145 4603          - 181462.786      -   691  772s
  1481  1554 206153.581  155 5186          - 181462.786      -   698  780s
  1575  1634 206380.802  161 6471          - 181462.786      -   687  790s
  1657  1736 206776.163  164 8047          - 181462.786      -   684  803s
  1759  1832 207150.659  170 4721          - 181462.786      -   678  815s
  1855  1933 207804.441  188 4140          - 181462.786      -   674  826s
  1956  2029 208234.671  196 7457          - 181462.786      -   664  952s
  2056  2153 208542.791  201 4890          - 181462.786      -   737 1171s
  2182  2339 209051.873  217 3849          - 181462.786      -   776 1186s
  2368  2530 210125.960  246 4264          - 181462.786      -   741 1201s
  2563  2729 210900.646  273 4592          - 181462.786      -   708 1215s
  2762  2922 211278.484  290 3953          - 181462.786      -   680 1362s
  2957  3145 211832.168  318 4018          - 181462.786      -   675 1464s
  3182  3412 212409.881  338 4879          - 181462.786      -   675 1488s
  3453  3749 213444.511  362 5739          - 181462.786      -   646 1507s
  3790  3973 214886.343  393 5633          - 181462.786      -   607 1533s
  4014  4197 215629.186  423 7962          - 181462.786      -   597 1721s
  4247  4365 216737.750  464 5462          - 181462.786      -   666 2377s
  4423  4571 218751.537  499 5584          - 181462.786      -   819 2587s
  4645  4767 219796.011  527 7268          - 181462.786      -   850 2669s
  4859  5035 220589.953  567 7252          - 181462.786      -   857 2814s
  5129  5305 221592.424  613 8063          - 181462.786      -   852 3136s
  5399  5580 223606.794  636 7375          - 181462.786      -   870 3385s
  5684  5949 225639.084  676 8285          - 181462.786      -   916 3922s
  6055  6333 227663.573  751 6657          - 181462.786      -   934 4343s
  6448  6334 211703.721   80 9281          - 181462.786      -   991 4448s
  6450  6335 343064.066  524 4778          - 181462.786      -   990 4494s
  6451  6336 339215.874  582 5006          - 181462.786      -   990 4542s
  6452  6337 280755.701  412 7004          - 181462.786      -   990 4572s
  6453  6337 253065.224  661 7911          - 181462.786      -   990 4601s
  6454  6338 302435.625  746 7915          - 181462.786      -   990 4632s
  6455  6339 351613.022  204 7000          - 181462.786      -   990 4664s
  6456  6339 331720.849  303 10241          - 181462.786      -   989 4694s
  6457  6340 234398.706  562 6282          - 181462.786      -   989 4704s
  6458  6341 329178.533  344 7620          - 181462.786      -   989 4717s
  6459  6341 196880.908   14 9688          - 181462.786      -   989 4732s
  6460  6342 280460.538  635 8403          - 181462.786      -   989 4794s
  6461  6343 217583.146  171 6450          - 181462.786      -   989 4830s
  6463  6344 217245.153  240 5850          - 181462.786      -   988 4840s
  6464  6345 216277.415  208 6165          - 181462.786      -   988 4878s
  6465  6345 205774.266   14 5642          - 181462.786      -   988 4926s
  6466  6346 228293.681  776 5750          - 181462.786      -   988 4931s
  6467  6347 365718.092  334 6170          - 181462.786      -   988 4968s
  6468  6347 384488.461  799 9298          - 181462.786      -   988 5047s
  6469  6348 321111.206  120 8658          - 181462.786      -   987 5060s
  6470  6349 309421.899  184 10096          - 181462.786      -   987 5077s
  6471  6349 319941.432   61 9530          - 181462.786      -   987 5085s
  6473  6351 208910.213   45 8654          - 181462.786      -   987 5141s
  6474  6351 333375.950  719 10368          - 184413.971      -   987 5245s
  6475  6352 212673.570  158 6091          - 184413.971      -   986 5273s
  6476  6353 233567.382  406 10192          - 184694.413      -   986 5297s
  6477  6353 262502.279  139 9617          - 184703.436      -   986 5330s
H 6477  6034                    430264.28300 185380.542  56.9%   986 5420s
H 6477  5732                    430264.25143 185380.542  56.9%   986 5420s
H 6477  5445                    376089.36804 185380.542  50.7%   986 5420s
H 6477  5172                    376070.49024 185388.535  50.7%   986 5452s
H 6478  4914                    370839.06453 185476.770  50.0%   986 5474s
H 6478  4668                    365663.47394 185476.770  49.3%   986 5474s
  6479  4669 211094.892   47 6637 365663.474 185476.770  49.3%   986 5476s
H 6479  4435                    365663.33445 185506.763  49.3%   986 5484s
H 6479  4213                    365663.33287 185506.763  49.3%   986 5547s
H 6479  4001                    365663.29710 185506.763  49.3%   986 5547s
H 6479  3801                    365663.28763 185506.763  49.3%   986 5547s
H 6479  3610                    365663.27817 185506.763  49.3%   986 5547s
  6480  3610 331732.269  308 6711 365663.278 185506.763  49.3%   986 5550s
  6481  3611 226684.655  132 7031 365663.278 185820.219  49.2%   986 5654s
  6482  3612 217930.233   93 9291 365663.278 185867.917  49.2%   985 5690s
  6483  3612 323254.769  220 7080 365663.278 185963.840  49.1%   985 5705s
  6484  3613 278336.657  145 6919 365663.278 185964.747  49.1%   985 5773s
  6485  3614 324121.247  249 6561 365663.278 186709.529  48.9%   985 5862s
  6486  3614 288031.049   69 6819 365663.278 186748.834  48.9%   985 5890s
  6487  3615 240261.289  189 6830 365663.278 186755.239  48.9%   985 5952s
H 6487  3434                    356138.46420 187020.126  47.5%   985 6048s
H 6488  3262                    351483.34984 187020.126  46.8%   984 6065s
  6489  3262 270483.251   50 7436 351483.350 187020.126  46.8%   984 6124s
H 6489  3099                    351483.32982 187236.985  46.7%   984 6202s
  6490  3100 225573.408  147 11371 351483.330 187242.793  46.7%   984 6217s
H 6490  2944                    351483.32824 187293.594  46.7%   984 6230s
  6492  2945 222109.448  124 7514 351483.328 187306.197  46.7%   984 6313s
  6493  2946 227030.425   68 10543 351483.328 187351.676  46.7%   984 6387s
  6494  2947 283689.204  111 6461 351483.328 187575.697  46.6%   984 6401s
  6495  2947 205965.433  136 6470 351483.328 187761.895  46.6%   983 6409s
  6496  2948 272877.629   79 6522 351483.328 187762.141  46.6%   983 6481s
H 6496  2800                    351483.32666 188417.930  46.4%   983 6562s
  6498  2801 231038.180  152 7264 351483.327 188417.930  46.4%   983 6606s
H 6498  2660                    351483.32509 188516.483  46.4%   983 6680s
  6500  2662 244662.103  129 7343 351483.325 188516.483  46.4%   983 6731s
  6501  2662 209002.789  205 8978 351483.325 189074.804  46.2%   983 6816s
  6502  2663 271320.446   66 7156 351483.325 189292.878  46.1%   982 6833s
  6503  2664 211642.417  367 8136 351483.325 189382.191  46.1%   982 6847s
  6504  2664 207262.752   22 7280 351483.325 189393.497  46.1%   982 6891s
  6505  2665 320402.470   71 12067 351483.325 190243.681  45.9%   982 6986s
  6506  2666 282430.353  694 11899 351483.325 190243.681  45.9%   982 7002s
  6507  2666 351483.325  802 11872 351483.325 190243.681  45.9%   982 7071s
  6508  2667 227339.961  265 6844 351483.325 190701.347  45.7%   981 7164s
  6509  2668 339336.233  589 7637 351483.325 190904.275  45.7%   981 7179s

Cutting planes:
  Learned: 543
  Gomory: 86
  Cover: 2584
  Implied bound: 23491
  Projected implied bound: 814
  Clique: 22
  MIR: 12259
  Mixing: 3
  StrongCG: 76
  Flow cover: 18075
  GUB cover: 532
  Zero half: 20
  Mod-K: 9
  Network: 55
  RLT: 647
  Relax-and-lift: 4225
  BQP: 4

Explored 6509 nodes (7812167 simplex iterations) in 7205.36 seconds (21577.27 work units)
Thread count was 10 (of 10 available processors)

Solution count 10: 351483 351483 351483 ... 365663

Time limit reached
Best objective 3.514833250852e+05, best bound 1.909115255142e+05, gap 45.6840%
Warning: linear constraint 170801 and linear constraint 170804 have the same name "lin1_pw_d_0_"
