
Gurobi 11.0.2 (mac64[arm]) logging started Thu Jul 24 12:48:42 2025

Set parameter LogFile to value "../solutions/100/c_log.log"
Gurobi Optimizer version 11.0.2 build v11.0.2rc0 (mac64[arm] - Darwin 24.5.0 24F74)

CPU model: Apple M2 Pro
Thread count: 10 physical cores, 10 logical processors, using up to 10 threads

Optimize a model with 410805 rows, 240203 columns and 1290602 nonzeros
Model fingerprint: 0x7bf77456
Variable types: 70003 continuous, 170200 integer (160100 binary)
Coefficient statistics:
  Matrix range     [1e-03, 1e+06]
  Objective range  [1e+00, 1e+00]
  Bounds range     [1e+00, 5e+01]
  RHS range        [1e+00, 6e+05]
Presolve removed 197603 rows and 28400 columns
Presolve time: 3.33s
Presolved: 213202 rows, 211803 columns, 1081959 nonzeros
Variable types: 60900 continuous, 150903 integer (141002 binary)
Deterministic concurrent LP optimizer: primal simplex, dual simplex, and barrier
Showing barrier log only...

Root barrier log...

Ordering time: 1.84s
Ordering time: 2.05s

Barrier statistics:
 Dense cols : 160
 AA' NZ     : 2.485e+06
 Factor NZ  : 6.208e+06 (roughly 200 MB of memory)
 Factor Ops : 1.134e+09 (less than 1 second per iteration)
 Threads    : 7

                  Objective                Residual
Iter       Primal          Dual         Primal    Dual     Compl     Time
   0   4.16381588e+09 -1.90956563e+09  4.06e+06 1.14e-13  4.36e+05     7s
   1   2.97567600e+09 -1.56956793e+09  2.90e+06 1.67e+02  3.11e+05     7s
   2   4.24666320e+08 -1.10908883e+09  4.13e+05 2.22e-10  4.67e+04     7s
   3   4.77495315e+07 -7.21891902e+08  4.59e+04 7.54e-09  6.03e+03     7s
   4   2.32772526e+07 -2.64842615e+08  2.21e+04 2.02e-10  2.48e+03     7s
   5   5.67509630e+06 -1.39565551e+08  4.92e+03 5.15e-10  6.73e+02     8s
   6   1.30969064e+06 -1.60194876e+07  6.71e+02 1.97e-10  8.16e+01     8s
   7   1.03731903e+06 -1.14667698e+07  4.07e+02 2.20e-10  5.13e+01     8s
   8   6.69190901e+05 -7.01141487e+06  5.17e+01 5.53e-10  1.66e+01     8s
   9   1.77951862e+05 -3.71055318e+06  6.86e-01 8.69e-10  7.08e+00     8s
  10   7.37670356e+04 -8.74630293e+05  2.38e-01 2.38e-10  1.64e+00     8s
  11   5.78903220e+04 -6.75405880e+05  1.78e-01 1.92e-10  1.26e+00     8s
  12   4.76652889e+04 -1.30395113e+05  1.31e-01 6.40e-11  3.04e-01     8s
  13   3.57092423e+04 -6.20563256e+04  5.76e-02 3.46e-11  1.65e-01     8s
  14   2.57190722e+04 -3.70197010e+04  2.13e-02 2.40e-11  1.06e-01     8s
  15   1.78685952e+04 -2.00593135e+04  6.02e-03 1.70e-11  6.36e-02     8s
  16   1.42585253e+04 -5.77387231e+03  2.49e-03 2.85e-11  3.36e-02     8s
  17   1.35057004e+04 -5.13976041e+03  2.21e-03 1.97e-11  3.12e-02     8s
  18   1.27749418e+04 -3.60461044e+03  1.99e-03 7.51e-12  2.74e-02     8s
  19   1.20781775e+04 -1.14933470e+03  1.61e-03 4.60e-12  2.22e-02     8s
  20   1.19066312e+04  3.21842319e+02  1.56e-03 4.22e-11  1.94e-02     9s
  21   1.10251858e+04  1.55194104e+03  1.33e-03 3.08e-11  1.59e-02     9s
  22   1.01123311e+04  2.65009887e+03  1.10e-03 4.04e-11  1.25e-02     9s
  23   8.47155245e+03  4.03276948e+03  6.17e-04 5.08e-11  7.44e-03     9s
  24   7.74272468e+03  4.68889772e+03  4.59e-04 5.23e-11  5.12e-03     9s
  25   7.68674378e+03  4.81577263e+03  4.48e-04 6.70e-11  4.81e-03     9s
  26   7.31101443e+03  4.94001379e+03  3.74e-04 1.86e-10  3.97e-03     9s
  27   7.19751278e+03  5.00786048e+03  3.52e-04 7.81e-10  3.67e-03     9s
  28   7.10819269e+03  5.15573642e+03  3.35e-04 3.47e-10  3.27e-03     9s
  29   6.96762417e+03  5.25184899e+03  3.01e-04 2.67e-10  2.88e-03     9s
  30   6.73868873e+03  5.34820220e+03  2.54e-04 1.61e-10  2.33e-03     9s
  31   6.52184529e+03  5.38251186e+03  2.11e-04 8.41e-11  1.91e-03     9s
  32   6.48448656e+03  5.38812421e+03  2.04e-04 7.70e-11  1.84e-03     9s
  33   6.32457987e+03  5.41600389e+03  1.72e-04 4.12e-11  1.52e-03    10s
  34   6.09549834e+03  5.42584723e+03  1.27e-04 2.22e-11  1.12e-03    10s
  35   6.03078339e+03  5.43746351e+03  1.14e-04 4.55e-12  9.94e-04    10s
  36   5.89289035e+03  5.44172741e+03  8.80e-05 4.64e-12  7.56e-04    10s
  37   5.83750935e+03  5.44375519e+03  7.69e-05 3.51e-12  6.60e-04    10s
  38   5.79463170e+03  5.44599988e+03  6.89e-05 4.03e-12  5.84e-04    10s
  39   5.65227186e+03  5.45602935e+03  3.85e-05 3.87e-12  3.29e-04    10s
  40   5.46661396e+03  5.45910721e+03  7.80e-07 4.77e-12  1.26e-05    10s
  41   5.46098573e+03  5.46089599e+03  3.21e-08 5.30e-12  1.50e-07    10s
  42   5.46090696e+03  5.46090684e+03  1.03e-09 5.15e-12  1.98e-10    10s
  43   5.46090694e+03  5.46090694e+03  2.00e-09 3.75e-12  1.92e-14    10s

Barrier solved model in 43 iterations and 10.35 seconds (19.18 work units)
Optimal objective 5.46090694e+03


Root crossover log...

  127233 DPushes remaining with DInf 0.0000000e+00                10s
       0 DPushes remaining with DInf 0.0000000e+00                10s

   12801 PPushes remaining with PInf 0.0000000e+00                10s
       0 PPushes remaining with PInf 0.0000000e+00                11s

  Push phase complete: Pinf 0.0000000e+00, Dinf 2.7568148e-11     11s


Root simplex log...

Iteration    Objective       Primal Inf.    Dual Inf.      Time
   30558    5.4609069e+03   0.000000e+00   0.000000e+00     11s
Concurrent spin time: 0.00s

Solved with barrier
   50598    5.2159619e+03   0.000000e+00   4.808133e+06     15s
   62026    5.1508427e+03   0.000000e+00   2.970413e+05     20s
   69969    5.1416011e+03   0.000000e+00   3.663894e+04     25s
   74569    5.1411821e+03   0.000000e+00   7.441512e+02     30s
   78769    5.1410107e+03   0.000000e+00   1.294400e+04     35s
   83319    5.4237576e+03   4.405194e+02   0.000000e+00     40s
   87411    5.4609069e+03   0.000000e+00   0.000000e+00     43s
Extra simplex iterations after uncrush: 56853

Root relaxation: objective 5.460907e+03, 87411 iterations, 38.47 seconds (117.40 work units)
Total elapsed time = 48.26s (DegenMoves)

    Nodes    |    Current Node    |     Objective Bounds      |     Work
 Expl Unexpl |  Obj  Depth IntInf | Incumbent    BestBd   Gap | It/Node Time

     0     0 5460.90694    0 2731          - 5460.90694      -     -   50s
     0     0 30622.3586    0 3584          - 30622.3586      -     -   86s
     0     0 40264.4662    0 3385          - 40264.4662      -     -   94s
     0     0 44413.7793    0 5037          - 44413.7793      -     -  104s
     0     0 49491.6597    0 5846          - 49491.6597      -     -  119s
     0     0 56614.9648    0 6263          - 56614.9648      -     -  128s
     0     0 60486.0150    0 6276          - 60486.0150      -     -  140s
     0     0 63988.4866    0 5247          - 63988.4866      -     -  152s
     0     0 66029.3725    0 5777          - 66029.3725      -     -  167s
     0     0 68032.7656    0 5797          - 68032.7656      -     -  186s
     0     0 69934.4868    0 4333          - 69934.4868      -     -  188s
     0     0 73603.3624    0 5004          - 73603.3624      -     -  192s
     0     0 73625.6283    0 5002          - 73625.6283      -     -  194s
     0     0 73625.6283    0 4944          - 73625.6283      -     -  195s
     0     0 83580.0373    0 3641          - 83580.0373      -     -  204s
     0     0 89580.4951    0 5180          - 89580.4951      -     -  208s
     0     0 89580.5017    0 5273          - 89580.5017      -     -  208s
     0     0 114142.888    0 5822          - 114142.888      -     -  221s
     0     0 128646.974    0 6451          - 128646.974      -     -  227s
     0     0 128786.408    0 6557          - 128786.408      -     -  229s
     0     0 128786.408    0 6570          - 128786.408      -     -  229s
     0     0 137191.387    0 5083          - 137191.387      -     -  238s
     0     0 141978.359    0 5775          - 141978.359      -     -  244s
     0     0 141982.404    0 5809          - 141982.404      -     -  245s
     0     0 151186.045    0 8366          - 151186.045      -     -  259s
     0     0 156980.637    0 5588          - 156980.637      -     -  262s
     0     0 157048.860    0 5441          - 157048.860      -     -  264s
     0     0 157048.860    0 5445          - 157048.860      -     -  265s
     0     0 161880.128    0 6158          - 161880.128      -     -  274s
     0     0 162166.422    0 6986          - 162166.422      -     -  281s
     0     0 162302.846    0 6926          - 162302.846      -     -  283s
     0     0 162312.701    0 6957          - 162312.701      -     -  284s
     0     0 166345.280    0 5347          - 166345.280      -     -  295s
     0     0 166735.974    0 5917          - 166735.974      -     -  300s
     0     0 166746.777    0 5301          - 166746.777      -     -  301s
     0     0 169438.508    0 7465          - 169438.508      -     -  309s
     0     0 170970.141    0 4033          - 170970.141      -     -  314s
     0     0 170983.440    0 7319          - 170983.440      -     -  316s
     0     0 173301.242    0 7054          - 173301.242      -     -  326s
     0     0 174339.780    0 7243          - 174339.780      -     -  331s
     0     0 174403.897    0 7308          - 174403.897      -     -  332s
     0     0 175681.943    0 7709          - 175681.943      -     -  342s
     0     0 176542.540    0 5281          - 176542.540      -     -  348s
     0     0 177067.206    0 5335          - 177067.206      -     -  351s
     0     0 177208.722    0 7898          - 177208.722      -     -  356s
     0     0 177210.105    0 7929          - 177210.105      -     -  357s
     0     0 178819.644    0 6355          - 178819.644      -     -  366s
     0     0 180044.876    0 7178          - 180044.876      -     -  374s
     0     0 181612.366    0 8734          - 181612.366      -     -  381s
     0     0 181748.322    0 8207          - 181748.322      -     -  382s
     0     0 181757.284    0 8221          - 181757.284      -     -  383s
     0     0 184192.638    0 7385          - 184192.638      -     -  395s
     0     0 184402.783    0 7462          - 184402.783      -     -  397s
     0     0 184585.544    0 7409          - 184585.544      -     -  400s
     0     0 184598.975    0 7498          - 184598.975      -     -  403s
     0     0 185386.057    0 7482          - 185386.057      -     -  413s
     0     0 185425.576    0 8768          - 185425.576      -     -  415s
     0     0 186717.732    0 8847          - 186717.732      -     -  427s
     0     0 187062.868    0 5779          - 187062.868      -     -  430s
     0     0 187156.615    0 7975          - 187156.615      -     -  433s
     0     0 187156.616    0 7991          - 187156.616      -     -  434s
     0     0 187876.438    0 8608          - 187876.438      -     -  440s
     0     0 187878.918    0 8672          - 187878.918      -     -  441s
     0     0 188736.629    0 8682          - 188736.629      -     -  453s
     0     0 188739.474    0 8682          - 188739.474      -     -  456s
     0     2 188757.511    0 8682          - 188757.511      -     -  480s
     3     8 189098.658    2 7441          - 189050.160      -  7391  488s
     7    16 189268.545    3 8653          - 189064.165      -  4504  493s
    15    26 195452.246    4 8423          - 189118.801      -  2942  518s
    25    36 195494.080    5 8020          - 189483.493      -  4237  529s
    35    46 195587.741    6 5746          - 189564.204      -  4003  544s
    45    56 196431.779    7 5273          - 189564.204      -  3697  555s
    55    68 196179.741    7 6527          - 189564.204      -  3592  562s
    67    78 198177.210    8 6333          - 189564.204      -  3426  583s
    77    88 201934.686    8 6518          - 189564.204      -  4059  599s
    87   103 199795.800    9 5582          - 189564.204      -  4038  608s
   102   117 200269.939   10 4403          - 189564.204      -  3717  634s
   116   133 200695.514   12 3878          - 189564.204      -  4177  644s
   132   151 201643.702   14 3914          - 189564.204      -  3950  652s
   150   175 202537.568   17 3906          - 189564.204      -  3731  666s
   174   198 202743.351   19 3968          - 189564.204      -  3528  677s
   197   224 203383.137   23 3866          - 189564.204      -  3355  692s
   223   260 204288.494   27 3668          - 189564.204      -  3209  708s
   259   295 205605.469   32 3867          - 189564.204      -  2980  723s
H  279   295                    568884.75121 189564.204  66.7%  2938  723s
H  281   295                    202526.01798 189564.204  6.40%  2923  723s
   294   279     cutoff   38      202526.018 189773.049  6.30%  2847  737s
H  297   279                    201117.81791 189773.049  5.64%  2819  737s
H  301   279                    201029.89328 190646.700  5.16%  2801  737s
H  303   279                    201029.78197 190646.700  5.16%  2831  737s
H  310   279                    200941.85451 190646.700  5.12%  2840  737s
   322   284 191303.194    7 9143 200941.855 190646.700  5.12%  2849  751s
H  348   314                    200941.71621 190646.700  5.12%  2984  764s
H  348   314                    200941.71224 190646.700  5.12%  2984  764s
   402   365 194658.986   13 6656 200941.712 190906.935  4.99%  2758  776s
H  479   437                    200941.69646 190906.935  4.99%  2401  787s
   555   545 197491.580    9 5517 200941.696 190906.935  4.99%  2110  792s
H  669   596                    200941.69489 190906.935  4.99%  1786  805s
H  709   596                    200941.69331 190906.935  4.99%  1699  805s
   725   692 200941.540   56  442 200941.693 190906.935  4.99%  1666  814s
H  844   692                    200941.69173 190906.935  4.99%  1442  814s
   875   648 200941.541   71  491 200941.692 190906.935  4.99%  1395  825s
  1170  1086 200941.542   92  464 200941.692 190906.935  4.99%  1064  832s
  1408  1363 200941.544  116  472 200941.692 190906.935  4.99%   893  836s
  1686  1364 200941.551  160 8682 200941.692 190906.935  4.99%   754 1011s
H 1687  1296                    200941.69015 190906.935  4.99%   753 1049s
  1688  1296 200941.543  106 5197 200941.690 190906.935  4.99%   753 1059s
  1689  1297 200941.551  134 7727 200941.690 190906.935  4.99%   752 1151s
  1690  1298 200941.545  118 6782 200941.690 190906.935  4.99%   752 1181s
  1691  1298 200941.544  115 4445 200941.690 190906.935  4.99%   751 1201s
  1692  1299 200941.542  106 4979 200941.690 190906.935  4.99%   751 1212s
  1693  1300 200941.548   75 5712 200941.690 190906.935  4.99%   751 1235s
H 1693  1235                    200941.68858 190906.935  4.99%   751 1258s
  1694  1235 200941.554   68 6170 200941.689 190906.935  4.99%   750 1262s
  1695  1236 200941.546  125 6748 200941.689 190906.935  4.99%   750 1301s
  1696  1237 200941.541  105 5891 200941.689 190906.935  4.99%   749 1329s
  1697  1237 200941.548  145 3751 200941.689 190906.935  4.99%   749 1347s
  1698  1238 200941.548  121 3821 200941.689 190906.935  4.99%   748 1399s
  1699  1239 200941.548   61 11778 200941.689 190906.935  4.99%   748 1493s
  1700  1239 200941.548  156 4933 200941.689 190906.935  4.99%   748 1502s
  1701  1240 200941.550   99 5059 200941.689 190906.935  4.99%   747 1546s
  1702  1241 200941.551  120 6074 200941.689 191729.492  4.58%   747 1618s
  1703  1241 200941.538   44 4628 200941.689 192521.678  4.19%   746 1635s
  1704  1242 200941.542   51 2284 200941.689 193937.977  3.49%   746 1641s
  1705  1243 200941.539   43 5750 200941.689 194129.764  3.39%   745 1650s
  1706  1243 200941.543  119 2211 200941.689 194507.055  3.20%   745 1655s
  1707  1244 200941.545  139 2258 200941.689 194545.798  3.18%   744 1660s
  1708  1245 200941.559   76 2285 200941.689 194551.335  3.18%   744 1678s
  1709  1245 200941.543  102 5762 200941.689 195166.188  2.87%   744 1735s
  1710  1246 200941.537   21 5972 200941.689 195830.899  2.54%   743 1792s
  1711  1247 200941.546  114 8762 200941.689 196187.708  2.37%   743 1807s
  1712  1247 200941.539   42 5613 200941.689 196651.773  2.13%   742 1815s
  1713  1248 200941.541   99 8772 200941.689 196726.693  2.10%   742 1824s
  1714  1249 200941.550   89 5750 200941.689 196790.210  2.07%   741 1830s
  1717  1251 200941.545  160 5788 200941.689 196834.031  2.04%   740 1863s
  1718  1251 200600.112    7 1459 200941.689 200600.112  0.17%   740 1904s
  1719  1252 200941.541   40 1475 200941.689 200600.112  0.17%   739 1918s
  1720  1253 200941.548  162 1459 200941.689 200600.112  0.17%   739 1921s
  1722  1255 200941.546  109 8682 200941.689 200600.112  0.17%  1083 1940s
  1724  1256 200941.541   91 3205 200941.689 200600.112  0.17%  1082 1950s
  1725  1257 200941.555   74 3008 200941.689 200600.112  0.17%  1081 1955s
  1728  1259 200941.548  141 1418 200941.689 200629.360  0.16%  1079 1960s
  1732  1263 200941.543   95 2897 200941.689 200629.360  0.16%  1101 1970s

Cutting planes:
  Gomory: 28
  MIR: 17
  Flow cover: 70
  Zero half: 2
  Relax-and-lift: 3

Explored 1732 nodes (2437250 simplex iterations) in 1970.84 seconds (5336.94 work units)
Thread count was 10 (of 10 available processors)

Solution count 10: 200942 200942 200942 ... 201030

Optimal solution found (tolerance 1.00e-03)
Best objective 2.009416885762e+05, best bound 2.008569932998e+05, gap 0.0421%
Warning: linear constraint 170801 and linear constraint 170804 have the same name "lin1_pw_d_0_"
