
Gurobi 11.0.2 (mac64[arm]) logging started Thu Jul 24 10:48:37 2025

Set parameter LogFile to value "../solutions/100/d_log.log"
Gurobi Optimizer version 11.0.2 build v11.0.2rc0 (mac64[arm] - Darwin 24.5.0 24F74)

CPU model: Apple M2 Pro
Thread count: 10 physical cores, 10 logical processors, using up to 10 threads

Optimize a model with 410805 rows, 240203 columns and 1290602 nonzeros
Model fingerprint: 0xc510cf4d
Variable types: 70003 continuous, 170200 integer (160100 binary)
Coefficient statistics:
  Matrix range     [1e-03, 1e+06]
  Objective range  [1e+00, 1e+00]
  Bounds range     [1e+00, 5e+01]
  RHS range        [1e+00, 6e+05]
Presolve removed 199105 rows and 29402 columns
Presolve time: 3.48s
Presolved: 211700 rows, 210801 columns, 1075405 nonzeros
Variable types: 60400 continuous, 150401 integer (140500 binary)
Deterministic concurrent LP optimizer: primal simplex, dual simplex, and barrier
Showing barrier log only...

Root barrier log...

Ordering time: 1.72s
Ordering time: 1.95s

Barrier statistics:
 Dense cols : 154
 AA' NZ     : 2.477e+06
 Factor NZ  : 6.204e+06 (roughly 200 MB of memory)
 Factor Ops : 1.126e+09 (less than 1 second per iteration)
 Threads    : 7

                  Objective                Residual
Iter       Primal          Dual         Primal    Dual     Compl     Time
   0   3.96695104e+09 -1.77879376e+09  3.87e+06 1.14e-13  4.17e+05     7s
   1   2.69563631e+09 -1.47331606e+09  2.63e+06 1.46e+02  2.80e+05     7s
   2   2.31188355e+08 -1.05364413e+09  2.25e+05 1.78e-10  2.60e+04     7s
   3   3.23655501e+07 -6.86727675e+08  3.09e+04 1.60e-10  4.34e+03     8s
   4   5.16427219e+06 -1.85040887e+08  4.42e+03 9.82e-11  7.10e+02     8s
   5   1.36580515e+06 -2.83438084e+07  7.21e+02 9.28e-11  1.09e+02     8s
   6   1.30064831e+06 -2.32740705e+07  6.58e+02 7.37e-11  9.34e+01     8s
   7   8.58580417e+05 -1.52041823e+07  2.29e+02 4.27e-11  4.43e+01     8s
   8   6.44927373e+05 -1.03390181e+07  2.24e+01 2.54e-11  2.03e+01     8s
   9   1.91744823e+05 -4.01772187e+06  4.08e-01 2.08e-11  7.39e+00     8s
  10   6.45648081e+04 -1.34996898e+06  9.55e-02 1.64e-11  2.41e+00     8s
  11   5.26605038e+04 -8.86498699e+05  7.38e-02 1.23e-11  1.60e+00     8s
  12   4.60849960e+04 -2.36104388e+05  5.50e-02 7.98e-12  4.78e-01     8s
  13   3.92932041e+04 -1.24971518e+05  3.40e-02 5.52e-12  2.78e-01     8s
  14   3.58146622e+04 -8.01051291e+04  2.38e-02 3.82e-12  1.96e-01     8s
  15   2.83161467e+04 -6.15051781e+04  1.03e-02 6.14e-12  1.52e-01     8s
  16   2.61985294e+04 -5.54545374e+04  7.76e-03 5.68e-12  1.38e-01     8s
  17   1.88595721e+04 -2.86442272e+04  1.92e-03 4.66e-12  8.00e-02     9s
  18   1.80395454e+04 -1.16464727e+04  1.71e-03 6.19e-12  5.00e-02     9s
  19   1.72893084e+04 -8.83888498e+03  1.52e-03 4.99e-12  4.40e-02     9s
  20   1.48266380e+04 -4.65254561e+03  9.02e-04 4.77e-12  3.28e-02     9s
  21   1.44346885e+04  9.88658247e+02  8.37e-04 3.98e-12  2.27e-02     9s
  22   1.41932565e+04  2.71832324e+03  7.33e-04 5.80e-12  1.93e-02     9s
  23   1.14576439e+04  5.13674867e+03  3.41e-04 4.32e-12  1.06e-02     9s
  24   1.11428927e+04  5.98815193e+03  3.03e-04 5.19e-12  8.68e-03     9s
  25   1.11328051e+04  6.21336078e+03  3.01e-04 6.59e-12  8.29e-03     9s
  26   1.08818762e+04  6.78136396e+03  2.71e-04 4.85e-12  6.91e-03     9s
  27   9.51168335e+03  7.41900151e+03  1.21e-04 7.16e-12  3.53e-03     9s
  28   9.39067690e+03  7.71906546e+03  1.09e-04 5.00e-12  2.82e-03     9s
  29   9.22781786e+03  7.94521941e+03  9.17e-05 4.04e-12  2.16e-03     9s
  30   9.00538142e+03  8.07245876e+03  6.94e-05 4.21e-12  1.57e-03     9s
  31   8.73315587e+03  8.12104164e+03  4.41e-05 5.34e-12  1.03e-03    10s
  32   8.65694423e+03  8.22837908e+03  3.69e-05 3.81e-12  7.22e-04    10s
  33   8.69723058e+03  8.24999302e+03  3.59e-05 3.42e-12  7.53e-04    10s
  34   8.37126707e+03  8.27955004e+03  4.87e-06 3.41e-12  1.54e-04    10s
  35   8.28825104e+03  8.28627646e+03  4.04e-08 4.15e-12  3.33e-06    10s
  36   8.28740764e+03  8.28740003e+03  2.89e-11 5.91e-12  1.28e-08    10s
  37   8.28740331e+03  8.28740331e+03  1.26e-09 3.41e-12  1.68e-13    10s

Barrier solved model in 37 iterations and 9.97 seconds (17.52 work units)
Optimal objective 8.28740331e+03


Root crossover log...

  126134 DPushes remaining with DInf 0.0000000e+00                10s
       0 DPushes remaining with DInf 0.0000000e+00                10s

   13100 PPushes remaining with PInf 0.0000000e+00                10s
       0 PPushes remaining with PInf 0.0000000e+00                10s

  Push phase complete: Pinf 0.0000000e+00, Dinf 7.8674844e-11     10s


Root simplex log...

Iteration    Objective       Primal Inf.    Dual Inf.      Time
   31439    8.2874033e+03   0.000000e+00   0.000000e+00     10s
Concurrent spin time: 0.02s

Solved with barrier
   49775    7.8984500e+03   0.000000e+00   5.624041e+06     15s
   58415    7.8610382e+03   0.000000e+00   7.370102e+06     20s
   66905    7.8491971e+03   0.000000e+00   5.856245e+03     25s
   73465    7.8474681e+03   0.000000e+00   8.537170e+04     30s
   78055    7.8470518e+03   0.000000e+00   4.177031e+03     35s
   82705    7.8466940e+03   0.000000e+00   1.253914e+03     40s
   89088    8.2492552e+03   3.190450e+03   0.000000e+00     45s
   92948    8.2874033e+03   3.555713e+02   0.000000e+00     50s
   95282    8.2874033e+03   0.000000e+00   0.000000e+00     52s
Extra simplex iterations after uncrush: 63843

Root relaxation: objective 8.287403e+03, 95282 iterations, 47.11 seconds (153.22 work units)
Total elapsed time = 83.95s (DegenMoves)
Total elapsed time = 85.82s (DegenMoves)

    Nodes    |    Current Node    |     Objective Bounds      |     Work
 Expl Unexpl |  Obj  Depth IntInf | Incumbent    BestBd   Gap | It/Node Time

     0     0 8287.40331    0 2729          - 8287.40331      -     -   87s
     0     0 43515.7781    0 3675          - 43515.7781      -     -  110s
     0     0 49576.1213    0 4688          - 49576.1213      -     -  114s
     0     0 56473.9941    0 6057          - 56473.9941      -     -  118s
     0     0 60043.5947    0 6376          - 60043.5947      -     -  122s
     0     0 62953.0155    0 5917          - 62953.0155      -     -  125s
     0     0 64496.0618    0 6921          - 64496.0618      -     -  128s
     0     0 66841.5633    0 6525          - 66841.5633      -     -  131s
     0     0 68767.9643    0 6834          - 68767.9643      -     -  133s
     0     0 73461.6978    0 5819          - 73461.6978      -     -  135s
     0     0 84172.7563    0 6871          - 84172.7563      -     -  136s
     0     0 84172.7563    0 6970          - 84172.7563      -     -  137s
     0     0 106330.043    0 7466          - 106330.043      -     -  144s
     0     0 110063.435    0 7681          - 110063.435      -     -  148s
     0     0 110083.227    0 7764          - 110083.227      -     -  149s
     0     0 112827.367    0 9936          - 112827.367      -     -  157s
     0     0 129746.040    0 7953          - 129746.040      -     -  163s
     0     0 130102.709    0 7726          - 130102.709      -     -  167s
     0     0 130111.159    0 7707          - 130111.159      -     -  169s
     0     0 145239.724    0 5038          - 145239.724      -     -  178s
     0     0 145333.235    0 5252          - 145333.235      -     -  181s
     0     0 151479.818    0 8343          - 151479.818      -     -  190s
     0     0 153322.955    0 8229          - 153322.955      -     -  195s
     0     0 154537.334    0 8176          - 154537.334      -     -  196s
     0     0 154537.346    0 8184          - 154537.346      -     -  197s
     0     0 157246.506    0 7506          - 157246.506      -     -  207s
     0     0 157645.047    0 9021          - 157645.047      -     -  211s
     0     0 157677.311    0 9099          - 157677.311      -     -  212s
     0     0 160895.931    0 7201          - 160895.931      -     -  221s
     0     0 163869.018    0 7757          - 163869.018      -     -  226s
     0     0 166699.517    0 6384          - 166699.517      -     -  228s
     0     0 166737.132    0 6564          - 166737.132      -     -  229s
     0     0 167718.667    0 8041          - 167718.667      -     -  237s
     0     0 168804.190    0 8324          - 168804.190      -     -  240s
     0     0 169610.134    0 8351          - 169610.134      -     -  241s
     0     0 170044.772    0 8245          - 170044.772      -     -  242s
     0     0 170138.331    0 5598          - 170138.331      -     -  243s
     0     0 170174.422    0 5607          - 170174.422      -     -  244s
     0     0 171312.064    0 6906          - 171312.064      -     -  252s
     0     0 171336.570    0 6866          - 171336.570      -     -  254s
     0     0 172720.850    0 7293          - 172720.850      -     -  263s
     0     0 173083.609    0 9507          - 173083.609      -     -  271s
     0     0 173171.979    0 9730          - 173171.979      -     -  274s
     0     0 173215.243    0 9701          - 173215.243      -     -  275s
     0     0 175182.564    0 9355          - 175182.564      -     -  287s
     0     0 175690.021    0 6685          - 175690.021      -     -  292s
     0     0 175805.228    0 7134          - 175805.228      -     -  298s
     0     0 175918.963    0 8667          - 175918.963      -     -  303s
     0     0 175955.903    0 12461          - 175955.903      -     -  307s
     0     0 176405.127    0 12289          - 176405.127      -     -  314s
     0     0 176554.072    0 10170          - 176554.072      -     -  319s
     0     0 176931.321    0 10035          - 176931.321      -     -  324s
     0     0 176944.000    0 10074          - 176944.000      -     -  325s
     0     0 177399.773    0 9382          - 177399.773      -     -  335s
     0     0 177834.760    0 10288          - 177834.760      -     -  338s
     0     0 177910.936    0 9768          - 177910.936      -     -  339s
     0     0 179430.777    0 5821          - 179430.777      -     -  348s
     0     0 179706.777    0 6248          - 179706.777      -     -  351s
     0     0 179897.968    0 6478          - 179897.968      -     -  353s
     0     0 179897.968    0 6491          - 179897.968      -     -  353s
     0     0 180528.045    0 7589          - 180528.045      -     -  364s
     0     0 180556.331    0 8256          - 180556.331      -     -  366s
     0     0 180796.216    0 7923          - 180796.216      -     -  374s
     0     0 180809.527    0 7923          - 180809.527      -     -  378s
     0     2 180809.527    0 7923          - 180809.527      -     -  432s
     3     8 181774.790    2 7781          - 181774.790      -  5855  440s
     7    14 181861.119    3 7886          - 181861.119      -  4135  445s
    15    22 181953.991    4 7664          - 181953.991      -  2807  453s
    25    32 182387.603    5 7554          - 182227.897      -  2625  461s
    35    41 187007.693    5 7879          - 182546.007      -  2544  476s
    45    49 182853.677    6 7720          - 182853.677      -  3150  481s
    55    62 183089.122    7 7714          - 182887.359      -  2826  496s
    68    74 183152.246    9 7545          - 182887.359      -  2902  510s
    80    86 183632.511   10 7529          - 182887.359      -  3010  525s
    92    97 184848.516   11 8399          - 182887.359      -  3343  537s
   103   112 185181.585   11 7620          - 182887.359      -  3434  545s
   118   125 184985.770   12 8741          - 182887.359      -  3345  554s
   131   144 185032.726   13 8663          - 182887.359      -  3264  569s
   150   156 185322.023   15 8482          - 182887.359      -  3302  584s
   162   166 185347.023   16 8480          - 182887.359      -  3440  682s
   172   180 185470.486   17 13193          - 182887.359      -  5717  694s
   186   199 185517.944   18 13385          - 182887.359      -  5560  704s
   205   220 185614.886   19 13626          - 182887.359      -  5330  717s
   226   230 185676.360   20 13278          - 182887.359      -  5391  830s
   236   255 185736.995   21 13282          - 182887.359      -  7153  849s
   261   278 186318.164   24 10469          - 182887.359      -  6694  872s
   284   303 186434.444   27 10237          - 182887.359      -  6389  888s
   309   324 186625.133   29 10367          - 182887.359      -  6036  903s
   330   348 186700.113   31 10311          - 182887.359      -  5918  919s
   355   374 186827.228   33 13033          - 182887.359      -  5704  938s
   381   396 188374.980   36 12657          - 182887.359      -  5485  957s
   404   419 188528.894   38 13020          - 182887.359      -  5338  978s
   427   453 188994.351   40 13007          - 182887.359      -  5246  997s
   461   488 189007.368   41 12805          - 182887.359      -  5010 1016s
   496   521 189270.583   47 11033          - 182887.359      -  4854 1030s
   529   567 189998.372   49 10078          - 182887.359      -  4719 1051s
   575   608 190589.630   52 7656          - 182887.359      -  4493 1074s
   616   658 191065.376   55 9859          - 182887.359      -  4334 1093s
   666   699 191850.118   60 10671          - 182887.359      -  4143 1115s
   707   750 191972.577   61 10853          - 182887.359      -  4017 1136s
   758   792 192153.871   63 14512          - 182887.359      -  3865 1163s
   800   841 192173.514   64 10841          - 182887.359      -  3769 1184s
   849   887 192642.265   67 11858          - 182887.359      -  3677 1214s
   895   943 192675.931   68 14154          - 182887.359      -  3569 1239s
   951  1008 193107.216   72 10953          - 182887.359      -  3481 1269s
  1016  1061 193256.001   75 11961          - 182887.359      -  3370 1295s
  1071  1134 193840.623   81 13377          - 182887.359      -  3303 1524s
  1146  1221 194248.258   88 12496          - 182887.359      -  3428 1692s
  1233  1292 194443.428   91 13127          - 182887.359      -  3401 1812s
  1306  1395 194629.962   94 11435          - 182887.359      -  3362 2024s
  1411  1492 195596.998  104 8777          - 182887.359      -  3238 2111s
  1510  1609 196349.192  112 7938          - 182887.359      -  3156 2147s
  1627  1729 196689.921  116 7780          - 182887.359      -  3049 2189s
  1747  1840 197033.679  123 8295          - 182887.359      -  2956 2278s
  1861  1928 197568.333  129 8069          - 182887.359      -  2894 2330s
  1954  2034 197817.783  134 11493          - 182887.359      -  2868 2756s
  2060  2152 199077.040  147 9694          - 182887.359      -  2957 2809s
  2192  2245 200556.577  174 11075          - 182887.359      -  2905 2870s
  2292  2354 202934.501  189 12488          - 182887.359      -  2896 3099s
  2407  2558 203746.353  202 13280          - 182887.359      -  2976 3152s
  2614  2745 205982.376  220 11898          - 182887.359      -  2878 3528s
  2809  2942 207142.903  235 10857          - 182887.359      -  2875 3697s
  3008  3182 210348.954  246 10608          - 182887.359      -  2873 3773s
  3266  3507 213348.384  272 7387          - 182887.359      -  2795 4306s
  3599  3508 448975.110  209 7923          - 182887.359      -  2765 4418s
  3600  3509 385612.453   67 7923          - 182887.359      -  2764 4421s
  3601  3509 425743.109  131 8457          - 182887.359      -  2764 4509s
  3602  3510 215269.573   82 6750          - 182887.359      -  2763 4584s
  3603  3511 271041.010  111 8294          - 182887.359      -  2762 4633s
  3604  3511 221031.915   33 6477          - 182887.359      -  2761 4680s
  3605  3512 319154.824  244 7958          - 182887.359      -  2761 4724s
  3606  3513 313115.474  155 5986          - 182887.359      -  2760 4749s
  3607  3513 493432.148  232 8147          - 182887.359      -  2759 4769s
  3608  3514 256864.781  179 7306          - 182887.359      -  2758 4788s
  3609  3515 248525.331  156 7449          - 182887.359      -  2757 4799s
  3610  3515 259190.867   40 7781          - 182887.359      -  2757 4807s
  3611  3516 279552.243  251 7766          - 182887.359      -  2756 4855s
  3612  3517 210874.435  253 10553          - 182887.359      -  2755 4918s
  3613  3517 291190.488  110 8235          - 182887.359      -  2754 4933s
  3614  3518 290629.407   12 7971          - 182887.359      -  2754 4941s
  3615  3519 303956.658  115 8392          - 182887.359      -  2753 4950s
  3616  3519 431299.043  254 8468          - 182887.359      -  2752 4992s
  3617  3520 248525.331  223 9780          - 182924.051      -  2751 5045s
  3618  3521 322760.699  155 6406          - 183561.317      -  2751 5060s
  3619  3521 255761.122   12 6402          - 183568.475      -  2750 5091s
  3620  3522 267929.319  107 7275          - 184030.237      -  2749 5133s
  3621  3523 272643.400   81 6881          - 184473.945      -  2748 5149s
  3622  3523 370160.372  224 7803          - 184578.798      -  2748 5163s
  3623  3524 268602.275  137 8016          - 184614.096      -  2747 5181s
  3624  3525 261778.307   92 8480          - 184669.041      -  2746 5199s
  3625  3525 385612.453   67 8507          - 184704.598      -  2745 5208s
  3626  3526 382167.383  148 8523          - 184704.598      -  2745 5241s
  3627  3527 275786.651  121 4267          - 186838.278      -  2744 5305s
  3628  3527 288201.275   15 8467          - 186885.176      -  2743 5332s
  3629  3528 432671.182   90 7602          - 186981.646      -  2742 5348s
  3630  3529 269431.403   67 8384          - 187075.973      -  2742 5358s
  3631  3529 264178.034   77 7976          - 187077.419      -  2741 5392s
  3632  3530 273814.730  165 8292          - 187934.760      -  2740 5458s
  3633  3531 494097.693  239 6316          - 188659.793      -  2739 5491s
  3634  3531 445443.796  181 6097          - 188892.557      -  2739 5501s
  3635  3532 218566.797   21 6147          - 188915.781      -  2738 5517s
  3636  3533 506946.247  456 6169          - 188957.801      -  2737 5528s
  3637  3533 311199.351  239 6192          - 188957.801      -  2736 5549s
  3638  3534 210700.323  252 7062          - 189794.102      -  2736 5602s
  3639  3535 283401.386  166 6454          - 189830.259      -  2735 5609s
  3640  3535 264940.443   81 6505          - 189830.259      -  2734 5643s
  3641  3536 447698.373   77 7859          - 190065.511      -  2733 5699s
  3642  3537 393931.807  125 7309          - 190453.427      -  2733 5726s
  3643  3537 223151.624   14 6529          - 190778.874      -  2732 5736s
  3644  3538 204407.972   90 6613          - 190840.912      -  2731 5741s
  3645  3539 298296.490   97 7006          - 190895.376      -  2730 5759s
  3646  3539 366623.732   44 7763          - 190938.000      -  2730 5784s
  3647  3540 425096.390  135 7828          - 190943.036      -  2729 5829s
  3648  3541 242716.117  102 8569          - 191564.094      -  2728 5935s
  3649  3541 266400.096  162 8447          - 191660.100      -  2727 5944s
  3650  3542 322297.859  235 8497          - 191665.496      -  2727 5991s
  3651  3543 192676.780   18 6584          - 192166.967      -  2726 6030s
  3652  3543 199190.142   88 7173          - 192166.967      -  2725 6051s
  3653  3544 440171.928   91 7135          - 192166.967      -  2724 6055s
  3654  3545 435690.126  308 7175          - 192166.967      -  2724 6114s
  3655  3545 260993.797  165 7353          - 192166.967      -  2723 6168s
  3656  3546 196686.604   58 7453          - 192166.967      -  2722 6201s
  3657  3547 309052.174   82 6854          - 192166.967      -  2721 6241s
  3658  3547 199190.142   88 7402          - 192166.967      -  2721 6276s
  3659  3548 404691.950  162 7577          - 192166.967      -  2720 6315s
  3660  3549 196286.555   44 7581          - 192166.967      -  2719 6349s
  3661  3549 219867.090  101 7612          - 192166.967      -  2718 6384s
  3662  3550 194651.240   72 7704          - 192166.967      -  2718 6414s
  3663  3551 470218.839  117 7716          - 192166.967      -  2717 6455s
  3666  3554 514996.461  308 7923          - 192166.967      -  2990 6611s
  3668  3555 1043004.22  183 8461          - 192166.967      -  2989 6701s
  3669  3556 276472.473   72 7793          - 192166.967      -  2988 6771s
  3670  3557 488428.596  188 6846          - 192166.967      -  2987 6837s
  3671  3557 259909.029   74 6468          - 192166.967      -  2986 6873s
  3672  3558 322297.859  235 7285          - 192166.967      -  2985 6903s
  3673  3559 394043.060  126 6098          - 192166.967      -  2985 6932s
  3674  3559 266748.129   91 5854          - 192166.967      -  2984 6962s
  3675  3560 196055.250   45 5562          - 192166.967      -  2983 6983s
  3676  3561 224476.823   43 6195          - 192166.967      -  2982 7013s
  3677  3561 444043.652  156 6436          - 192166.967      -  2981 7069s
  3678  3562 218626.044   61 5846          - 192266.615      -  2981 7134s
  3679  3563 494874.567  261 5939          - 192266.615      -  2980 7181s

Cutting planes:
  Learned: 1262
  Gomory: 51
  Lift-and-project: 1
  Cover: 905
  Implied bound: 10974
  Projected implied bound: 399
  MIR: 20156
  StrongCG: 13
  Flow cover: 16389
  GUB cover: 354
  Zero half: 8
  Mod-K: 7
  Network: 25
  RLT: 71
  Relax-and-lift: 1261

Explored 3679 nodes (11765441 simplex iterations) in 7201.04 seconds (26259.63 work units)
Thread count was 10 (of 10 available processors)

Solution count 0

Time limit reached
Best objective -, best bound 1.922666145249e+05, gap -
Warning: linear constraint 170801 and linear constraint 170804 have the same name "lin1_pw_d_0_"
