
Gurobi 11.0.2 (mac64[arm]) logging started Thu Jul 24 17:21:51 2025

Set parameter LogFile to value "../solutions/100/e_log.log"
Gurobi Optimizer version 11.0.2 build v11.0.2rc0 (mac64[arm] - Darwin 24.5.0 24F74)

CPU model: Apple M2 Pro
Thread count: 10 physical cores, 10 logical processors, using up to 10 threads

Optimize a model with 410805 rows, 240203 columns and 1290602 nonzeros
Model fingerprint: 0x8a516526
Variable types: 70003 continuous, 170200 integer (160100 binary)
Coefficient statistics:
  Matrix range     [1e-03, 1e+06]
  Objective range  [1e+00, 1e+00]
  Bounds range     [1e+00, 5e+01]
  RHS range        [1e+00, 6e+05]
Presolve removed 196105 rows and 27402 columns
Presolve time: 3.32s
Presolved: 214700 rows, 212801 columns, 1084760 nonzeros
Variable types: 61400 continuous, 151401 integer (141500 binary)
Deterministic concurrent LP optimizer: primal simplex, dual simplex, and barrier
Showing barrier log only...

Root barrier log...

Ordering time: 1.84s
Ordering time: 2.14s

Barrier statistics:
 Dense cols : 92
 AA' NZ     : 2.853e+06
 Factor NZ  : 6.131e+06 (roughly 200 MB of memory)
 Factor Ops : 7.594e+08 (less than 1 second per iteration)
 Threads    : 7

                  Objective                Residual
Iter       Primal          Dual         Primal    Dual     Compl     Time
   0   4.18083727e+09 -1.92560541e+09  4.07e+06 1.14e-13  4.39e+05     7s
   1   2.83389730e+09 -1.55527547e+09  2.76e+06 1.46e+02  2.95e+05     7s
   2   1.57604330e+08 -1.08431970e+09  1.53e+05 1.49e-10  1.83e+04     7s
   3   2.89124783e+07 -6.90012593e+08  2.75e+04 3.93e-10  3.95e+03     8s
   4   5.26234432e+06 -1.69514697e+08  4.51e+03 5.35e-10  6.95e+02     8s
   5   1.37577270e+06 -1.76207784e+07  7.30e+02 2.99e-10  9.08e+01     8s
   6   1.24006237e+06 -1.47023750e+07  5.99e+02 2.35e-10  7.38e+01     8s
   7   7.29811697e+05 -7.36118583e+06  1.05e+02 9.31e-11  2.12e+01     8s
   8   2.41006278e+05 -4.10561498e+06  1.96e+00 4.26e-11  9.06e+00     8s
   9   1.65189504e+05 -1.08387372e+06  9.65e-01 6.42e-12  2.44e+00     8s
  10   1.35124547e+05 -5.54334020e+05  7.86e-01 6.57e-12  1.32e+00     8s
  11   1.02709338e+05 -2.96220043e+05  5.86e-01 3.38e-12  7.41e-01     8s
  12   8.16629270e+04 -2.13353683e+05  4.45e-01 3.07e-12  5.35e-01     8s
  13   6.42923966e+04 -1.27101970e+05  3.35e-01 2.45e-12  3.40e-01     8s
  14   3.62549356e+04 -9.53079681e+04  1.47e-01 2.46e-12  2.27e-01     8s
  15   2.26001543e+04 -6.81358314e+04  3.54e-02 2.33e-12  1.52e-01     8s
  16   1.81262422e+04 -4.95512672e+04  1.23e-02 3.34e-12  1.13e-01     8s
  17   1.50610078e+04 -2.37134417e+04  2.74e-03 3.37e-12  6.46e-02     9s
  18   1.25620656e+04 -1.01128940e+04  3.89e-04 3.38e-12  3.77e-02     9s
  19   1.21727942e+04 -3.89229304e+03  3.37e-04 3.30e-12  2.67e-02     9s
  20   1.04216769e+04  2.23901837e+03  1.49e-04 3.75e-12  1.36e-02     9s
  21   1.04564627e+04  3.26517996e+03  1.48e-04 4.92e-12  1.20e-02     9s
  22   9.71299438e+03  5.12932323e+03  1.16e-04 1.24e-11  7.63e-03     9s
  23   9.52195607e+03  5.60192207e+03  1.08e-04 8.78e-12  6.52e-03     9s
  24   8.98477328e+03  5.90071929e+03  8.69e-05 5.17e-12  5.13e-03     9s
  25   8.81376485e+03  6.15904196e+03  7.90e-05 3.64e-12  4.42e-03     9s
  26   8.53513323e+03  6.35544813e+03  6.87e-05 3.52e-12  3.63e-03     9s
  27   8.35442740e+03  6.42715287e+03  6.15e-05 3.30e-12  3.21e-03     9s
  28   7.96274440e+03  6.66514083e+03  4.46e-05 2.96e-12  2.16e-03     9s
  29   7.52421728e+03  6.69653807e+03  2.72e-05 2.50e-12  1.38e-03     9s
  30   7.49923003e+03  6.71462980e+03  2.63e-05 3.29e-12  1.31e-03    10s
  31   7.33293203e+03  6.73425621e+03  2.03e-05 2.16e-12  9.96e-04    10s
  32   7.30352329e+03  6.73760431e+03  1.93e-05 2.84e-12  9.42e-04    10s
  33   7.26906013e+03  6.73501845e+03  1.80e-05 2.56e-12  8.89e-04    10s
  34   7.05229000e+03  6.75308933e+03  9.47e-06 2.73e-12  4.98e-04    10s
  35   6.98981856e+03  6.75962815e+03  7.38e-06 2.73e-12  3.83e-04    10s
  36   6.97902709e+03  6.76351460e+03  7.01e-06 2.70e-12  3.59e-04    10s
  37   6.85168094e+03  6.76950448e+03  2.08e-06 2.61e-12  1.37e-04    10s
  38   6.77618440e+03  6.77259838e+03  5.50e-08 2.73e-12  5.97e-06    10s
  39   6.77349732e+03  6.77348426e+03  1.88e-10 4.72e-12  2.17e-08    10s
  40   6.77348597e+03  6.77348597e+03  4.11e-10 2.69e-12  4.11e-14    10s

Barrier solved model in 40 iterations and 10.22 seconds (18.56 work units)
Optimal objective 6.77348597e+03


Root crossover log...

  128324 DPushes remaining with DInf 0.0000000e+00                10s
       0 DPushes remaining with DInf 0.0000000e+00                10s

   13100 PPushes remaining with PInf 0.0000000e+00                10s
       0 PPushes remaining with PInf 0.0000000e+00                10s

  Push phase complete: Pinf 0.0000000e+00, Dinf 1.6203350e-10     10s


Root simplex log...

Iteration    Objective       Primal Inf.    Dual Inf.      Time
   31674    6.7734860e+03   0.000000e+00   0.000000e+00     10s
Concurrent spin time: 0.00s

Solved with barrier
   49480    6.5724340e+03   0.000000e+00   1.463815e+06     15s
   58981    6.4968894e+03   0.000000e+00   6.316638e+05     20s
   66757    6.4869940e+03   0.000000e+00   1.304772e+05     25s
   72077    6.4853451e+03   0.000000e+00   1.046748e+05     30s
   77277    6.4851214e+03   0.000000e+00   1.017168e+04     35s
   82197    6.4849483e+03   0.000000e+00   4.628717e+04     40s
   87127    6.4847951e+03   0.000000e+00   1.143028e+04     45s
   92916    6.7677050e+03   9.888615e+00   0.000000e+00     50s
   96257    6.7734860e+03   0.000000e+00   0.000000e+00     53s
Extra simplex iterations after uncrush: 64583

Root relaxation: objective 6.773486e+03, 96257 iterations, 48.65 seconds (154.39 work units)
Total elapsed time = 77.16s (DegenMoves)

    Nodes    |    Current Node    |     Objective Bounds      |     Work
 Expl Unexpl |  Obj  Depth IntInf | Incumbent    BestBd   Gap | It/Node Time

     0     0 6773.48597    0 2725          - 6773.48597      -     -   79s
     0     0 47264.3419    0 3152          - 47264.3419      -     -   93s
     0     0 51333.8797    0 3818          - 51333.8797      -     -   98s
     0     0 56109.8641    0 4170          - 56109.8641      -     -  101s
     0     0 58499.1205    0 3386          - 58499.1205      -     -  105s
     0     0 60847.3994    0 5224          - 60847.3994      -     -  109s
     0     0 65934.4281    0 5637          - 65934.4281      -     -  115s
     0     0 71866.6262    0 5812          - 71866.6262      -     -  118s
     0     0 76160.8196    0 6563          - 76160.8196      -     -  123s
     0     0 101242.247    0 5609          - 101242.247      -     -  127s
     0     0 101242.247    0 5606          - 101242.247      -     -  127s
     0     0 104769.666    0 4478          - 104769.666      -     -  133s
     0     0 112663.087    0 4215          - 112663.087      -     -  138s
     0     0 112663.087    0 4218          - 112663.087      -     -  139s
     0     0 123747.109    0 6089          - 123747.109      -     -  150s
     0     0 123775.407    0 6120          - 123775.407      -     -  153s
     0     0 130754.088    0 6176          - 130754.088      -     -  164s
     0     0 130995.760    0 6569          - 130995.760      -     -  168s
     0     0 131241.812    0 6730          - 131241.812      -     -  169s
     0     0 131241.812    0 6757          - 131241.812      -     -  170s
     0     0 134481.145    0 5578          - 134481.145      -     -  177s
     0     0 141260.717    0 7491          - 141260.717      -     -  183s
     0     0 141384.991    0 8111          - 141384.991      -     -  185s
     0     0 141384.991    0 8194          - 141384.991      -     -  185s
     0     0 142704.558    0 6492          - 142704.558      -     -  193s
     0     0 143310.713    0 6112          - 143310.713      -     -  197s
     0     0 143310.713    0 6164          - 143310.713      -     -  198s
     0     0 145862.076    0 8012          - 145862.076      -     -  211s
     0     0 146215.339    0 8264          - 146215.339      -     -  213s
     0     0 146783.801    0 8439          - 146783.801      -     -  213s
     0     0 146792.858    0 8419          - 146792.858      -     -  214s
     0     0 151219.130    0 7827          - 151219.130      -     -  222s
     0     0 153907.624    0 6404          - 153907.624      -     -  225s
     0     0 153907.809    0 6466          - 153907.809      -     -  225s
     0     0 158070.558    0 4726          - 158070.558      -     -  234s
     0     0 160777.570    0 5480          - 160777.570      -     -  237s
     0     0 161160.616    0 6122          - 161160.616      -     -  240s
     0     0 163068.048    0 6396          - 163068.048      -     -  242s
     0     0 163487.228    0 8107          - 163487.228      -     -  243s
     0     0 164411.839    0 6657          - 164411.839      -     -  244s
     0     0 164802.806    0 6662          - 164802.806      -     -  246s
     0     0 164873.553    0 6769          - 164873.553      -     -  247s
     0     0 165150.938    0 6989          - 165150.938      -     -  247s
     0     0 165168.078    0 6997          - 165168.078      -     -  248s
     0     0 168971.631    0 9404          - 168971.631      -     -  255s
     0     0 169342.039    0 6784          - 169342.039      -     -  256s
     0     0 170066.827    0 10260          - 170066.827      -     -  260s
     0     0 170211.328    0 10533          - 170211.328      -     -  261s
     0     0 170219.994    0 10573          - 170219.994      -     -  261s
     0     0 173318.954    0 7174          - 173318.954      -     -  269s
     0     0 174578.530    0 7190          - 174578.530      -     -  272s
     0     0 174931.672    0 6926          - 174931.672      -     -  275s
     0     0 176208.607    0 6688          - 176208.607      -     -  281s
     0     0 176237.298    0 6740          - 176237.298      -     -  282s
     0     0 177968.481    0 9856          - 177968.481      -     -  296s
     0     0 178125.536    0 8210          - 178125.536      -     -  300s
     0     0 178161.559    0 9896          - 178161.559      -     -  303s
     0     0 179726.570    0 7328          - 179726.570      -     -  311s
     0     0 180408.165    0 7975          - 180408.165      -     -  314s
     0     0 181135.905    0 7147          - 181135.905      -     -  317s
     0     0 181250.530    0 7941          - 181250.530      -     -  318s
     0     0 181250.530    0 8004          - 181250.530      -     -  319s
     0     0 181954.923    0 6563          - 181954.923      -     -  327s
     0     0 183190.914    0 6556          - 183190.914      -     -  330s
     0     0 183328.690    0 6665          - 183328.690      -     -  331s
     0     0 183355.201    0 6585          - 183355.201      -     -  332s
     0     0 183992.752    0 7378          - 183992.752      -     -  339s
     0     0 184802.467    0 8919          - 184802.467      -     -  343s
     0     0 185614.676    0 8769          - 185614.676      -     -  346s
     0     0 185847.104    0 9111          - 185847.104      -     -  347s
     0     0 186159.767    0 8914          - 186159.767      -     -  353s
     0     0 186214.492    0 9499          - 186214.492      -     -  357s
     0     0 186959.221    0 7606          - 186959.221      -     -  366s
     0     0 187540.691    0 7834          - 187540.691      -     -  373s
     0     0 187570.696    0 7898          - 187570.696      -     -  373s
     0     0 189228.031    0 8167          - 189228.031      -     -  380s
     0     0 189474.425    0 8236          - 189474.425      -     -  384s
     0     0 189542.756    0 8027          - 189542.756      -     -  385s
     0     0 190323.461    0 9076          - 190323.461      -     -  396s
     0     0 190462.337    0 9116          - 190462.337      -     -  397s
     0     0 192002.983    0 10493          - 192002.983      -     -  407s
     0     0 192283.168    0 10351          - 192283.168      -     -  412s
     0     0 192756.607    0 7042          - 192756.607      -     -  415s
     0     0 193020.693    0 6788          - 193020.693      -     -  418s
     0     0 193083.789    0 8535          - 193083.789      -     -  419s
     0     0 193573.465    0 7617          - 193573.465      -     -  430s
     0     0 193944.718    0 4165          - 193944.718      -     -  451s
     0     0 193998.307    0 4554          - 193998.307      -     -  455s
     0     0 194119.332    0 4851          - 194119.332      -     -  458s
     0     0 194236.035    0 5177          - 194236.035      -     -  459s
     0     0 194545.613    0 5188          - 194545.613      -     -  459s
     0     0 194643.470    0 5150          - 194643.470      -     -  461s
     0     0 194830.068    0 4610          - 194830.068      -     -  465s
     0     0 194830.070    0 4610          - 194830.070      -     -  467s
     0     2 194830.070    0 4610          - 194830.070      -     -  504s
     1     4 195355.545    1 4261          - 194830.845      - 14960  510s
     3     8 196040.610    2 8849          - 195538.007      - 14467  522s
     7    16 196740.026    3 9619          - 196452.418      -  8940  535s
    15    26 197070.169    4 11003          - 196741.763      -  8921  546s
    25    36 198029.225    5 9861          - 197301.899      - 10487  628s
    35    46 198402.705    6 10103          - 197369.158      - 19677  646s
    45    56 198665.488    7 12456          - 197455.600      - 16219  662s
    55    72 198739.004    8 10229          - 198048.568      - 13818  676s
    71    86 198970.285    9 12388          - 198048.568      - 11440  685s
    85   101 199121.498   10 7043          - 198048.568      - 10019  709s
   100   117 199175.489   11 9312          - 198048.568      -  9169  749s
   118   131 199927.683   13 9322          - 198048.568      -  9073  759s
   136   145 200470.030   15 11127          - 198048.568      -  8312  780s
   150   162 201408.934   17 14220          - 198048.568      -  8262  794s
   167   181 202019.656   18 12975          - 198048.568      -  7750  810s
   186   204 202557.924   22 14758          - 198048.568      -  7291  843s
   209   234 203158.282   25 14267          - 198048.568      -  6897  858s
   239   260 203644.741   30 13331          - 198048.568      -  6367  870s
   265   284 203928.685   34 13277          - 198048.568      -  5960  887s
   289   317 204082.005   36 13315          - 198048.568      -  5754  903s
   322   342 204353.643   42 10239          - 198048.568      -  5422  922s
   347   366 204685.115   46 10556          - 198048.568      -  5270  939s
   371   393 205529.922   51 11238          - 198048.568      -  5182 1014s
   398   427 206557.408   57 12485          - 198048.568      -  5060 1028s
   432   480 208170.865   62 13058          - 198048.568      -  4858 1048s
   485   523 209065.306   71 10791          - 198048.568      -  4516 1065s
   528   569 210277.963   81 11691          - 198048.568      -  4326 1083s
   574   599 211565.715   92 14826          - 198048.568      -  4149 1103s
   604   635 212727.178   99 11639          - 198048.568      -  4121 1128s
   640   671 213898.556  108 12780          - 198048.568      -  4089 1149s
   676   712 216619.654  118 12202          - 198048.568      -  4029 1176s
   717   726 219555.235  132 11193          - 198048.568      -  4064 1304s
   731   761 219784.200  133 11402          - 198048.568      -  4738 1329s
   767   795 445467.251  137 3091          - 198048.568      -  4720 1351s
   801   829 445654.404  140 2668          - 198048.568      -  4682 1379s
   835   868 445895.146  143 2067          - 198048.568      -  4671 1409s
   874   916 446055.791  145 1516          - 198048.568      -  4641 1434s
   922   976 446297.979  148  945          - 198048.568      -  4546 1467s
   982  1042 446297.979  167  932          - 198048.568      -  4400 1495s
H  986  1042                    598833.76357 198048.568  66.9%  4383 1495s
H  997  1042                    598833.76062 198048.568  66.9%  4334 1495s
H 1048  1053                    447087.04506 198048.568  55.7%  4243 1526s
H 1052  1034                    446470.65442 198048.568  55.6%  4237 1526s
H 1068  1031                    446382.64303 198048.568  55.6%  4178 1526s
H 1076  1017                    361270.24861 198048.568  45.2%  4184 1526s
  1083  1069     cutoff  189      361270.249 198055.100  45.2%  4192 1556s
H 1150  1174                    361270.24703 198055.100  45.2%  4086 1592s
H 1174  1174                    361270.24545 198055.100  45.2%  4016 1592s
H 1174  1174                    359763.82109 198055.100  44.9%  4016 1592s
H 1212  1174                    333864.61486 198055.100  40.7%  3938 1592s
  1262  1300 210226.164   35 14424 333864.615 198055.100  40.7%  3888 1627s
H 1278  1299                    330921.26799 198055.100  40.2%  3850 1627s
H 1279  1296                    322446.56435 198055.100  38.6%  3848 1627s
H 1317  1296                    318208.94759 198055.100  37.8%  3762 1627s
H 1395  1403                    318208.94574 198055.100  37.8%  3672 1664s
H 1457  1361                    301749.23600 198055.100  34.4%  3554 1664s
H 1504  1058                    268998.44972 198055.100  26.4%  3503 1664s
  1523  1061 infeasible   85      268998.450 198499.139  26.2%  3485 1714s
H 1554  1056                    268603.76198 198499.139  26.1%  3460 1715s
H 1591  1000                    266772.89175 198499.139  25.6%  3435 1715s
H 1614   949                    264563.54143 198499.139  25.0%  3412 1715s
H 1627   852                    255075.80501 198499.139  22.2%  3394 1715s
  1665   967 209307.034    8 9747 255075.805 198499.139  22.2%  3367 1887s
H 1821   967                    255075.80186 198499.139  22.2%  3309 1889s
  1822   968 253214.173   39 4610 255075.802 198499.139  22.2%  3308 2079s
H 1823   920                    251896.72108 198499.139  21.2%  3306 2181s
  1824   920 247567.560   22 6826 251896.721 198499.139  21.2%  3304 2192s
H 1824   874                    251896.71951 198499.139  21.2%  3304 2282s
H 1825   831                    251896.71477 198499.139  21.2%  3302 2299s
H 1825   790                    250909.81233 198499.139  20.9%  3302 2299s
  1826   791 209460.554   14 7919 250909.812 198499.139  20.9%  3300 2317s
H 1826   751                    250909.62975 198499.139  20.9%  3300 2331s
  1827   751 250909.630   29 8138 250909.630 198499.139  20.9%  3299 2342s
H 1827   713                    231447.56529 198499.139  14.2%  3299 2371s
  1828   714 208994.786    8 5094 231447.565 198499.139  14.2%  3297 2376s
H 1828   678                    231447.56055 198499.139  14.2%  3297 2395s
  1829   679 231447.561   40 9617 231447.561 198499.139  14.2%  3295 2404s
  1830   679 204764.512   34 8138 231447.561 198499.139  14.2%  3293 2427s
  1831   680 231447.561   44 6553 231447.561 198499.139  14.2%  3291 2449s
H 1831   646                    231447.55740 198499.139  14.2%  3291 2469s
  1832   647 210310.148    9 4173 231447.557 198499.139  14.2%  3290 2472s
  1833   647 231447.557   51 4446 231447.557 198499.139  14.2%  3288 2479s
  1834   648 223372.318   39 4663 231447.557 198499.139  14.2%  3286 2540s
H 1834   616                    231447.55582 198499.139  14.2%  3286 2579s
  1835   617 231447.556   29 6028 231447.556 198499.139  14.2%  3284 2600s
  1836   617 231447.556   59 6088 231447.556 198499.139  14.2%  3282 2618s
H 1836   585                    231447.54367 198499.139  14.2%  3282 2638s
  1837   586 231447.544   58 6047 231447.544 198499.139  14.2%  3281 2665s
  1838   587 221244.514   27 5867 231447.544 198499.139  14.2%  3279 2720s
H 1838   558                    231447.54364 198499.139  14.2%  3279 2740s
  1840   559 223968.240   43 2784 231447.544 198499.139  14.2%  3275 2772s
  1841   560 231447.544   29 4222 231447.544 198499.139  14.2%  3273 2829s
  1842   560 210099.595   76 6253 231447.544 198499.139  14.2%  3272 2853s
  1843   561 231447.544   47 5948 231447.544 198499.139  14.2%  3270 2867s
  1844   562 230291.384  120 5952 231447.544 198499.139  14.2%  3268 2913s
  1845   562 231447.544   49 5728 231447.544 198598.876  14.2%  3266 2950s
H 1845   533                    226621.24679 198598.876  12.4%  3266 2979s
H 1845   506                    226533.33918 198598.876  12.3%  3266 2979s
  1846   507 209812.456   24 5931 226533.339 198598.876  12.3%  3265 2989s
  1847   508 226533.339   68 5917 226533.339 199546.273  11.9%  3263 3030s
H 1847   482                    226533.20902 200556.568  11.5%  3263 3065s
H 1847   458                    226533.14937 200556.568  11.5%  3263 3065s
H 1847   435                    212081.77516 200556.568  5.43%  3263 3065s
  1849   436 212081.775   17 6952 212081.775 201531.443  4.97%  3259 3097s
  1850   437 208173.740    4 5792 212081.775 202034.219  4.74%  3258 3117s
  1851   437 212081.775   48 6069 212081.775 202039.362  4.74%  3256 3152s
H 1851   414                    212081.77200 202885.279  4.34%  3256 3205s
  1853   416 212081.772   21 6590 212081.772 203440.154  4.07%  3252 3241s
  1854   416 212081.772   36 6552 212081.772 203503.140  4.04%  3251 3254s
  1855   417 206951.513   10 7136 212081.772 203553.663  4.02%  3249 3265s
H 1855   396                    212081.77042 203579.608  4.01%  3249 3277s
H 1856   376                    212081.76727 203580.327  4.01%  3247 3300s
  1858   377 212081.767   25 6150 212081.767 203873.790  3.87%  3244 3356s
H 1858   358                    212081.76569 203873.790  3.87%  3244 3363s
  1859   359 212081.766   26 6211 212081.766 203873.790  3.87%  3242 3388s
H 1859   340                    212081.76096 203925.537  3.85%  3242 3459s
  1860   340 210310.148   10 6354 212081.761 203925.537  3.85%  3240 3460s
  1861   341 209513.758   11 6245 212081.761 203985.590  3.82%  3238 3513s
  1862   342 212081.761   16 6373 212081.761 203985.591  3.82%  3237 3548s
  1863   342 210280.642   21 6332 212081.761 203985.593  3.82%  3235 3595s
  1864   343 212081.761   35 6538 212081.761 203992.265  3.81%  3233 3638s
  1865   344 212081.761   41 6485 212081.761 203992.269  3.81%  3231 3676s
  1866   344 212081.761   56 6507 212081.761 203999.410  3.81%  3230 3782s
  1867   345 205032.723    5 6540 212081.761 203999.413  3.81%  3228 3828s
  1868   346 212081.761   66 6540 212081.761 203999.413  3.81%  3226 3864s
  1869   346 212081.761   56 6540 212081.761 203999.413  3.81%  3224 3990s
  1870   350 203999.413   10 6537 212081.761 203999.413  3.81%  3703 4053s
  1872   351 204000.567   11 4147 212081.761 204000.567  3.81%  3706 4102s
  1876   353 204000.567   12 4142 212081.761 204000.567  3.81%  3714 4162s
  1882   354 204056.672   13 6012 212081.761 204002.776  3.81%  3791 4440s
  1891   351 204315.072   14 5169 212081.761 204173.928  3.73%  3888 4538s
  1901   347 208530.173   15 5127 212081.761 204316.751  3.66%  3946 4608s
  1911   340 208989.027   16 3448 212081.761 204340.051  3.65%  3965 4647s
  1921   335 209490.662   17 2070 212081.761 204340.051  3.65%  3993 4727s
  1930   332     cutoff   18      212081.761 204394.816  3.62%  4016 4749s
  1938   328     cutoff   18      212081.761 204707.454  3.48%  4019 4796s
  1944   325 211855.961   19 1611 212081.761 206530.274  2.62%  4025 4810s

Cutting planes:
  Learned: 965
  Gomory: 232
  Cover: 1804
  Implied bound: 21792
  Projected implied bound: 341
  Clique: 2
  MIR: 17131
  Mixing: 2
  StrongCG: 15
  Flow cover: 18215
  GUB cover: 542
  Inf proof: 1
  Zero half: 26
  Mod-K: 12
  Network: 24
  RLT: 926
  Relax-and-lift: 1546
  BQP: 1

Explored 1950 nodes (8397447 simplex iterations) in 4811.19 seconds (14615.54 work units)
Thread count was 10 (of 10 available processors)

Solution count 10: 212082 212082 212082 ... 226621

Optimal solution found (tolerance 1.00e-03)
Best objective 2.120817609597e+05, best bound 2.120376784861e+05, gap 0.0208%
Warning: linear constraint 170801 and linear constraint 170804 have the same name "lin1_pw_d_0_"
