
Gurobi 11.0.2 (mac64[arm]) logging started Thu Jul 24 23:56:43 2025

Set parameter LogFile to value "../solutions/100/f_log.log"
Gurobi Optimizer version 11.0.2 build v11.0.2rc0 (mac64[arm] - Darwin 24.5.0 24F74)

CPU model: Apple M2 Pro
Thread count: 10 physical cores, 10 logical processors, using up to 10 threads

Optimize a model with 410805 rows, 240203 columns and 1290602 nonzeros
Model fingerprint: 0x68f324d2
Variable types: 70003 continuous, 170200 integer (160100 binary)
Coefficient statistics:
  Matrix range     [1e-03, 1e+06]
  Objective range  [1e+00, 1e+00]
  Bounds range     [1e+00, 5e+01]
  RHS range        [1e+00, 6e+05]
Presolve removed 199404 rows and 29601 columns
Presolve time: 3.20s
Presolved: 211401 rows, 210602 columns, 1072278 nonzeros
Variable types: 60300 continuous, 150302 integer (140401 binary)
Deterministic concurrent LP optimizer: primal simplex, dual simplex, and barrier
Showing barrier log only...

Root barrier log...

Ordering time: 1.81s
Ordering time: 2.05s

Barrier statistics:
 Dense cols : 130
 AA' NZ     : 2.467e+06
 Factor NZ  : 6.263e+06 (roughly 200 MB of memory)
 Factor Ops : 1.221e+09 (less than 1 second per iteration)
 Threads    : 7

                  Objective                Residual
Iter       Primal          Dual         Primal    Dual     Compl     Time
   0   4.08111529e+09 -1.85134333e+09  3.98e+06 1.14e-13  4.27e+05     7s
   1   2.77100104e+09 -1.51060425e+09  2.70e+06 1.44e+02  2.87e+05     7s
   2   2.68394198e+08 -1.06422327e+09  2.61e+05 1.09e-10  2.98e+04     7s
   3   3.25085894e+07 -7.51638949e+08  3.11e+04 7.64e-11  4.49e+03     7s
   4   5.91420511e+06 -3.40964783e+08  5.15e+03 1.20e-10  1.06e+03     7s
   5   1.36735559e+06 -3.82471833e+07  7.23e+02 9.37e-11  1.28e+02     7s
   6   1.18390373e+06 -2.15564711e+07  5.44e+02 4.91e-11  8.06e+01     7s
   7   8.88830588e+05 -1.34092353e+07  2.58e+02 2.38e-10  4.30e+01     7s
   8   6.49418700e+05 -1.17613708e+07  2.60e+01 2.12e-10  2.37e+01     8s
   9   2.60569695e+05 -3.93834013e+06  8.90e-01 3.16e-10  7.74e+00     8s
  10   1.21750118e+05 -6.81638904e+05  2.74e-01 3.92e-11  1.41e+00     8s
  11   8.38649435e+04 -4.21150406e+05  1.84e-01 1.91e-11  8.75e-01     8s
  12   6.02202033e+04 -2.79431326e+05  1.20e-01 1.32e-11  5.83e-01     8s
  13   4.75650497e+04 -1.49940391e+05  8.25e-02 6.64e-12  3.37e-01     8s
  14   3.21853512e+04 -9.96273736e+04  4.20e-02 4.97e-12  2.24e-01     8s
  15   1.88404314e+04 -7.13053502e+04  2.76e-03 3.50e-12  1.52e-01     8s
  16   1.57614427e+04 -4.50977768e+04  8.17e-04 3.07e-12  1.03e-01     8s
  17   1.35945269e+04 -2.74078321e+04  2.29e-04 6.16e-12  6.91e-02     8s
  18   1.10406401e+04 -6.55631285e+03  7.36e-05 2.59e-11  2.97e-02     8s
  19   1.08836582e+04 -4.68418511e+03  7.16e-05 2.23e-11  2.62e-02     8s
  20   9.28225076e+03  1.71181554e+03  4.16e-05 9.23e-12  1.28e-02     8s
  21   8.71401798e+03  2.87085040e+03  3.41e-05 9.25e-12  9.85e-03     8s
  22   8.60247064e+03  3.35171274e+03  3.25e-05 4.46e-12  8.85e-03     8s
  23   8.55405840e+03  3.69687984e+03  3.17e-05 6.18e-12  8.19e-03     9s
  24   8.02062965e+03  4.29840853e+03  2.51e-05 1.14e-11  6.28e-03     9s
  25   7.48447377e+03  4.74415143e+03  1.90e-05 3.04e-11  4.62e-03     9s
  26   7.42419742e+03  4.93961106e+03  1.83e-05 3.21e-11  4.19e-03     9s
  27   6.70132650e+03  5.34106070e+03  1.08e-05 8.39e-12  2.29e-03     9s
  28   6.59446656e+03  5.50860700e+03  9.67e-06 9.59e-12  1.83e-03     9s
  29   6.30817848e+03  5.53755423e+03  6.93e-06 3.87e-12  1.30e-03     9s
  30   6.20195045e+03  5.56339311e+03  5.84e-06 6.82e-12  1.08e-03     9s
  31   5.96218657e+03  5.58068545e+03  3.48e-06 7.78e-12  6.43e-04     9s
  32   5.93932115e+03  5.59225905e+03  3.26e-06 2.68e-12  5.85e-04     9s
  33   5.68717110e+03  5.59703542e+03  7.66e-07 3.30e-12  1.52e-04     9s
  34   5.60571165e+03  5.60375647e+03  1.30e-08 3.81e-12  3.30e-06     9s
  35   5.60424876e+03  5.60424839e+03  4.47e-11 3.21e-12  6.32e-10     9s
  36   5.60424864e+03  5.60424864e+03  1.07e-12 2.50e-12  8.01e-16     9s

Barrier solved model in 36 iterations and 9.36 seconds (17.43 work units)
Optimal objective 5.60424864e+03


Root crossover log...

  126127 DPushes remaining with DInf 0.0000000e+00                 9s
       0 DPushes remaining with DInf 0.0000000e+00                10s

   12900 PPushes remaining with PInf 0.0000000e+00                10s
       0 PPushes remaining with PInf 0.0000000e+00                10s

  Push phase complete: Pinf 0.0000000e+00, Dinf 2.6789237e-11     10s


Root simplex log...

Iteration    Objective       Primal Inf.    Dual Inf.      Time
   31270    5.6042486e+03   0.000000e+00   0.000000e+00     10s
Concurrent spin time: 0.00s

Solved with barrier
   33235    5.5883973e+03   0.000000e+00   2.182928e+06     10s
   44915    5.4224005e+03   0.000000e+00   1.271692e+05     15s
   54845    5.3691262e+03   0.000000e+00   1.103970e+05     20s
   63195    5.3517032e+03   0.000000e+00   7.589025e+04     25s
   69445    5.3493003e+03   0.000000e+00   2.360176e+05     30s
   74895    5.3485856e+03   0.000000e+00   5.761238e+04     35s
   80395    5.3477215e+03   0.000000e+00   3.358262e+04     40s
   86045    5.3470361e+03   0.000000e+00   6.066727e+04     45s
   91425    5.3464464e+03   0.000000e+00   2.661581e+04     50s
   96775    5.3459754e+03   0.000000e+00   1.891541e+04     55s
  101975    5.3456499e+03   0.000000e+00   1.952003e+04     60s
  107285    5.3453321e+03   0.000000e+00   2.134766e+04     65s
  112385    5.3450471e+03   0.000000e+00   3.675827e+04     70s
  117725    5.3447630e+03   0.000000e+00   2.584636e+04     75s
  122945    5.3445235e+03   0.000000e+00   2.292199e+04     80s
  128485    5.3443062e+03   0.000000e+00   1.861198e+04     85s
  134025    5.3441319e+03   0.000000e+00   6.590457e+03     90s
  140245    5.5841795e+03   2.826081e+01   0.000000e+00     95s
  143424    5.6042486e+03   0.000000e+00   0.000000e+00     97s
Extra simplex iterations after uncrush: 112154

Root relaxation: objective 5.604249e+03, 143424 iterations, 92.76 seconds (312.10 work units)
Total elapsed time = 131.58s (DegenMoves)

    Nodes    |    Current Node    |     Objective Bounds      |     Work
 Expl Unexpl |  Obj  Depth IntInf | Incumbent    BestBd   Gap | It/Node Time

     0     0 5604.24864    0 2730          - 5604.24864      -     -  136s
     0     0 44913.8302    0 3545          - 44913.8302      -     -  158s
     0     0 48837.7080    0 3831          - 48837.7080      -     -  164s
     0     0 52645.4124    0 3720          - 52645.4124      -     -  167s
     0     0 56528.8814    0 5351          - 56528.8814      -     -  171s
     0     0 59572.0595    0 5157          - 59572.0595      -     -  174s
     0     0 61177.7456    0 5563          - 61177.7456      -     -  177s
     0     0 63540.3590    0 6765          - 63540.3590      -     -  179s
     0     0 65356.2628    0 6387          - 65356.2628      -     -  183s
     0     0 68248.9403    0 6153          - 68248.9403      -     -  186s
     0     0 79940.9637    0 5891          - 79940.9637      -     -  189s
     0     0 88015.9574    0 5478          - 88015.9574      -     -  192s
     0     0 88015.9574    0 5471          - 88015.9574      -     -  192s
     0     0 114066.835    0 5845          - 114066.835      -     -  206s
     0     0 117572.051    0 7022          - 117572.051      -     -  211s
     0     0 117574.439    0 7000          - 117574.439      -     -  212s
     0     0 125662.264    0 5686          - 125662.264      -     -  224s
     0     0 126839.266    0 5818          - 126839.266      -     -  228s
     0     0 126839.266    0 5861          - 126839.266      -     -  229s
     0     0 142466.873    0 7626          - 142466.873      -     -  242s
     0     0 146163.243    0 5655          - 146163.243      -     -  246s
     0     0 146163.243    0 5698          - 146163.243      -     -  246s
     0     0 155899.974    0 7136          - 155899.974      -     -  255s
     0     0 156661.960    0 7182          - 156661.960      -     -  257s
     0     0 156757.402    0 7262          - 156757.402      -     -  258s
     0     0 156757.404    0 7264          - 156757.404      -     -  258s
     0     0 159332.162    0 5654          - 159332.162      -     -  265s
     0     0 159689.754    0 6021          - 159689.754      -     -  268s
     0     0 160548.637    0 5207          - 160548.637      -     -  273s
     0     0 161634.263    0 7088          - 161634.263      -     -  278s
     0     0 161644.758    0 7151          - 161644.758      -     -  279s
     0     0 164173.183    0 4379          - 164173.183      -     -  285s
     0     0 165376.588    0 5056          - 165376.588      -     -  290s
     0     0 166029.724    0 4949          - 166029.724      -     -  293s
     0     0 166029.869    0 4958          - 166029.869      -     -  293s
     0     0 167864.847    0 5390          - 167864.847      -     -  303s
     0     0 169383.537    0 5495          - 169383.537      -     -  309s
     0     0 169543.797    0 5948          - 169543.797      -     -  311s
     0     0 169591.967    0 5955          - 169591.967      -     -  312s
     0     0 171061.385    0 6016          - 171061.385      -     -  319s
     0     0 171380.908    0 6194          - 171380.908      -     -  321s
     0     0 171684.707    0 6240          - 171684.707      -     -  322s
     0     0 171689.921    0 6177          - 171689.921      -     -  323s
     0     0 173751.671    0 5607          - 173751.671      -     -  330s
     0     0 173772.987    0 5917          - 173772.987      -     -  332s
     0     0 174293.477    0 5321          - 174293.477      -     -  338s
     0     0 174315.472    0 5280          - 174315.472      -     -  341s
     0     2 174320.274    0 5271          - 174320.274      -     -  366s
     3     8 174479.842    2 5003          - 174409.625      -  6535  372s
    15    26 177047.094    4 6793          - 174766.568      -  3317  385s
    25    36 178411.989    5 4891          - 174766.568      -  4591  394s
    35    46 189906.442    5 4976          - 175419.084      -  5080  434s
    45    55 178495.211    6 4885          - 175493.531      -  5971  441s
    55    65 178581.247    7 4914          - 175493.531      -  5554  446s
    66    77 179438.708    8 4710          - 175493.531      -  5149  457s
    78    89 179985.821    9 4700          - 175493.531      -  4708  474s
    91   102 181066.820   11 6945          - 175493.531      -  4687  479s
   104   117 190707.561   11 4680          - 175493.531      -  4461  487s
   119   136 181082.036   12 6674          - 175493.531      -  4168  494s
   138   151 181396.838   15 4672          - 175493.531      -  3850  510s
H  142   151                    472472.94033 175493.531  62.9%  3765  510s
H  153   161                    442655.29422 175493.531  60.4%  3653  541s
H  154   161                    382927.46272 175493.531  54.2%  3631  541s
H  160   161                    365539.08968 175493.531  52.0%  3553  541s
   163   179 186348.003   17 4707 365539.090 175493.531  52.0%  3561  551s
   181   197 183790.728   18 8856 365539.090 175493.531  52.0%  3517  560s
H  199   207                    365539.08469 175493.531  52.0%  3454  585s
H  199   207                    365539.08050 175493.531  52.0%  3454  585s
H  204   207                    361059.83759 175493.531  51.4%  3504  585s
H  206   207                    351957.99250 175493.531  50.1%  3518  585s
   209   229 184578.381   20 8325 351957.993 175493.531  50.1%  3538  596s
   231   251 185057.572   21 8167 351957.993 175493.531  50.1%  3449  607s
H  253   274                    351957.93802 175493.531  50.1%  3355  617s
H  256   274                    307190.06046 175493.531  42.9%  3339  617s
   276   302 187232.795   23 4897 307190.060 175493.531  42.9%  3178  627s
H  304   329                    307190.04599 175493.531  42.9%  3071  638s
H  316   329                    307190.04256 175493.531  42.9%  2982  638s
H  322   329                    307190.03941 175493.531  42.9%  2944  638s
H  328   329                    307190.03783 175493.531  42.9%  2962  638s
   331   374 192683.100   28 9921 307190.038 175493.531  42.9%  2941  647s
   376   385 190532.270   32 9650 307190.038 175493.531  42.9%  2713  677s
   387   426 190541.819   33 9648 307190.038 175493.531  42.9%  2705  688s
H  416   426                    289518.58905 175493.531  39.4%  2592  688s
   428   473 191075.480   35 9331 289518.589 175493.531  39.4%  2564  700s
   475   535 191150.054   36 9308 289518.589 175493.531  39.4%  2429  708s
   537   582 193899.687   44 9922 289518.589 175493.531  39.4%  2246  718s
   584   662 194702.917   49 7855 289518.589 175493.531  39.4%  2159  726s
   664   752 195199.401   61 6882 289518.589 175493.531  39.4%  1969  736s
   755   811 195444.350   75 7292 289518.589 175493.531  39.4%  1793  744s
   816   911 196240.230   78 9068 289518.589 175493.531  39.4%  1725  753s
   916  1045 196586.872   92 8985 289518.589 175493.531  39.4%  1589  762s
  1052  1163 197709.486  110 7926 289518.589 175493.531  39.4%  1425  771s
  1170  1322 198580.795  127 7850 289518.589 175493.531  39.4%  1318  779s
  1329  1498 200089.911  151 7552 289518.589 175493.531  39.4%  1188  786s
H 1391  1332                    234757.00623 175493.531  25.2%  1140  786s
H 1505  1321                    234756.96769 175493.531  25.2%  1072  800s
H 1528  1321                    234756.95928 175493.531  25.2%  1065  800s
H 1555  1321                    234756.95244 175493.531  25.2%  1056  800s
  1608  1363 230049.623  191 8727 234756.952 175493.531  25.2%  1057  931s
H 1633  1363                    234756.85853 175493.531  25.2%  1052  932s
  1663  1386 infeasible  191      234756.859 177219.612  24.5%  1140  945s
H 1667  1386                    234756.77829 177311.161  24.5%  1140  945s
H 1687  1386                    234756.73476 177311.161  24.5%  1138  945s
H 1691  1021                    220716.76487 177311.161  19.7%  1145  945s
H 1703   934                    217134.76743 177311.161  18.3%  1159  945s
  1705   946 180738.028    7 4874 217134.767 177311.161  18.3%  1164  962s
H 1730   946                    217134.59321 177311.161  18.3%  1207  964s
  1731   947 212753.426   95 5280 217134.593 177311.161  18.3%  1206 1125s
H 1732   900                    217134.35382 177311.161  18.3%  1205 1166s
  1733   900 199848.801   30 5419 217134.354 177311.161  18.3%  1205 1178s
H 1733   855                    217046.41794 177311.161  18.3%  1205 1230s
H 1733   812                    217046.37210 177311.161  18.3%  1205 1233s
  1734   813 215303.418  110 8973 217046.372 177311.161  18.3%  1204 1264s
H 1734   772                    217046.36785 177311.161  18.3%  1204 1278s
H 1734   734                    217046.35366 177311.161  18.3%  1204 1280s
  1735   735 208711.338   18 8005 217046.354 177311.161  18.3%  1203 1288s
H 1735   698                    217046.35208 177311.161  18.3%  1203 1317s
  1736   698 201462.116   46 6943 217046.352 177311.161  18.3%  1203 1331s
  1737   699 181636.672    8 5687 217046.352 177311.161  18.3%  1202 1358s
H 1737   664                    217046.35050 177311.161  18.3%  1202 1388s
  1738   665 204081.705  159 6981 217046.351 177311.161  18.3%  1201 1394s
  1739   665 194749.696   32 4271 217046.351 177311.161  18.3%  1200 1403s
  1740   666 202208.949   35 4436 217046.351 177311.161  18.3%  1200 1455s
H 1740   632                    217046.34892 177311.161  18.3%  1200 1510s
  1741   633 203018.371   86 3544 217046.349 177311.161  18.3%  1199 1529s
H 1741   602                    196958.75465 177311.161  10.0%  1199 1541s
  1743   603 194413.330   26 3172 196958.755 177311.161  10.0%  1198 1554s
  1744   604 196958.755   49 3459 196958.755 177311.161  10.0%  1197 1560s
H 1744   573                    196958.75307 177311.161  10.0%  1197 1578s
  1745   573 196958.753   92 3442 196958.753 177311.161  10.0%  1196 1596s
  1746   574 191889.519   37 4123 196958.753 178393.914  9.43%  1196 1631s
  1747   575 196958.753   55 3665 196958.753 178852.529  9.19%  1195 1636s
  1748   575 196958.753   23 3910 196958.753 179052.972  9.09%  1194 1642s
  1749   576 196958.753   39 4393 196958.753 179072.829  9.08%  1194 1645s
  1751   577 196958.753   21 4662 196958.753 179121.081  9.06%  1192 1650s
  1752   578 196958.753   74 4672 196958.753 179121.081  9.06%  1192 1671s
  1753   579 196958.753   39 4713 196958.753 179930.788  8.65%  1191 1697s
  1754   579 185808.334   14 4810 196958.753 179930.788  8.65%  1190 1718s
  1755   580 196958.753   20 4416 196958.753 181356.658  7.92%  1189 1772s
  1756   581 196958.753   17 5041 196958.753 181506.218  7.85%  1189 1789s
  1757   581 196958.753  145 4086 196958.753 181523.201  7.84%  1188 1795s
  1758   582 196958.753   79 3761 196958.753 182118.675  7.53%  1187 1802s
  1759   583 196958.753   75 3752 196958.753 182118.675  7.53%  1187 1819s
  1760   583 196958.753   35 3969 196958.753 183105.358  7.03%  1186 1882s
  1761   584 187758.024   11 7602 196958.753 183105.358  7.03%  1185 1894s
  1762   585 196958.753    7 7897 196958.753 183105.358  7.03%  1185 1903s
  1763   585 196362.931  159 7895 196958.753 183105.358  7.03%  1184 1910s
  1764   586 196958.753   48 7933 196958.753 183105.358  7.03%  1183 1938s
  1765   587 196958.753   29 5328 196958.753 184409.939  6.37%  1183 1986s
  1766   587 186327.304   12 5322 196958.753 184436.224  6.36%  1182 1991s
  1767   588 185907.267   11 5623 196958.753 184503.625  6.32%  1181 1997s
  1768   589 194749.696   32 5665 196958.753 184606.743  6.27%  1181 2002s
  1769   589 196958.753  137 5701 196958.753 184616.940  6.27%  1180 2030s
  1770   590 196958.753   20 6469 196958.753 185284.439  5.93%  1179 2083s
  1771   591 196958.753   30 4188 196958.753 185435.175  5.85%  1179 2092s
  1772   591 196958.753   49 4639 196958.753 185883.175  5.62%  1178 2108s
  1773   592 196958.753   20 6447 196958.753 186230.166  5.45%  1177 2116s
  1774   593 196958.753  185 5732 196958.753 186516.214  5.30%  1177 2128s
  1775   593 186516.479   17 5852 196958.753 186516.479  5.30%  1176 2154s
  1776   594 196958.753  125 5238 196958.753 186631.414  5.24%  1175 2203s
  1777   595 196958.753   14 5276 196958.753 186646.169  5.24%  1175 2232s
  1778   595 196958.753  181 5034 196958.753 186700.689  5.21%  1174 2277s
  1779   596 196958.753   79 5225 196958.753 186931.712  5.09%  1173 2294s
  1780   597 186990.806   20 6021 196958.753 186990.806  5.06%  1173 2305s
  1781   597 191364.242   39 5631 196958.753 186992.310  5.06%  1172 2335s
  1782   598 189344.717   17 4228 196958.753 187188.975  4.96%  1171 2391s
  1783   599 196958.753   20 5853 196958.753 187264.050  4.92%  1171 2490s
  1784   599 196958.753  101 5524 196958.753 187372.840  4.87%  1170 2498s
  1785   600 196958.753   49 7002 196958.753 187391.831  4.86%  1169 2505s
  1786   601 196958.753   79 7027 196958.753 187397.484  4.85%  1169 2526s
  1787   601 195291.919   11 5188 196958.753 187960.354  4.57%  1168 2587s
  1788   602 196958.753   23 7119 196958.753 188249.714  4.42%  1168 2615s
  1789   603 196958.753   73 5559 196958.753 188397.728  4.35%  1167 2632s
  1790   603 196958.753   25 5606 196958.753 188408.895  4.34%  1166 2659s
  1791   604 196958.753  135 4805 196958.753 189080.112  4.00%  1166 2722s
  1792   605 196958.753  143 5236 196958.753 189114.826  3.98%  1165 2737s
  1793   605 194399.863    6 4918 196958.753 189125.948  3.98%  1164 2764s
  1794   606 196958.753   93 5694 196958.753 189555.374  3.76%  1164 2818s
  1795   607 196958.753  157 4571 196958.753 189652.851  3.71%  1163 2842s
  1796   607 196958.753  110 4568 196958.753 189666.892  3.70%  1162 2866s
  1797   608 196958.753   46 7156 196958.753 189879.179  3.59%  1162 2954s
  1798   609 196958.753    6 4397 196958.753 189906.410  3.58%  1161 2979s
  1799   609 191475.669   14 4826 196958.753 189910.254  3.58%  1160 2993s
  1800   610 193454.934   18 4949 196958.753 190517.745  3.27%  1160 3039s
  1801   611 195359.809   13 5174 196958.753 190633.736  3.21%  1159 3052s
  1802   611 196958.753   26 5199 196958.753 190751.009  3.15%  1158 3061s
  1803   612 196958.753   63 5281 196958.753 190754.574  3.15%  1158 3075s
  1804   613 190780.872   50 5228 196958.753 190780.872  3.14%  1157 3101s
  1805   613 190788.737    8 5276 196958.753 190788.737  3.13%  1157 3112s
  1806   614 196958.753  160 4979 196958.753 190791.975  3.13%  1156 3124s
  1807   615 196736.219    9 4997 196958.753 190808.771  3.12%  1155 3149s
  1808   615 196958.753   72 5472 196958.753 190808.771  3.12%  1155 3173s
  1809   616 191898.627   12 5411 196958.753 190808.771  3.12%  1154 3203s
  1810   617 196958.753   20 5488 196958.753 190808.771  3.12%  1153 3218s
  1811   617 191070.947    9 5062 196958.753 191070.947  2.99%  1153 3260s
  1812   618 191070.947    8 5235 196958.753 191070.947  2.99%  1152 3268s
  1813   619 196958.753   72 5237 196958.753 191076.100  2.99%  1151 3280s
  1814   619 196958.753  157 5275 196958.753 191140.087  2.95%  1151 3309s
  1815   620 196958.753  162 5315 196958.753 191423.758  2.81%  1150 3324s
  1816   621 194437.438   27 5295 196958.753 191467.742  2.79%  1150 3348s
  1817   621 196958.753  187 5365 196958.753 191467.743  2.79%  1149 3363s
  1818   622 191716.541   12 5894 196958.753 191716.541  2.66%  1148 3424s
  1819   623 191775.609   13 5710 196958.753 191775.609  2.63%  1148 3441s
H 1819   591                    196958.75103 191796.863  2.62%  1148 3447s
  1821   592 196958.751   60 6124 196958.751 191796.863  2.62%  1146 3461s
  1822   593 196958.751    6 6312 196958.751 191858.458  2.59%  1146 3489s
  1823   593 196958.751   33 6506 196958.751 191882.136  2.58%  1145 3499s
  1824   594 191942.618   17 6375 196958.751 191942.618  2.55%  1144 3516s
  1825   595 196958.751  188 6262 196958.751 192000.228  2.52%  1144 3525s
  1826   595 196958.751   54 6118 196958.751 192003.025  2.52%  1143 3539s
  1827   596 196958.751    7 6167 196958.751 192021.637  2.51%  1143 3565s
  1828   597 196958.751   71 6262 196958.751 192077.733  2.48%  1142 3574s
  1829   597 192728.605   84 6315 196958.751 192083.564  2.48%  1141 3592s
  1830   598 196958.751   46 5877 196958.751 192122.164  2.46%  1141 3626s
  1831   599 196958.751   95 5477 196958.751 192151.239  2.44%  1140 3645s
  1832   599 196958.751   82 5583 196958.751 192184.870  2.42%  1139 3690s
  1833   600 196958.751   30 5806 196958.751 192186.448  2.42%  1139 3711s
  1834   601 196958.751  110 5464 196958.751 192202.080  2.42%  1138 3764s
  1835   601 196958.751   18 5471 196958.751 192214.171  2.41%  1138 3787s
  1836   602 196958.751   46 5597 196958.751 192217.995  2.41%  1137 3827s
  1837   603 192217.995    8 5637 196958.751 192217.995  2.41%  1136 3842s
  1838   603 196958.751  159 5698 196958.751 192224.485  2.40%  1136 3872s
  1841   607 196958.751   86 5280 196958.751 192224.485  2.40%  1826 4305s
  1843   608 194413.330   26 7568 196958.751 192224.485  2.40%  1824 4376s
  1844   609 196958.751   49 6578 196958.751 192224.485  2.40%  1823 4422s
  1845   610 196958.751   92 6108 196958.751 192224.485  2.40%  1822 4454s
  1846   610 192224.485   37 4594 196958.751 192224.485  2.40%  1821 4477s
  1847   611 196958.751   55 3407 196958.751 192224.485  2.40%  1820 4485s
  1848   612 196958.751   23 4243 196958.751 192224.485  2.40%  1819 4497s
  1849   612 196958.751   39 4104 196958.751 192224.485  2.40%  1818 4506s
  1850   613 192224.485   39 4395 196958.751 192224.485  2.40%  1817 4517s
  1851   614 196958.751   21 4536 196958.751 192224.485  2.40%  1816 4530s
  1852   614 196958.751   74 4240 196958.751 192224.485  2.40%  1815 4545s
  1853   615 196958.751   39 4374 196958.751 192224.585  2.40%  1814 4588s
  1854   616 192784.347   14 4073 196958.751 192784.347  2.12%  1814 4644s
  1855   616 196958.751   20 4174 196958.751 192809.018  2.11%  1813 4657s
  1856   617 196958.751   17 4240 196958.751 192818.141  2.10%  1812 4692s
  1857   618 196958.751  145 1942 196958.751 194534.030  1.23%  1811 4754s
  1858   618 196958.751   79 2078 196958.751 194534.030  1.23%  1810 4785s
  1859   619 196958.751   75 2090 196958.751 194947.897  1.02%  1809 4795s
  1861   622 194947.897   11 5280 196958.751 194947.897  1.02%  2009 4817s
H 1862   591                    196958.74116 194947.897  1.02%  2008 4829s
  1863   591 196362.931  159 3750 196958.741 194947.897  1.02%  2007 4832s
  1864   592 196958.741   48 2582 196958.741 194947.897  1.02%  2006 4844s
  1865   593 196958.741   29 1784 196958.741 195325.375  0.83%  2005 4845s
  1867   594 195680.329   11 1415 196958.741 195680.329  0.65%  2003 4850s
  1870   597 196958.741   20 5280 196958.741 195680.329  0.65%  2034 4855s
  1873   599 196958.741   20 2481 196958.741 195680.329  0.65%  2031 4862s

Cutting planes:
  Learned: 39
  Gomory: 65
  Cover: 98
  Implied bound: 433
  Projected implied bound: 285
  Clique: 6
  MIR: 710
  Flow cover: 500
  GUB cover: 23
  Zero half: 4
  RLT: 14
  Relax-and-lift: 118
  BQP: 1

Explored 1876 nodes (4304014 simplex iterations) in 4865.61 seconds (12639.97 work units)
Thread count was 10 (of 10 available processors)

Solution count 10: 196959 196959 196959 ... 217046

Optimal solution found (tolerance 1.00e-03)
Best objective 1.969587411557e+05, best bound 1.968336125187e+05, gap 0.0635%
Warning: linear constraint 170801 and linear constraint 170804 have the same name "lin1_pw_d_0_"
