
Gurobi 11.0.2 (mac64[arm]) logging started Thu Jul 24 18:42:06 2025

Set parameter LogFile to value "../solutions/100/g_log.log"
Gurobi Optimizer version 11.0.2 build v11.0.2rc0 (mac64[arm] - Darwin 24.5.0 24F74)

CPU model: Apple M2 Pro
Thread count: 10 physical cores, 10 logical processors, using up to 10 threads

Optimize a model with 410805 rows, 240203 columns and 1290602 nonzeros
Model fingerprint: 0xc638d0c4
Variable types: 70003 continuous, 170200 integer (160100 binary)
Coefficient statistics:
  Matrix range     [1e-03, 1e+06]
  Objective range  [1e+00, 1e+00]
  Bounds range     [1e+00, 5e+01]
  RHS range        [1e+00, 6e+05]
Presolve removed 198205 rows and 28802 columns
Presolve time: 3.15s
Presolved: 212600 rows, 211401 columns, 1083000 nonzeros
Variable types: 60700 continuous, 150701 integer (140800 binary)
Deterministic concurrent LP optimizer: primal simplex, dual simplex, and barrier
Showing barrier log only...

Root barrier log...

Ordering time: 1.79s
Ordering time: 2.00s

Barrier statistics:
 Dense cols : 174
 AA' NZ     : 2.464e+06
 Factor NZ  : 6.117e+06 (roughly 200 MB of memory)
 Factor Ops : 1.133e+09 (less than 1 second per iteration)
 Threads    : 7

                  Objective                Residual
Iter       Primal          Dual         Primal    Dual     Compl     Time
   0   4.20507282e+09 -1.93452214e+09  4.10e+06 1.14e-13  4.41e+05     7s
   1   2.85948004e+09 -1.56371207e+09  2.78e+06 1.64e+02  2.97e+05     7s
   2   4.15481335e+08 -1.08718229e+09  4.04e+05 1.27e-10  4.54e+04     7s
   3   3.94270539e+07 -8.06850893e+08  3.78e+04 5.82e-11  5.32e+03     7s
   4   2.89049584e+07 -5.72677243e+08  2.75e+04 6.91e-11  3.70e+03     7s
   5   1.21092678e+07 -3.75306253e+08  1.12e+04 3.64e-11  1.69e+03     7s
   6   4.31126107e+06 -6.27073869e+07  3.59e+03 3.37e-10  4.16e+02     7s
   7   1.27249099e+06 -7.32119977e+06  6.33e+02 4.03e-10  6.17e+01     7s
   8   7.57959995e+05 -5.01911107e+06  1.39e+02 4.80e-10  1.95e+01     7s
   9   6.20800798e+05 -4.59524719e+06  7.90e+00 4.33e-10  1.06e+01     8s
  10   1.90794323e+05 -1.46945595e+06  5.25e-01 1.02e-10  3.01e+00     8s
  11   1.31296220e+05 -1.88381670e+05  3.61e-01 1.63e-11  5.62e-01     8s
  12   8.39154087e+04 -4.70891056e+04  2.24e-01 5.80e-12  2.25e-01     8s
  13   5.32599364e+04 -7.61292228e+03  1.21e-01 6.61e-12  1.04e-01     8s
  14   3.18746261e+04 -2.64789426e+03  5.57e-02 5.52e-12  5.85e-02     8s
  15   2.91980139e+04 -2.79575543e+03  4.92e-02 5.44e-12  5.42e-02     8s
  16   2.87304661e+04 -1.36397731e+03  4.79e-02 4.66e-12  5.10e-02     8s
  17   2.68140147e+04  2.03693337e+02  4.30e-02 4.13e-12  4.50e-02     8s
  18   2.16293610e+04  2.15957324e+03  2.94e-02 3.39e-12  3.29e-02     8s
  19   2.15142178e+04  2.46754827e+03  2.90e-02 2.76e-12  3.22e-02     8s
  20   2.01593062e+04  3.52075504e+03  2.59e-02 2.90e-12  2.81e-02     8s
  21   1.76981563e+04  4.44371270e+03  2.00e-02 4.64e-12  2.24e-02     8s
  22   1.60668650e+04  4.92059342e+03  1.67e-02 3.73e-12  1.88e-02     8s
  23   1.40960826e+04  5.54652994e+03  1.26e-02 3.61e-12  1.44e-02     9s
  24   1.38349399e+04  6.19118621e+03  1.21e-02 2.36e-12  1.29e-02     9s
  25   1.20722534e+04  6.49780940e+03  8.75e-03 2.90e-12  9.41e-03     9s
  26   1.19200175e+04  6.72663241e+03  8.38e-03 2.39e-12  8.77e-03     9s
  27   1.04131534e+04  6.92465688e+03  5.51e-03 2.49e-12  5.89e-03     9s
  28   9.87207326e+03  7.11813990e+03  4.56e-03 3.20e-12  4.65e-03     9s
  29   9.46668528e+03  7.14869468e+03  3.83e-03 2.84e-12  3.91e-03     9s
  30   9.39726068e+03  7.19189685e+03  3.71e-03 2.84e-12  3.72e-03     9s
  31   9.06250145e+03  7.22261960e+03  3.07e-03 2.21e-12  3.11e-03     9s
  32   8.65516438e+03  7.23970002e+03  2.37e-03 2.74e-12  2.39e-03     9s
  33   8.20722613e+03  7.29934439e+03  1.42e-03 2.68e-12  1.53e-03     9s
  34   7.86967590e+03  7.32335938e+03  8.63e-04 2.27e-12  9.22e-04     9s
  35   7.85184209e+03  7.33872817e+03  8.34e-04 2.50e-12  8.66e-04    10s
  36   7.55054264e+03  7.36441095e+03  2.43e-04 2.50e-12  3.14e-04    10s
  37   7.40373426e+03  7.36678035e+03  3.74e-05 3.51e-12  6.22e-05    10s
  38   7.37421094e+03  7.37245491e+03  7.79e-07 2.05e-12  2.95e-06    10s
  39   7.37295724e+03  7.37292218e+03  1.55e-08 1.75e-11  5.89e-08    10s
  40   7.37292874e+03  7.37292875e+03  7.37e-09 5.95e-11  7.04e-13    10s

Barrier solved model in 40 iterations and 9.81 seconds (18.05 work units)
Optimal objective 7.37292874e+03


Root crossover log...

  127629 DPushes remaining with DInf 0.0000000e+00                10s
       0 DPushes remaining with DInf 0.0000000e+00                10s

   12601 PPushes remaining with PInf 0.0000000e+00                10s
    5381 PPushes remaining with PInf 0.0000000e+00                10s
       0 PPushes remaining with PInf 0.0000000e+00                10s

  Push phase complete: Pinf 0.0000000e+00, Dinf 1.0267461e-10     10s


Root simplex log...

Iteration    Objective       Primal Inf.    Dual Inf.      Time
   31027    7.3729288e+03   0.000000e+00   0.000000e+00     10s
Concurrent spin time: 0.01s

Solved with barrier
   46730    7.0675911e+03   0.000000e+00   4.429791e+06     15s
   55410    7.0102313e+03   0.000000e+00   2.608079e+05     20s
   62890    6.9942137e+03   0.000000e+00   2.224525e+05     25s
   70220    6.9878843e+03   0.000000e+00   3.697735e+04     30s
   75820    6.9853024e+03   0.000000e+00   2.199414e+05     35s
   81090    6.9848843e+03   0.000000e+00   2.488808e+04     40s
   86240    6.9845995e+03   0.000000e+00   4.496004e+04     45s
   91480    6.9843971e+03   0.000000e+00   2.097243e+04     50s
   96750    6.9842699e+03   0.000000e+00   2.420437e+04     55s
  101680    6.9841403e+03   0.000000e+00   1.198033e+04     60s
  106710    6.9840033e+03   0.000000e+00   9.827109e+03     65s
  111695    7.3400640e+03   1.144308e+01   0.000000e+00     70s
  115034    7.3729288e+03   0.000000e+00   0.000000e+00     74s
Extra simplex iterations after uncrush: 84007

Root relaxation: objective 7.372929e+03, 115034 iterations, 69.71 seconds (229.60 work units)
Total elapsed time = 80.35s (DegenMoves)

    Nodes    |    Current Node    |     Objective Bounds      |     Work
 Expl Unexpl |  Obj  Depth IntInf | Incumbent    BestBd   Gap | It/Node Time

     0     0 7372.92875    0 2728          - 7372.92875      -     -   82s
     0     0 49283.5290    0 3395          - 49283.5290      -     -  116s
     0     0 53692.7492    0 4050          - 53692.7492      -     -  130s
     0     0 56025.5532    0 3846          - 56025.5532      -     -  144s
     0     0 58617.1236    0 4693          - 58617.1236      -     -  168s
     0     0 60795.4032    0 5381          - 60795.4032      -     -  182s
     0     0 63605.0041    0 6179          - 63605.0041      -     -  193s
     0     0 65879.8670    0 6568          - 65879.8670      -     -  205s
     0     0 69562.9430    0 6112          - 69562.9430      -     -  218s
     0     0 78888.2833    0 5308          - 78888.2833      -     -  229s
     0     0 78888.2833    0 5312          - 78888.2833      -     -  229s
     0     0 92786.2933    0 6163          - 92786.2933      -     -  245s
     0     0 110998.460    0 6075          - 110998.460      -     -  252s
     0     0 111003.222    0 6142          - 111003.222      -     -  253s
     0     0 124410.294    0 5373          - 124410.294      -     -  267s
     0     0 124427.813    0 5647          - 124427.813      -     -  270s
     0     0 140130.428    0 6467          - 140130.428      -     -  284s
     0     0 142018.809    0 6881          - 142018.809      -     -  290s
     0     0 142558.039    0 7345          - 142558.039      -     -  295s
     0     0 142587.943    0 7478          - 142587.943      -     -  296s
     0     0 150422.789    0 7819          - 150422.789      -     -  308s
     0     0 159036.960    0 7314          - 159036.960      -     -  316s
     0     0 159037.007    0 7407          - 159037.007      -     -  317s
     0     0 164107.905    0 7506          - 164107.905      -     -  333s
     0     0 165238.087    0 8278          - 165238.087      -     -  343s
     0     0 165293.178    0 8372          - 165293.178      -     -  344s
     0     0 168579.858    0 8437          - 168579.858      -     -  356s
     0     0 172082.823    0 9318          - 172082.823      -     -  365s
     0     0 172334.131    0 9048          - 172334.131      -     -  371s
     0     0 172334.215    0 9146          - 172334.215      -     -  371s
     0     0 173850.927    0 5242          - 173850.927      -     -  388s
     0     0 174149.791    0 6942          - 174149.791      -     -  394s
     0     0 174367.763    0 7046          - 174367.763      -     -  395s
     0     0 174367.796    0 7091          - 174367.796      -     -  395s
     0     0 176216.393    0 8601          - 176216.393      -     -  407s
     0     0 176835.844    0 8785          - 176835.844      -     -  411s
     0     0 177685.402    0 8854          - 177685.402      -     -  414s
     0     0 177695.562    0 8930          - 177695.562      -     -  416s
     0     0 178434.754    0 10450          - 178434.754      -     -  431s
     0     0 179639.322    0 10578          - 179639.322      -     -  441s
     0     0 179748.579    0 10841          - 179748.579      -     -  444s
     0     0 179908.667    0 10188          - 179908.667      -     -  445s
     0     0 179933.322    0 9090          - 179933.322      -     -  446s
     0     0 182158.905    0 9746          - 182158.905      -     -  457s
     0     0 183149.322    0 10244          - 183149.322      -     -  465s
     0     0 184438.002    0 10569          - 184438.002      -     -  471s
     0     0 184552.607    0 10577          - 184552.607      -     -  476s
     0     0 184612.091    0 10605          - 184612.091      -     -  479s
     0     0 185475.424    0 7562          - 185475.424      -     -  493s
     0     0 185941.199    0 7220          - 185941.199      -     -  498s
     0     0 185941.203    0 7261          - 185941.203      -     -  499s
     0     0 187781.311    0 6041          - 187781.311      -     -  523s
     0     0 187995.355    0 7153          - 187995.355      -     -  530s
     0     0 188619.826    0 7276          - 188619.826      -     -  533s
     0     0 188727.052    0 8184          - 188727.052      -     -  535s
     0     0 188727.052    0 8236          - 188727.052      -     -  535s
     0     0 189956.335    0 11127          - 189956.335      -     -  553s
     0     0 190659.808    0 11396          - 190659.808      -     -  557s
     0     0 190659.808    0 11398          - 190659.808      -     -  558s
     0     0 191488.500    0 11172          - 191488.500      -     -  588s
     0     0 192088.565    0 8130          - 192088.565      -     -  594s
     0     0 192235.677    0 8271          - 192235.677      -     -  597s
     0     0 192235.678    0 8346          - 192235.678      -     -  597s
     0     0 193369.780    0 8147          - 193369.780      -     -  612s
     0     0 193460.368    0 5246          - 193460.368      -     -  618s
     0     0 193635.772    0 10207          - 193635.772      -     -  639s
     0     0 193635.772    0 10207          - 193635.772      -     -  643s
     0     2 193715.864    0 10207          - 193715.864      -     -  671s
     1     4 194213.943    1 10815          - 193778.437      - 17739  683s
     3     8 194539.238    2 11204          - 194267.182      - 12717  704s
     7    16 194937.616    3 10899          - 194606.872      -  7766  723s
    15    26 195278.027    4 9303          - 194746.959      -  8401  740s
    25    36 195407.790    5 5890          - 194746.959      - 10443  906s
    35    46 196667.271    6 9097          - 195027.247      - 24288  945s
    45    56 196707.653    7 11501          - 195027.247      - 20421  963s
    55    67 196961.698    8 15295          - 195144.376      - 18677  995s
    66    82 197039.003    9 14116          - 195144.376      - 17483 1010s
    81    99 197527.957   11 11324          - 195144.376      - 15201 1043s
    98   115 212934.670   12 6976          - 195144.376      - 13651 1059s
   114   134 198016.942   13 12913          - 195144.376      - 12327 1091s
   133   152 198141.969   15 12612          - 195144.376      - 11367 1106s
   151   176 198266.542   16 12846          - 195144.376      - 10566 1173s
   175   202 198385.997   17 12715          - 195144.376      -  9786 1187s
   201   223 198786.834   21 12495          - 195144.376      -  8936 1210s
   222   249 199263.145   23 12031          - 195144.376      -  8520 1226s
   248   283 199381.964   25 11355          - 195144.376      -  7959 1237s
   284   322 199410.186   27 11273          - 195144.376      -  7138 1255s
   323   368 199446.367   29 11438          - 195144.376      -  6460 1270s
   369   418 199448.066   30 11621          - 195144.376      -  5840 1290s
   419   475 199549.849   35 11519          - 195144.376      -  5353 1317s
   476   524 202581.874   38 6458          - 195144.376      -  4996 1333s
   525   577 201493.461   39 7234          - 195144.376      -  4676 1356s
   578   625 201682.631   40 8621          - 195144.376      -  4434 1382s
   626   691 201902.497   41 7448          - 195144.376      -  4252 1403s
   692   764 202072.023   42 12255          - 195144.376      -  4013 1426s
   765   864 202137.568   43 13024          - 195144.376      -  3735 1452s
   867   964 203390.197   49 12735          - 195144.376      -  3393 1485s
H  886   964                    301785.89639 195144.376  35.3%  3334 1485s
H  967  1032                    290348.85817 195144.376  32.8%  3128 1518s
  1037  1147 204135.642   57 11021 290348.858 195144.376  32.8%  2992 1540s
  1153  1175 205106.194   64 7721 290348.858 195144.376  32.8%  2819 1561s
  1182  1298 211883.341   64 10544 290348.858 195144.376  32.8%  2788 1588s
  1312  1311 205775.731   66 7984 290348.858 195144.376  32.8%  2639 1624s
  1341  1375 infeasible   67      290348.858 195144.376  32.8%  2662 1654s
  1370  1375 201005.519    5 5186 290348.858 195144.376  32.8%  2639 1655s
  1430  1419 252178.335   72 8230 290348.858 195144.376  32.8%  2636 1703s
  1487  1503 230676.411   77 9619 290348.858 195144.376  32.8%  2696 1761s
  1575  1584 232711.604   92 6938 290348.858 195144.376  32.8%  2701 1795s
  1656  1653 233903.017   97 9164 290348.858 195144.376  32.8%  2702 1829s
  1726  1729 235101.031  106 8935 290348.858 195144.376  32.8%  2734 1872s
  1810  1809 236171.063  117 11074 290348.858 195144.376  32.8%  2743 1909s
  1890  1919 238132.482  125 12206 290348.858 195144.376  32.8%  2758 1939s
  2006  1990 240046.175  140 12052 290348.858 195144.376  32.8%  2734 1989s
  2105  2074 240071.789  141 10263 290348.858 195144.376  32.8%  2727 2038s
  2201  2141 241369.982  159 11346 290348.858 195144.376  32.8%  2761 2077s
H 2279  2141                    290333.53208 195144.376  32.8%  2798 2089s
  2280  2142 215239.638    9 10207 290333.532 195144.376  32.8%  2797 2280s
H 2281  2035                    290183.25411 195144.376  32.8%  2795 2356s
  2282  2035 254131.384  149 5211 290183.254 195144.376  32.8%  2794 2367s
  2283  2036 212828.327  101 5267 290183.254 195144.376  32.8%  2793 2456s
  2284  2037 250155.417  167 6558 290183.254 195144.376  32.8%  2792 2516s
  2285  2037 269869.952  164 10388 290183.254 195144.376  32.8%  2790 2575s
  2286  2038 263803.579   68 7306 290183.254 195144.376  32.8%  2789 2608s
  2287  2039 233700.170   60 5717 290183.254 198723.887  31.5%  2788 2632s
  2288  2039 215471.063   81 10761 290183.254 199894.402  31.1%  2787 2661s
  2289  2040 241987.133  167 6200 290183.254 202068.076  30.4%  2786 2704s
  2290  2041 220156.396   14 11241 290183.254 202821.545  30.1%  2784 2797s
  2291  2041 243651.108   50 5924 290183.254 203030.105  30.0%  2783 2810s
  2292  2042 203030.110    6 6151 290183.254 203030.110  30.0%  2782 2868s
  2293  2043 257358.901   16 4708 290183.254 203755.262  29.8%  2781 2975s
  2294  2043 224274.990   12 4797 290183.254 203755.262  29.8%  2779 2998s
  2295  2044 245736.700   60 4956 290183.254 204587.319  29.5%  2778 3017s
  2296  2045 213985.559  111 5059 290183.254 204618.092  29.5%  2777 3021s
  2297  2045 253078.714   35 5136 290183.254 204624.999  29.5%  2776 3074s
  2298  2046 288716.431   75 8391 290183.254 206076.864  29.0%  2775 3156s
  2299  2047 223581.384   14 3349 290183.254 206510.962  28.8%  2773 3184s
  2300  2047 280917.289  103 10097 290183.254 206648.039  28.8%  2772 3199s
  2301  2048 214596.351   94 9095 290183.254 206675.973  28.8%  2771 3211s
  2302  2049 206684.522   14 8397 290183.254 206684.522  28.8%  2770 3218s
  2303  2049 244530.141   16 9605 290183.254 206719.827  28.8%  2769 3224s
  2304  2050 260825.153  158 9675 290183.254 206739.390  28.8%  2767 3229s
  2305  2051 226110.763   90 10010 290183.254 206750.645  28.8%  2766 3234s
  2306  2051 253397.253  110 10013 290183.254 206750.645  28.8%  2765 3296s
  2307  2052 215605.129   62 4841 290183.254 206836.872  28.7%  2764 3343s
  2308  2053 208485.535   64 10518 290183.254 207040.140  28.7%  2763 3368s
  2309  2053 207277.029   44 9169 290183.254 207277.029  28.6%  2761 3377s
  2310  2054 216259.192  135 10421 290183.254 207443.761  28.5%  2760 3388s
  2311  2055 207547.964    6 10524 290183.254 207443.762  28.5%  2759 3448s
  2312  2055 253304.237   47 5467 290183.254 208260.229  28.2%  2758 3523s
  2313  2056 243920.102   60 11397 290183.254 208503.379  28.1%  2757 3535s
  2314  2057 257025.786  167 12231 290183.254 209352.597  27.9%  2755 3603s
  2315  2057 263803.579   89 12370 290183.254 209434.567  27.8%  2754 3615s
  2316  2058 255242.643   81 12446 290183.254 209452.904  27.8%  2753 3622s
  2317  2059 245000.172   68 12495 290183.254 209474.320  27.8%  2752 3628s
  2318  2059 260216.247  127 12503 290183.254 209474.320  27.8%  2751 3692s
  2319  2060 248821.724  106 4583 290183.254 210473.142  27.5%  2750 3773s
  2320  2061 264031.816   80 11045 290183.254 211358.492  27.2%  2748 3818s
  2321  2061 225088.710  207 12236 290183.254 211621.911  27.1%  2747 3837s
H 2321  1958                    283991.75866 211773.224  25.4%  2747 3856s
  2323  1960 234812.014   25 11605 283991.759 211940.982  25.4%  2745 3895s
  2324  1960 214101.941   93 11617 283991.759 211978.941  25.4%  2744 3909s
  2325  1961 222862.676  210 11694 283991.759 211990.958  25.4%  2742 3915s
  2326  1962 252515.299   42 11685 283991.759 211995.520  25.4%  2741 3967s
H 2326  1863                    281723.54637 212971.754  24.4%  2741 4064s
  2327  1863 219555.473  122 4545 281723.546 213008.681  24.4%  2740 4090s
H 2327  1769                    281379.83141 213114.981  24.3%  2740 4143s
  2328  1770 270788.584  118 10788 281379.831 213114.981  24.3%  2739 4146s
  2329  1771 270978.298  194 4471 281379.831 213142.602  24.3%  2738 4156s
  2330  1771 213500.929   63 6918 281379.831 213500.929  24.1%  2737 4190s
  2331  1772 235319.854  149 12661 281379.831 213543.151  24.1%  2735 4259s
  2332  1773 253706.006  117 12282 281379.831 213770.970  24.0%  2734 4288s
  2333  1773 256811.728  165 12425 281379.831 213803.070  24.0%  2733 4302s
  2334  1774 214626.410    8 12097 281379.831 213841.361  24.0%  2732 4315s
  2335  1775 265469.924  206 12494 281379.831 213846.408  24.0%  2731 4380s
  2336  1775 261679.065  159 12709 281379.831 214254.894  23.9%  2730 4481s
  2337  1776 244939.860   59 6826 281379.831 214357.398  23.8%  2728 4506s
  2338  1777 216384.704   16 13647 281379.831 216384.704  23.1%  2727 4607s
  2339  1777 216824.052    8 14656 281379.831 216824.052  22.9%  2726 4638s
  2340  1778 261173.171  160 14372 281379.831 216870.453  22.9%  2725 4647s
  2341  1779 278287.930   73 14786 281379.831 216882.121  22.9%  2724 4652s
  2342  1779 240866.805  143 14800 281379.831 216882.121  22.9%  2723 4708s
  2343  1780 219588.744   86 4790 281379.831 219588.744  22.0%  2721 4802s
  2344  1781 246637.624   63 5341 281379.831 219701.339  21.9%  2720 4813s
  2345  1781 233932.455   10 5105 281379.831 219744.648  21.9%  2719 4819s
  2346  1782 219880.948   11 4665 281379.831 219880.948  21.9%  2718 4838s
  2347  1783 219881.930   52 6268 281379.831 219881.930  21.9%  2717 4887s
  2348  1783 220986.088   15 6247 281379.831 220986.088  21.5%  2716 4975s
  2349  1784 221205.680   17 6450 281379.831 221205.680  21.4%  2714 5069s
  2350  1785 221330.190  124 6549 281379.831 221330.190  21.3%  2713 5083s
  2351  1785 248456.230   30 7185 281379.831 221398.794  21.3%  2712 5144s
  2352  1786 244934.111   26 7385 281379.831 221399.079  21.3%  2711 5181s
  2353  1787 228514.928  162 7268 281379.831 222727.326  20.8%  2710 5381s
  2354  1787 255221.039   16 5682 281379.831 223223.627  20.7%  2709 5465s
  2355  1788 247913.874   93 6307 281379.831 223234.338  20.7%  2707 5476s
  2356  1789 281379.831  142 6514 281379.831 223235.962  20.7%  2706 5510s
  2357  1789 223404.852  131 6406 281379.831 223404.852  20.6%  2705 5584s
  2358  1790 234793.905   99 6200 281379.831 223404.852  20.6%  2704 5592s
  2359  1791 229370.955   17 7730 281379.831 223687.994  20.5%  2703 5611s
  2360  1791 281379.831   30 7071 281379.831 223755.190  20.5%  2702 5622s
  2361  1792 246891.947   34 8265 281379.831 223800.072  20.5%  2701 5652s
  2362  1793 255680.216   78 8423 281379.831 223806.499  20.5%  2699 5705s
  2363  1793 241237.531  149 9287 281379.831 224086.824  20.4%  2698 5809s
  2364  1794 250803.732   73 9672 281379.831 224086.824  20.4%  2697 5827s
  2365  1795 228608.814   93 9807 281379.831 224086.824  20.4%  2696 5834s
  2366  1795 224098.918   60 9254 281379.831 224098.918  20.4%  2695 5852s
  2367  1796 245739.990   75 9291 281379.831 224175.656  20.3%  2694 5872s
  2368  1797 242185.828   17 9251 281379.831 224185.628  20.3%  2693 5903s
  2369  1797 224195.861   18 9602 281379.831 224195.861  20.3%  2691 5907s
  2370  1798 231154.426   25 9709 281379.831 224199.752  20.3%  2690 5967s
  2371  1799 224242.537   22 8345 281379.831 224242.537  20.3%  2689 6088s
  2372  1799 224242.537   40 8475 281379.831 224242.537  20.3%  2688 6151s
H 2372  1707                    272488.97586 224255.641  17.7%  2688 6245s
  2374  1709 224268.031   44 8933 272488.976 224268.031  17.7%  2686 6302s
  2375  1709 267832.145   79 9106 272488.976 224269.398  17.7%  2685 6381s
H 2375  1622                    272488.91519 224279.593  17.7%  2685 6480s
  2377  1624 251619.449  100 8504 272488.915 224280.133  17.7%  2682 6557s
  2378  1624 224340.815   12 8226 272488.915 224340.815  17.7%  2681 6661s
  2379  1625 256788.085   71 8225 272488.915 224340.815  17.7%  2680 6743s
  2380  1626 224340.815    9 8217 272488.915 224340.815  17.7%  2679 6830s
  2383  1629 224340.815  101 10207 272488.915 224340.815  17.7%  3355 6987s
H 2384  1548                    272488.91015 224340.815  17.7%  3354 7052s
  2385  1548 269869.952  164 5425 272488.910 224340.815  17.7%  3352 7068s
H 2385  1471                    272400.90986 224340.815  17.6%  3352 7125s
H 2385  1397                    272312.96483 224340.815  17.6%  3352 7180s

Cutting planes:
  Learned: 313
  Gomory: 55
  Cover: 235
  Implied bound: 1759
  Projected implied bound: 463
  MIR: 17233
  StrongCG: 3
  Flow cover: 1753
  GUB cover: 8
  Inf proof: 1
  Zero half: 21
  Mod-K: 6
  Network: 13
  RLT: 4
  Relax-and-lift: 549

Explored 2386 nodes (8869038 simplex iterations) in 7200.39 seconds (17858.04 work units)
Thread count was 10 (of 10 available processors)

Solution count 10: 272313 272401 272489 ... 290334

Time limit reached
Best objective 2.723129648270e+05, best bound 2.243408145480e+05, gap 17.6166%
Warning: linear constraint 170801 and linear constraint 170804 have the same name "lin1_pw_d_0_"
