
Gurobi 11.0.2 (mac64[arm]) logging started Thu Jul 24 22:39:41 2025

Set parameter LogFile to value "../solutions/100/h_log.log"
Gurobi Optimizer version 11.0.2 build v11.0.2rc0 (mac64[arm] - Darwin 24.5.0 24F74)

CPU model: Apple M2 Pro
Thread count: 10 physical cores, 10 logical processors, using up to 10 threads

Optimize a model with 410805 rows, 240203 columns and 1290602 nonzeros
Model fingerprint: 0x57703d99
Variable types: 70003 continuous, 170200 integer (160100 binary)
Coefficient statistics:
  Matrix range     [1e-03, 1e+06]
  Objective range  [1e+00, 1e+00]
  Bounds range     [1e+00, 5e+01]
  RHS range        [1e+00, 6e+05]
Presolve removed 201803 rows and 31200 columns
Presolve time: 3.16s
Presolved: 209002 rows, 209003 columns, 1058431 nonzeros
Variable types: 59500 continuous, 149503 integer (139602 binary)
Deterministic concurrent LP optimizer: primal simplex, dual simplex, and barrier
Showing barrier log only...

Root barrier log...

Ordering time: 1.74s
Ordering time: 2.03s

Barrier statistics:
 Dense cols : 100
 AA' NZ     : 2.741e+06
 Factor NZ  : 5.597e+06 (roughly 200 MB of memory)
 Factor Ops : 5.262e+08 (less than 1 second per iteration)
 Threads    : 7

                  Objective                Residual
Iter       Primal          Dual         Primal    Dual     Compl     Time
   0   3.98788649e+09 -1.79536160e+09  3.89e+06 1.14e-13  4.19e+05     7s
   1   2.84559746e+09 -1.58256769e+09  2.77e+06 2.57e+02  2.92e+05     7s
   2   7.89134038e+08 -1.11986959e+09  7.67e+05 2.33e-10  8.43e+04     7s
   3   2.18206951e+07 -6.57584749e+08  2.06e+04 3.46e-07  3.28e+03     7s
   4   8.47565242e+06 -2.47823095e+08  7.64e+03 7.37e-08  1.14e+03     7s
   5   1.42726702e+06 -3.20040953e+07  7.77e+02 6.87e-09  1.23e+02     7s
   6   1.28075472e+06 -1.72936140e+07  6.34e+02 3.29e-09  8.12e+01     7s
   7   1.00505019e+06 -1.37786185e+07  3.66e+02 2.54e-09  5.29e+01     7s
   8   6.83931040e+05 -9.68997014e+06  5.45e+01 1.68e-09  2.16e+01     8s
   9   2.75823686e+05 -5.90407844e+06  1.75e+00 9.24e-10  1.20e+01     8s
  10   1.58737835e+05 -3.59952677e+06  2.02e-04 5.39e-10  6.40e+00     8s
  11   5.80822593e+04 -1.63371527e+06  8.59e-06 2.29e-10  2.88e+00     8s
  12   4.43732295e+04 -6.77826658e+05  6.42e-06 8.80e-11  1.23e+00     8s
  13   3.09896571e+04 -2.91483897e+05  3.83e-06 3.65e-11  5.49e-01     8s
  14   2.66322580e+04 -1.39706677e+05  2.42e-06 1.86e-11  2.83e-01     8s
  15   2.37461946e+04 -9.82694305e+04  1.56e-06 1.30e-11  2.08e-01     8s
  16   2.14114535e+04 -8.06976998e+04  9.58e-07 1.09e-11  1.74e-01     8s
  17   1.94881945e+04 -6.23151131e+04  5.90e-07 8.61e-12  1.39e-01     8s
  18   1.74425335e+04 -4.63037987e+04  3.44e-07 6.71e-12  1.08e-01     8s
  19   1.45321264e+04 -2.93006185e+04  4.15e-08 4.69e-12  7.46e-02     8s
  20   1.29035057e+04 -1.12952525e+04  1.99e-08 6.91e-12  4.12e-02     8s
  21   1.28310384e+04 -8.13470040e+03  1.95e-08 6.62e-12  3.57e-02     8s
  22   1.14571158e+04 -7.15793703e+02  1.05e-08 3.67e-12  2.07e-02     8s
  23   1.02488841e+04  3.34168186e+03  6.49e-09 3.35e-12  1.18e-02     8s
  24   1.01730587e+04  4.84890543e+03  6.13e-09 3.41e-12  9.06e-03     9s
  25   9.77152778e+03  6.00872883e+03  5.23e-09 2.13e-12  6.40e-03     9s
  26   9.47232903e+03  6.55039262e+03  4.56e-09 3.33e-12  4.97e-03     9s
  27   8.93842373e+03  6.76194033e+03  3.31e-09 3.30e-12  3.70e-03     9s
  28   8.80929666e+03  6.91965154e+03  3.02e-09 2.90e-12  3.22e-03     9s
  29   8.54221353e+03  7.10986105e+03  2.42e-09 2.58e-12  2.44e-03     9s
  30   8.50709746e+03  7.20073253e+03  2.35e-09 2.96e-12  2.22e-03     9s
  31   8.05313242e+03  7.27210116e+03  1.38e-09 2.49e-12  1.33e-03     9s
  32   8.04474981e+03  7.29715281e+03  1.36e-09 3.01e-12  1.27e-03     9s
  33   7.71192076e+03  7.36169507e+03  6.22e-10 2.02e-12  5.96e-04     9s
  34   7.65825809e+03  7.38072631e+03  5.30e-10 2.69e-12  4.72e-04     9s
  35   7.54690782e+03  7.39872332e+03  2.65e-10 4.05e-12  2.52e-04     9s
  36   7.41741493e+03  7.40499362e+03  2.77e-11 2.05e-12  2.11e-05     9s
  37   7.40766520e+03  7.40753563e+03  4.52e-12 2.73e-12  2.21e-07     9s
  38   7.40759631e+03  7.40759631e+03  5.18e-12 2.73e-12  1.69e-12    10s

Barrier solved model in 38 iterations and 9.51 seconds (17.35 work units)
Optimal objective 7.40759631e+03


Root crossover log...

  123827 DPushes remaining with DInf 0.0000000e+00                10s
       0 DPushes remaining with DInf 0.0000000e+00                10s

   13400 PPushes remaining with PInf 0.0000000e+00                10s
       0 PPushes remaining with PInf 0.0000000e+00                10s

  Push phase complete: Pinf 0.0000000e+00, Dinf 4.1987747e-11     10s


Root simplex log...

Iteration    Objective       Primal Inf.    Dual Inf.      Time
   31773    7.4075963e+03   0.000000e+00   0.000000e+00     10s
Concurrent spin time: 0.01s

Solved with barrier
   35618    7.3933146e+03   0.000000e+00   2.292565e+06     10s
   48832    7.3320867e+03   0.000000e+00   7.267633e+04     15s
   57064    7.3193850e+03   0.000000e+00   4.185541e+03     20s
   62534    7.3189940e+03   0.000000e+00   2.086481e+04     25s
   68234    7.3185946e+03   0.000000e+00   3.357165e+02     30s
   74684    7.3760064e+03   7.810220e+02   0.000000e+00     35s
   80154    7.4075963e+03   0.000000e+00   0.000000e+00     39s
Extra simplex iterations after uncrush: 48381

Root relaxation: objective 7.407596e+03, 80154 iterations, 34.36 seconds (115.04 work units)
Total elapsed time = 57.94s (DegenMoves)

    Nodes    |    Current Node    |     Objective Bounds      |     Work
 Expl Unexpl |  Obj  Depth IntInf | Incumbent    BestBd   Gap | It/Node Time

     0     0 7407.59631    0 2731          - 7407.59631      -     -   62s
     0     0 60974.7737    0 3257          - 60974.7737      -     -   86s
     0     0 64812.9722    0 3411          - 64812.9722      -     -  101s
     0     0 67824.7530    0 4397          - 67824.7530      -     -  114s
     0     0 71097.1213    0 4831          - 71097.1213      -     -  118s
     0     0 74082.6225    0 5290          - 74082.6225      -     -  122s
     0     0 76914.9604    0 5883          - 76914.9604      -     -  126s
     0     0 81514.8943    0 6510          - 81514.8943      -     -  131s
     0     0 89797.9483    0 5555          - 89797.9483      -     -  135s
     0     0 110100.072    0 4822          - 110100.072      -     -  137s
     0     0 110100.072    0 4825          - 110100.072      -     -  137s
     0     0 130032.268    0 3763          - 130032.268      -     -  143s
     0     0 133435.933    0 4247          - 133435.933      -     -  145s
     0     0 133435.933    0 4248          - 133435.933      -     -  145s
     0     0 140063.162    0 5533          - 140063.162      -     -  153s
     0     0 142255.051    0 5812          - 142255.051      -     -  156s
     0     0 142255.707    0 5891          - 142255.707      -     -  157s
     0     0 156764.138    0 4360          - 156764.138      -     -  165s
     0     0 156866.276    0 3037          - 156866.276      -     -  167s
     0     0 156866.276    0 3028          - 156866.276      -     -  168s
     0     0 163980.187    0 3944          - 163980.187      -     -  177s
     0     0 166414.895    0 5217          - 166414.895      -     -  181s
     0     0 166596.167    0 6031          - 166596.167      -     -  183s
     0     0 166596.167    0 6083          - 166596.167      -     -  183s
     0     0 171824.659    0 5980          - 171824.659      -     -  191s
     0     0 172710.672    0 5058          - 172710.672      -     -  193s
     0     0 176138.554    0 5055          - 176138.554      -     -  194s
     0     0 176138.554    0 5116          - 176138.554      -     -  195s
     0     0 182948.423    0 5247          - 182948.423      -     -  203s
     0     0 183063.438    0 4920          - 183063.438      -     -  205s
     0     0 183063.438    0 4983          - 183063.438      -     -  205s
     0     0 183835.603    0 6150          - 183835.603      -     -  212s
     0     0 184502.304    0 8623          - 184502.304      -     -  218s
     0     0 184732.935    0 7107          - 184732.935      -     -  219s
     0     0 184899.970    0 7183          - 184899.970      -     -  220s
     0     0 184899.970    0 7203          - 184899.970      -     -  220s
     0     0 186625.188    0 6705          - 186625.188      -     -  227s
     0     0 187173.911    0 6835          - 187173.911      -     -  232s
     0     0 187236.523    0 7411          - 187236.523      -     -  233s
     0     0 187929.779    0 8036          - 187929.779      -     -  242s
     0     0 188426.035    0 6131          - 188426.035      -     -  244s
     0     0 188532.568    0 6205          - 188532.568      -     -  245s
     0     0 188557.230    0 6212          - 188557.230      -     -  246s
     0     0 189842.777    0 8098          - 189842.777      -     -  254s
     0     0 189921.157    0 7708          - 189921.157      -     -  256s
     0     0 190654.446    0 6594          - 190654.446      -     -  263s
     0     0 190770.739    0 6271          - 190770.739      -     -  266s
     0     0 190781.073    0 6572          - 190781.073      -     -  267s
     0     0 190939.480    0 6933          - 190939.480      -     -  273s
     0     0 190944.442    0 6933          - 190944.442      -     -  276s
     0     2 190954.206    0 6933          - 190954.206      -     -  292s
     1     4 193299.640    1 8056          - 190965.880      - 20645  297s
     7    10 195092.392    3 7748          - 195092.392      -  3797  300s
    13    20 195346.958    4 8019          - 195346.958      -  2618  305s
    33    38 196097.025    5 7074          - 196081.348      -  2444  311s
    43    48 196100.410    6 7072          - 196100.410      -  2099  319s
    53    59 196193.043    7 4819          - 196133.719      -  2004  326s
    75    80 199852.065    9 5989          - 196133.719      -  2076  333s
    85    90 197993.198   10 6196          - 196133.719      -  2046  338s
    95   101 203099.002   10 5852          - 196133.719      -  2129  343s
   106   113 198682.243   11 5476          - 196133.719      -  2206  349s
   118   126 205217.637   11 4556          - 196133.719      -  2237  356s
   131   139 200653.029   12 5866          - 196133.719      -  2269  362s
   144   151 201159.021   12 6151          - 196133.719      -  2313  369s
   156   166 200766.240   13 6893          - 196133.719      -  2340  375s
   173   185 201070.916   15 5604          - 196133.719      -  2291  383s
   192   208 201072.945   16 5856          - 196133.719      -  2233  391s
   215   225 201098.017   17 5134          - 196133.719      -  2162  406s
H  216   225                    392093.76559 196133.719  50.0%  2152  406s
H  232   237                    391389.95779 196133.719  49.9%  2113  420s
H  232   237                    368362.25686 196133.719  46.8%  2113  420s
H  234   237                    293248.61274 196133.719  33.1%  2107  420s
H  236   237                    215349.42669 196133.719  8.92%  2101  420s
   244   236 201694.322   20 6329 215349.427 196133.719  8.92%  2081  427s
   266   251 201884.780   22 5553 215349.427 196133.719  8.92%  2055  437s
H  274   251                    215084.75712 196133.719  8.81%  2038  437s
H  298   251                    215084.72594 196133.719  8.81%  2003  437s
H  299   255                    215084.70594 196133.719  8.81%  1999  445s
H  311   255                    215084.70251 196133.719  8.81%  2046  445s
H  313   255                    215084.69621 196133.719  8.81%  2040  445s
   314   274 212891.521   25 4003 215084.696 196133.719  8.81%  2064  453s
H  344   284                    215084.69463 196133.719  8.81%  2031  460s
H  345   284                    215084.69305 196133.719  8.81%  2032  460s
H  363   284                    215084.69147 196133.719  8.81%  1993  460s
   366   303 213747.656   27 3869 215084.691 196133.719  8.81%  1996  467s
   394   321 212625.383   28 5368 215084.691 196187.654  8.79%  1975  474s
H  399   321                    215084.68990 196187.654  8.79%  1976  474s
   428   348 203417.249    8 4477 215084.690 196187.654  8.79%  1911  484s
   474   376 204394.273   12 8551 215084.690 196187.654  8.79%  1867  493s
   523   407 207157.785   16 6256 215084.690 196187.654  8.79%  1814  503s
   568   428 212965.634   22 5884 215084.690 196187.654  8.79%  1777  669s
   605   446     cutoff   25      215084.690 196531.900  8.63%  1972  686s
   636   471 202467.137    6 6320 215084.690 196531.900  8.63%  1944  697s
   691   490 204337.531    8 5796 215084.690 196531.900  8.63%  1890  708s
   740   518 213338.331    8 4108 215084.690 196531.900  8.63%  1875  719s
   790   536     cutoff    9      215084.690 196531.900  8.63%  1846  730s
   845   535 213940.453   12 6500 215084.690 196531.900  8.63%  1807  741s
   903   572 infeasible   18      215084.690 197403.789  8.22%  1786  754s
   983   627 199284.890    9 7240 215084.690 197403.789  8.22%  1719  765s
  1068   681 208222.723   15 5995 215084.690 197403.789  8.22%  1649  780s
  1162   762 210898.921   19 6686 215084.690 197403.789  8.22%  1598  792s
  1272   870 211558.506   24 3375 215084.690 197403.789  8.22%  1517  801s
  1415   986 infeasible   28      215084.690 197403.789  8.22%  1418  813s
  1551  1150 212060.382   30 2661 215084.690 198038.076  7.93%  1335  823s
  1738  1338 201106.230    8 5381 215084.690 198683.258  7.63%  1229  835s
  1942  1339 215084.556  119 6933 215084.690 198683.258  7.63%  1135 1007s
  1944  1340 207154.273    9 5015 215084.690 198683.258  7.63%  1134 1091s
  1945  1341 215084.556  181 9036 215084.690 198683.258  7.63%  1133 1158s
  1946  1342 215084.558  368 5788 215084.690 198683.258  7.63%  1133 1182s
  1947  1342 215084.564  281 5699 215084.690 198683.258  7.63%  1132 1194s
  1948  1343 214611.973   11 5554 215084.690 198683.258  7.63%  1132 1202s
  1949  1344 215084.569  309 8170 215084.690 198683.258  7.63%  1131 1212s
  1950  1344 215084.558  230 9073 215084.690 198683.258  7.63%  1130 1222s
  1951  1345 211859.548   28 9370 215084.690 198683.258  7.63%  1130 1260s
  1952  1346 215084.565  231 4642 215084.690 198683.258  7.63%  1129 1314s
  1953  1346 215084.563  228 4746 215084.690 198683.258  7.63%  1129 1329s
  1954  1347 215084.558  360 5293 215084.690 198683.258  7.63%  1128 1337s
  1955  1348 210181.319   12 5329 215084.690 198683.258  7.63%  1128 1343s
  1956  1348 209754.232   11 5146 215084.690 198683.258  7.63%  1127 1348s
  1957  1349 210952.529   25 5461 215084.690 198683.258  7.63%  1126 1381s
  1958  1350 215084.558  251 4744 215084.690 198683.258  7.63%  1126 1423s
  1959  1350 215084.566  327 4213 215084.690 199308.357  7.33%  1125 1431s
  1960  1351 215084.558  240 4767 215084.690 199395.909  7.29%  1125 1435s
  1962  1352 215084.556   61 4756 215084.690 199450.693  7.27%  1124 1465s
  1963  1353 215084.558  379 5023 215084.690 200203.671  6.92%  1123 1512s
  1964  1354 211701.136   24 5023 215084.690 200293.352  6.88%  1122 1523s
  1965  1354 215084.558  169 4583 215084.690 200336.270  6.86%  1122 1529s
  1966  1355 215084.564  271 4572 215084.690 200352.947  6.85%  1121 1556s
  1967  1356 210952.529   25 5028 215084.690 200984.250  6.56%  1121 1567s
  1969  1358 215084.568  369 6933 215084.690 200984.250  6.56%  1335 1758s
  1971  1359 208698.154   23 5012 215084.690 200984.250  6.56%  1334 1802s
  1972  1360 215084.567  364 5277 215084.690 200984.250  6.56%  1333 1832s
  1973  1361 214685.622   13 5142 215084.690 200984.250  6.56%  1333 1847s
  1974  1361 211145.298   21 2609 215084.690 200984.251  6.56%  1332 1852s
  1975  1362 215084.566  245 3729 215084.690 200984.251  6.56%  1331 1858s
  1976  1363 205096.068   18 4456 215084.690 201008.268  6.54%  1331 1865s
  1977  1363 206057.894   14 4622 215084.690 201008.268  6.54%  1330 1872s
  1978  1364 209582.193   11 4085 215084.690 201008.268  6.54%  1329 1878s
  1979  1365 215084.556  142 3961 215084.690 201008.268  6.54%  1328 1885s
  1980  1365 215084.556  165 3958 215084.690 201148.453  6.48%  1328 1901s
  1981  1366 215084.558  311 4079 215084.690 201373.356  6.37%  1327 1923s
  1982  1367 215084.558  252 3971 215084.690 201373.356  6.37%  1326 1928s
  1983  1367 205940.958    8 4552 215084.690 201373.356  6.37%  1326 1938s
  1984  1368 215084.569  317 4573 215084.690 201373.356  6.37%  1325 1957s
  1985  1369 215084.568  261 3954 215084.690 201373.356  6.37%  1324 1991s
  1986  1369 208776.638   10 3250 215084.690 201373.356  6.37%  1324 2013s
  1987  1370 215084.558  300 3235 215084.690 201373.356  6.37%  1323 2030s
  1988  1371 215084.568  268 4552 215084.690 201480.689  6.32%  1322 2051s
  1989  1371 215084.558  257 4141 215084.690 201480.689  6.32%  1322 2077s
  1990  1372 215084.558  233 4480 215084.690 201504.856  6.31%  1321 2089s
  1991  1373 215084.560  190 4589 215084.690 201617.111  6.26%  1320 2099s
  1992  1373 207671.923    9 4486 215084.690 201629.705  6.26%  1320 2122s
  1993  1374 213916.715   22 4405 215084.690 201729.291  6.21%  1319 2143s
  1994  1375 215084.556  150 4590 215084.690 201729.291  6.21%  1319 2153s
  1995  1375 215084.563  231 4637 215084.690 201729.291  6.21%  1318 2176s
  1996  1376 215084.557  224 4463 215084.690 201769.201  6.19%  1317 2203s
  1997  1377 215084.556  140 4403 215084.690 201776.095  6.19%  1317 2224s
  1998  1377 214511.861   11 4727 215084.690 201929.199  6.12%  1316 2244s
  1999  1378 205957.789    9 4700 215084.690 201929.199  6.12%  1315 2258s
  2000  1379 215084.563  256 4700 215084.690 201929.199  6.12%  1315 2306s
  2001  1382 201929.199   28 4583 215084.690 201929.199  6.12%  1572 2345s
  2003  1385 202017.407   29 5266 215084.690 201929.199  6.12%  1581 2397s
  2007  1386 203462.383   30 4045 215084.690 202020.859  6.07%  1604 2417s
  2014  1390 203616.229   31 4004 215084.690 203443.387  5.41%  1637 2487s
  2024  1396 203677.241   32 3611 215084.690 203456.493  5.41%  1703 2497s
  2034  1401 203734.036   33 3075 215084.690 203492.935  5.39%  1712 2512s
  2044  1405 209307.273   33 3027 215084.690 203626.540  5.33%  1715 2526s
  2054  1409 203762.946   34 3006 215084.690 203626.540  5.33%  1727 2559s
  2066  1405 205095.290   34 3657 215084.690 203766.360  5.26%  1754 2573s
  2080  1401 204842.373   35 3146 215084.690 203871.394  5.21%  1773 2591s
  2091  1404 206729.694   35 4018 215084.690 203903.219  5.20%  1789 2608s
  2105  1413 204842.373   36 3145 215084.690 203903.219  5.20%  1811 2628s
  2124  1405 205183.433   37 3434 215084.690 203997.321  5.15%  1826 2656s
  2138  1394     cutoff   38      215084.690 204080.876  5.12%  1845 2681s
  2151  1389 205183.433   38 3434 215084.690 204080.876  5.12%  1865 2716s
  2169  1377 206090.974   40 3707 215084.690 204194.574  5.06%  1890 2740s
  2182  1367 214301.800   41 3537 215084.690 204194.574  5.06%  1943 2774s
  2195  1363 214392.788   42 3254 215084.690 204194.574  5.06%  1965 2793s
  2215  1361     cutoff   43      215084.690 204194.574  5.06%  1991 2822s
  2236  1362 215040.563   51  733 215084.690 204194.574  5.06%  2000 2875s
  2266  1363 215040.564   53  743 215084.690 204194.574  5.06%  2020 2899s
  2302  1364 215040.564   59  724 215084.690 204194.574  5.06%  2036 2927s
  2344  1361 215040.565   66  733 215084.690 204194.574  5.06%  2049 2948s
  2384  1368 215040.566   73  715 215084.690 204194.574  5.06%  2054 2978s
  2430  1372 215040.567   76  697 215084.690 204194.574  5.06%  2060 3008s
  2477  1385     cutoff   79      215084.690 204194.574  5.06%  2067 3030s
  2530  1401 215040.568   81  685 215084.690 204194.574  5.06%  2060 3061s
  2600  1443     cutoff   86      215084.690 204194.574  5.06%  2057 3082s
  2699  1423 215040.570  101  643 215084.690 204194.574  5.06%  2005 3107s
  2719  1508 215040.570  102  674 215084.690 204194.574  5.06%  2000 3121s
  2828  1569 215040.572  115  625 215084.690 204194.574  5.06%  1944 3137s
  2940  1641 215040.575  130  612 215084.690 204194.574  5.06%  1884 3156s
  3071  1660 215040.577  139  613 215084.690 204194.574  5.06%  1828 3174s
  3165  1771     cutoff  156      215084.690 204194.574  5.06%  1807 3187s
  3332  1906 215040.579  181  599 215084.690 204194.574  5.06%  1731 3201s
  3539  2078 215040.582  208  599 215084.690 204194.574  5.06%  1643 3214s
  3792  2272 215040.584  239  586 215084.690 204194.574  5.06%  1543 3225s
  4092  2380 215040.639  272  564 215084.690 204194.574  5.06%  1437 3239s
  4320  2624 215084.672  272  341 215084.690 204194.574  5.06%  1369 3253s
  4656  2761 215084.673  319  293 215084.690 204194.574  5.06%  1280 3264s
  4911  2810 215084.674  352  265 215084.690 204194.574  5.06%  1219 3284s
  5049  3083 215084.674  366  273 215084.690 204194.574  5.06%  1188 3299s
  5399  3258 215084.676  411  259 215084.690 204194.574  5.06%  1118 3313s
  5708  3486 215084.678  453  235 215084.690 204194.574  5.06%  1061 3333s
  6071  3758 215084.679  496  233 215084.690 204194.574  5.06%  1007 3357s
  6474  4012 215084.680  546  217 215084.690 204194.574  5.06%   950 3372s
  6758  4467 215084.680  588  206 215084.690 204194.574  5.06%   914 3388s
  7226  4891 215084.680  648  209 215084.690 204194.574  5.06%   861 3405s
  7667  5369 215084.682  694  221 215084.690 204194.574  5.06%   817 3424s
  8170  5859 215084.684  754  189 215084.690 204194.574  5.06%   771 3442s
  8688  6411 215084.685  812  199 215084.690 204194.574  5.06%   730 3462s
  9266  6797     cutoff  863      215084.690 204887.558  4.74%   689 3497s
  9690  7458     cutoff   34      215084.690 204991.496  4.69%   664 3521s
 10362  8156     cutoff   34      215084.690 205237.692  4.58%   625 3546s
 11072  8785 215040.587  167  640 215084.690 205237.692  4.58%   587 3569s
 11750  9233 215084.618  170  482 215084.690 205237.692  4.58%   558 3590s
 12238  9867 215084.618  181  439 215084.690 205237.692  4.58%   539 3622s
 12950 10406 215084.619  194  417 215084.690 205237.692  4.58%   515 3647s
 13585 10416 215084.621  204  370 215084.690 205237.692  4.58%   497 3740s
 13596 10916     cutoff  204      215084.690 205237.692  4.58%   497 3764s
 14161 11464     cutoff  210      215084.690 205237.692  4.58%   482 3787s
 14782 12117 215084.632  217  357 215084.690 205237.692  4.58%   465 3813s
 15464 12688     cutoff  222      215084.690 205237.692  4.58%   448 3839s
 16100 13350 215084.633  235  318 215084.690 205237.692  4.58%   434 3869s
 16810 13989     cutoff  249      215084.690 205237.692  4.58%   420 4122s
 17578 14628 215084.637  265  303 215084.690 205237.692  4.58%   412 4167s
 18282 15340 215084.637  279  275 215084.690 205237.692  4.58%   404 4202s
 19071 16088 215084.640  291  264 215084.690 209755.989  2.48%   393 4240s
 19893 17013     cutoff   38      215084.690 211951.287  1.46%   382 4275s
 20851 17987     cutoff  133      215084.690 213885.086  0.56%   368 4314s
 21850 19017 215040.567   77  763 215084.690 213885.086  0.56%   353 4343s
 22903 19967 215084.621  122  321 215084.690 213885.086  0.56%   338 4375s
 23979 20770 215084.637  236  233 215084.690 213885.086  0.56%   324 4410s
 24803 21690 215084.653  349  143 215084.690 213885.086  0.56%   316 4442s
 25775 22640 215084.660  459   83 215084.690 213885.086  0.56%   306 4475s
 26815 23433 215084.685  553   48 215084.690 214057.936  0.48%   296 4514s
 27749 24081 215040.582  132  672 215084.690 214057.936  0.48%   288 4550s
 28545 25028 215084.620  160  413 215084.690 214057.936  0.48%   284 4582s
 29553 25982     cutoff  231      215084.690 215040.565  0.02%   276 4617s

Cutting planes:
  Learned: 729
  Gomory: 197
  Cover: 637
  Implied bound: 12525
  Projected implied bound: 588
  Clique: 3
  MIR: 9294
  Mixing: 1
  StrongCG: 30
  Flow cover: 8144
  GUB cover: 469
  Inf proof: 4
  Zero half: 2
  Mod-K: 6
  Network: 45
  RLT: 114
  Relax-and-lift: 839

Explored 30590 nodes (8600993 simplex iterations) in 4618.10 seconds (13875.97 work units)
Thread count was 10 (of 10 available processors)

Solution count 10: 215085 215085 215085 ... 215349

Optimal solution found (tolerance 1.00e-03)
Best objective 2.150846898954e+05, best bound 2.150405651252e+05, gap 0.0205%
Warning: linear constraint 170801 and linear constraint 170804 have the same name "lin1_pw_d_0_"
