
Gurobi 11.0.2 (mac64[arm]) logging started Thu Jul 24 20:42:10 2025

Set parameter LogFile to value "../solutions/100/i_log.log"
Gurobi Optimizer version 11.0.2 build v11.0.2rc0 (mac64[arm] - Darwin 24.5.0 24F74)

CPU model: Apple M2 Pro
Thread count: 10 physical cores, 10 logical processors, using up to 10 threads

Optimize a model with 410805 rows, 240203 columns and 1290602 nonzeros
Model fingerprint: 0x9f317c5d
Variable types: 70003 continuous, 170200 integer (160100 binary)
Coefficient statistics:
  Matrix range     [1e-03, 1e+06]
  Objective range  [1e+00, 1e+00]
  Bounds range     [1e+00, 5e+01]
  RHS range        [1e+00, 6e+05]
Presolve removed 198802 rows and 29199 columns
Presolve time: 3.23s
Presolved: 212003 rows, 211004 columns, 1075091 nonzeros
Variable types: 60500 continuous, 150504 integer (140603 binary)
Deterministic concurrent LP optimizer: primal simplex, dual simplex, and barrier
Showing barrier log only...

Root barrier log...

Ordering time: 1.81s
Ordering time: 2.02s

Barrier statistics:
 Dense cols : 154
 AA' NZ     : 2.448e+06
 Factor NZ  : 6.006e+06 (roughly 200 MB of memory)
 Factor Ops : 1.047e+09 (less than 1 second per iteration)
 Threads    : 7

                  Objective                Residual
Iter       Primal          Dual         Primal    Dual     Compl     Time
   0   3.93698849e+09 -1.75963107e+09  3.84e+06 1.14e-13  4.13e+05     7s
   1   2.66329722e+09 -1.46572446e+09  2.59e+06 1.41e+02  2.77e+05     7s
   2   2.06224455e+08 -1.04819373e+09  2.00e+05 4.40e-10  2.33e+04     7s
   3   3.26066279e+07 -7.09260925e+08  3.11e+04 4.97e-10  4.40e+03     7s
   4   5.63642661e+06 -2.17317370e+08  4.88e+03 2.26e-09  8.16e+02     7s
   5   1.97295514e+06 -2.64561707e+07  1.31e+03 1.74e-10  1.57e+02     7s
   6   1.12445970e+06 -1.19266583e+07  4.86e+02 1.69e-10  5.90e+01     7s
   7   6.91276442e+05 -7.91720555e+06  6.70e+01 1.17e-10  1.94e+01     7s
   8   6.15743882e+05 -7.53842825e+06  2.98e+00 1.38e-10  1.70e+01     8s
   9   3.49665322e+05 -5.89934651e+06  9.58e-01 2.56e-11  1.14e+01     8s
  10   7.94911703e+04 -1.93683373e+06  9.16e-02 1.42e-11  3.43e+00     8s
  11   6.58429499e+04 -4.19642248e+05  7.53e-02 1.15e-11  8.24e-01     8s
  12   4.35569901e+04 -1.93650655e+05  4.88e-02 6.14e-12  4.01e-01     8s
  13   2.88581528e+04 -6.16116664e+04  2.04e-02 3.46e-12  1.53e-01     8s
  14   2.01144899e+04 -3.75517273e+04  6.92e-03 2.66e-12  9.71e-02     8s
  15   1.33623651e+04 -2.04640245e+04  1.33e-03 2.22e-12  5.69e-02     8s
  16   1.02227689e+04 -1.36039630e+04  5.17e-04 2.32e-12  4.01e-02     8s
  17   9.74027870e+03 -7.08334660e+03  4.52e-04 2.18e-12  2.83e-02     8s
  18   8.84591486e+03 -3.19141314e+03  3.47e-04 2.67e-12  2.02e-02     8s
  19   7.94409181e+03  3.17234163e+02  2.54e-04 2.61e-12  1.28e-02     8s
  20   6.58682675e+03  1.96881292e+03  1.45e-04 2.19e-12  7.77e-03     8s
  21   6.53265323e+03  2.65240245e+03  1.37e-04 1.89e-12  6.53e-03     8s
  22   5.42900691e+03  3.09676840e+03  6.93e-05 9.28e-12  3.92e-03     9s
  23   5.39904889e+03  3.50810310e+03  6.75e-05 6.38e-12  3.18e-03     9s
  24   5.39809916e+03  3.57846872e+03  6.54e-05 5.78e-12  3.06e-03     9s
  25   5.04940773e+03  3.84560333e+03  4.23e-05 8.11e-12  2.02e-03     9s
  26   4.80058605e+03  3.96986433e+03  3.00e-05 3.78e-11  1.40e-03     9s
  27   4.77210617e+03  4.03794418e+03  2.84e-05 2.74e-11  1.23e-03     9s
  28   4.65738278e+03  4.07649223e+03  2.31e-05 1.82e-11  9.77e-04     9s
  29   4.65238434e+03  4.08564373e+03  2.28e-05 1.70e-11  9.53e-04     9s
  30   4.27714077e+03  4.15351416e+03  2.26e-06 5.56e-12  2.08e-04     9s
  31   4.19419165e+03  4.17177251e+03  2.56e-07 4.77e-12  3.77e-05     9s
  32   4.19393446e+03  4.17458903e+03  2.49e-07 4.67e-12  3.25e-05     9s
  33   4.18832627e+03  4.18254090e+03  1.14e-07 2.22e-12  9.73e-06     9s
  34   4.18304700e+03  4.18303062e+03  5.58e-09 2.05e-12  2.76e-08     9s
  35   4.18303600e+03  4.18303600e+03  5.86e-10 2.59e-12  1.00e-13    10s

Barrier solved model in 35 iterations and 9.51 seconds (17.25 work units)
Optimal objective 4.18303600e+03


Root crossover log...

  126725 DPushes remaining with DInf 0.0000000e+00                10s
       0 DPushes remaining with DInf 0.0000000e+00                10s

   12900 PPushes remaining with PInf 0.0000000e+00                10s
       0 PPushes remaining with PInf 0.0000000e+00                10s

  Push phase complete: Pinf 0.0000000e+00, Dinf 3.1912278e-11     10s


Root simplex log...

Iteration    Objective       Primal Inf.    Dual Inf.      Time
   31272    4.1830360e+03   0.000000e+00   0.000000e+00     10s
Concurrent spin time: 0.00s

Solved with barrier
   32725    4.1830360e+03   0.000000e+00   3.481681e+06     10s
   47851    3.8419064e+03   0.000000e+00   2.046886e+05     15s
   55141    3.8361828e+03   0.000000e+00   2.456555e+04     20s
   61251    3.8344649e+03   0.000000e+00   3.883106e+04     25s
   67361    3.8333482e+03   0.000000e+00   2.471252e+03     30s
   73181    3.8324076e+03   0.000000e+00   1.043423e+04     35s
   79221    3.8315012e+03   0.000000e+00   1.728691e+03     40s
   85481    3.8307928e+03   0.000000e+00   4.210794e+04     45s
   91131    3.8301834e+03   0.000000e+00   1.478807e+04     50s
   96181    3.8298028e+03   0.000000e+00   1.334880e+04     55s
  100219    4.1830360e+03   0.000000e+00   0.000000e+00     58s
Extra simplex iterations after uncrush: 68947

Root relaxation: objective 4.183036e+03, 100219 iterations, 53.61 seconds (183.51 work units)
Total elapsed time = 82.83s (DegenMoves)

    Nodes    |    Current Node    |     Objective Bounds      |     Work
 Expl Unexpl |  Obj  Depth IntInf | Incumbent    BestBd   Gap | It/Node Time

     0     0 4183.03600    0 2732          - 4183.03600      -     -   85s
     0     0 17933.2335    0 2898          - 17933.2335      -     -  107s
     0     0 22145.1288    0 3264          - 22145.1288      -     -  111s
     0     0 27851.2157    0 4260          - 27851.2157      -     -  115s
     0     0 32034.5063    0 4421          - 32034.5063      -     -  119s
     0     0 35747.4427    0 5459          - 35747.4427      -     -  122s
     0     0 38990.6402    0 6481          - 38990.6402      -     -  126s
     0     0 43727.8492    0 7519          - 43727.8492      -     -  130s
     0     0 49102.8854    0 6108          - 49102.8854      -     -  134s
     0     0 56239.8459    0 4904          - 56239.8459      -     -  138s
     0     0 57478.9109    0 4698          - 57478.9109      -     -  139s
     0     0 57478.9109    0 4696          - 57478.9109      -     -  140s
     0     0 83706.4727    0 4525          - 83706.4727      -     -  150s
     0     0 98633.3720    0 5122          - 98633.3720      -     -  154s
     0     0 98634.6789    0 5129          - 98634.6789      -     -  154s
     0     0 102998.009    0 5239          - 102998.009      -     -  164s
     0     0 106726.025    0 5493          - 106726.025      -     -  167s
     0     0 106726.047    0 5506          - 106726.047      -     -  168s
     0     0 114836.509    0 5641          - 114836.509      -     -  178s
     0     0 117098.508    0 8167          - 117098.508      -     -  183s
     0     0 117635.890    0 8261          - 117635.890      -     -  184s
     0     0 117635.890    0 8356          - 117635.890      -     -  185s
     0     0 123540.131    0 5538          - 123540.131      -     -  193s
     0     0 124502.543    0 6031          - 124502.543      -     -  195s
     0     0 124999.758    0 6573          - 124999.758      -     -  197s
     0     0 124999.758    0 6575          - 124999.758      -     -  198s
     0     0 131523.376    0 7318          - 131523.376      -     -  207s
     0     0 132006.564    0 7502          - 132006.564      -     -  211s
     0     0 132006.564    0 7627          - 132006.564      -     -  212s
     0     0 136658.482    0 8770          - 136658.482      -     -  222s
     0     0 139423.757    0 9422          - 139423.757      -     -  227s
     0     0 139779.627    0 8299          - 139779.627      -     -  229s
     0     0 139816.224    0 9002          - 139816.224      -     -  231s
     0     0 144551.106    0 5688          - 144551.106      -     -  238s
H    0     0                    414783.76396 144741.299  65.1%     -  240s
H    0     0                    393722.56823 144741.299  63.2%     -  244s
     0     0 147307.275    0 6633 393722.568 147307.275  62.6%     -  250s
     0     0 147307.624    0 6725 393722.568 147307.624  62.6%     -  251s
     0     0 148667.006    0 8997 393722.568 148667.006  62.2%     -  262s
H    0     0                    393722.56035 148718.923  62.2%     -  274s
     0     0 148718.923    0 9100 393722.560 148718.923  62.2%     -  277s
     0     0 149968.988    0 5217 393722.560 149968.988  61.9%     -  284s
H    0     0                    380179.76356 149978.535  60.6%     -  289s
     0     0 152235.057    0 6004 380179.764 152235.057  60.0%     -  292s
     0     0 152250.816    0 6088 380179.764 152250.816  60.0%     -  293s
     0     0 153783.380    0 5686 380179.764 153783.380  59.5%     -  300s
H    0     0                    372997.80888 153823.538  58.8%     -  305s
     0     0 154281.991    0 4622 372997.809 154281.991  58.6%     -  309s
     0     0 154842.464    0 6080 372997.809 154842.464  58.5%     -  312s
     0     0 155110.680    0 6482 372997.809 155110.680  58.4%     -  313s
     0     0 155236.333    0 6494 372997.809 155236.333  58.4%     -  315s
     0     0 155236.333    0 6538 372997.809 155236.333  58.4%     -  316s
     0     0 155832.638    0 8462 372997.809 155832.638  58.2%     -  325s
     0     0 156551.925    0 10494 372997.809 156551.925  58.0%     -  330s
     0     0 156644.512    0 10719 372997.809 156644.512  58.0%     -  332s
     0     0 156644.512    0 10761 372997.809 156644.512  58.0%     -  333s
     0     0 157091.804    0 3375 372997.809 157091.804  57.9%     -  339s
H    0     0                    372997.78968 157143.074  57.9%     -  344s
     0     0 157732.848    0 3418 372997.790 157732.848  57.7%     -  346s
     0     0 157776.243    0 3056 372997.790 157776.243  57.7%     -  347s
     0     0 158281.501    0 6556 372997.790 158281.501  57.6%     -  353s
H    0     0                    359487.35859 158340.038  56.0%     -  356s
     0     0 158348.212    0 7059 359487.359 158348.212  56.0%     -  359s
     0     0 159055.414    0 7437 359487.359 159055.414  55.8%     -  365s
     0     0 159075.742    0 7437 359487.359 159075.742  55.7%     -  369s
H    0     0                    355892.79042 159075.742  55.3%     -  419s
H    0     0                    341219.72376 159075.742  53.4%     -  423s
H    0     0                    341219.67711 159075.742  53.4%     -  425s
H    0     2                    341219.66710 159075.742  53.4%     -  437s
     0     2 159075.742    0 7437 341219.667 159075.742  53.4%     -  437s
     1     4 161035.806    1 8047 341219.667 159256.134  53.3% 22716  443s
     3     8 161450.908    2 7188 341219.667 161450.908  52.7%  9358  447s
     7    16 162701.000    3 8340 341219.667 161619.707  52.6%  6603  456s
    15    26 162973.277    4 8230 341219.667 162742.009  52.3%  6629  482s
    25    36 163631.065    5 8515 341219.667 163223.783  52.2%  6526  492s
H   35    46                    341219.66553 163223.783  52.2%  5805  516s
H   37    46                    231701.56617 163223.783  29.6%  5930  516s
H   42    46                    217407.85745 163223.783  24.9%  5646  516s
    45    56 163739.026    6 4768 217407.857 163223.783  24.9%  5501  525s
    72    89 165713.200    9 7777 217407.857 163223.783  24.9%  4085  533s
    88   103 165802.055   10 8629 217407.857 163223.783  24.9%  3601  539s
   102   121 166159.920   12 6073 217407.857 163223.783  24.9%  3335  545s
   142   163 166746.849   16 6233 217407.857 163223.783  24.9%  2699  555s
   162   183 167274.185   18 11162 217407.857 163223.783  24.9%  2568  562s
   182   201 185001.384   18 7045 217407.857 163223.783  24.9%  2421  569s
   200   224 167435.970   19 10453 217407.857 163223.783  24.9%  2365  575s
   250   287 167855.502   24 8631 217407.857 163223.783  24.9%  2099  583s
   288   317 168255.043   29 8709 217407.857 163223.783  24.9%  1884  589s
   324   350 168506.922   34 7979 217407.857 163223.783  24.9%  1781  595s
   357   386 169092.318   37 8090 217407.857 163223.783  24.9%  1719  600s
   428   440 169426.459   42 8110 217407.857 163223.783  24.9%  1550  612s
   459   482 169738.242   44 9774 217407.857 163223.783  24.9%  1534  618s
   503   511 169990.744   48 8090 217407.857 163223.783  24.9%  1461  625s
   541   535 170428.884   51 8067 217407.857 163223.783  24.9%  1437  633s
   569   571 175766.047   52 8084 217407.857 163223.783  24.9%  1451  639s
   605   620 172488.667   54 5147 217407.857 163223.783  24.9%  1432  648s
   654   660 172294.530   56 6361 217407.857 163223.783  24.9%  1393  656s
   694   713 175768.175   61 7410 217407.857 163223.783  24.9%  1376  663s
   748   768 176441.735   64 8085 217407.857 163223.783  24.9%  1325  673s
   803   824 178549.244   67 7519 217407.857 163223.783  24.9%  1301  682s
   863   888 179188.592   74 5860 217407.857 163223.783  24.9%  1264  689s
   931   977 179523.104   82 5437 217407.857 163223.783  24.9%  1214  699s
  1022  1072 179723.189   90 7975 217407.857 163223.783  24.9%  1150  706s
  1124  1166 180047.355   97 5256 217407.857 163223.783  24.9%  1077  712s
  1218  1273 180748.498  105 6901 217407.857 163223.783  24.9%  1019  727s
  1329  1382 181033.590  111 8554 217407.857 163223.783  24.9%   975  736s
  1443  1497 181954.806  119 7481 217407.857 163223.783  24.9%   930  744s
  1558  1618 182249.183  124 8450 217407.857 163223.783  24.9%   887  751s
  1681  1749 182649.186  131 7959 217407.857 163223.783  24.9%   846  761s
H 1818  1768                    207707.77610 163223.783  21.4%   806  772s
H 1868  1704                    204673.13982 163223.783  20.3%   792  772s
H 1900  1681                    202873.80691 163223.783  19.5%   793  772s
H 1936  1553                    197628.44374 163223.783  17.4%   784  772s
H 1937  1612                    197540.45109 163223.783  17.4%   783  785s
H 1942  1106                    192813.76134 163785.383  15.1%   786  785s
H 2023  1053                    192813.66313 163785.383  15.1%   765  793s
  2024  1035 191684.003   32 7437 192813.663 163785.383  15.1%   765  960s
H 2025   984                    188028.51313 163785.383  12.9%   764 1025s
  2026   984 179970.292   36 4799 188028.513 163785.383  12.9%   764 1037s
  2027   985 174442.316   63 5855 188028.513 163785.383  12.9%   764 1092s
  2028   986 188028.513   15 5640 188028.513 163785.383  12.9%   763 1123s
  2029   986 188028.513   15 7685 188028.513 163785.383  12.9%   763 1146s
  2030   987 172477.680   21 7939 188028.513 163785.383  12.9%   762 1161s
  2031   988 187521.090   10 8266 188028.513 163785.383  12.9%   762 1186s
  2032   988 188028.513  135 4920 188028.513 163785.383  12.9%   762 1203s
  2033   989 173401.559   52 6222 188028.513 163785.383  12.9%   761 1219s
  2034   990 188028.513   30 9008 188028.513 163785.383  12.9%   761 1239s
  2035   990 177203.594    5 7414 188028.513 163785.383  12.9%   761 1251s
  2036   991 188028.513   33 7799 188028.513 163785.383  12.9%   760 1258s
  2037   992 186546.925   11 7851 188028.513 163785.383  12.9%   760 1307s
  2038   992 188028.513   26 9535 188028.513 163785.383  12.9%   759 1372s
  2039   993 188028.513  260 9114 188028.513 163785.383  12.9%   759 1378s
  2040   994 171554.905   46 8652 188028.513 163785.383  12.9%   759 1385s
  2041   994 188028.513   18 9351 188028.513 163785.383  12.9%   758 1394s
  2042   995 177023.676   59 8460 188028.513 163785.383  12.9%   758 1400s
  2043   996 176687.972   65 8650 188028.513 163785.383  12.9%   758 1434s
  2044   996 179082.008   87 8439 188028.513 163785.383  12.9%   757 1496s
  2045   997 176095.690   59 9474 188028.513 163785.383  12.9%   757 1525s
  2046   998 188028.513   16 5823 188028.513 164156.113  12.7%   756 1535s
  2047   998 175670.365   45 3958 188028.513 164338.319  12.6%   756 1578s
  2048   999 188028.513   43 2666 188028.513 164340.576  12.6%   756 1594s
  2049  1000 169274.809    9 9197 188028.513 164592.992  12.5%   755 1653s
  2050  1000 188028.513   26 8512 188028.513 164855.775  12.3%   755 1663s
  2051  1001 182281.633    5 8747 188028.513 164967.760  12.3%   755 1671s
  2052  1002 188028.513  105 9638 188028.513 165055.677  12.2%   754 1686s
  2053  1002 175187.072   32 9696 188028.513 165202.034  12.1%   754 1692s
  2054  1003 188028.513  125 9741 188028.513 165223.307  12.1%   754 1737s
  2055  1004 181726.570  175 9547 188028.513 165944.882  11.7%   753 1788s
  2056  1004 188028.513   32 9978 188028.513 166210.599  11.6%   753 1813s
  2057  1005 188028.513   14 9707 188028.513 166713.896  11.3%   752 1852s
  2058  1006 188028.513  249 9383 188028.513 166855.728  11.3%   752 1875s
  2059  1006 188028.513  136 6237 188028.513 166899.185  11.2%   752 2124s
  2060  1007 178286.121   41 6295 188028.513 166899.185  11.2%   751 2316s
  2061  1008 179273.332   26 9556 188028.513 167353.330  11.0%   751 2485s
  2062  1008 188028.513  112 10239 188028.513 167515.423  10.9%   751 2556s
  2063  1009 188028.513  143 11229 188028.513 168046.989  10.6%   750 2581s
  2064  1010 170460.195   48 10648 188028.513 168131.286  10.6%   750 2610s
  2065  1010 188028.513  142 9988 188028.513 168279.622  10.5%   750 2679s
  2066  1011 183755.113    6 10099 188028.513 168279.726  10.5%   749 2735s
  2067  1012 180424.901   97 10980 188028.513 168508.597  10.4%   749 2860s
  2068  1012 172237.874   18 8807 188028.513 168508.597  10.4%   748 2912s
  2069  1013 178765.667   19 9136 188028.513 168663.215  10.3%   748 2992s
  2070  1014 188028.513  223 9804 188028.513 168777.068  10.2%   748 3005s
  2071  1014 188028.513   49 9193 188028.513 168886.869  10.2%   747 3017s
  2072  1015 186103.941   13 9355 188028.513 168946.739  10.1%   747 3032s
  2073  1016 177862.201   50 9395 188028.513 168997.264  10.1%   747 3048s
  2074  1016 174644.683   67 9438 188028.513 168997.570  10.1%   746 3093s
  2075  1017 188028.513   15 9880 188028.513 169024.170  10.1%   746 3160s
  2076  1018 183751.768   11 9949 188028.513 169024.170  10.1%   746 3215s
  2077  1018 188028.513  120 9879 188028.513 169036.372  10.1%   745 3279s
  2078  1019 175273.162   32 9947 188028.513 169081.822  10.1%   745 3297s
  2079  1020 181070.751  113 10094 188028.513 169087.788  10.1%   744 3319s
  2080  1020 187493.704   31 7531 188028.513 169158.468  10.0%   744 3358s
  2081  1021 184482.315  119 8986 188028.513 169296.704  10.0%   744 3384s
  2082  1022 181706.936  128 8650 188028.513 169298.367  10.0%   743 3404s
  2083  1022 188028.513  112 8267 188028.513 169396.420  9.91%   743 3514s
  2084  1023 172643.360   48 7111 188028.513 169968.073  9.61%   743 3564s
  2085  1024 188028.513   23 8252 188028.513 169987.460  9.59%   742 3604s
  2086  1024 187853.150   28 8334 188028.513 170019.425  9.58%   742 3648s
  2087  1025 186251.332   27 8470 188028.513 170019.425  9.58%   742 3672s
  2088  1026 188028.513  143 8392 188028.513 170019.425  9.58%   741 3705s
  2089  1026 188028.513   32 8543 188028.513 170019.425  9.58%   741 3725s
  2090  1027 179604.020   10 8548 188028.513 170019.425  9.58%   741 3762s
  2091  1028 172192.484   23 8587 188028.513 170019.425  9.58%   740 3791s
  2092  1028 171092.852   42 8464 188028.513 170019.425  9.58%   740 3836s
  2093  1029 174768.897   38 8464 188028.513 170019.425  9.58%   739 3870s
  2094  1030 188028.513  155 8464 188028.513 170019.425  9.58%   739 4140s
  2095  1033 171164.388   12 8444 188028.513 170019.425  9.58%  1397 4291s
  2097  1037 172234.402   13 8329 188028.513 171669.466  8.70%  1418 4377s
  2101  1037 172845.745   14 8325 188028.513 172234.402  8.40%  1430 4428s
  2109  1043 173556.241   15 9442 188028.513 173000.575  7.99%  1517 4707s
  2119  1040 174954.563   16 9184 188028.513 173599.296  7.67%  1655 4739s
  2129  1038 176029.652   17 10899 188028.513 175614.193  6.60%  1688 4781s
  2139  1040     cutoff   17      188028.513 175614.193  6.60%  1713 4812s
  2149  1036 176768.617   18 8300 188028.513 175614.193  6.60%  1729 4843s
  2166  1030 178303.778   18 7093 188028.513 175614.193  6.60%  1757 4897s
  2181  1024 177231.256   19 7905 188028.513 175614.193  6.60%  1762 4916s
  2197  1014 177358.117   20 7250 188028.513 175614.193  6.60%  1774 4934s
  2211  1007     cutoff   20      188028.513 175614.193  6.60%  1790 4959s
  2224  1002 179213.513   19 7860 188028.513 175614.193  6.60%  1811 5063s
  2238   996 179368.919   20 7635 188028.513 175614.193  6.60%  1826 5086s
  2252   992 179864.626   21 8794 188028.513 175614.193  6.60%  1842 5122s
  2266   983 179936.087   22 7581 188028.513 175614.193  6.60%  1859 5187s
  2284   973     cutoff   23      188028.513 175614.193  6.60%  1879 5263s
  2292   977     cutoff   25      188028.513 176816.137  5.96%  1901 5303s
  2304  1015 181879.951   18 7160 188028.513 176963.072  5.88%  1904 5329s
  2346  1019 183993.401   19 7947 188028.513 181310.789  3.57%  1886 5365s
  2364  1049 184440.585   20 3668 188028.513 181404.690  3.52%  1884 5388s
  2400  1070 185057.702   21 3576 188028.513 181404.690  3.52%  1862 5431s
  2433  1097     cutoff   23      188028.513 181404.690  3.52%  1844 5449s
  2477  1143     cutoff   21      188028.513 181404.690  3.52%  1821 5463s
  2546  1197     cutoff   20      188028.513 181404.690  3.52%  1780 5480s
  2629  1185     cutoff   19      188028.513 181795.077  3.32%  1728 5516s
  2652  1287 188028.446   62  293 188028.513 183772.209  2.26%  1723 5529s
  2765  1318 188028.448   74  332 188028.513 183772.209  2.26%  1657 5546s
  2836  1429 188028.449   83  316 188028.513 183772.209  2.26%  1622 5559s
  2973  1539 188028.449   98  299 188028.513 183772.209  2.26%  1552 5576s
  3132  1576 188028.449  116  292 188028.513 183772.209  2.26%  1477 5590s
  3224  1734 188028.449  126  288 188028.513 183772.209  2.26%  1438 5603s
  3418  1679 188028.452  149  249 188028.513 183772.209  2.26%  1360 5619s
  3428  1868 188028.452  150  247 188028.513 183772.209  2.26%  1357 5631s
  3625  1898 188028.452  175  242 188028.513 183772.209  2.26%  1287 5642s
  3723  2048 188028.452  187  245 188028.513 183772.209  2.26%  1255 5652s
  3907  2164 188028.452  213  239 188028.513 183772.209  2.26%  1199 5667s
  4085  2203 188028.452  234  229 188028.513 183772.209  2.26%  1150 5677s
  4189  2328 188028.452  248  229 188028.513 183772.209  2.26%  1124 5689s
  4351  2497 188028.453  266  247 188028.513 183772.209  2.26%  1083 5702s
  4582  2641 188028.453  291  226 188028.513 183772.209  2.26%  1030 5717s
  4805  2613 188028.453  317  241 188028.513 183772.209  2.26%   984 5738s
  4855  2845 188028.453  322  240 188028.513 183772.209  2.26%   974 5752s
  5106  2963 188028.453  356  238 188028.513 183772.209  2.26%   927 5769s
  5129  2955 188028.449   60  263 188028.513 183772.209  2.26%   923 5770s
  5312  3150 188028.453  379  237 188028.513 183772.209  2.26%   893 5787s
  5541  3346 188028.453  406  227 188028.513 183772.209  2.26%   857 5802s
  5739  3626 188028.453  427  211 188028.513 183772.209  2.26%   831 5819s
  6019  3820 188028.453  459  226 188028.513 183772.209  2.26%   794 5836s
  6213  4065 188028.453  479  217 188028.513 183772.209  2.26%   771 5856s
  6461  4402 188028.454  506  219 188028.513 183772.209  2.26%   743 5876s
  6800  4665 188028.454  547  217 188028.513 183772.209  2.26%   707 5893s
  7063  5011 188028.455  573  211 188028.513 183772.209  2.26%   682 5914s
  7417  5356 188028.457  617  198 188028.513 183772.209  2.26%   651 5936s
  7766  5408 188028.459  658  202 188028.513 183772.209  2.26%   622 5981s
  7822  5762 188028.459  659  201 188028.513 183772.209  2.26%   618 6005s
  8178  5844 188028.459  699  198 188028.513 183772.209  2.26%   592 6024s
  8264  6306 188028.461  716  199 188028.513 183772.209  2.26%   587 6051s
  8787  6785 188028.462  771  206 188028.513 183772.209  2.26%   553 6079s
  9345  7317 188028.463  835  192 188028.513 183772.209  2.26%   521 6110s
  9984  7829 188028.465  905  192 188028.513 183772.209  2.26%   489 6145s
 10587  8393 188028.467  976  177 188028.513 183772.209  2.26%   463 6177s
 11151  8878 188028.473 1045  159 188028.513 183772.209  2.26%   442 6209s
 11619  8878 188028.459  516  290 188028.513 183772.209  2.26%   425 6210s
 11638  9449 188028.476 1103  162 188028.513 183772.209  2.26%   425 6277s
 12215 10037 188028.479 1165  145 188028.513 183772.209  2.26%   406 6335s
 12815 10728 188028.482 1245  126 188028.513 183772.209  2.26%   388 6398s
 13506 11443 188028.485 1325  110 188028.513 183772.209  2.26%   370 6441s
 14222 12107 188028.489 1405  104 188028.513 183772.209  2.26%   352 6488s
 14899 12783 188028.490 1485   91 188028.513 183772.209  2.26%   337 6534s
 15585 12833 188028.500 1565   60 188028.513 183772.209  2.26%   323 6568s
 15639 13560 188028.500 1570   48 188028.513 183772.209  2.26%   322 6607s
 16401 14216 188028.508 1650   29 188028.513 185332.903  1.43%   307 7046s

Cutting planes:
  Learned: 610
  Gomory: 70
  Cover: 2108
  Implied bound: 26083
  Projected implied bound: 648
  Clique: 2
  MIR: 23399
  Mixing: 2
  StrongCG: 22
  Flow cover: 27820
  GUB cover: 613
  Zero half: 9
  Mod-K: 18
  Network: 20
  RLT: 898
  Relax-and-lift: 4118
  BQP: 2

Explored 17201 nodes (5536358 simplex iterations) in 7047.23 seconds (17668.74 work units)
Thread count was 10 (of 10 available processors)

Solution count 10: 188029 192814 192814 ... 231702

Optimal solution found (tolerance 1.00e-03)
Best objective 1.880285131316e+05, best bound 1.880284399801e+05, gap 0.0000%
Warning: linear constraint 170801 and linear constraint 170804 have the same name "lin1_pw_d_0_"
