
Gurobi 11.0.2 (mac64[arm]) logging started Thu Jul 24 13:21:36 2025

Set parameter LogFile to value "../solutions/100/j_log.log"
Gurobi Optimizer version 11.0.2 build v11.0.2rc0 (mac64[arm] - Darwin 24.5.0 24F74)

CPU model: Apple M2 Pro
Thread count: 10 physical cores, 10 logical processors, using up to 10 threads

Optimize a model with 410805 rows, 240203 columns and 1290602 nonzeros
Model fingerprint: 0x543ac4ee
Variable types: 70003 continuous, 170200 integer (160100 binary)
Coefficient statistics:
  Matrix range     [1e-03, 1e+06]
  Objective range  [1e+00, 1e+00]
  Bounds range     [1e+00, 5e+01]
  RHS range        [1e+00, 6e+05]
Presolve removed 200304 rows and 30201 columns
Presolve time: 3.14s
Presolved: 210501 rows, 210002 columns, 1068318 nonzeros
Variable types: 60000 continuous, 150002 integer (140101 binary)
Deterministic concurrent LP optimizer: primal simplex, dual simplex, and barrier
Showing barrier log only...

Root barrier log...

Ordering time: 1.79s
Ordering time: 2.02s

Barrier statistics:
 Dense cols : 138
 AA' NZ     : 2.444e+06
 Factor NZ  : 6.163e+06 (roughly 200 MB of memory)
 Factor Ops : 1.140e+09 (less than 1 second per iteration)
 Threads    : 7

                  Objective                Residual
Iter       Primal          Dual         Primal    Dual     Compl     Time
   0   4.08368838e+09 -1.86044363e+09  3.98e+06 1.14e-13  4.30e+05     7s
   1   2.77725832e+09 -1.52125304e+09  2.71e+06 1.61e+02  2.90e+05     7s
   2   3.28702586e+08 -1.06940951e+09  3.20e+05 1.86e-10  3.64e+04     7s
   3   3.86661583e+07 -7.51222566e+08  3.71e+04 4.73e-11  5.15e+03     7s
   4   1.21204526e+07 -2.25310258e+08  1.12e+04 1.35e-10  1.39e+03     7s
   5   3.42014173e+06 -8.40865064e+07  2.73e+03 7.09e-11  3.79e+02     7s
   6   1.25414501e+06 -1.16906344e+07  6.16e+02 1.03e-10  6.81e+01     7s
   7   7.87342550e+05 -7.08154901e+06  1.63e+02 9.92e-10  2.48e+01     7s
   8   5.93865059e+05 -5.56439638e+06  2.91e+00 7.97e-10  1.34e+01     7s
   9   9.61978600e+04 -1.55572830e+06  2.67e-01 1.49e-10  2.94e+00     7s
  10   5.69549081e+04 -1.05306288e+05  1.52e-01 1.32e-11  2.82e-01     8s
  11   4.19466193e+04 -5.22567448e+04  1.08e-01 6.68e-12  1.62e-01     8s
  12   3.47513386e+04 -1.55375962e+04  7.99e-02 3.52e-12  8.60e-02     8s
  13   2.80687902e+04 -4.29473648e+03  5.74e-02 2.49e-12  5.53e-02     8s
  14   2.69573778e+04 -3.40004055e+03  5.38e-02 2.41e-12  5.18e-02     8s
  15   2.47605065e+04 -2.83225989e+03  4.76e-02 2.66e-12  4.71e-02     8s
  16   2.28419337e+04 -3.16453186e+03  4.26e-02 3.16e-12  4.44e-02     8s
  17   1.87890226e+04 -9.74200605e+02  3.07e-02 2.84e-12  3.37e-02     8s
  18   1.79072631e+04  1.52729123e+02  2.85e-02 2.96e-12  3.03e-02     8s
  19   1.27368394e+04  1.91681365e+03  1.48e-02 3.30e-12  1.84e-02     8s
  20   1.13140161e+04  2.28415260e+03  1.20e-02 2.59e-12  1.54e-02     8s
  21   1.09326157e+04  2.46252001e+03  1.13e-02 2.61e-12  1.44e-02     8s
  22   1.01641108e+04  2.78035853e+03  9.79e-03 3.24e-12  1.26e-02     8s
  23   8.39657411e+03  3.46596353e+03  6.47e-03 2.23e-12  8.39e-03     8s
  24   7.57903615e+03  3.70218630e+03  5.10e-03 2.31e-12  6.60e-03     9s
  25   7.51643848e+03  3.74971637e+03  5.00e-03 3.18e-12  6.41e-03     9s
  26   7.28325189e+03  3.89308276e+03  4.56e-03 3.18e-12  5.77e-03     9s
  27   6.89874524e+03  4.11702988e+03  3.95e-03 2.61e-12  4.73e-03     9s
  28   6.62385784e+03  4.21531862e+03  3.51e-03 2.11e-12  4.10e-03     9s
  29   6.42052836e+03  4.27602292e+03  3.20e-03 2.39e-12  3.65e-03     9s
  30   5.67628007e+03  4.31021220e+03  1.86e-03 3.16e-12  2.32e-03     9s
  31   5.34507249e+03  4.35146928e+03  1.35e-03 2.90e-12  1.69e-03     9s
  32   5.16214857e+03  4.39574664e+03  1.09e-03 2.27e-12  1.30e-03     9s
  33   5.09324956e+03  4.43529244e+03  9.83e-04 3.47e-12  1.12e-03     9s
  34   4.88998103e+03  4.44253642e+03  6.69e-04 2.86e-12  7.62e-04     9s
  35   4.69106063e+03  4.45098849e+03  3.55e-04 2.96e-12  4.09e-04     9s
  36   4.68084613e+03  4.46225788e+03  3.31e-04 3.34e-12  3.72e-04    10s
  37   4.53002774e+03  4.47132471e+03  5.88e-05 2.74e-12  9.97e-05    10s
  38   4.47769274e+03  4.47418802e+03  1.58e-06 2.34e-12  5.94e-06    10s
  39   4.47524921e+03  4.47524127e+03  1.47e-09 2.99e-12  1.35e-08    10s
  40   4.47524605e+03  4.47524605e+03  4.79e-11 5.16e-12  1.17e-13    10s

Barrier solved model in 40 iterations and 9.78 seconds (18.65 work units)
Optimal objective 4.47524605e+03


Root crossover log...

  126331 DPushes remaining with DInf 0.0000000e+00                10s
       0 DPushes remaining with DInf 0.0000000e+00                10s

   12402 PPushes remaining with PInf 0.0000000e+00                10s
    3518 PPushes remaining with PInf 0.0000000e+00                10s
       0 PPushes remaining with PInf 0.0000000e+00                10s

  Push phase complete: Pinf 0.0000000e+00, Dinf 7.8342665e-11     10s


Root simplex log...

Iteration    Objective       Primal Inf.    Dual Inf.      Time
   30780    4.4752460e+03   0.000000e+00   0.000000e+00     10s
Concurrent spin time: 0.01s

Solved with barrier
   52095    4.1405872e+03   0.000000e+00   1.956703e+06     15s
   62728    4.0845402e+03   0.000000e+00   1.861423e+05     20s
   68518    4.0788930e+03   0.000000e+00   3.352301e+04     25s
   73148    4.0786403e+03   0.000000e+00   1.235519e+04     30s
   77878    4.0784575e+03   0.000000e+00   1.175904e+04     35s
   82458    4.0783106e+03   0.000000e+00   1.456742e+04     40s
   87941    4.4599066e+03   5.006113e+02   0.000000e+00     45s
   91214    4.4752460e+03   0.000000e+00   0.000000e+00     48s
Extra simplex iterations after uncrush: 60434

Root relaxation: objective 4.475246e+03, 91214 iterations, 43.70 seconds (144.37 work units)
Total elapsed time = 76.52s (DegenMoves)

    Nodes    |    Current Node    |     Objective Bounds      |     Work
 Expl Unexpl |  Obj  Depth IntInf | Incumbent    BestBd   Gap | It/Node Time

     0     0 4475.24605    0 2729          - 4475.24605      -     -   79s
     0     0 18536.6882    0 3162          - 18536.6882      -     -  101s
     0     0 21172.7145    0 3394          - 21172.7145      -     -  106s
     0     0 26109.1337    0 5464          - 26109.1337      -     -  110s
     0     0 32172.8118    0 5097          - 32172.8118      -     -  113s
     0     0 35406.9619    0 6074          - 35406.9619      -     -  117s
     0     0 40350.6155    0 6952          - 40350.6155      -     -  120s
     0     0 46523.5300    0 6774          - 46523.5300      -     -  125s
     0     0 53535.1281    0 5862          - 53535.1281      -     -  129s
     0     0 73910.2551    0 6498          - 73910.2551      -     -  135s
     0     0 73910.2551    0 6521          - 73910.2551      -     -  135s
     0     0 84442.7890    0 4469          - 84442.7890      -     -  142s
     0     0 94461.5494    0 5965          - 94461.5494      -     -  147s
     0     0 94461.5551    0 6016          - 94461.5551      -     -  148s
     0     0 101534.445    0 6873          - 101534.445      -     -  158s
     0     0 110997.213    0 7070          - 110997.213      -     -  163s
     0     0 111419.165    0 6986          - 111419.165      -     -  164s
     0     0 111419.165    0 7038          - 111419.165      -     -  165s
     0     0 115017.634    0 5767          - 115017.634      -     -  175s
     0     0 119594.400    0 8263          - 119594.400      -     -  182s
     0     0 119682.554    0 6064          - 119682.554      -     -  183s
     0     0 119689.434    0 5536          - 119689.434      -     -  184s
     0     0 124617.976    0 5691          - 124617.976      -     -  192s
     0     0 127559.127    0 4691          - 127559.127      -     -  195s
     0     0 127950.029    0 4735          - 127950.029      -     -  196s
     0     0 128249.590    0 4931          - 128249.590      -     -  197s
     0     0 128249.590    0 4929          - 128249.590      -     -  197s
     0     0 132933.827    0 5334          - 132933.827      -     -  203s
     0     0 133308.236    0 5265          - 133308.236      -     -  205s
     0     0 137115.636    0 5282          - 137115.636      -     -  206s
     0     0 137318.377    0 5864          - 137318.377      -     -  209s
     0     0 137318.377    0 5881          - 137318.377      -     -  210s
     0     0 140081.447    0 7196          - 140081.447      -     -  219s
     0     0 141034.763    0 9549          - 141034.763      -     -  222s
     0     0 141034.763    0 7437          - 141034.763      -     -  223s
     0     0 141034.763    0 7464          - 141034.763      -     -  224s
     0     0 142384.594    0 6386          - 142384.594      -     -  230s
     0     0 143410.478    0 5546          - 143410.478      -     -  232s
     0     0 143410.478    0 5566          - 143410.478      -     -  233s
     0     0 143410.478    0 5562          - 143410.478      -     -  234s
     0     0 145825.597    0 5332          - 145825.597      -     -  240s
     0     0 147232.300    0 8860          - 147232.300      -     -  247s
     0     0 148213.372    0 6517          - 148213.372      -     -  251s
     0     0 148275.497    0 6563          - 148275.497      -     -  255s
     0     0 150387.971    0 4403          - 150387.971      -     -  262s
     0     0 151850.975    0 4923          - 151850.975      -     -  268s
     0     0 151850.975    0 4948          - 151850.975      -     -  268s
     0     0 152870.723    0 5577          - 152870.723      -     -  275s
     0     0 153030.909    0 4169          - 153030.909      -     -  276s
     0     0 153734.828    0 6232          - 153734.828      -     -  281s
     0     0 154023.063    0 4596          - 154023.063      -     -  283s
     0     0 154023.110    0 4610          - 154023.110      -     -  283s
     0     0 154092.773    0 4152          - 154092.773      -     -  289s
     0     0 154092.849    0 4338          - 154092.849      -     -  291s
     0     0 154099.772    0 7175          - 154099.772      -     -  296s
     0     0 154099.772    0 7175          - 154099.772      -     -  298s
H    0     0                    215677.72256 154112.435  28.5%     -  332s
H    0     0                    215589.71741 154112.435  28.5%     -  348s
H    0     0                    215589.71426 154112.435  28.5%     -  352s
H    0     2                    214472.44210 154112.435  28.1%     -  357s
     0     2 154112.435    0 7175 214472.442 154112.435  28.1%     -  357s
     3     8 155075.774    2 8796 214472.442 154411.920  28.0%  7551  361s
     7    14 155901.051    3 8567 214472.442 155536.265  27.5%  4797  405s
    15    24 156551.824    4 8781 214472.442 156551.824  27.0%  4143  414s
    25    34 158672.494    5 7785 214472.442 156551.824  27.0%  4250  419s
H   35    44                    214384.52422 156551.824  27.0%  4005  481s
H   35    44                    208329.49520 156551.824  24.9%  4005  482s
H   37    44                    208241.47317 156934.379  24.6%  4056  482s
    45    54 160502.069    6 8057 208241.473 156934.379  24.6%  4018  486s
    68    79 162304.212    7 7130 208241.473 156934.379  24.6%  3234  496s
H   80    89                    208241.47001 156934.379  24.6%  2969  500s
   106   124 164085.083    9 9455 208241.470 156934.379  24.6%  2457  507s
   125   134 164899.551   12 9126 208241.470 156934.379  24.6%  2205  512s
   135   150 165050.698   13 9124 208241.470 156934.379  24.6%  2117  517s
   151   168 165443.325   16 8490 208241.470 156934.379  24.6%  2052  521s
   169   188 165558.141   19 8707 208241.470 156934.379  24.6%  1948  528s
   189   216 165629.719   22 8505 208241.470 156934.379  24.6%  1886  532s
   217   250 165717.052   25 7405 208241.470 156934.379  24.6%  1736  535s
   251   284 165942.917   30 8107 208241.470 156934.379  24.6%  1565  540s
   323   347 167001.043   40 6856 208241.470 156934.379  24.6%  1334  547s
   356   376 167290.223   44 8943 208241.470 156934.379  24.6%  1283  551s
   396   405 167522.718   52 8181 208241.470 156934.379  24.6%  1209  556s
   434   414 168653.634   60 7105 208241.470 156934.379  24.6%  1170  569s
   447   449 168660.245   61 7089 208241.470 156934.379  24.6%  1247  573s
   487   475 170284.021   66 6699 208241.470 156934.379  24.6%  1198  578s
   524   507 170392.232   72 7812 208241.470 156934.379  24.6%  1171  583s
   558   523 170780.892   78 7820 208241.470 156934.379  24.6%  1164  588s
   577   564 170794.770   79 7830 208241.470 156934.379  24.6%  1187  592s
   618   592 171523.802   86 8323 208241.470 156934.379  24.6%  1160  602s
   648   638 171723.168   89 7533 208241.470 156934.379  24.6%  1162  610s
   700   686 173082.576   96 8555 208241.470 156934.379  24.6%  1142  617s
   750   744 173894.057   99 7579 208241.470 156934.379  24.6%  1108  622s
   810   801 174868.778  106 7142 208241.470 156934.379  24.6%  1071  632s
   870   847 176017.526  111 6722 208241.470 156934.379  24.6%  1032  642s
   918   889 176774.429  119 8408 208241.470 156934.379  24.6%  1031  650s
   964   928 177948.774  127 6657 208241.470 156934.379  24.6%  1031  661s
  1012   959 179647.433  138 5546 208241.470 156934.379  24.6%  1047  674s
  1051  1001 180902.541  141 7217 208241.470 156934.379  24.6%  1053  684s
  1114  1030     cutoff   24      208241.470 157510.244  24.4%  1049  702s
  1176  1077 158555.285    7 9567 208241.470 157527.268  24.4%  1065  715s
  1241  1130 159336.848    9 9499 208241.470 157527.268  24.4%  1073  723s
  1301  1201 171423.266   14 9168 208241.470 157527.268  24.4%  1075  736s
  1376  1263 174426.722   16 8942 208241.470 157527.268  24.4%  1063  747s
  1452  1345 176127.192   20 9107 208241.470 157527.268  24.4%  1054  756s
  1543  1376 184624.409   22 10420 208241.470 157527.268  24.4%  1033  774s
  1593  1439 190051.572   33 5904 208241.470 158838.469  23.7%  1052  786s
  1687  1525 171918.899    8 8430 208241.470 158838.469  23.7%  1044  801s
  1785  1592 176828.086   30 4606 208241.470 158838.469  23.7%  1032  817s
  1881  1593 184744.074   32 7175 208241.470 158838.469  23.7%  1030  994s
  1883  1594 180226.393   39 7352 208241.470 158838.469  23.7%  1029 1075s
  1884  1595 169996.806   38 7058 208241.470 158838.469  23.7%  1028 1169s
  1885  1596 181882.603   68 3246 208241.470 158838.469  23.7%  1028 1191s
  1886  1596 187402.485   80 3911 208241.470 158838.469  23.7%  1027 1205s
  1887  1597 173484.603   31 5989 208241.470 158838.469  23.7%  1027 1229s
  1888  1598 183323.205   17 6057 208241.470 159666.590  23.3%  1026 1242s
  1889  1598 170318.351   48 5481 208241.470 160318.674  23.0%  1025 1254s
  1890  1599 180733.280   46 6231 208241.470 160325.816  23.0%  1025 1311s
  1891  1600 172229.019   10 6274 208241.470 160689.293  22.8%  1024 1368s
  1892  1600 185695.431   34 3453 208241.470 160823.967  22.8%  1024 1391s
  1893  1601 164999.580   11 8269 208241.470 161690.039  22.4%  1023 1414s
  1894  1602 186270.037   28 5433 208241.470 161752.866  22.3%  1023 1422s
  1895  1602 169237.002   35 5006 208241.470 161773.212  22.3%  1022 1455s
  1896  1603 186764.099   59 6580 208241.470 164095.069  21.2%  1022 1532s
  1897  1604 185504.745   45 7652 208241.470 164514.741  21.0%  1021 1545s
  1898  1604 165344.844   13 5462 208241.470 165344.844  20.6%  1021 1554s
  1899  1605 165476.589    8 6393 208241.470 165358.478  20.6%  1020 1593s
  1900  1606 175962.356   44 4292 208241.470 168490.721  19.1%  1020 1644s
  1901  1606 170901.788   31 5953 208241.470 169480.959  18.6%  1019 1652s
  1902  1607 191333.995   54 6268 208241.470 170135.728  18.3%  1018 1662s
  1903  1608 191401.035   39 5738 208241.470 170208.450  18.3%  1018 1668s
  1904  1608 170384.050    9 6297 208241.470 170384.050  18.2%  1017 1680s
  1905  1609 176379.941   22 6159 208241.470 170400.260  18.2%  1017 1718s
  1906  1610 171707.528   35 6666 208241.470 171707.528  17.5%  1016 1786s
  1907  1610 176894.541   43 5113 208241.470 172361.614  17.2%  1016 1835s
  1908  1611 190152.047   75 5709 208241.470 172559.806  17.1%  1015 1845s
  1909  1612 188155.500   72 3340 208241.470 172593.719  17.1%  1015 1850s
  1910  1612 172606.205   34 3354 208241.470 172606.205  17.1%  1014 1891s
  1911  1613 176113.451   23 7542 208241.470 174947.466  16.0%  1014 1982s
  1912  1614 197455.665   28 10742 208241.470 175352.816  15.8%  1013 2005s
  1913  1614 195551.207   56 8346 208241.470 176133.251  15.4%  1013 2017s
  1914  1615 197869.246   54 7740 208241.470 176403.305  15.3%  1012 2046s
  1915  1616 180815.225   36 9144 208241.470 176497.920  15.2%  1012 2074s
  1916  1616 183323.205   17 6250 208241.470 176512.684  15.2%  1011 2125s
  1917  1617 181340.418   13 10335 208241.470 181340.418  12.9%  1010 2190s
  1918  1618 181942.645   45 12546 208241.470 181942.645  12.6%  1010 2217s
  1919  1618 184030.129   27 9196 208241.470 183177.696  12.0%  1009 2227s
  1920  1619 183631.554   13 11014 208241.470 183631.554  11.8%  1009 2242s
  1921  1620 184090.358   30 6581 208241.470 184090.358  11.6%  1008 2248s
  1922  1620 184295.759  111 7640 208241.470 184295.759  11.5%  1008 2251s
  1924  1622 184378.260    8 7802 208241.470 184378.260  11.5%  1007 2313s
  1925  1622 185214.232   33 7818 208241.470 185214.232  11.1%  1006 2406s
  1926  1623 196978.154   36 6146 208241.470 185763.657  10.8%  1006 2424s
  1927  1624 186172.369   72 7120 208241.470 186172.369  10.6%  1005 2435s
  1928  1624 186613.626   23 8092 208241.470 186613.626  10.4%  1005 2451s
  1929  1625 197470.514   87 7425 208241.470 186629.063  10.4%  1004 2472s
  1930  1626 186972.305   50 5324 208241.470 186972.305  10.2%  1004 2505s
  1931  1626 187075.616   20 3625 208241.470 187075.616  10.2%  1003 2512s
  1932  1627 187078.748   42 3777 208241.470 187078.748  10.2%  1003 2524s
  1933  1628 188235.587   11 12257 208241.470 188235.587  9.61%  1002 2585s
  1934  1628 207476.706   30 10510 208241.470 188668.056  9.40%  1002 2620s
  1935  1629 188833.436   43 12740 208241.470 188833.436  9.32%  1001 2636s
  1936  1630 192891.142  124 13452 208241.470 188987.834  9.25%  1001 2643s
  1937  1630 189014.414   17 13378 208241.470 189014.414  9.23%  1000 2647s
  1938  1631 191283.686   88 13408 208241.470 189014.930  9.23%  1000 2668s
  1939  1632 189171.884   15 5209 208241.470 189171.884  9.16%   999 2699s
  1940  1632 189189.624  117 5399 208241.470 189189.624  9.15%   998 2704s
  1941  1633 189525.068   37 5470 208241.470 189525.068  8.99%   998 2725s
  1942  1634 189547.893   20 8054 208241.470 189547.893  8.98%   997 2746s
  1943  1634 192628.186  100 7640 208241.470 189873.213  8.82%   997 2785s
  1944  1635 189888.734   55 6541 208241.470 189888.734  8.81%   996 2797s
  1945  1636 189938.035   11 7984 208241.470 189938.035  8.79%   996 2829s
  1946  1636 189983.421   48 7552 208241.470 189983.421  8.77%   995 2847s
  1947  1637 189989.448   71 8135 208241.470 189989.448  8.76%   995 2868s
H 1947  1554                    207224.87378 190073.748  8.28%   995 2895s
  1948  1555 190085.531   30 7745 207224.874 190085.531  8.27%   994 2911s
  1949  1555 190336.852   19 12904 207224.874 190336.852  8.15%   994 2937s
  1950  1556 190632.201   86 13135 207224.874 190632.201  8.01%   993 2956s
  1951  1557 190666.726    9 14707 207224.874 190666.726  7.99%   993 2969s
  1952  1557 190669.396   91 13425 207224.874 190669.396  7.99%   992 2995s
  1953  1558 193919.794  126 6314 207224.874 190909.663  7.87%   992 3038s
  1954  1559 191029.686   30 5411 207224.874 191029.686  7.82%   991 3055s
  1956  1560 191168.883   52 6800 207224.874 191168.883  7.75%   990 3065s
  1957  1561 191181.783   13 6827 207224.874 191181.783  7.74%   990 3079s
  1958  1561 191673.666   87 12779 207224.874 191673.666  7.50%   989 3143s
  1959  1562 191857.635   66 6196 207224.874 191857.635  7.42%   989 3156s
  1960  1563 191904.035   57 5407 207224.874 191904.035  7.39%   988 3161s
  1961  1563 191958.421   27 9155 207224.874 191958.421  7.37%   988 3168s
  1962  1564 191971.299   18 11761 207224.874 191971.299  7.36%   987 3199s
  1963  1565 193443.472   23 5637 207224.874 193443.472  6.65%   987 3299s
  1964  1565 193474.351   28 5023 207224.874 193474.351  6.64%   986 3308s
  1965  1566 193559.122   22 7196 207224.874 193559.122  6.59%   986 3317s
  1966  1567 193561.784   22 5373 207224.874 193561.784  6.59%   985 3338s
  1967  1567 193647.355   40 6764 207224.874 193647.355  6.55%   985 3370s
  1968  1568 193647.355   65 7102 207224.874 193647.355  6.55%   984 3394s
  1969  1569 193898.831   44 11332 207224.874 193898.831  6.43%   984 3438s
  1970  1569 193908.664   10 7681 207224.874 193908.664  6.43%   983 3463s
  1971  1570 194875.262   54 9117 207224.874 194072.227  6.35%   983 3501s
  1972  1571 194128.867   46 7568 207224.874 194128.867  6.32%   982 3517s
  1973  1571 194212.580   16 8855 207224.874 194212.580  6.28%   982 3545s
  1974  1572 194280.179   49 10412 207224.874 194280.179  6.25%   981 3561s
  1975  1573 194282.559   25 10429 207224.874 194282.559  6.25%   981 3585s
  1976  1573 194717.856   20 12170 207224.874 194717.856  6.04%   980 3656s
  1977  1574 194717.856   27 12054 207224.874 194717.856  6.04%   980 3695s
  1978  1575 194792.156   36 6135 207224.874 194792.156  6.00%   979 3743s
  1979  1575 194792.156   10 6245 207224.874 194792.156  6.00%   979 3765s
  1980  1576 194792.156   64 11666 207224.874 194792.156  6.00%   978 3810s
  1981  1577 194792.156   32 11784 207224.874 194792.156  6.00%   978 3843s
  1982  1577 203241.255   44 7642 207224.874 194803.427  5.99%   977 3880s
  1985  1581 194803.427   68 7175 207224.874 194803.427  5.99%  1726 4106s
  1987  1582 194803.427   31 6860 207224.874 194803.427  5.99%  1724 4173s
  1988  1583 194803.427   17 6189 207224.874 194803.427  5.99%  1723 4327s
  1989  1584 194833.416   48 4549 207224.874 194833.416  5.98%  1722 4408s
  1990  1584 194833.416   46 2650 207224.874 194833.416  5.98%  1721 4441s
  1991  1585 194838.284   10 6680 207224.874 194838.284  5.98%  1721 4469s
  1992  1586 194838.284   34 3236 207224.874 194838.284  5.98%  1720 4484s
  1993  1586 194838.284   11 7271 207224.874 194838.284  5.98%  1719 4516s
  1994  1587 194838.284   28 7452 207224.874 194838.284  5.98%  1718 4536s
  1995  1588 194838.284   35 3919 207224.874 194838.284  5.98%  1717 4557s
  1996  1588 196187.370   59 2859 207224.874 196187.370  5.33%  1716 4603s
  1997  1589 196187.370   45 7294 207224.874 196187.370  5.33%  1715 4627s
  1998  1590 196252.831   13 4611 207224.874 196252.831  5.29%  1715 4665s
  1999  1590 196252.831    8 9253 207224.874 196252.831  5.29%  1714 4693s
  2000  1591 196252.831   44 7654 207224.874 196252.831  5.29%  1713 4714s
  2001  1592 196488.247   31 7535 207224.874 196488.247  5.18%  1712 4739s
  2002  1592 196488.247   54 10240 207224.874 196488.247  5.18%  1711 4809s
  2003  1593 196488.247   39 10306 207224.874 196488.247  5.18%  1710 4855s
  2004  1594 196488.247    9 5793 207224.874 196488.247  5.18%  1709 4878s
  2005  1594 196488.247   22 5958 207224.874 196488.247  5.18%  1709 4914s
  2006  1595 196488.247   35 5883 207224.874 196488.247  5.18%  1708 4952s
  2007  1596 196488.247   43 6138 207224.874 196488.247  5.18%  1707 4988s
  2008  1596 196488.247   75 6145 207224.874 196488.247  5.18%  1706 5028s
  2009  1597 196488.247   72 6192 207224.874 196488.247  5.18%  1705 5047s
  2010  1598 196488.247   34 5878 207224.874 196488.247  5.18%  1704 5093s
  2011  1598 196605.672   23 5976 207224.874 196605.672  5.12%  1703 5143s
  2012  1599 197455.665   28 6028 207224.874 196605.672  5.12%  1703 5177s
  2013  1600 196605.672   56 6089 207224.874 196605.672  5.12%  1702 5219s
  2014  1600 197869.246   54 6089 207224.874 196605.672  5.12%  1701 5256s
  2015  1601 196605.672   36 6065 207224.874 196605.672  5.12%  1700 5314s
  2016  1602 196605.672   17 6334 207224.874 196605.672  5.12%  1699 5369s
  2017  1602 196605.672   13 5239 207224.874 196605.672  5.12%  1698 5427s
  2018  1603 196605.672   45 3783 207224.874 196605.672  5.12%  1698 5459s
  2019  1604 196605.672   27 3829 207224.874 196605.672  5.12%  1697 5481s
  2020  1604 196605.672   13 3779 207224.874 196605.672  5.12%  1696 5512s
  2021  1605 196605.672   30 3864 207224.874 196605.672  5.12%  1695 5543s
  2022  1606 198035.918  111 3831 207224.874 198035.918  4.43%  1694 5569s
  2023  1606 198035.918   37 3831 207224.874 198035.918  4.43%  1693 5600s
  2024  1607 198035.918    8 3831 207224.874 198035.918  4.43%  1693 5702s
  2025  1611 198035.918   24 4873 207224.874 198035.918  4.43%  2118 5808s
  2027  1614 198226.571   25 7963 207224.874 198035.918  4.43%  2153 5932s
  2031  1619 198244.014   26 2360 207224.874 198035.918  4.43%  2174 5977s
  2039  1626 199229.856   27 8961 207224.874 198098.832  4.40%  2226 6135s
  2049  1628 199579.452   28 5229 207224.874 199138.593  3.90%  2292 6199s
  2059  1627 200210.128   28 9400 207224.874 199159.280  3.89%  2326 6236s
  2069  1628 200665.152   29 5162 207224.874 199159.280  3.89%  2333 6261s
  2079  1632 203134.007   29 5455 207224.874 199453.329  3.75%  2359 6312s
  2094  1631 201478.098   30 5799 207224.874 199453.329  3.75%  2378 6364s
  2106  1633 202985.221   30 5145 207224.874 199453.329  3.75%  2394 6384s
  2118  1633 201763.318   31 5662 207224.874 199540.892  3.71%  2400 6416s
  2133  1629 201939.247   32 4927 207224.874 199565.338  3.70%  2414 6448s
  2147  1628 204372.002   32 4526 207224.874 199565.338  3.70%  2442 6495s
  2161  1620 202634.573   33 5044 207224.874 199781.438  3.59%  2471 6558s
  2178  1618 204994.000   33 4919 207224.874 199781.438  3.59%  2483 6624s
  2193  1607 203735.713   34 4342 207224.874 199781.438  3.59%  2490 6672s
  2207  1609 203736.170   35 4497 207224.874 199781.438  3.59%  2511 6740s
  2224  1604 206043.775   37 4101 207224.874 199842.619  3.56%  2535 6858s
  2246  1604 200312.534   30 2012 207224.874 199842.619  3.56%  2560 6923s
  2268  1602 200510.348   32 8250 207224.874 199842.619  3.56%  2602 7005s
  2293  1593 200747.835   35 4225 207224.874 199842.619  3.56%  2648 7071s
  2314  1587 201304.037   36 4128 207224.874 199842.619  3.56%  2692 7153s
  2335  1582 204860.291   38 4245 207224.874 199842.619  3.56%  2715 7200s

Cutting planes:
  Learned: 713
  Gomory: 70
  Cover: 1284
  Implied bound: 16567
  Projected implied bound: 636
  Clique: 7
  MIR: 26649
  Mixing: 2
  StrongCG: 49
  Flow cover: 19821
  GUB cover: 634
  Inf proof: 1
  Zero half: 98
  Mod-K: 2
  Network: 17
  RLT: 210
  Relax-and-lift: 1128
  BQP: 1

Explored 2352 nodes (6762650 simplex iterations) in 7200.75 seconds (17106.19 work units)
Thread count was 10 (of 10 available processors)

Solution count 9: 207225 208241 208241 ... 215678

Time limit reached
Best objective 2.072248737826e+05, best bound 1.998426187538e+05, gap 3.5624%
Warning: linear constraint 170801 and linear constraint 170804 have the same name "lin1_pw_d_0_"
