
Gurobi 11.0.2 (mac64[arm]) logging started Thu Jul 24 10:08:05 2025

Set parameter LogFile to value "../solutions/25/c_log.log"
Gurobi Optimizer version 11.0.2 build v11.0.2rc0 (mac64[arm] - Darwin 24.5.0 24F74)

CPU model: Apple M2 Pro
Thread count: 10 physical cores, 10 logical processors, using up to 10 threads

Optimize a model with 25830 rows, 15053 columns and 80777 nonzeros
Model fingerprint: 0xea050a2e
Variable types: 4378 continuous, 10675 integer (10025 binary)
Coefficient statistics:
  Matrix range     [1e-03, 1e+06]
  Objective range  [1e+00, 1e+00]
  Bounds range     [1e+00, 5e+01]
  RHS range        [1e+00, 6e+05]
Presolve removed 12304 rows and 1753 columns
Presolve time: 0.21s
Presolved: 13526 rows, 13300 columns, 117401 nonzeros
Variable types: 3850 continuous, 9450 integer (8849 binary)
Deterministic concurrent LP optimizer: primal and dual simplex
Showing primal log only...

Concurrent spin time: 0.02s

Solved with dual simplex
Extra simplex iterations after uncrush: 581

Root relaxation: objective 4.823657e+03, 1990 iterations, 0.15 seconds (0.34 work units)

    Nodes    |    Current Node    |     Objective Bounds      |     Work
 Expl Unexpl |  Obj  Depth IntInf | Incumbent    BestBd   Gap | It/Node Time

     0     0 4823.65690    0  210          - 4823.65690      -     -    0s
H    0     0                    155162.08888 4823.65690  96.9%     -    0s
H    0     0                    155162.08415 4823.65690  96.9%     -    0s
     0     0 51823.9889    0  274 155162.084 51823.9889  66.6%     -    1s
     0     0 55776.9284    0  278 155162.084 55776.9284  64.1%     -    1s
     0     0 57573.5053    0  328 155162.084 57573.5053  62.9%     -    1s
     0     0 57573.5053    0  325 155162.084 57573.5053  62.9%     -    1s
H    0     0                    155162.08099 57573.5053  62.9%     -    1s
     0     0 58141.3028    0  309 155162.081 58141.3028  62.5%     -    1s
     0     0 60815.5250    0  383 155162.081 60815.5250  60.8%     -    1s
     0     0 61473.8143    0  495 155162.081 61473.8143  60.4%     -    1s
     0     0 63967.6366    0  375 155162.081 63967.6366  58.8%     -    1s
     0     0 63967.6366    0  382 155162.081 63967.6366  58.8%     -    1s
     0     0 66828.2403    0  473 155162.081 66828.2403  56.9%     -    1s
     0     0 71701.3340    0  521 155162.081 71701.3340  53.8%     -    1s
H    0     0                    155162.07942 71829.4177  53.7%     -    1s
     0     0 75251.4687    0  758 155162.079 75251.4687  51.5%     -    1s
     0     0 80509.7787    0  689 155162.079 80509.7787  48.1%     -    1s
     0     0 81529.0913    0  567 155162.079 81529.0913  47.5%     -    1s
     0     0 83873.5619    0  433 155162.079 83873.5619  45.9%     -    1s
     0     0 85456.3009    0  826 155162.079 85456.3009  44.9%     -    2s
     0     0 87586.8043    0  645 155162.079 87586.8043  43.6%     -    2s
     0     0 87586.8043    0  671 155162.079 87586.8043  43.6%     -    2s
     0     0 94049.6116    0  726 155162.079 94049.6116  39.4%     -    2s
H    0     0                    132254.73653 94059.2314  28.9%     -    2s
     0     0 109779.116    0  735 132254.737 109779.116  17.0%     -    2s
     0     0 109779.439    0  739 132254.737 109779.439  17.0%     -    2s
     0     0 116963.368    0  468 132254.737 116963.368  11.6%     -    2s
     0     0 116963.368    0  223 132254.737 116963.368  11.6%     -    3s
H    0     0                    132254.70057 116963.368  11.6%     -    4s
     0     0 116963.368    0  391 132254.701 116963.368  11.6%     -    4s
H    0     0                    132254.68104 116963.368  11.6%     -    4s
     0     0 116963.368    0  330 132254.681 116963.368  11.6%     -    4s
     0     0 116963.368    0  278 132254.681 116963.368  11.6%     -    4s
     0     0 116963.368    0  392 132254.681 116963.368  11.6%     -    4s
     0     0 116963.368    0  432 132254.681 116963.368  11.6%     -    4s
     0     0 119588.739    0  642 132254.681 119588.739  9.58%     -    5s
     0     0 119595.832    0  471 132254.681 119595.832  9.57%     -    5s
     0     0 120474.603    0  467 132254.681 120474.603  8.91%     -    5s
     0     0 125917.345    0  597 132254.681 125917.345  4.79%     -    5s
     0     0 125917.345    0  248 132254.681 125917.345  4.79%     -    6s
     0     0 125917.345    0  432 132254.681 125917.345  4.79%     -    6s
     0     0 125917.345    0  402 132254.681 125917.345  4.79%     -    6s
H    0     0                    132254.67789 125917.345  4.79%     -    6s
     0     0 131990.630    0  371 132254.678 131990.630  0.20%     -    6s
     0     0 132035.893    0  252 132254.678 132035.893  0.17%     -    6s
     0     0 132036.308    0  264 132254.678 132036.308  0.17%     -    6s
     0     0 132054.131    0  252 132254.678 132054.131  0.15%     -    6s
     0     0 132054.131    0  294 132254.678 132054.131  0.15%     -    6s
     0     0 132054.131    0  294 132254.678 132054.131  0.15%     -    6s
     0     0 132054.131    0  287 132254.678 132054.131  0.15%     -    6s
     0     0 132252.126    0  295 132254.678 132252.126  0.00%     -    6s

Cutting planes:
  Learned: 20
  Gomory: 9
  Implied bound: 269
  MIR: 6
  Flow cover: 34
  GUB cover: 2
  Zero half: 2
  Relax-and-lift: 2

Explored 1 nodes (38564 simplex iterations) in 6.88 seconds (12.58 work units)
Thread count was 10 (of 10 available processors)

Solution count 10: 132255 132255 132255 ... 155162

Optimal solution found (tolerance 1.00e-03)
Best objective 1.322546778899e+05, best bound 1.322521263473e+05, gap 0.0019%
Warning: linear constraint 10826 and linear constraint 10829 have the same name "lin1_pw_d_0_"
