
Gurobi 11.0.2 (mac64[arm]) logging started Thu Jul 24 10:08:00 2025

Set parameter LogFile to value "../solutions/25/d_log.log"
Gurobi Optimizer version 11.0.2 build v11.0.2rc0 (mac64[arm] - Darwin 24.5.0 24F74)

CPU model: Apple M2 Pro
Thread count: 10 physical cores, 10 logical processors, using up to 10 threads

Optimize a model with 25830 rows, 15053 columns and 80777 nonzeros
Model fingerprint: 0xac3ff75b
Variable types: 4378 continuous, 10675 integer (10025 binary)
Coefficient statistics:
  Matrix range     [1e-03, 1e+06]
  Objective range  [1e+00, 1e+00]
  Bounds range     [1e+00, 5e+01]
  RHS range        [1e+00, 6e+05]
Presolve removed 12904 rows and 2153 columns
Presolve time: 0.20s
Presolved: 12926 rows, 12900 columns, 112219 nonzeros
Variable types: 3650 continuous, 9250 integer (8649 binary)
Deterministic concurrent LP optimizer: primal and dual simplex
Showing primal log only...

Concurrent spin time: 0.02s

Solved with dual simplex
Extra simplex iterations after uncrush: 358

Root relaxation: objective 1.833200e+03, 1708 iterations, 0.12 seconds (0.25 work units)

    Nodes    |    Current Node    |     Objective Bounds      |     Work
 Expl Unexpl |  Obj  Depth IntInf | Incumbent    BestBd   Gap | It/Node Time

     0     0 1833.19992    0  210          - 1833.19992      -     -    0s
H    0     0                    83349.018988 1833.19992  97.8%     -    0s
H    0     0                    83349.017411 16897.3029  79.7%     -    1s
     0     0 24802.9639    0  208 83349.0174 24802.9639  70.2%     -    1s
     0     0 25662.6715    0  266 83349.0174 25662.6715  69.2%     -    1s
H    0     0                    83349.012951 25996.2294  68.8%     -    1s
     0     0 26220.0815    0  214 83349.0130 26220.0815  68.5%     -    1s
     0     0 28569.5340    0  384 83349.0130 28569.5340  65.7%     -    1s
     0     0 40776.1351    0  282 83349.0130 40776.1351  51.1%     -    1s
H    0     0                    83349.007946 40776.1351  51.1%     -    2s
     0     0 53941.2355    0  323 83349.0079 53941.2355  35.3%     -    2s
     0     0 53941.2355    0  336 83349.0079 53941.2355  35.3%     -    2s
     0     0 53941.2355    0  448 83349.0079 53941.2355  35.3%     -    2s
     0     0 53941.2355    0  351 83349.0079 53941.2355  35.3%     -    3s
     0     0 53941.2355    0  522 83349.0079 53941.2355  35.3%     -    3s
     0     0 59679.6550    0  421 83349.0079 59679.6550  28.4%     -    3s
H    0     0                    71591.767356 61359.5706  14.3%     -    3s
     0     0 61359.5706    0  425 71591.7674 61359.5706  14.3%     -    3s
     0     0 61360.1439    0  455 71591.7674 61360.1439  14.3%     -    3s
H    0     0                    69580.115512 61360.1439  11.8%     -    4s
     0     0 61990.5769    0  440 69580.1155 61990.5769  10.9%     -    4s
     0     0 61990.5769    0  380 69580.1155 61990.5769  10.9%     -    4s
     0     0 61990.5769    0  492 69580.1155 61990.5769  10.9%     -    4s
H    0     0                    69580.113934 62274.1367  10.5%     -    4s
     0     0 62274.1367    0  457 69580.1139 62274.1367  10.5%     -    4s
     0     0 66935.6511    0  393 69580.1139 66935.6511  3.80%     -    4s
     0     0 69316.0380    0  423 69580.1139 69316.0380  0.38%     -    4s

Cutting planes:
  Learned: 3
  Gomory: 12
  Cover: 73
  Implied bound: 652
  MIR: 144
  Flow cover: 85
  GUB cover: 66
  Zero half: 40
  RLT: 6
  Relax-and-lift: 186

Explored 1 nodes (36740 simplex iterations) in 5.00 seconds (9.53 work units)
Thread count was 10 (of 10 available processors)

Solution count 7: 69580.1 69580.1 71591.8 ... 83349

Optimal solution found (tolerance 1.00e-03)
Best objective 6.958011393441e+04, best bound 6.958003803171e+04, gap 0.0001%
Warning: linear constraint 10826 and linear constraint 10829 have the same name "lin1_pw_d_0_"
