
Gurobi 11.0.2 (mac64[arm]) logging started Thu Jul 24 10:08:53 2025

Set parameter LogFile to value "../solutions/25/i_log.log"
Gurobi Optimizer version 11.0.2 build v11.0.2rc0 (mac64[arm] - Darwin 24.5.0 24F74)

CPU model: Apple M2 Pro
Thread count: 10 physical cores, 10 logical processors, using up to 10 threads

Optimize a model with 25830 rows, 15053 columns and 80777 nonzeros
Model fingerprint: 0x54848e4a
Variable types: 4378 continuous, 10675 integer (10025 binary)
Coefficient statistics:
  Matrix range     [1e-03, 1e+06]
  Objective range  [1e+00, 1e+00]
  Bounds range     [1e+00, 5e+01]
  RHS range        [1e+00, 6e+05]
Presolve removed 12603 rows and 1952 columns
Presolve time: 0.22s
Presolved: 13227 rows, 13101 columns, 113318 nonzeros
Variable types: 3750 continuous, 9351 integer (8750 binary)
Deterministic concurrent LP optimizer: primal and dual simplex
Showing primal log only...

Concurrent spin time: 0.02s

Solved with dual simplex
Extra simplex iterations after uncrush: 421

Root relaxation: objective 2.827841e+03, 1840 iterations, 0.14 seconds (0.28 work units)

    Nodes    |    Current Node    |     Objective Bounds      |     Work
 Expl Unexpl |  Obj  Depth IntInf | Incumbent    BestBd   Gap | It/Node Time

     0     0 2827.84061    0  209          - 2827.84061      -     -    0s
H    0     0                    163730.22108 2827.84061  98.3%     -    0s
     0     0 28677.4740    0  283 163730.221 28677.4740  82.5%     -    1s
     0     0 31765.9546    0  284 163730.221 31765.9546  80.6%     -    1s
     0     0 33055.3256    0  394 163730.221 33055.3256  79.8%     -    1s
     0     0 38428.8701    0  338 163730.221 38428.8701  76.5%     -    1s
     0     0 38503.9225    0  375 163730.221 38503.9225  76.5%     -    1s
     0     0 41179.9540    0  282 163730.221 41179.9540  74.8%     -    1s
     0     0 41179.9540    0  288 163730.221 41179.9540  74.8%     -    1s
     0     0 42956.9130    0  457 163730.221 42956.9130  73.8%     -    1s
     0     0 43576.1007    0  290 163730.221 43576.1007  73.4%     -    1s
     0     0 46339.2582    0  643 163730.221 46339.2582  71.7%     -    1s
     0     0 47550.7451    0  674 163730.221 47550.7451  71.0%     -    2s
     0     0 51453.4961    0  674 163730.221 51453.4961  68.6%     -    2s
     0     0 51516.8715    0  697 163730.221 51516.8715  68.5%     -    2s
H    0     0                    147251.47084 60699.3172  58.8%     -    2s
     0     0 72185.3516    0  342 147251.471 72185.3516  51.0%     -    2s
     0     0 72465.2584    0  807 147251.471 72465.2584  50.8%     -    2s
     0     0 74320.6984    0  698 147251.471 74320.6984  49.5%     -    2s
     0     0 74320.6984    0  713 147251.471 74320.6984  49.5%     -    2s
H    0     0                    147251.46349 94053.3139  36.1%     -    3s
     0     0 94053.3139    0  770 147251.463 94053.3139  36.1%     -    3s
H    0     0                    147251.46007 94213.1016  36.0%     -    3s
     0     0 95113.6582    0  942 147251.460 95113.6582  35.4%     -    3s
     0     0 95638.0558    0 1027 147251.460 95638.0558  35.1%     -    3s
     0     0 95638.0562    0 1036 147251.460 95638.0562  35.1%     -    3s
     0     0 98019.4431    0  996 147251.460 98019.4431  33.4%     -    3s
H    0     0                    147251.45822 98245.4419  33.3%     -    3s
     0     0 100246.063    0  828 147251.458 100246.063  31.9%     -    3s
     0     0 102237.031    0  954 147251.458 102237.031  30.6%     -    3s
     0     0 102240.671    0 1016 147251.458 102240.671  30.6%     -    3s
     0     0 109182.322    0  506 147251.458 109182.322  25.9%     -    4s
     0     0 109307.440    0  520 147251.458 109307.440  25.8%     -    4s
     0     0 109307.440    0  572 147251.458 109307.440  25.8%     -    4s
     0     0 109307.440    0  557 147251.458 109307.440  25.8%     -    4s
     0     0 109307.440    0  274 147251.458 109307.440  25.8%     -    6s
     0     0 109307.440    0  298 147251.458 109307.440  25.8%     -    6s
     0     0 109307.440    0  625 147251.458 109307.440  25.8%     -    7s
     0     0 109307.440    0  367 147251.458 109307.440  25.8%     -    7s
     0     0 109307.440    0  460 147251.458 109307.440  25.8%     -    7s
     0     0 109307.440    0  541 147251.458 109307.440  25.8%     -    7s
     0     0 118915.302    0  915 147251.458 118915.302  19.2%     -    7s
     0     0 118925.127    0  947 147251.458 118925.127  19.2%     -    8s
     0     0 119435.510    0  393 147251.458 119435.510  18.9%     -    8s
     0     0 120573.651    0  501 147251.458 120573.651  18.1%     -    8s
     0     0 120573.651    0  512 147251.458 120573.651  18.1%     -    8s
     0     0 120573.651    0  536 147251.458 120573.651  18.1%     -    8s
     0     0 120952.317    0  394 147251.458 120952.317  17.9%     -    8s
     0     0 121544.598    0  408 147251.458 121544.598  17.5%     -    8s
     0     0 121544.598    0  413 147251.458 121544.598  17.5%     -    9s
     0     0 121544.598    0  424 147251.458 121544.598  17.5%     -    9s
     0     0 121544.598    0  426 147251.458 121544.598  17.5%     -    9s
     0     0 121544.598    0  423 147251.458 121544.598  17.5%     -    9s
H    0     0                    125189.45668 121544.598  2.91%     -    9s
H    0     0                    125189.43129 121544.600  2.91%     -    9s
     0     0 121544.600    0  395 125189.431 121544.600  2.91%     -   11s
     0     0 121544.600    0  395 125189.431 121544.600  2.91%     -   11s
     0     0 121544.600    0  631 125189.431 121544.600  2.91%     -   11s
     0     0 121544.600    0  631 125189.431 121544.600  2.91%     -   11s
     0     0 124925.376    0  478 125189.431 124925.376  0.21%     -   11s
     0     0 124925.376    0  558 125189.431 124925.376  0.21%     -   11s
     0     0 124929.043    0  559 125189.431 124929.043  0.21%     -   11s
H    0     0                    125189.42972 124987.709  0.16%     -   12s
     0     0 125046.378    0  675 125189.430 125046.378  0.11%     -   12s
     0     0 125046.378    0  669 125189.430 125046.378  0.11%     -   12s
     0     2 125046.378    0  663 125189.430 125046.378  0.11%     -   12s

Cutting planes:
  Learned: 12
  Gomory: 8
  Cover: 38
  Implied bound: 544
  Clique: 1
  MIR: 66
  Flow cover: 20
  GUB cover: 23
  Zero half: 3
  RLT: 42
  Relax-and-lift: 14

Explored 40 nodes (55968 simplex iterations) in 12.59 seconds (22.55 work units)
Thread count was 10 (of 10 available processors)

Solution count 8: 125189 125189 125189 ... 163730

Optimal solution found (tolerance 1.00e-03)
Best objective 1.251894297174e+05, best bound 1.251050562205e+05, gap 0.0674%
Warning: linear constraint 10826 and linear constraint 10829 have the same name "lin1_pw_d_0_"
