
Gurobi 11.0.2 (mac64[arm]) logging started Thu Jul 24 10:08:12 2025

Set parameter LogFile to value "../solutions/25/j_log.log"
Gurobi Optimizer version 11.0.2 build v11.0.2rc0 (mac64[arm] - Darwin 24.5.0 24F74)

CPU model: Apple M2 Pro
Thread count: 10 physical cores, 10 logical processors, using up to 10 threads

Optimize a model with 25830 rows, 15053 columns and 80777 nonzeros
Model fingerprint: 0xac65b750
Variable types: 4378 continuous, 10675 integer (10025 binary)
Coefficient statistics:
  Matrix range     [1e-03, 1e+06]
  Objective range  [1e+00, 1e+00]
  Bounds range     [1e+00, 5e+01]
  RHS range        [1e+00, 6e+05]
Presolve removed 12379 rows and 1803 columns
Presolve time: 0.21s
Presolved: 13451 rows, 13250 columns, 116751 nonzeros
Variable types: 3825 continuous, 9425 integer (8824 binary)
Deterministic concurrent LP optimizer: primal and dual simplex
Showing primal log only...

Concurrent spin time: 0.03s

Solved with dual simplex
Extra simplex iterations after uncrush: 1055

Root relaxation: objective 6.375061e+03, 2439 iterations, 0.27 seconds (0.47 work units)

    Nodes    |    Current Node    |     Objective Bounds      |     Work
 Expl Unexpl |  Obj  Depth IntInf | Incumbent    BestBd   Gap | It/Node Time

     0     0 6375.06050    0  210          - 6375.06050      -     -    0s
H    0     0                    278083.13235 6375.06050  97.7%     -    0s
H    0     0                    278083.12447 6375.06050  97.7%     -    1s
     0     0 73065.4472    0  265 278083.124 73065.4472  73.7%     -    1s
     0     0 77353.6948    0  268 278083.124 77353.6948  72.2%     -    1s
     0     0 80096.1892    0  233 278083.124 80096.1892  71.2%     -    1s
     0     0 81854.3249    0  393 278083.124 81854.3249  70.6%     -    2s
H    0     0                    278083.12289 82542.4317  70.3%     -    2s
     0     0 85047.2299    0  412 278083.123 85047.2299  69.4%     -    2s
     0     0 86043.3541    0  325 278083.123 86043.3541  69.1%     -    2s
     0     0 86104.1448    0  345 278083.123 86104.1448  69.0%     -    2s
     0     0 87796.6207    0  421 278083.123 87796.6207  68.4%     -    2s
     0     0 87867.5389    0  429 278083.123 87867.5389  68.4%     -    2s
     0     0 90048.0365    0  403 278083.123 90048.0365  67.6%     -    2s
     0     0 94005.0169    0  527 278083.123 94005.0169  66.2%     -    2s
     0     0 94005.0316    0  543 278083.123 94005.0316  66.2%     -    2s
     0     0 133057.265    0  629 278083.123 133057.265  52.2%     -    3s
H    0     0                    278083.11658 133513.269  52.0%     -    3s
     0     0 134584.492    0  411 278083.117 134584.492  51.6%     -    3s
     0     0 134584.514    0  462 278083.117 134584.514  51.6%     -    3s
     0     0 135228.201    0  417 278083.117 135228.201  51.4%     -    3s
H    0     0                    278083.11342 135819.522  51.2%     -    3s
     0     0 135819.522    0  852 278083.113 135819.522  51.2%     -    3s
     0     0 135819.522    0  862 278083.113 135819.522  51.2%     -    3s
     0     0 143030.264    0  461 278083.113 143030.264  48.6%     -    4s
H    0     0                    278083.11081 143030.264  48.6%     -    4s
     0     0 151840.656    0  910 278083.111 151840.656  45.4%     -    4s
     0     0 151840.656    0  938 278083.111 151840.656  45.4%     -    4s
     0     0 164652.657    0 1089 278083.111 164652.657  40.8%     -    4s
H    0     0                    278083.10896 164652.657  40.8%     -    4s
     0     0 166278.973    0 1124 278083.109 166278.973  40.2%     -    4s
     0     0 166278.973    0 1136 278083.109 166278.973  40.2%     -    4s
     0     0 166278.973    0 1062 278083.109 166278.973  40.2%     -    5s
H    0     0                    278083.10238 166278.973  40.2%     -    5s
     0     0 166278.973    0  739 278083.102 166278.973  40.2%     -    5s
     0     0 166278.973    0  775 278083.102 166278.973  40.2%     -    5s
     0     0 168571.912    0 1280 278083.102 168571.912  39.4%     -    5s
     0     0 174008.834    0 1130 278083.102 174008.834  37.4%     -    5s
     0     0 174557.368    0 1162 278083.102 174557.368  37.2%     -    6s
     0     0 174565.609    0 1253 278083.102 174565.609  37.2%     -    6s
     0     0 182069.436    0 1204 278083.102 182069.436  34.5%     -    6s
     0     0 182424.212    0  841 278083.102 182424.212  34.4%     -    6s
     0     0 182919.040    0 1338 278083.102 182919.040  34.2%     -    6s
     0     0 182948.963    0 1398 278083.102 182948.963  34.2%     -    6s
     0     0 203267.000    0  393 278083.102 203267.000  26.9%     -    7s
     0     0 206381.076    0 1309 278083.102 206381.076  25.8%     -    7s
     0     0 206567.238    0 1385 278083.102 206567.238  25.7%     -    7s
     0     0 206736.794    0 1433 278083.102 206736.794  25.7%     -    7s
     0     0 206736.795    0 1430 278083.102 206736.795  25.7%     -    7s
     0     0 212069.250    0 1383 278083.102 212069.250  23.7%     -    7s
     0     0 215573.375    0  865 278083.102 215573.375  22.5%     -    7s
     0     0 215573.378    0  888 278083.102 215573.378  22.5%     -    7s
     0     0 217538.273    0  986 278083.102 217538.273  21.8%     -    8s
     0     0 217897.971    0  952 278083.102 217897.971  21.6%     -    8s
     0     0 217898.011    0  952 278083.102 217898.011  21.6%     -    8s
     0     0 221790.281    0 1530 278083.102 221790.281  20.2%     -    8s
     0     0 221929.955    0 1566 278083.102 221929.955  20.2%     -    8s
     0     0 254767.095    0  726 278083.102 254767.095  8.38%     -    9s
     0     0 277872.278    0  792 278083.102 277872.278  0.08%     -    9s

Cutting planes:
  Learned: 47
  Gomory: 8
  Lift-and-project: 31
  Cover: 320
  Implied bound: 2262
  Clique: 1
  MIR: 417
  StrongCG: 3
  Flow cover: 508
  GUB cover: 137
  Inf proof: 1
  Zero half: 17
  Network: 7
  RLT: 219
  Relax-and-lift: 285
  BQP: 2

Explored 1 nodes (39988 simplex iterations) in 9.20 seconds (16.72 work units)
Thread count was 10 (of 10 available processors)

Solution count 8: 278083 278083 278083 ... 278083

Optimal solution found (tolerance 1.00e-03)
Best objective 2.780831023825e+05, best bound 2.778722777663e+05, gap 0.0758%
Warning: linear constraint 10826 and linear constraint 10829 have the same name "lin1_pw_d_0_"
