
Gurobi 11.0.2 (mac64[arm]) logging started Thu Jul 24 10:31:28 2025

Set parameter LogFile to value "../solutions/50/a_log.log"
Gurobi Optimizer version 11.0.2 build v11.0.2rc0 (mac64[arm] - Darwin 24.5.0 24F74)

CPU model: Apple M2 Pro
Thread count: 10 physical cores, 10 logical processors, using up to 10 threads

Optimize a model with 102905 rows, 60103 columns and 322802 nonzeros
Model fingerprint: 0x25904c9e
Variable types: 17503 continuous, 42600 integer (40050 binary)
Coefficient statistics:
  Matrix range     [1e-03, 1e+06]
  Objective range  [1e+00, 1e+00]
  Bounds range     [1e+00, 5e+01]
  RHS range        [1e+00, 6e+05]
Presolve removed 49754 rows and 7353 columns
Presolve time: 0.85s
Presolved: 53151 rows, 52750 columns, 463509 nonzeros
Variable types: 15150 continuous, 37600 integer (35149 binary)
Deterministic concurrent LP optimizer: primal and dual simplex
Showing primal log only...

Concurrent spin time: 0.10s

Solved with dual simplex
Extra simplex iterations after uncrush: 1781

Root relaxation: objective 2.526750e+03, 6361 iterations, 1.23 seconds (3.28 work units)
Total elapsed time = 6.61s (DegenMoves)

    Nodes    |    Current Node    |     Objective Bounds      |     Work
 Expl Unexpl |  Obj  Depth IntInf | Incumbent    BestBd   Gap | It/Node Time

     0     0 2526.75015    0  716          - 2526.75015      -     -    7s
H    0     0                    148623.19115 2526.75015  98.3%     -    7s
H    0     0                    148623.18011 2526.75015  98.3%     -    8s
     0     0 21389.8010    0 1034 148623.180 21389.8010  85.6%     -   10s
     0     0 25232.7974    0  838 148623.180 25232.7974  83.0%     -   12s
     0     0 32152.9042    0 1077 148623.180 32152.9042  78.4%     -   15s
     0     0 36661.4635    0 1166 148623.180 36661.4635  75.3%     -   16s
     0     0 36687.6979    0 1166 148623.180 36687.6979  75.3%     -   17s
     0     0 38233.9933    0 1396 148623.180 38233.9933  74.3%     -   17s
     0     0 38530.7516    0 1324 148623.180 38530.7516  74.1%     -   18s
     0     0 42926.5932    0 1287 148623.180 42926.5932  71.1%     -   18s
     0     0 42929.3281    0 1477 148623.180 42929.3281  71.1%     -   18s
     0     0 45766.1183    0 1319 148623.180 45766.1183  69.2%     -   18s
     0     0 46169.8708    0 1832 148623.180 46169.8708  68.9%     -   19s
     0     0 47541.0097    0 1088 148623.180 47541.0097  68.0%     -   19s
     0     0 47541.0097    0 1086 148623.180 47541.0097  68.0%     -   19s
     0     0 75168.9205    0 1371 148623.180 75168.9205  49.4%     -   21s
H    0     0                    148623.17695 75230.1086  49.4%     -   21s
     0     0 75243.8585    0 1431 148623.177 75243.8585  49.4%     -   22s
     0     0 75243.8586    0 1437 148623.177 75243.8586  49.4%     -   22s
     0     0 79091.8782    0 1959 148623.177 79091.8782  46.8%     -   23s
     0     0 86058.7263    0 1885 148623.177 86058.7263  42.1%     -   25s
     0     0 86058.7264    0 1892 148623.177 86058.7264  42.1%     -   25s
     0     0 91869.5847    0 1290 148623.177 91869.5847  38.2%     -   26s
H    0     0                    148623.17537 92552.2873  37.7%     -   28s
     0     0 94320.7626    0 1942 148623.175 94320.7626  36.5%     -   28s
     0     0 94320.7626    0 1971 148623.175 94320.7626  36.5%     -   29s
     0     0 94862.4216    0 1097 148623.175 94862.4216  36.2%     -   30s
     0     0 95272.6069    0 1330 148623.175 95272.6069  35.9%     -   31s
     0     0 96484.3275    0  883 148623.175 96484.3275  35.1%     -   31s
     0     0 96484.3275    0  893 148623.175 96484.3275  35.1%     -   31s
     0     0 96565.9004    0 1337 148623.175 96565.9004  35.0%     -   32s
     0     0 97080.0244    0 1293 148623.175 97080.0244  34.7%     -   33s
     0     0 97156.9753    0 1763 148623.175 97156.9753  34.6%     -   33s
     0     0 97221.8654    0 2363 148623.175 97221.8654  34.6%     -   34s
     0     0 97304.5668    0 1650 148623.175 97304.5668  34.5%     -   34s
     0     0 97304.5668    0 1646 148623.175 97304.5668  34.5%     -   34s
     0     0 98308.3502    0 1995 148623.175 98308.3502  33.9%     -   35s
     0     0 100068.621    0 1009 148623.175 100068.621  32.7%     -   36s
     0     0 100068.621    0 1037 148623.175 100068.621  32.7%     -   36s
     0     0 101067.390    0 1261 148623.175 101067.390  32.0%     -   37s
     0     0 101305.997    0 1705 148623.175 101305.997  31.8%     -   38s
     0     0 101318.118    0 1437 148623.175 101318.118  31.8%     -   38s
     0     0 101355.355    0 1285 148623.175 101355.355  31.8%     -   39s
     0     0 101377.289    0 1342 148623.175 101377.289  31.8%     -   40s
     0     0 101377.289    0 1330 148623.175 101377.289  31.8%     -   41s
     0     0 101396.935    0 1271 148623.175 101396.935  31.8%     -   41s
H    0     0                    148623.17380 101396.935  31.8%     -   45s
     0     2 101396.935    0 1269 148623.174 101396.935  31.8%     -   46s
H   35    44                    148623.16906 103005.395  30.7%  1083   49s
    68    67 103268.210    9 1667 148623.169 103176.695  30.6%   782   50s
H   86    77                    148623.16749 103225.676  30.5%   738   51s
   187   158 104624.482   20 1744 148623.167 103225.676  30.5%   721   55s
   285   206 104860.295   26 2169 148623.167 103225.676  30.5%   695   60s
   353   262 105990.221   34 2291 148623.167 103225.676  30.5%   739   65s
   518   362 106755.554   46 2299 148623.167 103225.676  30.5%   649   70s
   726   487     cutoff   56      148623.167 106872.176  28.1%   576   76s
   893   602 130757.776   13  777 148623.167 106872.176  28.1%   528   80s
  1049   575     cutoff   32      148623.167 108146.558  27.2%   525   85s
  1209   574 135266.963   16 1698 148623.167 111062.289  25.3%   581   91s
H 1230   533                    129039.08101 111062.289  13.9%   582   91s
  1315   461     cutoff   17      129039.081 114644.221  11.2%   588   95s
  1498   513 129039.017   34  188 129039.081 120501.166  6.62%   604  101s
  1997   958 129039.032   80  159 129039.081 121987.627  5.46%   474  105s
  2398   956 129039.029   94 1271 129039.081 121987.627  5.46%   398  135s
  2401   958 129039.032   87 1884 129039.081 121987.627  5.46%   398  142s
  2405   961 129039.027  107 1320 129039.081 121987.627  5.46%   397  145s
  2410   964 129039.034  105  920 129039.081 121987.627  5.46%   396  150s
  2419   970 129039.057  123  837 129039.081 121987.627  5.46%   395  155s
  2427   975 129039.029   71  876 129039.081 121987.627  5.46%   393  162s
  2429   978 129039.021   49 1271 129039.081 121987.627  5.46%   452  165s
  2432   980 129039.032   81 1469 129039.081 121987.627  5.46%   452  170s

Cutting planes:
  Gomory: 39
  Cover: 195
  Implied bound: 1160
  MIR: 20
  Flow cover: 1549
  GUB cover: 54
  Zero half: 5
  Relax-and-lift: 215

Explored 2436 nodes (1260221 simplex iterations) in 173.13 seconds (467.97 work units)
Thread count was 10 (of 10 available processors)

Solution count 8: 129039 148623 148623 ... 148623

Optimal solution found (tolerance 1.00e-03)
Best objective 1.290390810069e+05, best bound 1.289717100277e+05, gap 0.0522%
Warning: linear constraint 42901 and linear constraint 42904 have the same name "lin1_pw_d_0_"
