
Gurobi 11.0.2 (mac64[arm]) logging started Thu Jul 24 10:09:06 2025

Set parameter LogFile to value "../solutions/50/b_log.log"
Gurobi Optimizer version 11.0.2 build v11.0.2rc0 (mac64[arm] - Darwin 24.5.0 24F74)

CPU model: Apple M2 Pro
Thread count: 10 physical cores, 10 logical processors, using up to 10 threads

Optimize a model with 102905 rows, 60103 columns and 322802 nonzeros
Model fingerprint: 0x942445c1
Variable types: 17503 continuous, 42600 integer (40050 binary)
Coefficient statistics:
  Matrix range     [1e-03, 1e+06]
  Objective range  [1e+00, 1e+00]
  Bounds range     [1e+00, 5e+01]
  RHS range        [1e+00, 6e+05]
Presolve removed 50954 rows and 8153 columns
Presolve time: 0.79s
Presolved: 51951 rows, 51950 columns, 453106 nonzeros
Variable types: 14750 continuous, 37200 integer (34749 binary)
Deterministic concurrent LP optimizer: primal and dual simplex
Showing primal log only...

Concurrent spin time: 0.09s

Solved with dual simplex
Extra simplex iterations after uncrush: 2050

Root relaxation: objective 5.241739e+03, 6585 iterations, 1.22 seconds (3.25 work units)

    Nodes    |    Current Node    |     Objective Bounds      |     Work
 Expl Unexpl |  Obj  Depth IntInf | Incumbent    BestBd   Gap | It/Node Time

     0     0 5241.73855    0  716          - 5241.73855      -     -    4s
H    0     0                    176372.24100 5241.73855  97.0%     -    5s
H    0     0                    176372.22049 5241.73855  97.0%     -    5s
     0     0 42407.3370    0 1246 176372.220 42407.3370  76.0%     -    7s
H    0     0                    176372.21999 51537.6316  70.8%     -    8s
     0     0 51579.2746    0 1039 176372.220 51579.2746  70.8%     -    8s
     0     0 54093.5195    0 1367 176372.220 54093.5195  69.3%     -    8s
     0     0 54390.1178    0 1585 176372.220 54390.1178  69.2%     -    9s
     0     0 56964.8568    0 1622 176372.220 56964.8568  67.7%     -    9s
     0     0 56964.8568    0 1620 176372.220 56964.8568  67.7%     -    9s
     0     0 59113.6768    0 2232 176372.220 59113.6768  66.5%     -   11s
     0     0 63028.6462    0 2096 176372.220 63028.6462  64.3%     -   13s
H    0     0                    176372.21025 63125.3903  64.2%     -   13s
     0     0 63125.3903    0 2128 176372.210 63125.3903  64.2%     -   13s
     0     0 64798.8589    0 1197 176372.210 64798.8589  63.3%     -   14s
     0     0 64799.7644    0 1279 176372.210 64799.7644  63.3%     -   14s
     0     0 67022.9887    0 2687 176372.210 67022.9887  62.0%     -   16s
     0     0 69474.0549    0 1446 176372.210 69474.0549  60.6%     -   17s
H    0     0                    176372.20367 69509.3634  60.6%     -   17s
     0     0 69509.3634    0 1455 176372.204 69509.3634  60.6%     -   17s
     0     0 75911.0604    0 2106 176372.204 75911.0604  57.0%     -   19s
     0     0 76924.9024    0 1333 176372.204 76924.9024  56.4%     -   19s
H    0     0                    176372.19683 78126.0646  55.7%     -   19s
     0     0 78126.0646    0 1294 176372.197 78126.0646  55.7%     -   19s
     0     0 80202.6854    0 1890 176372.197 80202.6854  54.5%     -   21s
     0     0 80350.5752    0 1927 176372.197 80350.5752  54.4%     -   21s
     0     0 82422.6189    0 1383 176372.197 82422.6189  53.3%     -   22s
     0     0 83751.7536    0 1430 176372.197 83751.7536  52.5%     -   23s
     0     0 83853.6447    0 1463 176372.197 83853.6447  52.5%     -   23s
     0     0 85678.7106    0 1469 176372.197 85678.7106  51.4%     -   23s
     0     0 85681.7606    0 1473 176372.197 85681.7606  51.4%     -   23s
     0     0 90418.9802    0 1794 176372.197 90418.9802  48.7%     -   24s
     0     0 99052.0405    0 1390 176372.197 99052.0405  43.8%     -   26s
     0     0 99055.3034    0 1464 176372.197 99055.3034  43.8%     -   26s
     0     0 115047.393    0 1913 176372.197 115047.393  34.8%     -   27s
     0     0 115325.533    0 1935 176372.197 115325.533  34.6%     -   28s
     0     0 115325.533    0 1980 176372.197 115325.533  34.6%     -   28s
     0     0 116798.765    0 1453 176372.197 116798.765  33.8%     -   29s
     0     0 119795.331    0 1548 176372.197 119795.331  32.1%     -   30s
     0     0 119795.331    0 1579 176372.197 119795.331  32.1%     -   30s
     0     0 120608.542    0 1693 176372.197 120608.542  31.6%     -   31s
     0     0 122841.963    0 2405 176372.197 122841.963  30.4%     -   32s
     0     0 124754.363    0 2421 176372.197 124754.363  29.3%     -   32s
     0     0 124764.538    0 2718 176372.197 124764.538  29.3%     -   32s
     0     0 125769.821    0 1966 176372.197 125769.821  28.7%     -   33s
H    0     0                    176372.19368 125777.178  28.7%     -   34s
     0     0 125777.178    0 1973 176372.194 125777.178  28.7%     -   34s
     0     0 126820.746    0 1895 176372.194 126820.746  28.1%     -   35s
     0     0 127001.862    0 1910 176372.194 127001.862  28.0%     -   36s
     0     0 127632.466    0 1946 176372.194 127632.466  27.6%     -   37s
     0     0 128261.229    0 1743 176372.194 128261.229  27.3%     -   38s
     0     0 128891.389    0 1985 176372.194 128891.389  26.9%     -   38s
     0     0 129078.071    0 2005 176372.194 129078.071  26.8%     -   38s
     0     0 129078.071    0 2009 176372.194 129078.071  26.8%     -   38s
     0     0 130087.778    0 2397 176372.194 130087.778  26.2%     -   39s
     0     0 130183.775    0 2290 176372.194 130183.775  26.2%     -   40s
     0     0 130965.385    0 2301 176372.194 130965.385  25.7%     -   41s
H    0     0                    176372.19210 131041.410  25.7%     -   41s
     0     0 132201.793    0 2843 176372.192 132201.793  25.0%     -   42s
     0     0 132201.838    0 2857 176372.192 132201.838  25.0%     -   42s
     0     0 132931.010    0 2339 176372.192 132931.010  24.6%     -   44s
     0     0 132931.108    0 2373 176372.192 132931.108  24.6%     -   45s
     0     0 132931.108    0 2408 176372.192 132931.108  24.6%     -   45s
     0     0 132931.506    0 2197 176372.192 132931.506  24.6%     -   46s
H    0     0                    176372.19052 132931.506  24.6%     -   49s
     0     2 132931.506    0 2196 176372.191 132931.506  24.6%     -   51s
    25    34 135328.977    5 1889 176372.191 133346.746  24.4%  1660   55s
   174   182 139969.577   22 1361 176372.191 133850.891  24.1%   478   60s
   328   317 151941.087   32 1806 176372.191 133850.891  24.1%   456   65s
   488   406     cutoff   12      176372.191 133914.824  24.1%   487   71s
H  524   411                    173519.61838 133914.824  22.8%   513   71s
H  526   416                    173519.61784 133914.824  22.8%   522   74s
H  527   416                    170724.63551 133914.824  21.6%   540   74s
H  531   416                    166191.60107 133914.824  19.4%   540   74s
   541   426 142635.681   10 2022 166191.601 133914.824  19.4%   549   75s
H  559   434                    166191.59133 133914.824  19.4%   580   75s
H  567   434                    166191.58976 133914.824  19.4%   587   75s
H  611   458                    166191.58660 133914.824  19.4%   598   78s
   670   479 148397.364   20 1880 166191.587 133924.042  19.4%   592   80s
   856   520     cutoff    9      166191.587 133924.042  19.4%   590   86s
   954   538 156082.709    9 2510 166191.587 139612.879  16.0%   640   90s
  1128   507     cutoff   27      166191.587 141411.570  14.9%   675   95s
  1243   463     cutoff   17      166191.587 143400.333  13.7%   736  101s
  1308   435 159420.891   14 1944 166191.587 144446.543  13.1%   794  106s
  1357   400     cutoff   15      166191.587 147197.569  11.4%   863  110s
  1453   403 162065.690   14 1870 166191.587 148659.125  10.5%   896  115s
  2212  1084 166191.554  108 2197 166191.587 149326.620  10.1%   623  154s
  2214  1085 163278.832    8 1540 166191.587 149326.620  10.1%   623  159s
  2215  1086 166191.553   76 2432 166191.587 149326.620  10.1%   623  163s
  2218  1088 166191.557  102 1142 166191.587 149326.620  10.1%   622  165s
  2223  1091 166191.554   90 1273 166191.587 149487.456  10.1%   620  170s
  2229  1095 166125.557   58  984 166191.587 150792.312  9.27%   619  176s
  2234  1099 166191.553   90 1102 166191.587 151157.000  9.05%   617  181s
  2238  1102 151979.710   14 1811 166191.587 151226.498  9.00%   676  187s
  2239  1103 156032.845   30 1881 166191.587 151226.498  9.00%   675  190s
  2247  1108 156751.333   28 1203 166191.587 155559.005  6.40%   673  195s

Cutting planes:
  Learned: 20
  Gomory: 40
  Cover: 265
  Implied bound: 2065
  Projected implied bound: 1
  MIR: 40
  StrongCG: 2
  Flow cover: 1637
  GUB cover: 122
  Inf proof: 1
  Zero half: 5
  Mod-K: 4
  Relax-and-lift: 326

Explored 2248 nodes (1690018 simplex iterations) in 196.18 seconds (519.18 work units)
Thread count was 10 (of 10 available processors)

Solution count 10: 166192 166192 166192 ... 176372

Optimal solution found (tolerance 1.00e-03)
Best objective 1.661915866028e+05, best bound 1.661915686053e+05, gap 0.0000%
Warning: linear constraint 42901 and linear constraint 42904 have the same name "lin1_pw_d_0_"
