
Gurobi 11.0.2 (mac64[arm]) logging started Thu Jul 24 10:16:57 2025

Set parameter LogFile to value "../solutions/50/c_log.log"
Gurobi Optimizer version 11.0.2 build v11.0.2rc0 (mac64[arm] - Darwin 24.5.0 24F74)

CPU model: Apple M2 Pro
Thread count: 10 physical cores, 10 logical processors, using up to 10 threads

Optimize a model with 102905 rows, 60103 columns and 322802 nonzeros
Model fingerprint: 0x4b0972b2
Variable types: 17503 continuous, 42600 integer (40050 binary)
Coefficient statistics:
  Matrix range     [1e-03, 1e+06]
  Objective range  [1e+00, 1e+00]
  Bounds range     [1e+00, 5e+01]
  RHS range        [1e+00, 6e+05]
Presolve removed 49604 rows and 7253 columns
Presolve time: 0.90s
Presolved: 53301 rows, 52850 columns, 464806 nonzeros
Variable types: 15200 continuous, 37650 integer (35199 binary)
Deterministic concurrent LP optimizer: primal and dual simplex
Showing primal log only...

Concurrent spin time: 0.10s

Solved with dual simplex
Extra simplex iterations after uncrush: 1903

Root relaxation: objective 6.242762e+03, 6618 iterations, 1.36 seconds (3.38 work units)

    Nodes    |    Current Node    |     Objective Bounds      |     Work
 Expl Unexpl |  Obj  Depth IntInf | Incumbent    BestBd   Gap | It/Node Time

     0     0 6242.76239    0  716          - 6242.76239      -     -    5s
H    0     0                    240794.45444 6242.76239  97.4%     -    5s
H    0     0                    240794.43394 6242.76239  97.4%     -    6s
     0     0 52388.0572    0  929 240794.434 52388.0572  78.2%     -    7s
     0     0 57936.3750    0 1039 240794.434 57936.3750  75.9%     -    8s
H    0     0                    240794.43236 58028.0858  75.9%     -    8s
     0     0 58028.0858    0 1054 240794.432 58028.0858  75.9%     -    8s
     0     0 61216.1602    0  717 240794.432 61216.1602  74.6%     -    9s
     0     0 62215.5733    0  931 240794.432 62215.5733  74.2%     -    9s
     0     0 62253.8010    0  922 240794.432 62253.8010  74.1%     -   10s
     0     0 71153.8117    0 1609 240794.432 71153.8117  70.5%     -   11s
     0     0 73369.2458    0 1291 240794.432 73369.2458  69.5%     -   11s
     0     0 73415.8398    0 1297 240794.432 73415.8398  69.5%     -   12s
     0     0 77463.6932    0 1474 240794.432 77463.6932  67.8%     -   12s
     0     0 77463.6932    0 1484 240794.432 77463.6932  67.8%     -   12s
     0     0 80462.4487    0 1468 240794.432 80462.4487  66.6%     -   13s
     0     0 86441.2215    0 1953 240794.432 86441.2215  64.1%     -   14s
H    0     0                    240794.42447 86445.1929  64.1%     -   14s
     0     0 86445.1929    0 2006 240794.424 86445.1929  64.1%     -   14s
     0     0 99524.3974    0 1830 240794.424 99524.3974  58.7%     -   15s
     0     0 101094.171    0  941 240794.424 101094.171  58.0%     -   16s
     0     0 101496.291    0 1617 240794.424 101496.291  57.8%     -   16s
     0     0 101496.291    0 1622 240794.424 101496.291  57.8%     -   16s
     0     0 104305.831    0 1308 240794.424 104305.831  56.7%     -   17s
     0     0 104334.885    0 1323 240794.424 104334.885  56.7%     -   18s
     0     0 112090.658    0 2028 240794.424 112090.658  53.4%     -   19s
H    0     0                    240794.42289 112095.717  53.4%     -   19s
     0     0 112179.728    0 2368 240794.423 112179.728  53.4%     -   19s
     0     0 112179.728    0 2362 240794.423 112179.728  53.4%     -   19s
     0     0 116622.770    0 2079 240794.423 116622.770  51.6%     -   20s
H    0     0                    240794.42132 116702.308  51.5%     -   21s
     0     0 116743.736    0 2026 240794.421 116743.736  51.5%     -   21s
     0     0 116745.186    0 2079 240794.421 116745.186  51.5%     -   21s
     0     0 121816.567    0 2455 240794.421 121816.567  49.4%     -   22s
H    0     0                    240794.41185 122048.639  49.3%     -   22s
     0     0 122048.639    0 2515 240794.412 122048.639  49.3%     -   23s
     0     0 122048.639    0 2541 240794.412 122048.639  49.3%     -   23s
     0     0 123225.664    0 3856 240794.412 123225.664  48.8%     -   24s
H    0     0                    240794.41028 123328.096  48.8%     -   24s
     0     0 123790.420    0 3736 240794.410 123790.420  48.6%     -   25s
     0     0 123790.420    0 3746 240794.410 123790.420  48.6%     -   25s
     0     0 125303.614    0 1794 240794.410 125303.614  48.0%     -   26s
     0     0 125358.329    0 2078 240794.410 125358.329  47.9%     -   26s
     0     0 126957.596    0 2122 240794.410 126957.596  47.3%     -   27s
     0     0 127103.794    0 2144 240794.410 127103.794  47.2%     -   27s
H    0     0                    240794.40870 127103.794  47.2%     -   28s
     0     0 129194.313    0 3059 240794.409 129194.313  46.3%     -   28s
H    0     0                    240794.40554 129244.653  46.3%     -   28s
     0     0 129952.515    0 3122 240794.406 129952.515  46.0%     -   29s
     0     0 131678.518    0 3149 240794.406 131678.518  45.3%     -   29s
     0     0 131678.625    0 3165 240794.406 131678.625  45.3%     -   29s
     0     0 134335.327    0 3433 240794.406 134335.327  44.2%     -   30s
     0     0 134416.408    0 3132 240794.406 134416.408  44.2%     -   30s
     0     0 135431.497    0 3464 240794.406 135431.497  43.8%     -   31s
     0     0 136682.181    0 3517 240794.406 136682.181  43.2%     -   32s
     0     0 136946.648    0 3560 240794.406 136946.648  43.1%     -   32s
     0     0 136947.899    0 3566 240794.406 136947.899  43.1%     -   32s
     0     0 139638.623    0 3141 240794.406 139638.623  42.0%     -   33s
     0     0 139861.216    0 3185 240794.406 139861.216  41.9%     -   34s
     0     0 139861.216    0 3200 240794.406 139861.216  41.9%     -   34s
     0     0 140161.380    0 3776 240794.406 140161.380  41.8%     -   35s
     0     0 140266.556    0 3678 240794.406 140266.556  41.7%     -   36s
     0     2 140266.556    0 3678 240794.406 140266.556  41.7%     -   42s
    25    25 143656.285    5 3342 240794.406 143656.285  40.3%  1146   45s
H   35    33                    205000.26128 143778.737  29.9%  1118   46s
   109    65 144591.125   12 3618 205000.261 144002.291  29.8%   865   50s
H  142    82                    205000.25129 144002.291  29.8%   769   53s
H  143    82                    189613.55578 144002.291  24.1%   772   53s
H  151    82                    189074.15860 144002.291  23.8%   779   53s
   207    78 163793.697   19  702 189074.159 144002.291  23.8%   669   55s
   462   287 148202.102   37 2713 189074.159 144002.291  23.8%   455   60s
H 1299  1049                    189074.14433 147151.909  22.2%   183   66s
H 1299  1049                    189074.08343 147151.909  22.2%   183   66s
H 1300   573                    188986.10945 147151.909  22.1%   184   66s
H 1303   573                    188077.82442 147151.909  21.8%   183   66s
H 1378   535                    188077.80995 147151.909  21.8%   184   68s
H 1384   535                    187989.99798 147151.909  21.7%   186   68s
H 1385   535                    187989.89371 147151.909  21.7%   186   68s
H 1386   535                    187989.88307 147151.909  21.7%   187   68s
  1458   534     cutoff   14      187989.883 149757.593  20.3%   204   70s
H 1534   523                    187989.85438 149757.593  20.3%   216   72s
H 1547   523                    187989.82937 149757.593  20.3%   216   72s
  1659   545 164240.875   24  854 187989.829 151617.995  19.3%   236   75s
H 1695   539                    187989.82279 152156.946  19.1%   245   76s
H 1770   529                    187989.82121 152799.427  18.7%   260   79s
H 1784   529                    187989.81936 152871.449  18.7%   261   79s
  1800   519     cutoff   30      187989.819 153212.956  18.5%   267   80s
  1975   500     cutoff   45      187989.819 155271.049  17.4%   305   85s
H 2077   462                    187989.81621 155805.068  17.1%   321   87s
  2149   413 169236.966   25 3911 187989.816 167797.233  10.7%   343   90s
  2406   603 187989.762   38  249 187989.816 174695.378  7.07%   343   95s
  2682   477 187989.767   94 3678 187989.816 174695.378  7.07%   313  136s
  2684   478 187989.763   30 1754 187989.816 174695.378  7.07%   313  151s
  2685   479 183734.144   55 2084 187989.816 174695.378  7.07%   312  160s
  2687   480 185162.852   22 4150 187989.816 174695.378  7.07%   312  168s
  2688   481 187989.760   29 1830 187989.816 174695.378  7.07%   312  170s
  2691   483 187989.766   67 3098 187989.816 174695.378  7.07%   312  175s
  2693   484 187989.760   23 3226 187989.816 174695.378  7.07%   311  182s
  2695   486 187989.762   43 3228 187989.816 174695.378  7.07%   311  185s
  2697   487 187989.760   42 2754 187989.816 174695.378  7.07%   311  190s
  2700   489 187989.763   58 3271 187989.816 174695.378  7.07%   311  197s
  2701   490 187989.769   56 3172 187989.816 174695.378  7.07%   311  200s
  2703   491 187989.767   69 3892 187989.816 174695.378  7.07%   310  205s
  2705   492 187989.754   11 1958 187989.816 174695.378  7.07%   310  211s
  2708   494 187989.766   52 3102 187989.816 174695.378  7.07%   310  218s
  2710   496 187989.764   50 3224 187989.816 174695.378  7.07%   310  222s
  2711   496 187989.763   48 3354 187989.816 174695.378  7.07%   309  226s
  2714   498 187989.768   77 3959 187989.816 174695.378  7.07%   309  234s
  2715   499 187989.770   60 3923 187989.816 174695.378  7.07%   309  243s
  2716   500 187989.760   31 3923 187989.816 174695.378  7.07%   309  248s
  2717   502 174695.378   16 3884 187989.816 174695.378  7.07%   435  252s
  2726   505 185645.505   19 3300 187989.816 174695.378  7.07%   440  256s
  2768   487 178136.963   24 1979 187989.816 176414.142  6.16%   454  263s

Cutting planes:
  Learned: 57
  Gomory: 48
  Cover: 518
  Implied bound: 8035
  Projected implied bound: 138
  MIR: 944
  Flow cover: 976
  GUB cover: 329
  Inf proof: 2
  Zero half: 35
  Mod-K: 6
  Network: 27
  RLT: 39
  Relax-and-lift: 278

Explored 2784 nodes (1358887 simplex iterations) in 264.29 seconds (643.21 work units)
Thread count was 10 (of 10 available processors)

Solution count 10: 187990 187990 187990 ... 188078

Optimal solution found (tolerance 1.00e-03)
Best objective 1.879898162095e+05, best bound 1.879236767434e+05, gap 0.0352%
Warning: linear constraint 42901 and linear constraint 42904 have the same name "lin1_pw_d_0_"
