
Gurobi 11.0.2 (mac64[arm]) logging started Thu Jul 24 10:14:36 2025

Set parameter LogFile to value "../solutions/50/d_log.log"
Gurobi Optimizer version 11.0.2 build v11.0.2rc0 (mac64[arm] - Darwin 24.5.0 24F74)

CPU model: Apple M2 Pro
Thread count: 10 physical cores, 10 logical processors, using up to 10 threads

Optimize a model with 102905 rows, 60103 columns and 322802 nonzeros
Model fingerprint: 0x7e600091
Variable types: 17503 continuous, 42600 integer (40050 binary)
Coefficient statistics:
  Matrix range     [1e-03, 1e+06]
  Objective range  [1e+00, 1e+00]
  Bounds range     [1e+00, 5e+01]
  RHS range        [1e+00, 6e+05]
Presolve removed 50504 rows and 7853 columns
Presolve time: 0.87s
Presolved: 52401 rows, 52250 columns, 456998 nonzeros
Variable types: 14900 continuous, 37350 integer (34899 binary)
Deterministic concurrent LP optimizer: primal and dual simplex
Showing primal log only...

Concurrent spin time: 0.14s (can be avoided by choosing Method=3)

Solved with dual simplex
Extra simplex iterations after uncrush: 1887

Root relaxation: objective 4.286314e+03, 6407 iterations, 1.38 seconds (3.53 work units)
Total elapsed time = 5.60s (DegenMoves)

    Nodes    |    Current Node    |     Objective Bounds      |     Work
 Expl Unexpl |  Obj  Depth IntInf | Incumbent    BestBd   Gap | It/Node Time

     0     0 4286.31396    0  716          - 4286.31396      -     -    6s
H    0     0                    179450.79990 4286.31396  97.6%     -    6s
H    0     0                    179450.79359 29375.0005  83.6%     -    8s
     0     0 29375.0005    0  933 179450.794 29375.0005  83.6%     -    8s
     0     0 37041.2035    0  857 179450.794 37041.2035  79.4%     -   10s
     0     0 40325.2197    0 1494 179450.794 40325.2197  77.5%     -   11s
     0     0 44047.5031    0 1078 179450.794 44047.5031  75.5%     -   11s
     0     0 44047.5031    0 1105 179450.794 44047.5031  75.5%     -   11s
     0     0 47585.8745    0 1503 179450.794 47585.8745  73.5%     -   13s
     0     0 51697.1232    0 1846 179450.794 51697.1232  71.2%     -   13s
     0     0 51777.4639    0 1755 179450.794 51777.4639  71.1%     -   13s
     0     0 57421.8118    0 2149 179450.794 57421.8118  68.0%     -   14s
     0     0 57433.3643    0 2050 179450.794 57433.3643  68.0%     -   14s
     0     0 58389.7196    0 2526 179450.794 58389.7196  67.5%     -   14s
     0     0 58665.0709    0 2987 179450.794 58665.0709  67.3%     -   14s
     0     0 60023.5735    0 2652 179450.794 60023.5735  66.6%     -   15s
     0     0 60179.1364    0 2655 179450.794 60179.1364  66.5%     -   15s
     0     0 66782.0629    0 2036 179450.794 66782.0629  62.8%     -   16s
     0     0 69234.9569    0 1937 179450.794 69234.9569  61.4%     -   16s
     0     0 74364.7561    0 1726 179450.794 74364.7561  58.6%     -   17s
     0     0 74364.7561    0 1749 179450.794 74364.7561  58.6%     -   17s
     0     0 100098.264    0 1205 179450.794 100098.264  44.2%     -   19s
     0     0 100820.761    0 1536 179450.794 100820.761  43.8%     -   19s
     0     0 100820.761    0 1570 179450.794 100820.761  43.8%     -   20s
     0     0 106683.057    0 1394 179450.794 106683.057  40.6%     -   21s
     0     0 108014.330    0 2782 179450.794 108014.330  39.8%     -   22s
     0     0 108015.176    0 2803 179450.794 108015.176  39.8%     -   22s
     0     0 109408.900    0 1371 179450.794 109408.900  39.0%     -   23s
     0     0 112202.221    0 2309 179450.794 112202.221  37.5%     -   24s
     0     0 114268.578    0 1988 179450.794 114268.578  36.3%     -   25s
     0     0 114294.564    0 1953 179450.794 114294.564  36.3%     -   25s
     0     0 114398.504    0 1982 179450.794 114398.504  36.3%     -   26s
H    0     0                    179450.79201 114519.904  36.2%     -   26s
     0     0 114519.904    0 1992 179450.792 114519.904  36.2%     -   26s
H    0     0                    179450.79044 115261.539  35.8%     -   27s
     0     0 115261.539    0 2696 179450.790 115261.539  35.8%     -   27s
     0     0 115278.415    0 2702 179450.790 115278.415  35.8%     -   27s
     0     0 118888.034    0 2147 179450.790 118888.034  33.7%     -   29s
H    0     0                    179450.78466 118966.369  33.7%     -   29s
     0     0 118966.369    0 2132 179450.785 118966.369  33.7%     -   29s
     0     0 121050.192    0 1709 179450.785 121050.192  32.5%     -   30s
     0     0 121214.190    0 2685 179450.785 121214.190  32.5%     -   31s
     0     0 121214.190    0 2732 179450.785 121214.190  32.5%     -   32s
     0     0 121626.636    0 1752 179450.785 121626.636  32.2%     -   32s
     0     0 121821.291    0 1752 179450.785 121821.291  32.1%     -   33s
H    0     0                    179450.78152 121886.052  32.1%     -   36s
H    0     0                    179450.77967 122150.019  31.9%     -   37s
H    0     0                    179450.77782 122150.019  31.9%     -   37s
     0     2 122150.019    0 1752 179450.778 122150.019  31.9%     -   39s
     7    16 124535.428    3 3025 179450.778 123565.424  31.1%  1669   40s
    66    76 128265.956    9 2537 179450.778 128018.265  28.7%   521   45s
   266   204 135548.465   27 2962 179450.778 128150.266  28.6%   321   50s
   522   362 142282.040   53 2649 179450.778 128150.266  28.6%   284   55s
   743   458 infeasible   11      179450.778 130346.011  27.4%   264   60s
  1008   581 167906.722   47 1044 179450.778 132548.173  26.1%   274   65s
H 1067   560                    171768.50478 133518.894  22.3%   275   66s
  1234   418 infeasible   14      171768.505 139617.432  18.7%   301   70s
H 1279   425                    171768.50267 139825.468  18.6%   314   71s
H 1437   619                    171768.50110 139825.468  18.6%   300   72s
H 2020  1089                    171768.49294 139825.468  18.6%   221   74s
  2021  1090 171768.424   55 1752 171768.493 139825.468  18.6%   220  105s
H 2022  1036                    171768.48793 139825.468  18.6%   220  110s
  2026  1038 171768.427   52 2671 171768.488 139825.468  18.6%   220  115s
  2036  1045 171768.482   89 2173 171768.488 156448.467  8.92%   219  122s
H 2038   993                    171768.48608 161060.740  6.23%   219  126s
H 2039   944                    171768.47820 161415.051  6.03%   219  127s
  2042   946 167381.610   46 2684 171768.478 163047.795  5.08%   218  132s
  2050   952 171768.425   34 2250 171768.478 165441.772  3.68%   288  136s
  2051   953 171768.478   77 2490 171768.478 166294.530  3.19%   288  140s

Cutting planes:
  Learned: 7
  Gomory: 27
  Cover: 140
  Implied bound: 693
  MIR: 19
  Flow cover: 1790
  GUB cover: 67
  Inf proof: 1
  Zero half: 3
  Mod-K: 3
  Network: 1
  Relax-and-lift: 48

Explored 2051 nodes (702408 simplex iterations) in 140.85 seconds (355.39 work units)
Thread count was 10 (of 10 available processors)

Solution count 10: 171768 171768 171768 ... 179451

Optimal solution found (tolerance 1.00e-03)
Best objective 1.717684781967e+05, best bound 1.716973299753e+05, gap 0.0414%
Warning: linear constraint 42901 and linear constraint 42904 have the same name "lin1_pw_d_0_"
