
Gurobi 11.0.2 (mac64[arm]) logging started Thu Jul 24 10:12:23 2025

Set parameter LogFile to value "../solutions/50/e_log.log"
Gurobi Optimizer version 11.0.2 build v11.0.2rc0 (mac64[arm] - Darwin 24.5.0 24F74)

CPU model: Apple M2 Pro
Thread count: 10 physical cores, 10 logical processors, using up to 10 threads

Optimize a model with 102905 rows, 60103 columns and 322802 nonzeros
Model fingerprint: 0x26851d3e
Variable types: 17503 continuous, 42600 integer (40050 binary)
Coefficient statistics:
  Matrix range     [1e-03, 1e+06]
  Objective range  [1e+00, 1e+00]
  Bounds range     [1e+00, 5e+01]
  RHS range        [1e+00, 6e+05]
Presolve removed 49754 rows and 7353 columns
Presolve time: 0.81s
Presolved: 53151 rows, 52750 columns, 463509 nonzeros
Variable types: 15150 continuous, 37600 integer (35149 binary)
Deterministic concurrent LP optimizer: primal and dual simplex
Showing primal log only...

Concurrent spin time: 0.10s (can be avoided by choosing Method=3)

Solved with dual simplex
Extra simplex iterations after uncrush: 3428

Root relaxation: objective 3.941865e+03, 7942 iterations, 1.50 seconds (4.41 work units)

    Nodes    |    Current Node    |     Objective Bounds      |     Work
 Expl Unexpl |  Obj  Depth IntInf | Incumbent    BestBd   Gap | It/Node Time

     0     0 3941.86469    0  716          - 3941.86469      -     -    4s
H    0     0                    192491.41390 3941.86469  98.0%     -    5s
H    0     0                    192491.41232 3941.86469  98.0%     -    5s
     0     0 22457.2787    0  828 192491.412 22457.2787  88.3%     -    7s
     0     0 25075.5143    0  929 192491.412 25075.5143  87.0%     -    8s
     0     0 25540.0151    0  948 192491.412 25540.0151  86.7%     -    9s
     0     0 33554.4214    0 1145 192491.412 33554.4214  82.6%     -   12s
     0     0 35674.1315    0 1397 192491.412 35674.1315  81.5%     -   12s
     0     0 39565.1902    0 2064 192491.412 39565.1902  79.4%     -   13s
     0     0 39565.1902    0 2067 192491.412 39565.1902  79.4%     -   13s
     0     0 46715.5959    0 1980 192491.412 46715.5959  75.7%     -   15s
     0     0 51138.4220    0 1823 192491.412 51138.4220  73.4%     -   15s
     0     0 51146.3337    0 1792 192491.412 51146.3337  73.4%     -   15s
     0     0 56385.7299    0 1686 192491.412 56385.7299  70.7%     -   16s
     0     0 56401.0369    0 1835 192491.412 56401.0369  70.7%     -   16s
     0     0 60483.9768    0 1132 192491.412 60483.9768  68.6%     -   16s
     0     0 60775.9954    0 1199 192491.412 60775.9954  68.4%     -   16s
     0     0 60775.9954    0 1202 192491.412 60775.9954  68.4%     -   16s
     0     0 66830.3592    0 1478 192491.412 66830.3592  65.3%     -   18s
     0     0 66975.9124    0 1706 192491.412 66975.9124  65.2%     -   18s
     0     0 70363.9936    0 1860 192491.412 70363.9936  63.4%     -   19s
     0     0 70424.2822    0 1840 192491.412 70424.2822  63.4%     -   19s
     0     0 70424.2822    0 1852 192491.412 70424.2822  63.4%     -   19s
     0     0 72786.8623    0 1939 192491.412 72786.8623  62.2%     -   20s
H    0     0                    172648.33551 72848.0792  57.8%     -   21s
     0     0 72848.0792    0 1946 172648.336 72848.0792  57.8%     -   21s
     0     0 75962.9399    0 1658 172648.336 75962.9399  56.0%     -   22s
     0     0 76453.7411    0 1798 172648.336 76453.7411  55.7%     -   23s
     0     0 76454.5453    0 1815 172648.336 76454.5453  55.7%     -   23s
     0     0 78194.8948    0 1371 172648.336 78194.8948  54.7%     -   24s
H    0     0                    167131.02740 78208.9978  53.2%     -   25s
     0     0 79088.3993    0 1376 167131.027 79088.3993  52.7%     -   25s
     0     0 85946.2416    0 2943 167131.027 85946.2416  48.6%     -   26s
     0     0 85946.3339    0 3015 167131.027 85946.3339  48.6%     -   26s
     0     0 89538.9674    0 2349 167131.027 89538.9674  46.4%     -   27s
H    0     0                    166031.02832 89616.1999  46.0%     -   28s
     0     0 89664.6436    0 2325 166031.028 89664.6436  46.0%     -   28s
     0     0 89665.3753    0 2348 166031.028 89665.3753  46.0%     -   28s
     0     0 90589.4229    0 1956 166031.028 90589.4229  45.4%     -   30s
H    0     0                    166030.98636 90615.2809  45.4%     -   31s
     0     0 90648.7375    0 1543 166030.986 90648.7375  45.4%     -   31s
     0     0 90881.4677    0 1540 166030.986 90881.4677  45.3%     -   32s
     0     0 90890.0553    0 1569 166030.986 90890.0553  45.3%     -   32s
     0     0 90984.8142    0 2414 166030.986 90984.8142  45.2%     -   33s
     0     0 91265.8366    0 2560 166030.986 91265.8366  45.0%     -   33s
     0     0 91432.2007    0 2524 166030.986 91432.2007  44.9%     -   34s
     0     0 91432.2007    0 2529 166030.986 91432.2007  44.9%     -   34s
     0     0 91759.1546    0 1846 166030.986 91759.1546  44.7%     -   36s
     0     0 92640.1481    0 1616 166030.986 92640.1481  44.2%     -   37s
     0     0 96169.6097    0 3305 166030.986 96169.6097  42.1%     -   37s
     0     0 96169.6102    0 3374 166030.986 96169.6102  42.1%     -   38s
     0     0 97407.9954    0 2522 166030.986 97407.9954  41.3%     -   39s
H    0     0                    166030.98478 97436.6552  41.3%     -   40s
     0     0 97672.4270    0 2736 166030.985 97672.4270  41.2%     -   40s
     0     0 98000.1718    0 2732 166030.985 98000.1718  41.0%     -   41s
     0     0 98000.1718    0 2745 166030.985 98000.1718  41.0%     -   41s
     0     0 98446.6961    0 1589 166030.985 98446.6961  40.7%     -   42s
H    0     0                    166030.98162 98486.4316  40.7%     -   43s
     0     0 98687.2800    0 2880 166030.982 98687.2800  40.6%     -   43s
     0     0 99093.1037    0 2533 166030.982 99093.1037  40.3%     -   44s
     0     0 99105.6390    0 3023 166030.982 99105.6390  40.3%     -   44s
     0     0 99797.7473    0 1663 166030.982 99797.7473  39.9%     -   45s
     0     0 100110.133    0 1627 166030.982 100110.133  39.7%     -   46s
     0     0 100429.528    0 2439 166030.982 100429.528  39.5%     -   46s
     0     0 100592.577    0 2456 166030.982 100592.577  39.4%     -   47s
     0     0 100861.896    0 2453 166030.982 100861.896  39.3%     -   47s
     0     0 100884.898    0 2464 166030.982 100884.898  39.2%     -   47s
     0     0 101882.226    0 2692 166030.982 101882.226  38.6%     -   48s
H    0     0                    166030.97532 101918.984  38.6%     -   48s
     0     0 102241.337    0 3033 166030.975 102241.337  38.4%     -   49s
     0     0 102271.476    0 3047 166030.975 102271.476  38.4%     -   49s
     0     0 103422.036    0 3526 166030.975 103422.036  37.7%     -   50s
     0     0 103864.998    0 3536 166030.975 103864.998  37.4%     -   52s
     0     0 104159.657    0 3579 166030.975 104159.657  37.3%     -   52s
     0     0 104411.413    0 3583 166030.975 104411.413  37.1%     -   52s
     0     0 104456.173    0 3571 166030.975 104456.173  37.1%     -   52s
     0     0 105744.814    0 3045 166030.975 105744.814  36.3%     -   53s
     0     0 105904.436    0 2815 166030.975 105904.436  36.2%     -   54s
     0     0 106374.568    0 3056 166030.975 106374.568  35.9%     -   54s
     0     0 106427.086    0 2797 166030.975 106427.086  35.9%     -   54s
     0     0 119420.805    0 2798 166030.975 119420.805  28.1%     -   55s
     0     0 120815.219    0 2469 166030.975 120815.219  27.2%     -   57s
     0     0 120815.219    0 2470 166030.975 120815.219  27.2%     -   57s
     0     0 120815.219    0 2474 166030.975 120815.219  27.2%     -   57s
     0     0 121367.387    0 2702 166030.975 121367.387  26.9%     -   58s
     0     0 121484.842    0 2727 166030.975 121484.842  26.8%     -   58s
     0     0 130177.697    0 2441 166030.975 130177.697  21.6%     -   59s
H    0     0                    165827.63789 130194.866  21.5%     -   60s
     0     0 130795.618    0 2415 165827.638 130795.618  21.1%     -   60s
     0     0 130811.838    0 2459 165827.638 130811.838  21.1%     -   60s
     0     0 131597.523    0 3379 165827.638 131597.523  20.6%     -   61s
H    0     0                    163346.30200 131597.523  19.4%     -   62s
     0     0 132057.509    0 3401 163346.302 132057.509  19.2%     -   62s
     0     0 132059.575    0 3298 163346.302 132059.575  19.2%     -   62s
     0     0 137032.446    0 2474 163346.302 137032.446  16.1%     -   63s
     0     0 137517.199    0 3164 163346.302 137517.199  15.8%     -   64s
     0     0 137517.199    0 3494 163346.302 137517.199  15.8%     -   64s
     0     0 137517.199    0 3379 163346.302 137517.199  15.8%     -   65s
     0     0 137517.199    0 3298 163346.302 137517.199  15.8%     -   66s
H    0     0                    159774.01936 137517.199  13.9%     -   69s
H    0     0                    159774.01778 137517.199  13.9%     -   72s
     0     0 137517.199    0 1149 159774.018 137517.199  13.9%     -   78s
     0     0 137517.199    0 2109 159774.018 137517.199  13.9%     -   81s
     0     0 137517.199    0 1438 159774.018 137517.199  13.9%     -   82s
     0     0 137517.199    0 1667 159774.018 137517.199  13.9%     -   83s
     0     0 137517.199    0 1923 159774.018 137517.199  13.9%     -   84s
     0     0 137517.199    0 2820 159774.018 137517.199  13.9%     -   84s
     0     0 137517.199    0 2891 159774.018 137517.199  13.9%     -   85s
     0     0 137517.199    0 3078 159774.018 137517.199  13.9%     -   86s
     0     0 137517.199    0 3086 159774.018 137517.199  13.9%     -   86s
     0     0 137517.199    0 3111 159774.018 137517.199  13.9%     -   86s
     0     0 137782.068    0 3219 159774.018 137782.068  13.8%     -   88s
     0     0 138055.566    0 3254 159774.018 138055.566  13.6%     -   88s
     0     0 138055.566    0 3281 159774.018 138055.566  13.6%     -   90s
     0     0 138055.566    0 3329 159774.018 138055.566  13.6%     -   90s
     0     0 138055.566    0 3358 159774.018 138055.566  13.6%     -   91s
     0     0 138055.566    0 3337 159774.018 138055.566  13.6%     -   92s
     0     0 138172.341    0 1149 159774.018 138172.341  13.5%     -  105s
     0     0 138172.341    0 1789 159774.018 138172.341  13.5%     -  107s
     0     0 138172.341    0 1448 159774.018 138172.341  13.5%     -  108s
     0     0 138172.341    0 1241 159774.018 138172.341  13.5%     -  109s
     0     0 138172.341    0 2382 159774.018 138172.341  13.5%     -  110s
     0     0 138172.341    0 1948 159774.018 138172.341  13.5%     -  110s
     0     0 138172.341    0 2736 159774.018 138172.341  13.5%     -  111s
     0     0 138172.341    0 2994 159774.018 138172.341  13.5%     -  112s
     0     0 138172.341    0 3037 159774.018 138172.341  13.5%     -  112s
     0     0 138172.341    0 3092 159774.018 138172.341  13.5%     -  113s
     0     0 138172.341    0 3188 159774.018 138172.341  13.5%     -  114s
     0     0 138172.341    0 3230 159774.018 138172.341  13.5%     -  114s
     0     0 139774.067    0 2326 159774.018 139774.067  12.5%     -  116s
H    0     0                    154526.78293 139779.365  9.54%     -  116s
H    0     0                    154350.65713 139779.365  9.44%     -  116s
     0     0 139779.365    0 2398 154350.657 139779.365  9.44%     -  117s
     0     0 139827.410    0 2439 154350.657 139827.410  9.41%     -  118s
H    0     0                    152195.18845 139860.661  8.10%     -  118s
     0     0 139860.661    0 2448 152195.188 139860.661  8.10%     -  118s
     0     0 139860.661    0 2453 152195.188 139860.661  8.10%     -  119s
     0     0 139884.292    0 2400 152195.188 139884.292  8.09%     -  120s
H    0     0                    152194.89911 139884.292  8.09%     -  123s
H    0     0                    152194.89753 139884.292  8.09%     -  123s
     0     2 139884.292    0 2400 152194.898 139884.292  8.09%     -  124s
     7    16 143950.052    3 3098 152194.898 140339.589  7.79%   718  125s
    77    21 147531.773    6 2576 152194.898 142550.112  6.34%   641  130s

Cutting planes:
  Learned: 237
  Gomory: 7
  Cover: 172
  Implied bound: 5382
  MIR: 809
  StrongCG: 1
  Flow cover: 1491
  GUB cover: 270
  Inf proof: 1
  Zero half: 4
  Mod-K: 60
  Network: 1
  RLT: 103
  Relax-and-lift: 948

Explored 126 nodes (287341 simplex iterations) in 131.46 seconds (304.34 work units)
Thread count was 10 (of 10 available processors)

Solution count 10: 152195 152195 152195 ... 166031

Optimal solution found (tolerance 1.00e-03)
Best objective 1.521948975306e+05, best bound 1.520775050545e+05, gap 0.0771%
Warning: linear constraint 42901 and linear constraint 42904 have the same name "lin1_pw_d_0_"
