
Gurobi 11.0.2 (mac64[arm]) logging started Thu Jul 24 10:28:00 2025

Set parameter LogFile to value "../solutions/50/f_log.log"
Gurobi Optimizer version 11.0.2 build v11.0.2rc0 (mac64[arm] - Darwin 24.5.0 24F74)

CPU model: Apple M2 Pro
Thread count: 10 physical cores, 10 logical processors, using up to 10 threads

Optimize a model with 102905 rows, 60103 columns and 322802 nonzeros
Model fingerprint: 0x69e5aaa5
Variable types: 17503 continuous, 42600 integer (40050 binary)
Coefficient statistics:
  Matrix range     [1e-03, 1e+06]
  Objective range  [1e+00, 1e+00]
  Bounds range     [1e+00, 5e+01]
  RHS range        [1e+00, 6e+05]
Presolve removed 49304 rows and 7053 columns
Presolve time: 0.91s
Presolved: 53601 rows, 53050 columns, 467415 nonzeros
Variable types: 15300 continuous, 37750 integer (35299 binary)
Deterministic concurrent LP optimizer: primal and dual simplex
Showing primal log only...

Concurrent spin time: 0.08s

Solved with dual simplex
Extra simplex iterations after uncrush: 5481

Root relaxation: objective 4.399059e+03, 10134 iterations, 2.50 seconds (7.81 work units)

    Nodes    |    Current Node    |     Objective Bounds      |     Work
 Expl Unexpl |  Obj  Depth IntInf | Incumbent    BestBd   Gap | It/Node Time

     0     0 4399.05931    0  716          - 4399.05931      -     -    5s
H    0     0                    158436.45331 4399.05931  97.2%     -    5s
H    0     0                    158436.42807 4399.05931  97.2%     -    6s
     0     0 29934.6498    0  825 158436.428 29934.6498  81.1%     -    8s
     0     0 35799.7688    0  929 158436.428 35799.7688  77.4%     -    8s
H    0     0                    158436.42649 36668.7407  76.9%     -    9s
     0     0 36668.7407    0  837 158436.426 36668.7407  76.9%     -   10s
     0     0 40962.8114    0 1258 158436.426 40962.8114  74.1%     -   13s
     0     0 45175.3298    0 1167 158436.426 45175.3298  71.5%     -   13s
H    0     0                    158436.42176 45608.7303  71.2%     -   14s
     0     0 45608.7303    0 1169 158436.422 45608.7303  71.2%     -   15s
     0     0 48362.3860    0 2056 158436.422 48362.3860  69.5%     -   16s
     0     0 50413.0940    0 2253 158436.422 50413.0940  68.2%     -   17s
     0     0 51750.1181    0 2461 158436.422 51750.1181  67.3%     -   18s
     0     0 54364.9669    0 2899 158436.422 54364.9669  65.7%     -   19s
     0     0 54364.9669    0 2918 158436.422 54364.9669  65.7%     -   19s
     0     0 60360.6097    0 3729 158436.422 60360.6097  61.9%     -   22s
     0     0 69413.7212    0 1213 158436.422 69413.7212  56.2%     -   22s
H    0     0                    158436.41545 69496.1816  56.1%     -   24s
     0     0 69536.7330    0 1024 158436.415 69536.7330  56.1%     -   24s
     0     0 79438.5560    0 1157 158436.415 79438.5560  49.9%     -   25s
     0     0 79438.5720    0 1135 158436.415 79438.5720  49.9%     -   25s
     0     0 79553.2583    0 1222 158436.415 79553.2583  49.8%     -   26s
     0     0 79950.7549    0  996 158436.415 79950.7549  49.5%     -   26s
     0     0 83913.3254    0 1042 158436.415 83913.3254  47.0%     -   27s
     0     0 83915.6834    0 1066 158436.415 83915.6834  47.0%     -   27s
     0     0 88913.8560    0 1302 158436.415 88913.8560  43.9%     -   28s
     0     0 98846.7353    0 1429 158436.415 98846.7353  37.6%     -   28s
     0     0 102338.989    0 1868 158436.415 102338.989  35.4%     -   29s
     0     0 102338.994    0 1874 158436.415 102338.994  35.4%     -   29s
     0     0 105983.827    0 1214 158436.415 105983.827  33.1%     -   30s
H    0     0                    158436.41387 105984.666  33.1%     -   31s
     0     0 106292.274    0 1699 158436.414 106292.274  32.9%     -   31s
     0     0 106368.295    0 1737 158436.414 106368.295  32.9%     -   31s
     0     0 106368.295    0 1757 158436.414 106368.295  32.9%     -   31s
     0     0 110421.026    0 2455 158436.414 110421.026  30.3%     -   32s
     0     0 113278.042    0 2553 158436.414 113278.042  28.5%     -   33s
     0     0 113281.484    0 2674 158436.414 113281.484  28.5%     -   33s
     0     0 118319.768    0 1390 158436.414 118319.768  25.3%     -   34s
H    0     0                    158436.40756 118320.662  25.3%     -   35s
     0     0 118320.662    0 1411 158436.408 118320.662  25.3%     -   35s
     0     0 118815.735    0 1467 158436.408 118815.735  25.0%     -   36s
     0     0 118830.438    0 1412 158436.408 118830.438  25.0%     -   37s
H    0     0                    158436.39967 118830.438  25.0%     -   38s
H    0     0                    158436.39810 119730.560  24.4%     -   40s
     0     2 119730.560    0 1403 158436.398 119730.560  24.4%     -   41s
H   41    23                    158436.39494 121772.194  23.1%  1257   46s
   113    49 138396.644   15 1702 158436.395 122137.585  22.9%  1057   50s
H  289    97                    158436.39179 123207.690  22.2%   671   56s
   407   245 158436.354   48  257 158436.392 126912.595  19.9%   537   60s
   894   721 158436.357  111  199 158436.392 126912.595  19.9%   279   66s
  1449  1245 158436.366  168  212 158436.392 126912.595  19.9%   183   70s
  1884  1555 158436.353   46 1412 158436.392 126912.595  19.9%   144  106s
  1886  1556 158436.360  158 1268 158436.392 126912.595  19.9%   144  118s
  1887  1557 158436.359  150 1733 158436.392 126912.595  19.9%   144  125s
  1892  1560 158436.382   92 1511 158436.392 126912.595  19.9%   144  131s
  1893  1561 158436.350   33 1820 158436.392 126912.595  19.9%   144  135s
  1896  1563 158436.367  164 1520 158436.392 126912.595  19.9%   144  140s
  1900  1566 158436.355   62 2081 158436.392 129986.116  18.0%   143  145s
  1902  1567 158436.349   79 2688 158436.392 131356.919  17.1%   143  151s
  1905  1569 158436.352   52 2705 158436.392 132896.196  16.1%   143  158s
  1908  1571 158436.370  186 2776 158436.392 133498.119  15.7%   143  160s
  1910  1572 158436.365  198 2726 158436.392 134441.872  15.1%   143  165s
  1912  1574 158436.361  132 3417 158436.392 136185.016  14.0%   142  172s
  1914  1575 158436.365  200 3443 158436.392 136255.091  14.0%   142  180s
  1916  1576 158436.356  145 3335 158436.392 136471.888  13.9%   142  188s
  1917  1577 158436.366  176 3445 158436.392 136471.888  13.9%   142  191s
  1918  1578 158436.355   99 3353 158436.392 143610.556  9.36%   142  197s
  1921  1580 158436.389  158 2991 158436.392 145402.329  8.23%   142  200s
  1922  1580 158436.365  156  586 158436.392 157825.154  0.39%   142  206s

Cutting planes:
  Learned: 114
  Gomory: 96
  Lift-and-project: 2
  Cover: 442
  Implied bound: 6244
  Projected implied bound: 85
  Clique: 3
  MIR: 157
  StrongCG: 11
  Flow cover: 1440
  GUB cover: 361
  Inf proof: 1
  Zero half: 62
  Mod-K: 8
  Network: 1
  RLT: 60
  Relax-and-lift: 386

Explored 1922 nodes (649164 simplex iterations) in 206.65 seconds (502.66 work units)
Thread count was 10 (of 10 available processors)

Solution count 10: 158436 158436 158436 ... 158436

Optimal solution found (tolerance 1.00e-03)
Best objective 1.584363917868e+05, best bound 1.583493522743e+05, gap 0.0549%
Warning: linear constraint 42901 and linear constraint 42904 have the same name "lin1_pw_d_0_"
