
Gurobi 11.0.2 (mac64[arm]) logging started Thu Jul 24 10:34:22 2025

Set parameter LogFile to value "../solutions/50/g_log.log"
Gurobi Optimizer version 11.0.2 build v11.0.2rc0 (mac64[arm] - Darwin 24.5.0 24F74)

CPU model: Apple M2 Pro
Thread count: 10 physical cores, 10 logical processors, using up to 10 threads

Optimize a model with 102905 rows, 60103 columns and 322802 nonzeros
Model fingerprint: 0x27972603
Variable types: 17503 continuous, 42600 integer (40050 binary)
Coefficient statistics:
  Matrix range     [1e-03, 1e+06]
  Objective range  [1e+00, 1e+00]
  Bounds range     [1e+00, 5e+01]
  RHS range        [1e+00, 6e+05]
Presolve removed 50504 rows and 7853 columns
Presolve time: 0.86s
Presolved: 52401 rows, 52250 columns, 456996 nonzeros
Variable types: 14900 continuous, 37350 integer (34899 binary)
Deterministic concurrent LP optimizer: primal and dual simplex
Showing primal log only...

Concurrent spin time: 0.08s

Solved with dual simplex
Extra simplex iterations after uncrush: 2131

Root relaxation: objective 7.086975e+03, 6995 iterations, 1.40 seconds (3.94 work units)

    Nodes    |    Current Node    |     Objective Bounds      |     Work
 Expl Unexpl |  Obj  Depth IntInf | Incumbent    BestBd   Gap | It/Node Time

     0     0 7086.97492    0  716          - 7086.97492      -     -    5s
H    0     0                    276838.92889 7086.97492  97.4%     -    5s
H    0     0                    276838.91838 7086.97492  97.4%     -    5s
     0     0 62632.5984    0  744 276838.918 62632.5984  77.4%     -    7s
     0     0 69429.8538    0  955 276838.918 69429.8538  74.9%     -    7s
H    0     0                    276838.91339 69527.9180  74.9%     -    8s
     0     0 69527.9180    0  960 276838.913 69527.9180  74.9%     -    8s
     0     0 74586.0860    0  790 276838.913 74586.0860  73.1%     -    9s
     0     0 79261.6644    0 1200 276838.913 79261.6644  71.4%     -    9s
H    0     0                    276838.91154 79420.8376  71.3%     -    9s
     0     0 79420.8376    0 1213 276838.912 79420.8376  71.3%     -    9s
     0     0 80568.4206    0 1330 276838.912 80568.4206  70.9%     -   10s
     0     0 82876.8706    0  988 276838.912 82876.8706  70.1%     -   11s
     0     0 82976.9496    0  988 276838.912 82976.9496  70.0%     -   12s
     0     0 85344.6129    0  897 276838.912 85344.6129  69.2%     -   13s
     0     0 85860.6343    0 1279 276838.912 85860.6343  69.0%     -   13s
     0     0 85874.8477    0 1253 276838.912 85874.8477  69.0%     -   14s
     0     0 87816.4725    0 1234 276838.912 87816.4725  68.3%     -   15s
     0     0 89259.1255    0 1881 276838.912 89259.1255  67.8%     -   15s
     0     0 91035.6285    0 2042 276838.912 91035.6285  67.1%     -   16s
     0     0 100781.111    0 1336 276838.912 100781.111  63.6%     -   16s
     0     0 100846.752    0 1061 276838.912 100846.752  63.6%     -   16s
     0     0 100846.762    0 1065 276838.912 100846.762  63.6%     -   16s
H    0     0                    276838.91024 104347.120  62.3%     -   17s
     0     0 104347.120    0 1523 276838.910 104347.120  62.3%     -   17s
H    0     0                    276838.89920 104993.994  62.1%     -   18s
     0     0 104993.994    0 1558 276838.899 104993.994  62.1%     -   18s
     0     0 110475.870    0 1857 276838.899 110475.870  60.1%     -   19s
     0     0 110535.506    0 1904 276838.899 110535.506  60.1%     -   20s
     0     0 111959.219    0 1030 276838.899 111959.219  59.6%     -   20s
     0     0 112447.468    0 1031 276838.899 112447.468  59.4%     -   21s
     0     0 112542.287    0 1062 276838.899 112542.287  59.3%     -   21s
     0     0 112542.287    0 1055 276838.899 112542.287  59.3%     -   21s
     0     0 117059.898    0 2211 276838.899 117059.898  57.7%     -   22s
H    0     0                    276838.89446 117216.784  57.7%     -   23s
     0     0 117216.784    0 2265 276838.894 117216.784  57.7%     -   23s
H    0     0                    276838.88788 129916.292  53.1%     -   24s
     0     0 129916.292    0  892 276838.888 129916.292  53.1%     -   24s
     0     0 133517.264    0 2258 276838.888 133517.264  51.8%     -   26s
     0     0 133517.264    0 2293 276838.888 133517.264  51.8%     -   26s
     0     0 133517.264    0 2306 276838.888 133517.264  51.8%     -   26s
     0     0 134132.981    0 2402 276838.888 134132.981  51.5%     -   27s
H    0     0                    276838.88630 134642.899  51.4%     -   28s
     0     0 135538.015    0 1505 276838.886 135538.015  51.0%     -   28s
     0     0 135624.605    0 2264 276838.886 135624.605  51.0%     -   28s
     0     0 135660.714    0 2263 276838.886 135660.714  51.0%     -   28s
     0     0 140894.824    0  933 276838.886 140894.824  49.1%     -   29s
     0     0 141340.859    0  935 276838.886 141340.859  48.9%     -   30s
     0     0 141479.383    0 1891 276838.886 141479.383  48.9%     -   31s
     0     0 141542.628    0 1864 276838.886 141542.628  48.9%     -   32s
H    0     0                    261922.70003 141562.555  46.0%     -   35s
H    0     0                    236969.90046 141562.555  40.3%     -   37s
H    0     0                    236969.86640 141562.555  40.3%     -   37s
H    0     2                    236969.85114 141562.555  40.3%     -   38s
     0     2 141562.555    0 1864 236969.851 141562.555  40.3%     -   38s
    13    22 148974.197    4 1723 236969.851 148974.197  37.1%   666   41s
   197   174 236088.566   21 1338 236969.851 149088.703  37.1%   489   45s
H  463   381                    236969.83703 149155.324  37.1%   421   50s
H  464   381                    236969.79014 149155.324  37.1%   420   50s
H  473   381                    236969.78143 149155.324  37.1%   419   50s
H  567   442                    236969.77801 149155.324  37.1%   427   53s
H  568   442                    236969.77643 149155.324  37.1%   427   53s
   646   499 182541.006   52  959 236969.776 149155.324  37.1%   417   55s
H  697   510                    236969.77485 149155.324  37.1%   420   56s
H  829   560                    236969.77327 155292.227  34.5%   433   59s
   853   570     cutoff    8      236969.773 155292.227  34.5%   435   60s
H  943   570                    236969.77170 157347.218  33.6%   442   62s
  1055   628     cutoff   17      236969.772 157347.218  33.6%   457   65s
  1240   627 200766.518   11 1919 236969.772 158416.683  33.1%   481   70s
H 1267   627                    236969.77012 158416.683  33.1%   493   70s
  1423   662     cutoff   18      236969.770 167085.353  29.5%   505   75s
  1658   699 218179.563   24  723 236969.770 173302.166  26.9%   532   82s
  1786   714 229363.894   11 1241 236969.770 174585.508  26.3%   546   85s
  2005   757     cutoff   15      236969.770 176231.195  25.6%   559   90s
  2247   833     cutoff   13      236969.770 182418.103  23.0%   572   96s
  2482   917     cutoff   29      236969.770 186265.034  21.4%   565  101s
  2683   991     cutoff   16      236969.770 187127.260  21.0%   565  106s
  2968  1035 218107.322   22 1904 236969.770 190184.485  19.7%   565  110s
  3228  1087 229108.011   15 1541 236969.770 192020.862  19.0%   569  116s
  3527  1151 215026.116   16 1388 236969.770 194270.159  18.0%   563  121s
  3846  1195     cutoff   17      236969.770 197570.301  16.6%   566  127s
  3995  1450 236969.714   32  239 236969.770 197576.766  16.6%   571  130s
  4310  1451 216285.702   18 1864 236969.770 197576.766  16.6%   538  168s
  4312  1452 236969.766  268 2193 236969.770 197576.766  16.6%   538  192s
  4313  1453 219802.875   11 2472 236969.770 197576.766  16.6%   538  229s
  4314  1454 236969.733  299 1176 236969.770 197576.766  16.6%   538  239s
  4315  1454 205075.692   19 2369 236969.770 197576.766  16.6%   538  251s
  4316  1455 236969.724   86 1394 236969.770 197576.766  16.6%   537  255s
  4317  1456 236969.716   67 2576 236969.770 197576.766  16.6%   537  263s
  4318  1456 202330.445   11 2085 236969.770 197576.766  16.6%   537  268s
  4319  1457 216961.551   54 1410 236969.770 197576.766  16.6%   537  284s
  4320  1458 236969.715   39 1442 236969.770 197576.766  16.6%   537  292s
  4321  1458 202672.111   13 1427 236969.770 197576.766  16.6%   537  299s
  4322  1459 214929.972   37 1634 236969.770 197576.766  16.6%   537  308s
  4323  1460 236969.735  361 1835 236969.770 197576.766  16.6%   537  315s
  4324  1460 236969.724  215 1520 236969.770 197576.766  16.6%   536  322s
  4325  1461 236969.733  127 1702 236969.770 197576.766  16.6%   536  330s
  4326  1462 236969.721   92 1702 236969.770 197576.766  16.6%   536  343s
  4327  1462 206591.484   42 1702 236969.770 197576.766  16.6%   536  353s
  4328  1466 197576.766   14 1662 236969.770 197576.766  16.6%   579  359s
  4330  1469 197576.766   15 1668 236969.770 197576.766  16.6%   580  366s
  4334  1475 197576.766   16 1775 236969.770 197576.766  16.6%   582  373s
  4342  1477 197576.766   17 1749 236969.770 197576.766  16.6%   591  376s
  4352  1484 199296.520   18 1618 236969.770 197576.766  16.6%   593  380s
  4362  1489 197576.766   18 2284 236969.770 197576.766  16.6%   598  385s
  4382  1491 222359.253   19 1542 236969.770 197576.766  16.6%   605  394s
  4395  1490 203571.822   20 1274 236969.770 197576.766  16.6%   612  398s
  4409  1486 210859.350   20 1365 236969.770 197576.766  16.6%   615  403s
  4421  1485 204927.235   21 1260 236969.770 197576.766  16.6%   619  408s
  4434  1485 210965.934   21 1330 236969.770 197576.766  16.6%   623  416s
  4451  1485 212624.509   22 1336 236969.770 197576.766  16.6%   629  420s
  4485  1477     cutoff   24      236969.770 197576.766  16.6%   635  430s
  4508  1473 220496.568   25 1454 236969.770 197576.766  16.6%   639  438s
  4529  1467     cutoff   26      236969.770 197576.766  16.6%   641  442s
  4549  1462     cutoff   26      236969.770 197608.381  16.6%   643  460s
  4574  1459 203674.654   21 2472 236969.770 200030.743  15.6%   652  471s
  4585  1468 206446.845   22 1652 236969.770 200030.743  15.6%   659  475s
  4611  1470 207864.255   23 1624 236969.770 200030.743  15.6%   662  483s
  4636  1474 228140.649   25 1826 236969.770 200030.743  15.6%   671  487s
  4667  1491 228174.642   26 1820 236969.770 200030.743  15.6%   673  492s
  4704  1510 231431.071   28 1525 236969.770 200030.743  15.6%   675  499s
  4754  1555 232206.699   29 1421 236969.770 200030.743  15.6%   678  502s
  4825  1570 infeasible   29      236969.770 200030.743  15.6%   673  509s
  4884  1608 236969.767   88   51 236969.770 200030.743  15.6%   669  516s
  4982  1614     cutoff   93      236969.770 200063.188  15.6%   662  521s
  5072  1607     cutoff   22      236969.770 200063.188  15.6%   658  529s
  5141  1596 222077.455   22 1445 236969.770 200063.188  15.6%   664  544s
  5188  1595 222522.175   23 1348 236969.770 200063.188  15.6%   668  551s
  5215  1615 225165.865   24 1344 236969.770 202965.727  14.3%   670  560s
  5291  1595 222615.609   20 2138 236969.770 202965.727  14.3%   674  572s
  5370  1559 226287.624   21 1930 236969.770 202965.727  14.3%   678  582s
  5400  1549     cutoff   21      236969.770 202965.727  14.3%   690  593s
  5424  1534 228908.353   21 2098 236969.770 202965.727  14.3%   701  603s
  5445  1517 234279.990   21 2589 236969.770 202965.727  14.3%   719  614s
  5461  1498     cutoff   22      236969.770 212614.432  10.3%   729  622s
  5487  1508     cutoff   24      236969.770 221724.567  6.43%   742  631s
  5530  1631 235212.356   20 1010 236969.770 221724.567  6.43%   752  636s
  5694  1770 236969.766   64   74 236969.770 221724.567  6.43%   737  640s
  5935  1827 236969.769   89   49 236969.770 227700.549  3.91%   711  645s
  6207  1914     cutoff   24      236969.770 228179.995  3.71%   686  651s
  6473  2020     cutoff   25      236969.770 228179.995  3.71%   663  655s

Cutting planes:
  Learned: 101
  Gomory: 51
  Cover: 195
  Implied bound: 5152
  Projected implied bound: 293
  MIR: 1400
  StrongCG: 2
  Flow cover: 573
  GUB cover: 349
  Inf proof: 11
  Zero half: 3
  Mod-K: 4
  Network: 20
  RLT: 58
  Relax-and-lift: 49

Explored 7147 nodes (4418797 simplex iterations) in 659.59 seconds (1964.19 work units)
Thread count was 10 (of 10 available processors)

Solution count 10: 236970 236970 236970 ... 236970

Optimal solution found (tolerance 1.00e-03)
Best objective 2.369697701200e+05, best bound 2.369037332240e+05, gap 0.0279%
Warning: linear constraint 42901 and linear constraint 42904 have the same name "lin1_pw_d_0_"
