
Gurobi 11.0.2 (mac64[arm]) logging started Thu Jul 24 10:26:52 2025

Set parameter LogFile to value "../solutions/50/h_log.log"
Gurobi Optimizer version 11.0.2 build v11.0.2rc0 (mac64[arm] - Darwin 24.5.0 24F74)

CPU model: Apple M2 Pro
Thread count: 10 physical cores, 10 logical processors, using up to 10 threads

Optimize a model with 102905 rows, 60103 columns and 322802 nonzeros
Model fingerprint: 0x7678a802
Variable types: 17503 continuous, 42600 integer (40050 binary)
Coefficient statistics:
  Matrix range     [1e-03, 1e+06]
  Objective range  [1e+00, 1e+00]
  Bounds range     [1e+00, 5e+01]
  RHS range        [1e+00, 6e+05]
Presolve removed 50054 rows and 7553 columns
Presolve time: 0.95s
Presolved: 52851 rows, 52550 columns, 460897 nonzeros
Variable types: 15050 continuous, 37500 integer (35049 binary)
Deterministic concurrent LP optimizer: primal and dual simplex
Showing primal log only...

Concurrent spin time: 0.10s (can be avoided by choosing Method=3)

Solved with dual simplex
Extra simplex iterations after uncrush: 1872

Root relaxation: objective 4.932903e+03, 6470 iterations, 1.21 seconds (3.16 work units)

    Nodes    |    Current Node    |     Objective Bounds      |     Work
 Expl Unexpl |  Obj  Depth IntInf | Incumbent    BestBd   Gap | It/Node Time

     0     0 4932.90256    0  716          - 4932.90256      -     -    5s
H    0     0                    148267.10101 4932.90256  96.7%     -    5s
H    0     0                    148266.41839 4932.90256  96.7%     -    6s
H    0     0                    148266.11177 4932.90256  96.7%     -    6s
H    0     0                    148266.10351 35126.6343  76.3%     -    8s
     0     0 35126.6343    0  829 148266.104 35126.6343  76.3%     -    8s
     0     0 46656.4498    0  939 148266.104 46656.4498  68.5%     -    9s
H    0     0                    148266.09325 47298.4872  68.1%     -    9s
     0     0 51101.7100    0 1266 148266.093 51101.7100  65.5%     -   11s
     0     0 51867.7871    0 1363 148266.093 51867.7871  65.0%     -   13s
     0     0 53563.7361    0 1393 148266.093 53563.7361  63.9%     -   14s
     0     0 54870.1458    0 1595 148266.093 54870.1458  63.0%     -   14s
     0     0 55333.1183    0 1750 148266.093 55333.1183  62.7%     -   15s
     0     0 56323.0618    0 2144 148266.093 56323.0618  62.0%     -   16s
     0     0 56379.9629    0 2294 148266.093 56379.9629  62.0%     -   16s
     0     0 56741.7511    0 1863 148266.093 56741.7511  61.7%     -   16s
     0     0 56823.3919    0 1752 148266.093 56823.3919  61.7%     -   17s
     0     0 57397.2931    0 1472 148266.093 57397.2931  61.3%     -   17s
     0     0 57458.2988    0 1477 148266.093 57458.2988  61.2%     -   17s
     0     0 57611.5715    0 1599 148266.093 57611.5715  61.1%     -   17s
     0     0 57645.1270    0 1562 148266.093 57645.1270  61.1%     -   18s
     0     0 57775.6604    0 1147 148266.093 57775.6604  61.0%     -   18s
     0     0 57775.6604    0 1148 148266.093 57775.6604  61.0%     -   18s
     0     0 58466.9284    0 1702 148266.093 58466.9284  60.6%     -   20s
     0     0 58868.7060    0 1470 148266.093 58868.7060  60.3%     -   20s
     0     0 59273.8042    0 1157 148266.093 59273.8042  60.0%     -   21s
     0     0 59344.0161    0 1173 148266.093 59344.0161  60.0%     -   21s
     0     0 59344.0161    0 1187 148266.093 59344.0161  60.0%     -   21s
     0     0 61449.5500    0 1452 148266.093 61449.5500  58.6%     -   22s
     0     0 61869.0006    0 1767 148266.093 61869.0006  58.3%     -   22s
H    0     0                    148266.05814 61957.2621  58.2%     -   23s
     0     0 62117.4058    0 1775 148266.058 62117.4058  58.1%     -   23s
     0     0 62479.3883    0  994 148266.058 62479.3883  57.9%     -   23s
     0     0 62538.8974    0 1019 148266.058 62538.8974  57.8%     -   23s
     0     0 62576.0425    0 1018 148266.058 62576.0425  57.8%     -   23s
     0     0 62576.0452    0 1034 148266.058 62576.0452  57.8%     -   24s
     0     0 67713.0128    0  996 148266.058 67713.0128  54.3%     -   25s
     0     0 69226.7622    0  998 148266.058 69226.7622  53.3%     -   25s
     0     0 69226.7622    0 1010 148266.058 69226.7622  53.3%     -   25s
     0     0 69226.7622    0 1012 148266.058 69226.7622  53.3%     -   26s
     0     0 72517.8999    0 1091 148266.058 72517.8999  51.1%     -   26s
H    0     0                    148266.05657 72728.2180  50.9%     -   28s
     0     0 74901.8428    0  954 148266.057 74901.8428  49.5%     -   28s
     0     0 74902.5969    0  987 148266.057 74902.5969  49.5%     -   28s
     0     0 109065.948    0 1016 148266.057 109065.948  26.4%     -   29s
     0     0 109732.630    0 1027 148266.057 109732.630  26.0%     -   29s
     0     0 109732.630    0 1041 148266.057 109732.630  26.0%     -   29s
     0     0 109732.630    0 1045 148266.057 109732.630  26.0%     -   29s
     0     0 113867.856    0  967 148266.057 113867.856  23.2%     -   30s
     0     0 114788.233    0 1006 148266.057 114788.233  22.6%     -   31s
     0     0 117636.667    0 1046 148266.057 117636.667  20.7%     -   32s
H    0     0                    148266.05499 117937.441  20.5%     -   33s
     0     0 117937.441    0 1048 148266.055 117937.441  20.5%     -   33s
     0     0 121678.433    0  879 148266.055 121678.433  17.9%     -   33s
     0     0 122288.328    0  988 148266.055 122288.328  17.5%     -   34s
     0     0 122288.328    0  992 148266.055 122288.328  17.5%     -   35s
     0     0 127961.958    0  991 148266.055 127961.958  13.7%     -   35s
     0     0 128477.199    0 1001 148266.055 128477.199  13.3%     -   36s
     0     0 128607.712    0 1001 148266.055 128607.712  13.3%     -   36s
     0     0 128607.712    0 1002 148266.055 128607.712  13.3%     -   36s
     0     0 133583.788    0 1050 148266.055 133583.788  9.90%     -   37s
     0     0 133611.815    0 1086 148266.055 133611.815  9.88%     -   38s
     0     0 133882.475    0 1094 148266.055 133882.475  9.70%     -   38s
     0     0 133991.012    0 1095 148266.055 133991.012  9.63%     -   39s
     0     0 133991.012    0 1078 148266.055 133991.012  9.63%     -   39s
     0     0 133991.012    0 1016 148266.055 133991.012  9.63%     -   40s
     0     0 133998.737    0  932 148266.055 133998.737  9.62%     -   52s
     0     0 133998.737    0  862 148266.055 133998.737  9.62%     -   54s
     0     0 133998.737    0  807 148266.055 133998.737  9.62%     -   55s
     0     0 133998.737    0  898 148266.055 133998.737  9.62%     -   55s
     0     0 133998.737    0  946 148266.055 133998.737  9.62%     -   56s
     0     0 133998.737    0  952 148266.055 133998.737  9.62%     -   56s
     0     0 134043.435    0  753 148266.055 134043.435  9.59%     -   57s
     0     0 134043.435    0  932 148266.055 134043.435  9.59%     -   59s
     0     0 134043.435    0  775 148266.055 134043.435  9.59%     -   60s
     0     0 134043.435    0  654 148266.055 134043.435  9.59%     -   60s
     0     0 134170.844    0  696 148266.055 134170.844  9.51%     -   60s
     0     0 134170.848    0  717 148266.055 134170.848  9.51%     -   61s
     0     0 134183.507    0  731 148266.055 134183.507  9.50%     -   61s
     0     0 134193.497    0  767 148266.055 134193.497  9.49%     -   61s
     0     0 134939.049    0  745 148266.055 134939.049  8.99%     -   62s
     0     0 135165.175    0  844 148266.055 135165.175  8.84%     -   62s
     0     0 135165.175    0  888 148266.055 135165.175  8.84%     -   63s
     0     0 135165.175    0  875 148266.055 135165.175  8.84%     -   63s
     0     0 137159.781    0  828 148266.055 137159.781  7.49%     -   64s
H    0     0                    148266.05341 137670.272  7.15%     -   64s
     0     0 137670.272    0  870 148266.053 137670.272  7.15%     -   64s
     0     0 137670.272    0  874 148266.053 137670.272  7.15%     -   64s
     0     0 138505.422    0  822 148266.053 138505.422  6.58%     -   64s
     0     2 138580.066    0  822 148266.053 138580.066  6.53%     -   65s

Cutting planes:
  Learned: 77
  Gomory: 12
  Cover: 135
  Implied bound: 2844
  MIR: 977
  StrongCG: 2
  Flow cover: 619
  GUB cover: 240
  Inf proof: 2
  Zero half: 8
  Mod-K: 2
  RLT: 19
  Relax-and-lift: 442

Explored 51 nodes (204393 simplex iterations) in 67.26 seconds (153.94 work units)
Thread count was 10 (of 10 available processors)

Solution count 9: 148266 148266 148266 ... 148267

Optimal solution found (tolerance 1.00e-03)
Best objective 1.482660534108e+05, best bound 1.481999998214e+05, gap 0.0446%
Warning: linear constraint 42901 and linear constraint 42904 have the same name "lin1_pw_d_0_"
