
Gurobi 11.0.2 (mac64[arm]) logging started Thu Jul 24 10:45:22 2025

Set parameter LogFile to value "../solutions/50/i_log.log"
Gurobi Optimizer version 11.0.2 build v11.0.2rc0 (mac64[arm] - Darwin 24.5.0 24F74)

CPU model: Apple M2 Pro
Thread count: 10 physical cores, 10 logical processors, using up to 10 threads

Optimize a model with 102905 rows, 60103 columns and 322802 nonzeros
Model fingerprint: 0x22b10901
Variable types: 17503 continuous, 42600 integer (40050 binary)
Coefficient statistics:
  Matrix range     [1e-03, 1e+06]
  Objective range  [1e+00, 1e+00]
  Bounds range     [1e+00, 5e+01]
  RHS range        [1e+00, 6e+05]
Presolve removed 50654 rows and 7953 columns
Presolve time: 0.78s
Presolved: 52251 rows, 52150 columns, 455699 nonzeros
Variable types: 14850 continuous, 37300 integer (34849 binary)
Deterministic concurrent LP optimizer: primal and dual simplex
Showing primal log only...

Concurrent spin time: 0.02s

Solved with dual simplex
Extra simplex iterations after uncrush: 1841

Root relaxation: objective 3.922585e+03, 6714 iterations, 1.27 seconds (3.72 work units)
Total elapsed time = 5.23s (DegenMoves)

    Nodes    |    Current Node    |     Objective Bounds      |     Work
 Expl Unexpl |  Obj  Depth IntInf | Incumbent    BestBd   Gap | It/Node Time

     0     0 3922.58547    0  716          - 3922.58547      -     -    5s
H    0     0                    194427.22464 3922.58547  98.0%     -    6s
H    0     0                    194427.20729 3922.58547  98.0%     -    6s
     0     0 28296.1177    0  820 194427.207 28296.1177  85.4%     -    8s
     0     0 34514.5184    0  838 194427.207 34514.5184  82.2%     -    9s
H    0     0                    194427.19151 34680.4452  82.2%     -   11s
     0     0 46835.0723    0 1577 194427.192 46835.0723  75.9%     -   14s
     0     0 50695.5705    0 2157 194427.192 50695.5705  73.9%     -   14s
     0     0 50700.3152    0 2183 194427.192 50700.3152  73.9%     -   14s
     0     0 56972.1480    0 1399 194427.192 56972.1480  70.7%     -   16s
     0     0 59748.2735    0 2021 194427.192 59748.2735  69.3%     -   16s
H    0     0                    194427.18994 60966.7238  68.6%     -   16s
H    0     0                    194427.18678 60966.7238  68.6%     -   16s
     0     0 60966.7238    0 1909 194427.187 60966.7238  68.6%     -   17s
     0     0 66744.4560    0 1825 194427.187 66744.4560  65.7%     -   17s
     0     0 69546.7678    0 2524 194427.187 69546.7678  64.2%     -   17s
     0     0 76448.6904    0 1225 194427.187 76448.6904  60.7%     -   17s
     0     0 77503.0221    0 1445 194427.187 77503.0221  60.1%     -   18s
     0     0 77503.0221    0 1452 194427.187 77503.0221  60.1%     -   18s
     0     0 83041.6798    0 1392 194427.187 83041.6798  57.3%     -   19s
     0     0 86867.3293    0 1566 194427.187 86867.3293  55.3%     -   20s
     0     0 86913.7234    0 1571 194427.187 86913.7234  55.3%     -   20s
     0     0 86913.7234    0 1541 194427.187 86913.7234  55.3%     -   20s
     0     0 90792.3279    0 1317 194427.187 90792.3279  53.3%     -   22s
H    0     0                    194427.18520 91156.8549  53.1%     -   22s
     0     0 91156.8549    0 1761 194427.185 91156.8549  53.1%     -   22s
     0     0 92418.3231    0  995 194427.185 92418.3231  52.5%     -   23s
     0     0 92418.3231    0  990 194427.185 92418.3231  52.5%     -   23s
     0     0 98609.1759    0 1680 194427.185 98609.1759  49.3%     -   24s
H    0     0                    194427.18205 98632.5599  49.3%     -   24s
     0     0 99000.4128    0 1711 194427.182 99000.4128  49.1%     -   25s
     0     0 100050.595    0 1963 194427.182 100050.595  48.5%     -   25s
     0     0 105152.718    0 1894 194427.182 105152.718  45.9%     -   25s
     0     0 105152.718    0 1902 194427.182 105152.718  45.9%     -   25s
     0     0 111606.477    0 1842 194427.182 111606.477  42.6%     -   26s
H    0     0                    194427.18047 111717.229  42.5%     -   27s
     0     0 111738.303    0 1418 194427.180 111738.303  42.5%     -   27s
     0     0 111823.694    0 1711 194427.180 111823.694  42.5%     -   27s
     0     0 111823.694    0 1719 194427.180 111823.694  42.5%     -   27s
     0     0 112164.492    0 1291 194427.180 112164.492  42.3%     -   28s
     0     0 116034.594    0 2109 194427.180 116034.594  40.3%     -   30s
     0     0 116081.495    0 1442 194427.180 116081.495  40.3%     -   30s
     0     0 116081.554    0 1554 194427.180 116081.554  40.3%     -   30s
     0     0 117848.935    0 2529 194427.180 117848.935  39.4%     -   31s
     0     0 119518.602    0 1718 194427.180 119518.602  38.5%     -   32s
     0     0 119560.428    0 2162 194427.180 119560.428  38.5%     -   32s
     0     0 121390.877    0 1720 194427.180 121390.877  37.6%     -   34s
H    0     0                    194427.17101 121485.942  37.5%     -   34s
     0     0 121485.942    0 1719 194427.171 121485.942  37.5%     -   34s
     0     0 121514.560    0 1758 194427.171 121514.560  37.5%     -   35s
     0     0 121572.307    0 1733 194427.171 121572.307  37.5%     -   36s
H    0     0                    174225.52630 121572.307  30.2%     -   38s
H    0     0                    174225.48247 121630.941  30.2%     -   39s
H    0     0                    159423.22776 121630.941  23.7%     -   39s
     0     2 121630.941    0 1732 159423.228 121630.941  23.7%     -   40s
H   35    30                    159423.22618 129152.331  19.0%  1005   43s
   105    72 132205.596   13 2623 159423.226 130167.757  18.4%   669   45s
   195    92 155261.109   22 1694 159423.226 130167.757  18.4%   698   50s
H  312   138                    151346.74971 131589.463  13.1%   702   54s
   327   136     cutoff   12      151346.750 132001.020  12.8%   709   55s
   646   371 151345.820   45  260 151346.750 132931.869  12.2%   513   61s
H  726   464                    151345.89931 132931.869  12.2%   471   61s
H  785   464                    149946.09696 132931.869  11.3%   441   61s
H  853   427                    149858.05798 133161.139  11.1%   433   64s
H  863   427                    149858.03872 133161.139  11.1%   432   64s
H  864   427                    149858.02233 133161.139  11.1%   433   64s
H  871   427                    148461.89764 133161.139  10.3%   440   64s
   874   413 137052.712   18 3032 148461.898 133161.139  10.3%   443   65s
H  978   374                    148461.82161 133161.139  10.3%   476   69s
  1022   487 148461.760   21  399 148461.822 133161.139  10.3%   478   70s
H 1036   487                    148461.80426 133161.139  10.3%   472   70s
H 1176   572                    148461.80268 133161.139  10.3%   426   71s
  1903   872 148461.759   29 1733 148461.803 133161.139  10.3%   273  107s
H 1904   829                    148461.80110 133161.139  10.3%   273  124s
  1906   830 148461.759   47 2765 148461.801 133161.139  10.3%   273  135s
  1910   833 148461.766   84 1615 148461.801 133161.139  10.3%   272  140s
  1916   838 140499.812   18 1996 148461.801 133161.139  10.3%   324  148s
  1917   839 148461.759   39 2454 148461.801 133161.139  10.3%   324  152s
  1919   840 138200.941   11 2870 148461.801 133161.139  10.3%   324  155s
  1922   842 148461.763   33 3186 148461.801 133161.139  10.3%   323  161s
  1925   844 148461.769   52 1181 148461.801 133161.139  10.3%   323  167s
  1930   848 148461.769   87 1165 148461.801 134218.308  9.59%   322  172s
  1935   852 148461.762   42 1849 148461.801 136821.341  7.84%   394  178s
  1936   853 145764.118    7 1600 148461.801 137137.688  7.63%   394  180s
  1945   860 141283.158   27 1855 148461.801 140856.643  5.12%   417  185s
  1954   866 148461.768   68 1012 148461.801 144042.531  2.98%   415  190s

Cutting planes:
  Learned: 17
  Gomory: 35
  Cover: 189
  Implied bound: 1917
  Projected implied bound: 17
  MIR: 254
  StrongCG: 3
  Flow cover: 1241
  GUB cover: 267
  Zero half: 41
  Mod-K: 1
  Network: 34
  RLT: 61
  Relax-and-lift: 222

Explored 1961 nodes (988711 simplex iterations) in 194.50 seconds (481.46 work units)
Thread count was 10 (of 10 available processors)

Solution count 10: 148462 148462 148462 ... 151346

Optimal solution found (tolerance 1.00e-03)
Best objective 1.484618011003e+05, best bound 1.484617393222e+05, gap 0.0000%
Warning: linear constraint 42901 and linear constraint 42904 have the same name "lin1_pw_d_0_"
