
Gurobi 11.0.2 (mac64[arm]) logging started Thu Jul 24 10:21:22 2025

Set parameter LogFile to value "../solutions/50/j_log.log"
Gurobi Optimizer version 11.0.2 build v11.0.2rc0 (mac64[arm] - Darwin 24.5.0 24F74)

CPU model: Apple M2 Pro
Thread count: 10 physical cores, 10 logical processors, using up to 10 threads

Optimize a model with 102905 rows, 60103 columns and 322802 nonzeros
Model fingerprint: 0x8d1b57d3
Variable types: 17503 continuous, 42600 integer (40050 binary)
Coefficient statistics:
  Matrix range     [1e-03, 1e+06]
  Objective range  [1e+00, 1e+00]
  Bounds range     [1e+00, 5e+01]
  RHS range        [1e+00, 6e+05]
Presolve removed 52304 rows and 9053 columns
Presolve time: 0.80s
Presolved: 50601 rows, 51050 columns, 441412 nonzeros
Variable types: 14300 continuous, 36750 integer (34299 binary)
Deterministic concurrent LP optimizer: primal and dual simplex
Showing primal log only...

Concurrent spin time: 0.05s

Solved with dual simplex
Extra simplex iterations after uncrush: 3112

Root relaxation: objective 6.169690e+03, 7804 iterations, 1.43 seconds (3.70 work units)

    Nodes    |    Current Node    |     Objective Bounds      |     Work
 Expl Unexpl |  Obj  Depth IntInf | Incumbent    BestBd   Gap | It/Node Time

     0     0 6169.68994    0  716          - 6169.68994      -     -    4s
H    0     0                    220014.16435 6169.68994  97.2%     -    5s
H    0     0                    220014.16277 6169.68994  97.2%     -    5s
     0     0 47799.5203    0  818 220014.163 47799.5203  78.3%     -    7s
     0     0 50582.1729    0  771 220014.163 50582.1729  77.0%     -    8s
     0     0 53006.3316    0  724 220014.163 53006.3316  75.9%     -    8s
     0     0 53010.2967    0  832 220014.163 53010.2967  75.9%     -    8s
     0     0 55489.2217    0  831 220014.163 55489.2217  74.8%     -    9s
     0     0 59255.0787    0  918 220014.163 59255.0787  73.1%     -    9s
H    0     0                    220014.15173 59432.8028  73.0%     -   10s
     0     0 59432.8028    0  920 220014.152 59432.8028  73.0%     -   10s
     0     0 61691.5516    0 1145 220014.152 61691.5516  72.0%     -   11s
     0     0 63510.1452    0 1148 220014.152 63510.1452  71.1%     -   11s
     0     0 63576.6075    0 1103 220014.152 63576.6075  71.1%     -   12s
     0     0 66753.6507    0  864 220014.152 66753.6507  69.7%     -   12s
     0     0 66836.7075    0  867 220014.152 66836.7075  69.6%     -   12s
     0     0 68491.2204    0 1058 220014.152 68491.2204  68.9%     -   13s
     0     0 68491.2204    0 1095 220014.152 68491.2204  68.9%     -   13s
     0     0 80691.5986    0 1953 220014.152 80691.5986  63.3%     -   14s
     0     0 83899.6183    0 1092 220014.152 83899.6183  61.9%     -   14s
H    0     0                    220014.15015 83911.6588  61.9%     -   15s
     0     0 83911.6588    0  906 220014.150 83911.6588  61.9%     -   15s
     0     0 93381.6664    0  722 220014.150 93381.6664  57.6%     -   16s
     0     0 100847.374    0 1575 220014.150 100847.374  54.2%     -   17s
     0     0 100847.374    0 1565 220014.150 100847.374  54.2%     -   17s
     0     0 109511.313    0 1122 220014.150 109511.313  50.2%     -   18s
H    0     0                    220014.14069 109551.394  50.2%     -   19s
     0     0 109551.394    0 1146 220014.141 109551.394  50.2%     -   19s
     0     0 117672.946    0  953 220014.141 117672.946  46.5%     -   20s
     0     0 118774.203    0 1674 220014.141 118774.203  46.0%     -   21s
     0     0 118998.033    0 1910 220014.141 118998.033  45.9%     -   22s
     0     0 118998.033    0 1937 220014.141 118998.033  45.9%     -   22s
     0     0 121380.112    0 1891 220014.141 121380.112  44.8%     -   23s
H    0     0                    220014.13596 121382.497  44.8%     -   23s
     0     0 121846.162    0 1796 220014.136 121846.162  44.6%     -   23s
     0     0 121858.946    0 1943 220014.136 121858.946  44.6%     -   24s
     0     0 123047.707    0 2077 220014.136 123047.707  44.1%     -   25s
H    0     0                    220014.13438 123135.046  44.0%     -   25s
     0     0 124439.707    0 1761 220014.134 124439.707  43.4%     -   26s
     0     0 125175.292    0 1794 220014.134 125175.292  43.1%     -   26s
     0     0 125175.292    0 1815 220014.134 125175.292  43.1%     -   26s
     0     0 127959.873    0 2159 220014.134 127959.873  41.8%     -   27s
     0     0 128133.970    0 2230 220014.134 128133.970  41.8%     -   27s
     0     0 128133.970    0 2239 220014.134 128133.970  41.8%     -   27s
     0     0 134375.083    0 1990 220014.134 134375.083  38.9%     -   28s
     0     0 135966.664    0 2106 220014.134 135966.664  38.2%     -   29s
     0     0 135981.810    0 2110 220014.134 135981.810  38.2%     -   29s
     0     0 137427.494    0 2881 220014.134 137427.494  37.5%     -   30s
     0     0 140329.782    0 2993 220014.134 140329.782  36.2%     -   31s
     0     0 140399.042    0 2894 220014.134 140399.042  36.2%     -   31s
     0     0 140426.654    0 2882 220014.134 140426.654  36.2%     -   31s
     0     0 140902.454    0 1710 220014.134 140902.454  36.0%     -   32s
     0     0 141008.104    0 2748 220014.134 141008.104  35.9%     -   33s
     0     0 141111.076    0 2339 220014.134 141111.076  35.9%     -   33s
     0     0 141111.076    0 2345 220014.134 141111.076  35.9%     -   33s
     0     0 141824.071    0 1518 220014.134 141824.071  35.5%     -   34s
     0     0 141984.511    0 1577 220014.134 141984.511  35.5%     -   35s
     0     0 142053.196    0 1586 220014.134 142053.196  35.4%     -   35s
     0     0 142053.196    0 1589 220014.134 142053.196  35.4%     -   35s
     0     0 142426.074    0 3786 220014.134 142426.074  35.3%     -   36s
     0     0 142556.402    0 3726 220014.134 142556.402  35.2%     -   37s
H    0     0                    220014.13123 142556.402  35.2%     -   41s
H    0     0                    202026.26087 142556.402  29.4%     -   42s
H    0     2                    202026.19381 142556.402  29.4%     -   43s
     0     2 142556.402    0 3725 202026.194 142556.402  29.4%     -   43s
     6     8 149395.804    3 2584 202026.194 149395.804  26.1%  2176   45s
H   31    32                    202026.18828 159469.908  21.1%  1592   48s
H   36    32                    202026.18142 159469.908  21.1%  1560   48s
    63    59 161578.884    9 4181 202026.181 159686.713  21.0%  1357   50s
   157   133 191919.322   15 4144 202026.181 159686.713  21.0%   993   55s
H  237   183                    202026.17984 159707.046  20.9%   845   58s
   297   229 161886.974   10 4110 202026.180 159707.046  20.9%   785   60s
H  402   272                    202026.17827 159707.046  20.9%   727   63s
   455   294 169569.594   23 2539 202026.178 159707.046  20.9%   715   65s
   603   354 200602.326   34  755 202026.178 159707.046  20.9%   702   70s
  1120   884 202026.133   89  173 202026.178 159707.046  20.9%   424   75s
  1584  1387 202026.134  151  159 202026.178 159707.046  20.9%   316   80s
  1785  1388 202026.136  139 3726 202026.178 159707.046  20.9%   284  116s
  1787  1389 202026.120   41 1610 202026.178 159707.046  20.9%   283  132s
  1788  1390 202026.126   54 1645 202026.178 159707.046  20.9%   283  142s
  1789  1391 174607.900   31 2883 202026.178 159707.046  20.9%   283  146s
  1791  1392 202026.125   42 4773 202026.178 159707.046  20.9%   283  153s
  1793  1393 202026.132  110 4711 202026.178 159707.046  20.9%   282  156s
  1796  1395 202026.143  156 4816 202026.178 159707.046  20.9%   282  161s
  1797  1396 202026.140   66 3555 202026.178 159707.046  20.9%   282  171s
  1800  1398 169481.390   19 2686 202026.178 160837.909  20.4%   281  178s
  1801  1399 202026.136  160 3726 202026.178 160837.909  20.4%   281  180s
  1803  1400 202026.132   50 3301 202026.178 162638.149  19.5%   281  185s
  1808  1403 174710.034   45 2863 202026.178 165117.906  18.3%   280  192s
  1811  1405 202026.133  102 3290 202026.178 165773.445  17.9%   279  199s
  1812  1406 202026.136  179 2855 202026.178 165824.336  17.9%   279  200s
  1813  1407 202026.132   88 3157 202026.178 166586.520  17.5%   279  205s
  1814  1407 202026.134   61 3157 202026.178 166587.313  17.5%   279  212s
  1815  1408 202026.126  124 3157 202026.178 166608.135  17.5%   279  216s
  1818  1415 172411.149   17 2822 202026.178 166924.985  17.4%   441  221s
  1840  1426 174184.449   20 3117 202026.178 169096.492  16.3%   462  225s
  1898  1419 178212.595   23 3011 202026.178 169880.467  15.9%   486  231s
  1945  1428 180865.079   25 2630 202026.178 170335.915  15.7%   509  237s
  1973  1418     cutoff   27      202026.178 170711.147  15.5%   522  241s
  2004  1406 191644.697   28 2749 202026.178 171342.365  15.2%   533  246s
  2041  1397 infeasible   30      202026.178 172446.081  14.6%   545  250s
  2083  1392 177012.714   26 3703 202026.178 173176.417  14.3%   562  255s
  2164  1349 196986.286   26  696 202026.178 174294.304  13.7%   596  262s
  2205  1343 183699.433   28 3336 202026.178 177030.512  12.4%   622  268s
  2228  1339 197122.112   28 1083 202026.178 177030.512  12.4%   639  270s
  2268  1350 189537.234   29 3397 202026.178 177030.512  12.4%   642  275s
  2382  1383 181232.796   27 3891 202026.178 177445.051  12.2%   641  280s
  2550  1519 191634.905   23 1476 202026.178 185282.818  8.29%   621  288s
  2648  1596 191736.244   24 1562 202026.178 185282.818  8.29%   602  290s
  3078  1895 202026.178   94   54 202026.178 188957.367  6.47%   528  295s
  3888  2176 202026.141   32  132 202026.178 188957.367  6.47%   426  301s
  4604  2627 202026.151   94  106 202026.178 188957.367  6.47%   370  305s
  5670  3246 202026.178  231   16 202026.178 193212.941  4.36%   305  311s
  6378  3677 infeasible   28      202026.178 196608.742  2.68%   276  315s
  7305  4634 202026.165  121   74 202026.178 196608.742  2.68%   243  320s
  8698  5799 202026.160   77   83 202026.178 197096.430  2.44%   207  326s

Cutting planes:
  Learned: 141
  Gomory: 38
  Lift-and-project: 1
  Cover: 793
  Implied bound: 8152
  Projected implied bound: 118
  MIR: 177
  StrongCG: 7
  Flow cover: 1421
  GUB cover: 351
  Inf proof: 1
  Zero half: 5
  Mod-K: 8
  Network: 103
  RLT: 118
  Relax-and-lift: 684

Explored 9642 nodes (1905087 simplex iterations) in 328.60 seconds (786.02 work units)
Thread count was 10 (of 10 available processors)

Solution count 10: 202026 202026 202026 ... 220014

Optimal solution found (tolerance 1.00e-03)
Best objective 2.020261782666e+05, best bound 2.020261395152e+05, gap 0.0000%
Warning: linear constraint 42901 and linear constraint 42904 have the same name "lin1_pw_d_0_"
